<?xml version="1.0" encoding="UTF-8"?>
<testsuite name="dominio.unitaria.vigilantetest" tests="1" skipped="0" failures="0" errors="0" timestamp="2017-10-26T16:32:40" hostname="DAVID-HOYOS" time="0.0">
  <properties/>
  <testcase name="Vervehiculos" classname="dominio.unitaria.vigilantetest" time="0.0"/>
  <system-out><![CDATA[]]></system-out>
  <system-err><![CDATA[]]></system-err>
</testsuite>
