<?xml version="1.0" encoding="UTF-8"?>
<testsuite name="com.ceiba.Proyectoparqueadero.ProyectoparqueaderoApplicationTests" tests="1" skipped="0" failures="0" errors="0" timestamp="2017-10-26T12:47:05" hostname="DAVID-HOYOS" time="0.219">
  <properties/>
  <testcase name="contextLoads" classname="com.ceiba.Proyectoparqueadero.ProyectoparqueaderoApplicationTests" time="0.219"/>
  <system-out><![CDATA[07:46:58.568 [Test worker] DEBUG org.springframework.test.context.junit4.SpringJUnit4ClassRunner - SpringJUnit4ClassRunner constructor called with [class com.ceiba.Proyectoparqueadero.ProyectoparqueaderoApplicationTests]
07:46:58.577 [Test worker] DEBUG org.springframework.test.context.BootstrapUtils - Instantiating CacheAwareContextLoaderDelegate from class [org.springframework.test.context.cache.DefaultCacheAwareContextLoaderDelegate]
07:46:58.595 [Test worker] DEBUG org.springframework.test.context.BootstrapUtils - Instantiating BootstrapContext using constructor [public org.springframework.test.context.support.DefaultBootstrapContext(java.lang.Class,org.springframework.test.context.CacheAwareContextLoaderDelegate)]
07:46:58.627 [Test worker] DEBUG org.springframework.test.context.BootstrapUtils - Instantiating TestContextBootstrapper for test class [com.ceiba.Proyectoparqueadero.ProyectoparqueaderoApplicationTests] from class [org.springframework.boot.test.context.SpringBootTestContextBootstrapper]
07:46:58.650 [Test worker] INFO org.springframework.boot.test.context.SpringBootTestContextBootstrapper - Neither @ContextConfiguration nor @ContextHierarchy found for test class [com.ceiba.Proyectoparqueadero.ProyectoparqueaderoApplicationTests], using SpringBootContextLoader
07:46:58.658 [Test worker] DEBUG org.springframework.test.context.support.AbstractContextLoader - Did not detect default resource location for test class [com.ceiba.Proyectoparqueadero.ProyectoparqueaderoApplicationTests]: class path resource [com/ceiba/Proyectoparqueadero/ProyectoparqueaderoApplicationTests-context.xml] does not exist
07:46:58.659 [Test worker] DEBUG org.springframework.test.context.support.AbstractContextLoader - Did not detect default resource location for test class [com.ceiba.Proyectoparqueadero.ProyectoparqueaderoApplicationTests]: class path resource [com/ceiba/Proyectoparqueadero/ProyectoparqueaderoApplicationTestsContext.groovy] does not exist
07:46:58.659 [Test worker] INFO org.springframework.test.context.support.AbstractContextLoader - Could not detect default resource locations for test class [com.ceiba.Proyectoparqueadero.ProyectoparqueaderoApplicationTests]: no resource found for suffixes {-context.xml, Context.groovy}.
07:46:58.661 [Test worker] INFO org.springframework.test.context.support.AnnotationConfigContextLoaderUtils - Could not detect default configuration classes for test class [com.ceiba.Proyectoparqueadero.ProyectoparqueaderoApplicationTests]: ProyectoparqueaderoApplicationTests does not declare any static, non-private, non-final, nested classes annotated with @Configuration.
07:46:58.727 [Test worker] DEBUG org.springframework.test.context.support.ActiveProfilesUtils - Could not find an 'annotation declaring class' for annotation type [org.springframework.test.context.ActiveProfiles] and class [com.ceiba.Proyectoparqueadero.ProyectoparqueaderoApplicationTests]
07:46:58.743 [Test worker] DEBUG org.springframework.core.env.StandardEnvironment - Adding PropertySource 'systemProperties' with lowest search precedence
07:46:58.744 [Test worker] DEBUG org.springframework.core.env.StandardEnvironment - Adding PropertySource 'systemEnvironment' with lowest search precedence
07:46:58.744 [Test worker] DEBUG org.springframework.core.env.StandardEnvironment - Initialized StandardEnvironment with PropertySources [MapPropertySource@1139606034 {name='systemProperties', properties={java.runtime.name=Java(TM) SE Runtime Environment, sun.boot.library.path=C:\Program Files\Java\jdk1.8.0_151\jre\bin, java.vm.version=25.151-b12, java.vm.vendor=Oracle Corporation, java.vendor.url=http://java.oracle.com/, path.separator=;, java.vm.name=Java HotSpot(TM) 64-Bit Server VM, file.encoding.pkg=sun.io, user.script=, sun.java.launcher=SUN_STANDARD, user.country=US, sun.os.patch.level=, java.vm.specification.name=Java Virtual Machine Specification, user.dir=C:\Users\david.hoyos\eclipse-workspace\Proyectoparqueadero, java.runtime.version=1.8.0_151-b12, java.awt.graphicsenv=sun.awt.Win32GraphicsEnvironment, java.endorsed.dirs=C:\Program Files\Java\jdk1.8.0_151\jre\lib\endorsed, os.arch=amd64, java.io.tmpdir=C:\Users\DAVID~1.HOY\AppData\Local\Temp\, line.separator=
, java.vm.specification.vendor=Oracle Corporation, user.variant=, os.name=Windows 10, sun.jnu.encoding=Cp1252, java.library.path=C:\Program Files\Java\jdk1.8.0_151\bin;C:\WINDOWS\Sun\Java\bin;C:\WINDOWS\system32;C:\WINDOWS;C:/Program Files/Java/jre1.8.0_151/bin/server;C:/Program Files/Java/jre1.8.0_151/bin;C:/Program Files/Java/jre1.8.0_151/lib/amd64;C:\ProgramData\Oracle\Java\javapath;C:\Program Files (x86)\Intel\iCLS Client\;C:\Program Files\Intel\iCLS Client\;C:\Oracle\product\11.1.0\client_1\bin;C:\Program Files\CollabNet\Subversion Client;C:\WINDOWS\system32;C:\WINDOWS;C:\WINDOWS\System32\Wbem;C:\WINDOWS\System32\WindowsPowerShell\v1.0\;C:\Program Files (x86)\Intel\Intel(R) Management Engine Components\DAL;C:\Program Files\Intel\Intel(R) Management Engine Components\DAL;C:\Program Files (x86)\Intel\Intel(R) Management Engine Components\IPT;C:\Program Files\Intel\Intel(R) Management Engine Components\IPT;C:\Program Files\TortoiseSVN\bin;C:\Program Files\PuTTY\;C:\Users\david.hoyos\Documents\Herramientas desarrollo\gradle-4.2.1\bin;C:\Program Files\Git\cmd;C:\Users\david.hoyos\AppData\Local\Microsoft\WindowsApps;;C:\Users\david.hoyos\Documents\Programas\eclipse-jee-oxygen-1a-win32-x86_64\eclipse;;., java.specification.name=Java Platform API Specification, java.class.version=52.0, org.gradle.native=false, sun.management.compiler=HotSpot 64-Bit Tiered Compilers, os.version=10.0, user.home=C:\Users\david.hoyos, user.timezone=America/Bogota, java.awt.printerjob=sun.awt.windows.WPrinterJob, file.encoding=windows-1252, java.specification.version=1.8, java.class.path=C:\Users\david.hoyos\eclipse-workspace\Proyectoparqueadero\build\classes\java\test;C:\Users\david.hoyos\eclipse-workspace\Proyectoparqueadero\build\resources\test;C:\Users\david.hoyos\eclipse-workspace\Proyectoparqueadero\build\classes\java\main;C:\Users\david.hoyos\eclipse-workspace\Proyectoparqueadero\build\resources\main;C:\Users\david.hoyos\Documents\Herramientas desarrollo\gradle-4.2.1\caches\modules-2\files-2.1\org.springframework.boot\spring-boot-starter-data-jpa\2.0.0.M5\7a51c922581611b15f767cd17e14f4f9db60399b\spring-boot-starter-data-jpa-2.0.0.M5.jar;C:\Users\david.hoyos\Documents\Herramientas desarrollo\gradle-4.2.1\caches\modules-2\files-2.1\org.springframework.boot\spring-boot-starter-jdbc\2.0.0.M5\83d7f9f97d4e5501d3d5ce0c42501cebabf6bb5c\spring-boot-starter-jdbc-2.0.0.M5.jar;C:\Users\david.hoyos\Documents\Herramientas desarrollo\gradle-4.2.1\caches\modules-2\files-2.1\org.springframework.boot\spring-boot-starter-web\2.0.0.M5\24eae1fdad773e958d9bab5beb332ecf3fd21d04\spring-boot-starter-web-2.0.0.M5.jar;C:\Users\david.hoyos\Documents\Herramientas desarrollo\gradle-4.2.1\caches\modules-2\files-2.1\com.h2database\h2\1.4.196\dd0034398d593aa3588c6773faac429bbd9aea0e\h2-1.4.196.jar;C:\Users\david.hoyos\Documents\Herramientas desarrollo\gradle-4.2.1\caches\modules-2\files-2.1\org.springframework.boot\spring-boot-starter-test\2.0.0.M5\99cf8b580f1b164faec0ec45d465fd1a8e4c2904\spring-boot-starter-test-2.0.0.M5.jar;C:\Users\david.hoyos\Documents\Herramientas desarrollo\gradle-4.2.1\caches\modules-2\files-2.1\org.mockito\mockito-core\2.10.0\871efe6f2607d8c93dd25b8c1fa09851d4286dd6\mockito-core-2.10.0.jar;C:\Users\david.hoyos\Documents\Herramientas desarrollo\gradle-4.2.1\caches\modules-2\files-2.1\junit\junit\4.12\2973d150c0dc1fefe998f834810d68f278ea58ec\junit-4.12.jar;C:\Users\david.hoyos\Documents\Herramientas desarrollo\gradle-4.2.1\caches\modules-2\files-2.1\org.springframework.boot\spring-boot-starter-aop\2.0.0.M5\1c71fd43cc812cf72b15f2d216ef9a0bea4e8584\spring-boot-starter-aop-2.0.0.M5.jar;C:\Users\david.hoyos\Documents\Herramientas desarrollo\gradle-4.2.1\caches\modules-2\files-2.1\org.springframework.boot\spring-boot-starter-json\2.0.0.M5\b9a48a0ea21bce60a71011f85e4494b70e0f1f03\spring-boot-starter-json-2.0.0.M5.jar;C:\Users\david.hoyos\Documents\Herramientas desarrollo\gradle-4.2.1\caches\modules-2\files-2.1\org.springframework.boot\spring-boot-starter\2.0.0.M5\43635ad065765d9e9bfdbf7009d8961e1d852a4c\spring-boot-starter-2.0.0.M5.jar;C:\Users\david.hoyos\Documents\Herramientas desarrollo\gradle-4.2.1\caches\modules-2\files-2.1\org.hibernate\hibernate-core\5.2.11.Final\c7bc35a9caccb66f6b7209849c5feab8241abb76\hibernate-core-5.2.11.Final.jar;C:\Users\david.hoyos\Documents\Herramientas desarrollo\gradle-4.2.1\caches\modules-2\files-2.1\javax.transaction\javax.transaction-api\1.2\d81aff979d603edd90dcd8db2abc1f4ce6479e3e\javax.transaction-api-1.2.jar;C:\Users\david.hoyos\Documents\Herramientas desarrollo\gradle-4.2.1\caches\modules-2\files-2.1\org.springframework.data\spring-data-jpa\2.0.0.RELEASE\37298e64c40bfd4b51335df41afa8a5e509ba5de\spring-data-jpa-2.0.0.RELEASE.jar;C:\Users\david.hoyos\Documents\Herramientas desarrollo\gradle-4.2.1\caches\modules-2\files-2.1\org.springframework\spring-aspects\5.0.0.RELEASE\bf63871e3c0fc83d550c7f54c67a376a1b896180\spring-aspects-5.0.0.RELEASE.jar;C:\Users\david.hoyos\Documents\Herramientas desarrollo\gradle-4.2.1\caches\modules-2\files-2.1\com.zaxxer\HikariCP\2.7.2\8eadf835d2f74c30b75ffcb2693bb6853b85cf1e\HikariCP-2.7.2.jar;C:\Users\david.hoyos\Documents\Herramientas desarrollo\gradle-4.2.1\caches\modules-2\files-2.1\org.springframework\spring-orm\5.0.0.RELEASE\3b129d4a305f0fba7c4e9210b6dd3e6cb6e9f6c4\spring-orm-5.0.0.RELEASE.jar;C:\Users\david.hoyos\Documents\Herramientas desarrollo\gradle-4.2.1\caches\modules-2\files-2.1\org.springframework\spring-jdbc\5.0.0.RELEASE\e6c73a4dd93956fcfd59887c64f0989f3fd004b5\spring-jdbc-5.0.0.RELEASE.jar;C:\Users\david.hoyos\Documents\Herramientas desarrollo\gradle-4.2.1\caches\modules-2\files-2.1\org.springframework.boot\spring-boot-starter-tomcat\2.0.0.M5\39709bc8ea0727e498877c1d1e7bcb7c3eb037f6\spring-boot-starter-tomcat-2.0.0.M5.jar;C:\Users\david.hoyos\Documents\Herramientas desarrollo\gradle-4.2.1\caches\modules-2\files-2.1\org.hibernate.validator\hibernate-validator\6.0.2.Final\41c0d6a3ce1298b09a9ddb944bd251c8d1345b5c\hibernate-validator-6.0.2.Final.jar;C:\Users\david.hoyos\Documents\Herramientas desarrollo\gradle-4.2.1\caches\modules-2\files-2.1\org.springframework\spring-webmvc\5.0.0.RELEASE\7efad8565e5e609d1ff301043b8ea31080796391\spring-webmvc-5.0.0.RELEASE.jar;C:\Users\david.hoyos\Documents\Herramientas desarrollo\gradle-4.2.1\caches\modules-2\files-2.1\org.springframework\spring-web\5.0.0.RELEASE\f5c2d9d5668534c308a1ca4eda070cd01320af65\spring-web-5.0.0.RELEASE.jar;C:\Users\david.hoyos\Documents\Herramientas desarrollo\gradle-4.2.1\caches\modules-2\files-2.1\org.springframework.boot\spring-boot-test-autoconfigure\2.0.0.M5\7b249ede1134de624ccac65833d8bc9d30bc07ce\spring-boot-test-autoconfigure-2.0.0.M5.jar;C:\Users\david.hoyos\Documents\Herramientas desarrollo\gradle-4.2.1\caches\modules-2\files-2.1\org.springframework.boot\spring-boot-test\2.0.0.M5\2851cc485015f560d11054013fa77b39829c08a\spring-boot-test-2.0.0.M5.jar;C:\Users\david.hoyos\Documents\Herramientas desarrollo\gradle-4.2.1\caches\modules-2\files-2.1\com.jayway.jsonpath\json-path\2.4.0\765a4401ceb2dc8d40553c2075eb80a8fa35c2ae\json-path-2.4.0.jar;C:\Users\david.hoyos\Documents\Herramientas desarrollo\gradle-4.2.1\caches\modules-2\files-2.1\org.assertj\assertj-core\3.8.0\b209d90ff2e279bee3e02547ee7b11349c52d0e3\assertj-core-3.8.0.jar;C:\Users\david.hoyos\Documents\Herramientas desarrollo\gradle-4.2.1\caches\modules-2\files-2.1\org.hamcrest\hamcrest-library\1.3\4785a3c21320980282f9f33d0d1264a69040538f\hamcrest-library-1.3.jar;C:\Users\david.hoyos\Documents\Herramientas desarrollo\gradle-4.2.1\caches\modules-2\files-2.1\org.hamcrest\hamcrest-core\1.3\42a25dc3219429f0e5d060061f71acb49bf010a0\hamcrest-core-1.3.jar;C:\Users\david.hoyos\Documents\Herramientas desarrollo\gradle-4.2.1\caches\modules-2\files-2.1\org.skyscreamer\jsonassert\1.5.0\6c9d5fe2f59da598d9aefc1cfc6528ff3cf32df3\jsonassert-1.5.0.jar;C:\Users\david.hoyos\Documents\Herramientas desarrollo\gradle-4.2.1\caches\modules-2\files-2.1\org.springframework\spring-test\5.0.0.RELEASE\f39db690694a902197866df3c89ac277605b63c4\spring-test-5.0.0.RELEASE.jar;C:\Users\david.hoyos\Documents\Herramientas desarrollo\gradle-4.2.1\caches\modules-2\files-2.1\org.springframework.boot\spring-boot-autoconfigure\2.0.0.M5\975d5afb6a8dee42650842c5821d905657747bbc\spring-boot-autoconfigure-2.0.0.M5.jar;C:\Users\david.hoyos\Documents\Herramientas desarrollo\gradle-4.2.1\caches\modules-2\files-2.1\org.springframework.boot\spring-boot\2.0.0.M5\31de735c7a77fa2961185d48ce66570d74f656ae\spring-boot-2.0.0.M5.jar;C:\Users\david.hoyos\Documents\Herramientas desarrollo\gradle-4.2.1\caches\modules-2\files-2.1\org.springframework\spring-context\5.0.0.RELEASE\bf5165fcd47f582f9addcd2a41424b08ea00d880\spring-context-5.0.0.RELEASE.jar;C:\Users\david.hoyos\Documents\Herramientas desarrollo\gradle-4.2.1\caches\modules-2\files-2.1\org.springframework\spring-aop\5.0.0.RELEASE\717d06b89e32f51f329094f709662f8414c0843f\spring-aop-5.0.0.RELEASE.jar;C:\Users\david.hoyos\Documents\Herramientas desarrollo\gradle-4.2.1\caches\modules-2\files-2.1\org.springframework.data\spring-data-commons\2.0.0.RELEASE\b97dad2d501c2baf49b497733bb19f7a05d52142\spring-data-commons-2.0.0.RELEASE.jar;C:\Users\david.hoyos\Documents\Herramientas desarrollo\gradle-4.2.1\caches\modules-2\files-2.1\org.springframework\spring-tx\5.0.0.RELEASE\359eb5245c54257085b9eb2fc11c68dde3325d7\spring-tx-5.0.0.RELEASE.jar;C:\Users\david.hoyos\Documents\Herramientas desarrollo\gradle-4.2.1\caches\modules-2\files-2.1\org.springframework\spring-beans\5.0.0.RELEASE\6f95f071cfe29a84661648e5445dcb054be0cfa7\spring-beans-5.0.0.RELEASE.jar;C:\Users\david.hoyos\Documents\Herramientas desarrollo\gradle-4.2.1\caches\modules-2\files-2.1\org.springframework\spring-expression\5.0.0.RELEASE\48cdf1b2ea2a510c731e5e08f75299e3cb8e9d68\spring-expression-5.0.0.RELEASE.jar;C:\Users\david.hoyos\Documents\Herramientas desarrollo\gradle-4.2.1\caches\modules-2\files-2.1\org.springframework\spring-core\5.0.0.RELEASE\3a9bb910e8943b5ef59b193a1621daba46456ca9\spring-core-5.0.0.RELEASE.jar;C:\Users\david.hoyos\Documents\Herramientas desarrollo\gradle-4.2.1\caches\modules-2\files-2.1\org.xmlunit\xmlunit-core\2.5.0\7464e446df1051ac5196ffd2c28ee903a1104133\xmlunit-core-2.5.0.jar;C:\Users\david.hoyos\Documents\Herramientas desarrollo\gradle-4.2.1\caches\modules-2\files-2.1\net.bytebuddy\byte-buddy\1.7.6\f79a6ca612ed13038efedbbba1ead83b8d6fe7ec\byte-buddy-1.7.6.jar;C:\Users\david.hoyos\Documents\Herramientas desarrollo\gradle-4.2.1\caches\modules-2\files-2.1\net.bytebuddy\byte-buddy-agent\1.7.6\e863f5ab595f480f42d641f22935437e679d4beb\byte-buddy-agent-1.7.6.jar;C:\Users\david.hoyos\Documents\Herramientas desarrollo\gradle-4.2.1\caches\modules-2\files-2.1\org.objenesis\objenesis\2.6\639033469776fd37c08358c6b92a4761feb2af4b\objenesis-2.6.jar;C:\Users\david.hoyos\Documents\Herramientas desarrollo\gradle-4.2.1\caches\modules-2\files-2.1\org.springframework.boot\spring-boot-starter-logging\2.0.0.M5\ed3e13b588ee8ec5b43b4bbc9f9880a412c4b026\spring-boot-starter-logging-2.0.0.M5.jar;C:\Users\david.hoyos\Documents\Herramientas desarrollo\gradle-4.2.1\caches\modules-2\files-2.1\javax.annotation\javax.annotation-api\1.3.1\20a2c0583598d68b0835474bbe07792d4f3b219f\javax.annotation-api-1.3.1.jar;C:\Users\david.hoyos\Documents\Herramientas desarrollo\gradle-4.2.1\caches\modules-2\files-2.1\org.yaml\snakeyaml\1.18\e4a441249ade301985cb8d009d4e4a72b85bf68e\snakeyaml-1.18.jar;C:\Users\david.hoyos\Documents\Herramientas desarrollo\gradle-4.2.1\caches\modules-2\files-2.1\org.aspectj\aspectjweaver\1.8.11\9807e0e13c8a295f15882721db50fa3d142c44a9\aspectjweaver-1.8.11.jar;C:\Users\david.hoyos\Documents\Herramientas desarrollo\gradle-4.2.1\caches\modules-2\files-2.1\org.hibernate.common\hibernate-commons-annotations\5.0.1.Final\71e1cff3fcb20d3b3af4f3363c3ddb24d33c6879\hibernate-commons-annotations-5.0.1.Final.jar;C:\Users\david.hoyos\Documents\Herramientas desarrollo\gradle-4.2.1\caches\modules-2\files-2.1\org.jboss.logging\jboss-logging\3.3.1.Final\c46217ab74b532568c0ed31dc599db3048bd1b67\jboss-logging-3.3.1.Final.jar;C:\Users\david.hoyos\Documents\Herramientas desarrollo\gradle-4.2.1\caches\modules-2\files-2.1\org.hibernate.javax.persistence\hibernate-jpa-2.1-api\1.0.0.Final\5e731d961297e5a07290bfaf3db1fbc8bbbf405a\hibernate-jpa-2.1-api-1.0.0.Final.jar;C:\Users\david.hoyos\Documents\Herramientas desarrollo\gradle-4.2.1\caches\modules-2\files-2.1\org.javassist\javassist\3.22.0-CR2\44eaf0990dea92f4bca4b9931b2239c0e8756ee7\javassist-3.22.0-CR2.jar;C:\Users\david.hoyos\Documents\Herramientas desarrollo\gradle-4.2.1\caches\modules-2\files-2.1\antlr\antlr\2.7.7\83cd2cd674a217ade95a4bb83a8a14f351f48bd0\antlr-2.7.7.jar;C:\Users\david.hoyos\Documents\Herramientas desarrollo\gradle-4.2.1\caches\modules-2\files-2.1\org.jboss\jandex\2.0.3.Final\bfc4d6257dbff7a33a357f0de116be6ff951d849\jandex-2.0.3.Final.jar;C:\Users\david.hoyos\Documents\Herramientas desarrollo\gradle-4.2.1\caches\modules-2\files-2.1\com.fasterxml\classmate\1.3.4\3d5f48f10bbe4eb7bd862f10c0583be2e0053c6\classmate-1.3.4.jar;C:\Users\david.hoyos\Documents\Herramientas desarrollo\gradle-4.2.1\caches\modules-2\files-2.1\dom4j\dom4j\1.6.1\5d3ccc056b6f056dbf0dddfdf43894b9065a8f94\dom4j-1.6.1.jar;C:\Users\david.hoyos\Documents\Herramientas desarrollo\gradle-4.2.1\caches\modules-2\files-2.1\ch.qos.logback\logback-classic\1.2.3\7c4f3c474fb2c041d8028740440937705ebb473a\logback-classic-1.2.3.jar;C:\Users\david.hoyos\Documents\Herramientas desarrollo\gradle-4.2.1\caches\modules-2\files-2.1\org.slf4j\jul-to-slf4j\1.7.25\af5364cd6679bfffb114f0dec8a157aaa283b76\jul-to-slf4j-1.7.25.jar;C:\Users\david.hoyos\Documents\Herramientas desarrollo\gradle-4.2.1\caches\modules-2\files-2.1\org.slf4j\log4j-over-slf4j\1.7.25\a87bb47468f47ee7aabbd54f93e133d4215769c3\log4j-over-slf4j-1.7.25.jar;C:\Users\david.hoyos\Documents\Herramientas desarrollo\gradle-4.2.1\caches\modules-2\files-2.1\org.slf4j\slf4j-api\1.7.25\da76ca59f6a57ee3102f8f9bd9cee742973efa8a\slf4j-api-1.7.25.jar;C:\Users\david.hoyos\Documents\Herramientas desarrollo\gradle-4.2.1\caches\modules-2\files-2.1\com.fasterxml.jackson.datatype\jackson-datatype-jdk8\2.9.1\dc5c9b4349c1c18388aa1ec5a9264e6893b732a8\jackson-datatype-jdk8-2.9.1.jar;C:\Users\david.hoyos\Documents\Herramientas desarrollo\gradle-4.2.1\caches\modules-2\files-2.1\com.fasterxml.jackson.datatype\jackson-datatype-jsr310\2.9.1\dbac0f60c8ea8c6e6cc6a761c0d8f300296fcf3d\jackson-datatype-jsr310-2.9.1.jar;C:\Users\david.hoyos\Documents\Herramientas desarrollo\gradle-4.2.1\caches\modules-2\files-2.1\com.fasterxml.jackson.module\jackson-module-parameter-names\2.9.1\df51ae82d0878f62f7bdcbd47d423e3cde04b3ef\jackson-module-parameter-names-2.9.1.jar;C:\Users\david.hoyos\Documents\Herramientas desarrollo\gradle-4.2.1\caches\modules-2\files-2.1\com.fasterxml.jackson.module\jackson-module-kotlin\2.9.1\cf37d75de23b87a664ea0b497b04fc601a783f2a\jackson-module-kotlin-2.9.1.jar;C:\Users\david.hoyos\Documents\Herramientas desarrollo\gradle-4.2.1\caches\modules-2\files-2.1\com.fasterxml.jackson.core\jackson-databind\2.9.1\716da1830a2043f18882fc036ec26eb32cbe5aff\jackson-databind-2.9.1.jar;C:\Users\david.hoyos\Documents\Herramientas desarrollo\gradle-4.2.1\caches\modules-2\files-2.1\org.apache.tomcat.embed\tomcat-embed-websocket\8.5.23\52f07abcae10dc7e1764304b0877def175c2c833\tomcat-embed-websocket-8.5.23.jar;C:\Users\david.hoyos\Documents\Herramientas desarrollo\gradle-4.2.1\caches\modules-2\files-2.1\org.apache.tomcat.embed\tomcat-embed-core\8.5.23\79261793a47f507890ee08f749b9d81774e4f7f0\tomcat-embed-core-8.5.23.jar;C:\Users\david.hoyos\Documents\Herramientas desarrollo\gradle-4.2.1\caches\modules-2\files-2.1\org.apache.tomcat.embed\tomcat-embed-el\8.5.23\98d979cde444dffa6d434c8377d0123b2dfa614c\tomcat-embed-el-8.5.23.jar;C:\Users\david.hoyos\Documents\Herramientas desarrollo\gradle-4.2.1\caches\modules-2\files-2.1\javax.validation\validation-api\2.0.0.Final\4a7ff48084bd336c4de1f79f027f6f77badf399e\validation-api-2.0.0.Final.jar;C:\Users\david.hoyos\Documents\Herramientas desarrollo\gradle-4.2.1\caches\modules-2\files-2.1\net.minidev\json-smart\2.3\7396407491352ce4fa30de92efb158adb76b5b\json-smart-2.3.jar;C:\Users\david.hoyos\Documents\Herramientas desarrollo\gradle-4.2.1\caches\modules-2\files-2.1\com.vaadin.external.google\android-json\0.0.20131108.vaadin1\fa26d351fe62a6a17f5cda1287c1c6110dec413f\android-json-0.0.20131108.vaadin1.jar;C:\Users\david.hoyos\Documents\Herramientas desarrollo\gradle-4.2.1\caches\modules-2\files-2.1\org.springframework\spring-jcl\5.0.0.RELEASE\ab0a2114cab7b9e04adf79d812c714f3cbf4abf7\spring-jcl-5.0.0.RELEASE.jar;C:\Users\david.hoyos\Documents\Herramientas desarrollo\gradle-4.2.1\caches\modules-2\files-2.1\com.fasterxml.jackson.core\jackson-annotations\2.9.0\7c10d545325e3a6e72e06381afe469fd40eb701\jackson-annotations-2.9.0.jar;C:\Users\david.hoyos\Documents\Herramientas desarrollo\gradle-4.2.1\caches\modules-2\files-2.1\com.fasterxml.jackson.core\jackson-core\2.9.1\60077fe98b11e4e7cf8af9b20609326a166d6ac4\jackson-core-2.9.1.jar;C:\Users\david.hoyos\Documents\Herramientas desarrollo\gradle-4.2.1\caches\modules-2\files-2.1\org.apache.tomcat\tomcat-annotations-api\8.5.23\aaf17df9fe0240e9e9d5375d24d5f177174b73d9\tomcat-annotations-api-8.5.23.jar;C:\Users\david.hoyos\Documents\Herramientas desarrollo\gradle-4.2.1\caches\modules-2\files-2.1\net.minidev\accessors-smart\1.2\c592b500269bfde36096641b01238a8350f8aa31\accessors-smart-1.2.jar;C:\Users\david.hoyos\Documents\Herramientas desarrollo\gradle-4.2.1\caches\modules-2\files-2.1\ch.qos.logback\logback-core\1.2.3\864344400c3d4d92dfeb0a305dc87d953677c03c\logback-core-1.2.3.jar;C:\Users\david.hoyos\Documents\Herramientas desarrollo\gradle-4.2.1\caches\modules-2\files-2.1\org.ow2.asm\asm\5.0.4\da08b8cce7bbf903602a25a3a163ae252435795\asm-5.0.4.jar, user.name=david.hoyos, java.vm.specification.version=1.8, sun.java.command=worker.org.gradle.process.internal.worker.GradleWorkerMain 'Gradle Test Executor 2', java.home=C:\Program Files\Java\jdk1.8.0_151\jre, sun.arch.data.model=64, user.language=en, java.specification.vendor=Oracle Corporation, awt.toolkit=sun.awt.windows.WToolkit, java.vm.info=mixed mode, java.version=1.8.0_151, java.ext.dirs=C:\Program Files\Java\jdk1.8.0_151\jre\lib\ext;C:\WINDOWS\Sun\Java\lib\ext, sun.boot.class.path=C:\Program Files\Java\jdk1.8.0_151\jre\lib\resources.jar;C:\Program Files\Java\jdk1.8.0_151\jre\lib\rt.jar;C:\Program Files\Java\jdk1.8.0_151\jre\lib\sunrsasign.jar;C:\Program Files\Java\jdk1.8.0_151\jre\lib\jsse.jar;C:\Program Files\Java\jdk1.8.0_151\jre\lib\jce.jar;C:\Program Files\Java\jdk1.8.0_151\jre\lib\charsets.jar;C:\Program Files\Java\jdk1.8.0_151\jre\lib\jfr.jar;C:\Program Files\Java\jdk1.8.0_151\jre\classes, java.vendor=Oracle Corporation, org.gradle.test.worker=2, file.separator=\, java.vendor.url.bug=http://bugreport.sun.com/bugreport/, sun.io.unicode.encoding=UnicodeLittle, sun.cpu.endian=little, sun.desktop=windows, sun.cpu.isalist=amd64}}, SystemEnvironmentPropertySource@1800733652 {name='systemEnvironment', properties={USERDOMAIN_ROAMINGPROFILE=CEIBA, LOCALAPPDATA=C:\Users\david.hoyos\AppData\Local, PROCESSOR_LEVEL=6, USERDOMAIN=CEIBA, FPS_BROWSER_APP_PROFILE_STRING=Internet Explorer, LOGONSERVER=\\ARES, SESSIONNAME=Console, ALLUSERSPROFILE=C:\ProgramData, PROCESSOR_ARCHITECTURE=AMD64, PSModulePath=C:\Program Files\WindowsPowerShell\Modules;C:\WINDOWS\system32\WindowsPowerShell\v1.0\Modules, SystemDrive=C:, OneDrive=C:\Users\david.hoyos\OneDrive, APPDATA=C:\Users\david.hoyos\AppData\Roaming, USERNAME=david.hoyos, USERDNSDOMAIN=CEIBA.LOCAL, ProgramFiles(x86)=C:\Program Files (x86), CommonProgramFiles=C:\Program Files\Common Files, Path=C:/Program Files/Java/jre1.8.0_151/bin/server;C:/Program Files/Java/jre1.8.0_151/bin;C:/Program Files/Java/jre1.8.0_151/lib/amd64;C:\ProgramData\Oracle\Java\javapath;C:\Program Files (x86)\Intel\iCLS Client\;C:\Program Files\Intel\iCLS Client\;C:\Oracle\product\11.1.0\client_1\bin;C:\Program Files\CollabNet\Subversion Client;C:\WINDOWS\system32;C:\WINDOWS;C:\WINDOWS\System32\Wbem;C:\WINDOWS\System32\WindowsPowerShell\v1.0\;C:\Program Files (x86)\Intel\Intel(R) Management Engine Components\DAL;C:\Program Files\Intel\Intel(R) Management Engine Components\DAL;C:\Program Files (x86)\Intel\Intel(R) Management Engine Components\IPT;C:\Program Files\Intel\Intel(R) Management Engine Components\IPT;C:\Program Files\TortoiseSVN\bin;C:\Program Files\PuTTY\;C:\Users\david.hoyos\Documents\Herramientas desarrollo\gradle-4.2.1\bin;C:\Program Files\Git\cmd;C:\Users\david.hoyos\AppData\Local\Microsoft\WindowsApps;;C:\Users\david.hoyos\Documents\Programas\eclipse-jee-oxygen-1a-win32-x86_64\eclipse;, FPS_BROWSER_USER_PROFILE_STRING=Default, PATHEXT=.COM;.EXE;.BAT;.CMD;.VBS;.VBE;.JS;.JSE;.WSF;.WSH;.MSC, OS=Windows_NT, COMPUTERNAME=DAVID-HOYOS, PROCESSOR_REVISION=3a09, CommonProgramW6432=C:\Program Files\Common Files, ComSpec=C:\WINDOWS\system32\cmd.exe, ProgramData=C:\ProgramData, ProgramW6432=C:\Program Files, HOMEPATH=\Users\david.hoyos, SystemRoot=C:\WINDOWS, TEMP=C:\Users\DAVID~1.HOY\AppData\Local\Temp, HOMEDRIVE=C:, PROCESSOR_IDENTIFIER=Intel64 Family 6 Model 58 Stepping 9, GenuineIntel, USERPROFILE=C:\Users\david.hoyos, TMP=C:\Users\DAVID~1.HOY\AppData\Local\Temp, CommonProgramFiles(x86)=C:\Program Files (x86)\Common Files, ProgramFiles=C:\Program Files, PUBLIC=C:\Users\Public, NUMBER_OF_PROCESSORS=8, windir=C:\WINDOWS, =::=::\}}]
07:46:58.770 [Test worker] DEBUG org.springframework.core.io.support.PathMatchingResourcePatternResolver - Resolved classpath location [com/ceiba/Proyectoparqueadero/] to resources [URL [file:/C:/Users/david.hoyos/eclipse-workspace/Proyectoparqueadero/build/classes/java/test/com/ceiba/Proyectoparqueadero/], URL [file:/C:/Users/david.hoyos/eclipse-workspace/Proyectoparqueadero/build/classes/java/main/com/ceiba/Proyectoparqueadero/]]
07:46:58.771 [Test worker] DEBUG org.springframework.core.io.support.PathMatchingResourcePatternResolver - Looking for matching resources in directory tree [C:\Users\david.hoyos\eclipse-workspace\Proyectoparqueadero\build\classes\java\test\com\ceiba\Proyectoparqueadero]
07:46:58.771 [Test worker] DEBUG org.springframework.core.io.support.PathMatchingResourcePatternResolver - Searching directory [C:\Users\david.hoyos\eclipse-workspace\Proyectoparqueadero\build\classes\java\test\com\ceiba\Proyectoparqueadero] for files matching pattern [C:/Users/david.hoyos/eclipse-workspace/Proyectoparqueadero/build/classes/java/test/com/ceiba/Proyectoparqueadero/*.class]
07:46:58.776 [Test worker] DEBUG org.springframework.core.io.support.PathMatchingResourcePatternResolver - Looking for matching resources in directory tree [C:\Users\david.hoyos\eclipse-workspace\Proyectoparqueadero\build\classes\java\main\com\ceiba\Proyectoparqueadero]
07:46:58.776 [Test worker] DEBUG org.springframework.core.io.support.PathMatchingResourcePatternResolver - Searching directory [C:\Users\david.hoyos\eclipse-workspace\Proyectoparqueadero\build\classes\java\main\com\ceiba\Proyectoparqueadero] for files matching pattern [C:/Users/david.hoyos/eclipse-workspace/Proyectoparqueadero/build/classes/java/main/com/ceiba/Proyectoparqueadero/*.class]
07:46:58.777 [Test worker] DEBUG org.springframework.core.io.support.PathMatchingResourcePatternResolver - Resolved location pattern [classpath*:com/ceiba/Proyectoparqueadero/*.class] to resources [file [C:\Users\david.hoyos\eclipse-workspace\Proyectoparqueadero\build\classes\java\test\com\ceiba\Proyectoparqueadero\ProyectoparqueaderoApplicationTests.class], file [C:\Users\david.hoyos\eclipse-workspace\Proyectoparqueadero\build\classes\java\main\com\ceiba\Proyectoparqueadero\ProyectoparqueaderoApplication.class]]
07:46:58.867 [Test worker] DEBUG org.springframework.context.annotation.ClassPathScanningCandidateComponentProvider - Identified candidate component class: file [C:\Users\david.hoyos\eclipse-workspace\Proyectoparqueadero\build\classes\java\main\com\ceiba\Proyectoparqueadero\ProyectoparqueaderoApplication.class]
07:46:58.869 [Test worker] INFO org.springframework.boot.test.context.SpringBootTestContextBootstrapper - Found @SpringBootConfiguration com.ceiba.Proyectoparqueadero.ProyectoparqueaderoApplication for test class com.ceiba.Proyectoparqueadero.ProyectoparqueaderoApplicationTests
07:46:59.092 [Test worker] DEBUG org.springframework.boot.test.context.SpringBootTestContextBootstrapper - @TestExecutionListeners is not present for class [com.ceiba.Proyectoparqueadero.ProyectoparqueaderoApplicationTests]: using defaults.
07:46:59.093 [Test worker] INFO org.springframework.boot.test.context.SpringBootTestContextBootstrapper - Loaded default TestExecutionListener class names from location [META-INF/spring.factories]: [org.springframework.boot.test.autoconfigure.restdocs.RestDocsTestExecutionListener, org.springframework.boot.test.autoconfigure.web.client.MockRestServiceServerResetTestExecutionListener, org.springframework.boot.test.autoconfigure.web.servlet.MockMvcPrintOnlyOnFailureTestExecutionListener, org.springframework.boot.test.autoconfigure.web.servlet.WebDriverTestExecutionListener, org.springframework.boot.test.mock.mockito.MockitoTestExecutionListener, org.springframework.boot.test.mock.mockito.ResetMocksTestExecutionListener, org.springframework.test.context.web.ServletTestExecutionListener, org.springframework.test.context.support.DirtiesContextBeforeModesTestExecutionListener, org.springframework.test.context.support.DependencyInjectionTestExecutionListener, org.springframework.test.context.support.DirtiesContextTestExecutionListener, org.springframework.test.context.transaction.TransactionalTestExecutionListener, org.springframework.test.context.jdbc.SqlScriptsTestExecutionListener]
07:46:59.129 [Test worker] INFO org.springframework.boot.test.context.SpringBootTestContextBootstrapper - Using TestExecutionListeners: [org.springframework.test.context.web.ServletTestExecutionListener@1d365c4, org.springframework.test.context.support.DirtiesContextBeforeModesTestExecutionListener@35b902b5, org.springframework.boot.test.autoconfigure.SpringBootDependencyInjectionTestExecutionListener@3eb2995d, org.springframework.test.context.support.DirtiesContextTestExecutionListener@484fcdf4, org.springframework.test.context.transaction.TransactionalTestExecutionListener@52a86c7c, org.springframework.test.context.jdbc.SqlScriptsTestExecutionListener@2ff97036, org.springframework.boot.test.autoconfigure.web.servlet.MockMvcPrintOnlyOnFailureTestExecutionListener@52b7ce5, org.springframework.boot.test.mock.mockito.ResetMocksTestExecutionListener@33bd21d9, org.springframework.boot.test.autoconfigure.web.client.MockRestServiceServerResetTestExecutionListener@22e7605e, org.springframework.boot.test.autoconfigure.restdocs.RestDocsTestExecutionListener@467bccf4, org.springframework.boot.test.mock.mockito.MockitoTestExecutionListener@18695c8a, org.springframework.boot.test.autoconfigure.web.servlet.WebDriverTestExecutionListener@420015b7]
07:46:59.134 [Test worker] DEBUG org.springframework.test.annotation.ProfileValueUtils - Retrieved @ProfileValueSourceConfiguration [null] for test class [com.ceiba.Proyectoparqueadero.ProyectoparqueaderoApplicationTests]
07:46:59.135 [Test worker] DEBUG org.springframework.test.annotation.ProfileValueUtils - Retrieved ProfileValueSource type [class org.springframework.test.annotation.SystemProfileValueSource] for class [com.ceiba.Proyectoparqueadero.ProyectoparqueaderoApplicationTests]
07:46:59.136 [Test worker] DEBUG org.springframework.test.annotation.ProfileValueUtils - Retrieved @ProfileValueSourceConfiguration [null] for test class [com.ceiba.Proyectoparqueadero.ProyectoparqueaderoApplicationTests]
07:46:59.136 [Test worker] DEBUG org.springframework.test.annotation.ProfileValueUtils - Retrieved ProfileValueSource type [class org.springframework.test.annotation.SystemProfileValueSource] for class [com.ceiba.Proyectoparqueadero.ProyectoparqueaderoApplicationTests]
07:46:59.144 [Test worker] DEBUG org.springframework.test.context.support.AbstractDirtiesContextTestExecutionListener - Before test class: context [DefaultTestContext@7d983855 testClass = ProyectoparqueaderoApplicationTests, testInstance = [null], testMethod = [null], testException = [null], mergedContextConfiguration = [WebMergedContextConfiguration@318db984 testClass = ProyectoparqueaderoApplicationTests, locations = '{}', classes = '{class com.ceiba.Proyectoparqueadero.ProyectoparqueaderoApplication}', contextInitializerClasses = '[]', activeProfiles = '{}', propertySourceLocations = '{}', propertySourceProperties = '{org.springframework.boot.test.context.SpringBootTestContextBootstrapper=true}', contextCustomizers = set[org.springframework.boot.test.autoconfigure.properties.PropertyMappingContextCustomizer@0, org.springframework.boot.test.autoconfigure.web.servlet.WebDriverContextCustomizerFactory$Customizer@d63e53b, org.springframework.boot.test.context.SpringBootTestContextCustomizer@5365fff6, org.springframework.boot.test.context.filter.ExcludeFilterContextCustomizer@391d7831, org.springframework.boot.test.json.DuplicateJsonObjectContextCustomizerFactory$DuplicateJsonObjectContextCustomizer@356f22f1, org.springframework.boot.test.mock.mockito.MockitoContextCustomizer@0], resourceBasePath = 'src/main/webapp', contextLoader = 'org.springframework.boot.test.context.SpringBootContextLoader', parent = [null]], attributes = map['org.springframework.test.context.web.ServletTestExecutionListener.activateListener' -> true]], class annotated with @DirtiesContext [false] with mode [null].
07:46:59.145 [Test worker] DEBUG org.springframework.test.annotation.ProfileValueUtils - Retrieved @ProfileValueSourceConfiguration [null] for test class [com.ceiba.Proyectoparqueadero.ProyectoparqueaderoApplicationTests]
07:46:59.145 [Test worker] DEBUG org.springframework.test.annotation.ProfileValueUtils - Retrieved ProfileValueSource type [class org.springframework.test.annotation.SystemProfileValueSource] for class [com.ceiba.Proyectoparqueadero.ProyectoparqueaderoApplicationTests]
07:46:59.181 [Test worker] DEBUG org.springframework.core.env.StandardEnvironment - Adding PropertySource 'systemProperties' with lowest search precedence
07:46:59.181 [Test worker] DEBUG org.springframework.core.env.StandardEnvironment - Adding PropertySource 'systemEnvironment' with lowest search precedence
07:46:59.181 [Test worker] DEBUG org.springframework.core.env.StandardEnvironment - Initialized StandardEnvironment with PropertySources [MapPropertySource@1553977030 {name='systemProperties', properties={java.runtime.name=Java(TM) SE Runtime Environment, sun.boot.library.path=C:\Program Files\Java\jdk1.8.0_151\jre\bin, java.vm.version=25.151-b12, java.vm.vendor=Oracle Corporation, java.vendor.url=http://java.oracle.com/, path.separator=;, java.vm.name=Java HotSpot(TM) 64-Bit Server VM, file.encoding.pkg=sun.io, user.script=, sun.java.launcher=SUN_STANDARD, user.country=US, sun.os.patch.level=, java.vm.specification.name=Java Virtual Machine Specification, user.dir=C:\Users\david.hoyos\eclipse-workspace\Proyectoparqueadero, java.runtime.version=1.8.0_151-b12, java.awt.graphicsenv=sun.awt.Win32GraphicsEnvironment, java.endorsed.dirs=C:\Program Files\Java\jdk1.8.0_151\jre\lib\endorsed, os.arch=amd64, java.io.tmpdir=C:\Users\DAVID~1.HOY\AppData\Local\Temp\, line.separator=
, java.vm.specification.vendor=Oracle Corporation, user.variant=, os.name=Windows 10, sun.jnu.encoding=Cp1252, java.library.path=C:\Program Files\Java\jdk1.8.0_151\bin;C:\WINDOWS\Sun\Java\bin;C:\WINDOWS\system32;C:\WINDOWS;C:/Program Files/Java/jre1.8.0_151/bin/server;C:/Program Files/Java/jre1.8.0_151/bin;C:/Program Files/Java/jre1.8.0_151/lib/amd64;C:\ProgramData\Oracle\Java\javapath;C:\Program Files (x86)\Intel\iCLS Client\;C:\Program Files\Intel\iCLS Client\;C:\Oracle\product\11.1.0\client_1\bin;C:\Program Files\CollabNet\Subversion Client;C:\WINDOWS\system32;C:\WINDOWS;C:\WINDOWS\System32\Wbem;C:\WINDOWS\System32\WindowsPowerShell\v1.0\;C:\Program Files (x86)\Intel\Intel(R) Management Engine Components\DAL;C:\Program Files\Intel\Intel(R) Management Engine Components\DAL;C:\Program Files (x86)\Intel\Intel(R) Management Engine Components\IPT;C:\Program Files\Intel\Intel(R) Management Engine Components\IPT;C:\Program Files\TortoiseSVN\bin;C:\Program Files\PuTTY\;C:\Users\david.hoyos\Documents\Herramientas desarrollo\gradle-4.2.1\bin;C:\Program Files\Git\cmd;C:\Users\david.hoyos\AppData\Local\Microsoft\WindowsApps;;C:\Users\david.hoyos\Documents\Programas\eclipse-jee-oxygen-1a-win32-x86_64\eclipse;;., java.specification.name=Java Platform API Specification, java.class.version=52.0, org.gradle.native=false, sun.management.compiler=HotSpot 64-Bit Tiered Compilers, os.version=10.0, user.home=C:\Users\david.hoyos, user.timezone=America/Bogota, java.awt.printerjob=sun.awt.windows.WPrinterJob, file.encoding=windows-1252, java.specification.version=1.8, java.class.path=C:\Users\david.hoyos\eclipse-workspace\Proyectoparqueadero\build\classes\java\test;C:\Users\david.hoyos\eclipse-workspace\Proyectoparqueadero\build\resources\test;C:\Users\david.hoyos\eclipse-workspace\Proyectoparqueadero\build\classes\java\main;C:\Users\david.hoyos\eclipse-workspace\Proyectoparqueadero\build\resources\main;C:\Users\david.hoyos\Documents\Herramientas desarrollo\gradle-4.2.1\caches\modules-2\files-2.1\org.springframework.boot\spring-boot-starter-data-jpa\2.0.0.M5\7a51c922581611b15f767cd17e14f4f9db60399b\spring-boot-starter-data-jpa-2.0.0.M5.jar;C:\Users\david.hoyos\Documents\Herramientas desarrollo\gradle-4.2.1\caches\modules-2\files-2.1\org.springframework.boot\spring-boot-starter-jdbc\2.0.0.M5\83d7f9f97d4e5501d3d5ce0c42501cebabf6bb5c\spring-boot-starter-jdbc-2.0.0.M5.jar;C:\Users\david.hoyos\Documents\Herramientas desarrollo\gradle-4.2.1\caches\modules-2\files-2.1\org.springframework.boot\spring-boot-starter-web\2.0.0.M5\24eae1fdad773e958d9bab5beb332ecf3fd21d04\spring-boot-starter-web-2.0.0.M5.jar;C:\Users\david.hoyos\Documents\Herramientas desarrollo\gradle-4.2.1\caches\modules-2\files-2.1\com.h2database\h2\1.4.196\dd0034398d593aa3588c6773faac429bbd9aea0e\h2-1.4.196.jar;C:\Users\david.hoyos\Documents\Herramientas desarrollo\gradle-4.2.1\caches\modules-2\files-2.1\org.springframework.boot\spring-boot-starter-test\2.0.0.M5\99cf8b580f1b164faec0ec45d465fd1a8e4c2904\spring-boot-starter-test-2.0.0.M5.jar;C:\Users\david.hoyos\Documents\Herramientas desarrollo\gradle-4.2.1\caches\modules-2\files-2.1\org.mockito\mockito-core\2.10.0\871efe6f2607d8c93dd25b8c1fa09851d4286dd6\mockito-core-2.10.0.jar;C:\Users\david.hoyos\Documents\Herramientas desarrollo\gradle-4.2.1\caches\modules-2\files-2.1\junit\junit\4.12\2973d150c0dc1fefe998f834810d68f278ea58ec\junit-4.12.jar;C:\Users\david.hoyos\Documents\Herramientas desarrollo\gradle-4.2.1\caches\modules-2\files-2.1\org.springframework.boot\spring-boot-starter-aop\2.0.0.M5\1c71fd43cc812cf72b15f2d216ef9a0bea4e8584\spring-boot-starter-aop-2.0.0.M5.jar;C:\Users\david.hoyos\Documents\Herramientas desarrollo\gradle-4.2.1\caches\modules-2\files-2.1\org.springframework.boot\spring-boot-starter-json\2.0.0.M5\b9a48a0ea21bce60a71011f85e4494b70e0f1f03\spring-boot-starter-json-2.0.0.M5.jar;C:\Users\david.hoyos\Documents\Herramientas desarrollo\gradle-4.2.1\caches\modules-2\files-2.1\org.springframework.boot\spring-boot-starter\2.0.0.M5\43635ad065765d9e9bfdbf7009d8961e1d852a4c\spring-boot-starter-2.0.0.M5.jar;C:\Users\david.hoyos\Documents\Herramientas desarrollo\gradle-4.2.1\caches\modules-2\files-2.1\org.hibernate\hibernate-core\5.2.11.Final\c7bc35a9caccb66f6b7209849c5feab8241abb76\hibernate-core-5.2.11.Final.jar;C:\Users\david.hoyos\Documents\Herramientas desarrollo\gradle-4.2.1\caches\modules-2\files-2.1\javax.transaction\javax.transaction-api\1.2\d81aff979d603edd90dcd8db2abc1f4ce6479e3e\javax.transaction-api-1.2.jar;C:\Users\david.hoyos\Documents\Herramientas desarrollo\gradle-4.2.1\caches\modules-2\files-2.1\org.springframework.data\spring-data-jpa\2.0.0.RELEASE\37298e64c40bfd4b51335df41afa8a5e509ba5de\spring-data-jpa-2.0.0.RELEASE.jar;C:\Users\david.hoyos\Documents\Herramientas desarrollo\gradle-4.2.1\caches\modules-2\files-2.1\org.springframework\spring-aspects\5.0.0.RELEASE\bf63871e3c0fc83d550c7f54c67a376a1b896180\spring-aspects-5.0.0.RELEASE.jar;C:\Users\david.hoyos\Documents\Herramientas desarrollo\gradle-4.2.1\caches\modules-2\files-2.1\com.zaxxer\HikariCP\2.7.2\8eadf835d2f74c30b75ffcb2693bb6853b85cf1e\HikariCP-2.7.2.jar;C:\Users\david.hoyos\Documents\Herramientas desarrollo\gradle-4.2.1\caches\modules-2\files-2.1\org.springframework\spring-orm\5.0.0.RELEASE\3b129d4a305f0fba7c4e9210b6dd3e6cb6e9f6c4\spring-orm-5.0.0.RELEASE.jar;C:\Users\david.hoyos\Documents\Herramientas desarrollo\gradle-4.2.1\caches\modules-2\files-2.1\org.springframework\spring-jdbc\5.0.0.RELEASE\e6c73a4dd93956fcfd59887c64f0989f3fd004b5\spring-jdbc-5.0.0.RELEASE.jar;C:\Users\david.hoyos\Documents\Herramientas desarrollo\gradle-4.2.1\caches\modules-2\files-2.1\org.springframework.boot\spring-boot-starter-tomcat\2.0.0.M5\39709bc8ea0727e498877c1d1e7bcb7c3eb037f6\spring-boot-starter-tomcat-2.0.0.M5.jar;C:\Users\david.hoyos\Documents\Herramientas desarrollo\gradle-4.2.1\caches\modules-2\files-2.1\org.hibernate.validator\hibernate-validator\6.0.2.Final\41c0d6a3ce1298b09a9ddb944bd251c8d1345b5c\hibernate-validator-6.0.2.Final.jar;C:\Users\david.hoyos\Documents\Herramientas desarrollo\gradle-4.2.1\caches\modules-2\files-2.1\org.springframework\spring-webmvc\5.0.0.RELEASE\7efad8565e5e609d1ff301043b8ea31080796391\spring-webmvc-5.0.0.RELEASE.jar;C:\Users\david.hoyos\Documents\Herramientas desarrollo\gradle-4.2.1\caches\modules-2\files-2.1\org.springframework\spring-web\5.0.0.RELEASE\f5c2d9d5668534c308a1ca4eda070cd01320af65\spring-web-5.0.0.RELEASE.jar;C:\Users\david.hoyos\Documents\Herramientas desarrollo\gradle-4.2.1\caches\modules-2\files-2.1\org.springframework.boot\spring-boot-test-autoconfigure\2.0.0.M5\7b249ede1134de624ccac65833d8bc9d30bc07ce\spring-boot-test-autoconfigure-2.0.0.M5.jar;C:\Users\david.hoyos\Documents\Herramientas desarrollo\gradle-4.2.1\caches\modules-2\files-2.1\org.springframework.boot\spring-boot-test\2.0.0.M5\2851cc485015f560d11054013fa77b39829c08a\spring-boot-test-2.0.0.M5.jar;C:\Users\david.hoyos\Documents\Herramientas desarrollo\gradle-4.2.1\caches\modules-2\files-2.1\com.jayway.jsonpath\json-path\2.4.0\765a4401ceb2dc8d40553c2075eb80a8fa35c2ae\json-path-2.4.0.jar;C:\Users\david.hoyos\Documents\Herramientas desarrollo\gradle-4.2.1\caches\modules-2\files-2.1\org.assertj\assertj-core\3.8.0\b209d90ff2e279bee3e02547ee7b11349c52d0e3\assertj-core-3.8.0.jar;C:\Users\david.hoyos\Documents\Herramientas desarrollo\gradle-4.2.1\caches\modules-2\files-2.1\org.hamcrest\hamcrest-library\1.3\4785a3c21320980282f9f33d0d1264a69040538f\hamcrest-library-1.3.jar;C:\Users\david.hoyos\Documents\Herramientas desarrollo\gradle-4.2.1\caches\modules-2\files-2.1\org.hamcrest\hamcrest-core\1.3\42a25dc3219429f0e5d060061f71acb49bf010a0\hamcrest-core-1.3.jar;C:\Users\david.hoyos\Documents\Herramientas desarrollo\gradle-4.2.1\caches\modules-2\files-2.1\org.skyscreamer\jsonassert\1.5.0\6c9d5fe2f59da598d9aefc1cfc6528ff3cf32df3\jsonassert-1.5.0.jar;C:\Users\david.hoyos\Documents\Herramientas desarrollo\gradle-4.2.1\caches\modules-2\files-2.1\org.springframework\spring-test\5.0.0.RELEASE\f39db690694a902197866df3c89ac277605b63c4\spring-test-5.0.0.RELEASE.jar;C:\Users\david.hoyos\Documents\Herramientas desarrollo\gradle-4.2.1\caches\modules-2\files-2.1\org.springframework.boot\spring-boot-autoconfigure\2.0.0.M5\975d5afb6a8dee42650842c5821d905657747bbc\spring-boot-autoconfigure-2.0.0.M5.jar;C:\Users\david.hoyos\Documents\Herramientas desarrollo\gradle-4.2.1\caches\modules-2\files-2.1\org.springframework.boot\spring-boot\2.0.0.M5\31de735c7a77fa2961185d48ce66570d74f656ae\spring-boot-2.0.0.M5.jar;C:\Users\david.hoyos\Documents\Herramientas desarrollo\gradle-4.2.1\caches\modules-2\files-2.1\org.springframework\spring-context\5.0.0.RELEASE\bf5165fcd47f582f9addcd2a41424b08ea00d880\spring-context-5.0.0.RELEASE.jar;C:\Users\david.hoyos\Documents\Herramientas desarrollo\gradle-4.2.1\caches\modules-2\files-2.1\org.springframework\spring-aop\5.0.0.RELEASE\717d06b89e32f51f329094f709662f8414c0843f\spring-aop-5.0.0.RELEASE.jar;C:\Users\david.hoyos\Documents\Herramientas desarrollo\gradle-4.2.1\caches\modules-2\files-2.1\org.springframework.data\spring-data-commons\2.0.0.RELEASE\b97dad2d501c2baf49b497733bb19f7a05d52142\spring-data-commons-2.0.0.RELEASE.jar;C:\Users\david.hoyos\Documents\Herramientas desarrollo\gradle-4.2.1\caches\modules-2\files-2.1\org.springframework\spring-tx\5.0.0.RELEASE\359eb5245c54257085b9eb2fc11c68dde3325d7\spring-tx-5.0.0.RELEASE.jar;C:\Users\david.hoyos\Documents\Herramientas desarrollo\gradle-4.2.1\caches\modules-2\files-2.1\org.springframework\spring-beans\5.0.0.RELEASE\6f95f071cfe29a84661648e5445dcb054be0cfa7\spring-beans-5.0.0.RELEASE.jar;C:\Users\david.hoyos\Documents\Herramientas desarrollo\gradle-4.2.1\caches\modules-2\files-2.1\org.springframework\spring-expression\5.0.0.RELEASE\48cdf1b2ea2a510c731e5e08f75299e3cb8e9d68\spring-expression-5.0.0.RELEASE.jar;C:\Users\david.hoyos\Documents\Herramientas desarrollo\gradle-4.2.1\caches\modules-2\files-2.1\org.springframework\spring-core\5.0.0.RELEASE\3a9bb910e8943b5ef59b193a1621daba46456ca9\spring-core-5.0.0.RELEASE.jar;C:\Users\david.hoyos\Documents\Herramientas desarrollo\gradle-4.2.1\caches\modules-2\files-2.1\org.xmlunit\xmlunit-core\2.5.0\7464e446df1051ac5196ffd2c28ee903a1104133\xmlunit-core-2.5.0.jar;C:\Users\david.hoyos\Documents\Herramientas desarrollo\gradle-4.2.1\caches\modules-2\files-2.1\net.bytebuddy\byte-buddy\1.7.6\f79a6ca612ed13038efedbbba1ead83b8d6fe7ec\byte-buddy-1.7.6.jar;C:\Users\david.hoyos\Documents\Herramientas desarrollo\gradle-4.2.1\caches\modules-2\files-2.1\net.bytebuddy\byte-buddy-agent\1.7.6\e863f5ab595f480f42d641f22935437e679d4beb\byte-buddy-agent-1.7.6.jar;C:\Users\david.hoyos\Documents\Herramientas desarrollo\gradle-4.2.1\caches\modules-2\files-2.1\org.objenesis\objenesis\2.6\639033469776fd37c08358c6b92a4761feb2af4b\objenesis-2.6.jar;C:\Users\david.hoyos\Documents\Herramientas desarrollo\gradle-4.2.1\caches\modules-2\files-2.1\org.springframework.boot\spring-boot-starter-logging\2.0.0.M5\ed3e13b588ee8ec5b43b4bbc9f9880a412c4b026\spring-boot-starter-logging-2.0.0.M5.jar;C:\Users\david.hoyos\Documents\Herramientas desarrollo\gradle-4.2.1\caches\modules-2\files-2.1\javax.annotation\javax.annotation-api\1.3.1\20a2c0583598d68b0835474bbe07792d4f3b219f\javax.annotation-api-1.3.1.jar;C:\Users\david.hoyos\Documents\Herramientas desarrollo\gradle-4.2.1\caches\modules-2\files-2.1\org.yaml\snakeyaml\1.18\e4a441249ade301985cb8d009d4e4a72b85bf68e\snakeyaml-1.18.jar;C:\Users\david.hoyos\Documents\Herramientas desarrollo\gradle-4.2.1\caches\modules-2\files-2.1\org.aspectj\aspectjweaver\1.8.11\9807e0e13c8a295f15882721db50fa3d142c44a9\aspectjweaver-1.8.11.jar;C:\Users\david.hoyos\Documents\Herramientas desarrollo\gradle-4.2.1\caches\modules-2\files-2.1\org.hibernate.common\hibernate-commons-annotations\5.0.1.Final\71e1cff3fcb20d3b3af4f3363c3ddb24d33c6879\hibernate-commons-annotations-5.0.1.Final.jar;C:\Users\david.hoyos\Documents\Herramientas desarrollo\gradle-4.2.1\caches\modules-2\files-2.1\org.jboss.logging\jboss-logging\3.3.1.Final\c46217ab74b532568c0ed31dc599db3048bd1b67\jboss-logging-3.3.1.Final.jar;C:\Users\david.hoyos\Documents\Herramientas desarrollo\gradle-4.2.1\caches\modules-2\files-2.1\org.hibernate.javax.persistence\hibernate-jpa-2.1-api\1.0.0.Final\5e731d961297e5a07290bfaf3db1fbc8bbbf405a\hibernate-jpa-2.1-api-1.0.0.Final.jar;C:\Users\david.hoyos\Documents\Herramientas desarrollo\gradle-4.2.1\caches\modules-2\files-2.1\org.javassist\javassist\3.22.0-CR2\44eaf0990dea92f4bca4b9931b2239c0e8756ee7\javassist-3.22.0-CR2.jar;C:\Users\david.hoyos\Documents\Herramientas desarrollo\gradle-4.2.1\caches\modules-2\files-2.1\antlr\antlr\2.7.7\83cd2cd674a217ade95a4bb83a8a14f351f48bd0\antlr-2.7.7.jar;C:\Users\david.hoyos\Documents\Herramientas desarrollo\gradle-4.2.1\caches\modules-2\files-2.1\org.jboss\jandex\2.0.3.Final\bfc4d6257dbff7a33a357f0de116be6ff951d849\jandex-2.0.3.Final.jar;C:\Users\david.hoyos\Documents\Herramientas desarrollo\gradle-4.2.1\caches\modules-2\files-2.1\com.fasterxml\classmate\1.3.4\3d5f48f10bbe4eb7bd862f10c0583be2e0053c6\classmate-1.3.4.jar;C:\Users\david.hoyos\Documents\Herramientas desarrollo\gradle-4.2.1\caches\modules-2\files-2.1\dom4j\dom4j\1.6.1\5d3ccc056b6f056dbf0dddfdf43894b9065a8f94\dom4j-1.6.1.jar;C:\Users\david.hoyos\Documents\Herramientas desarrollo\gradle-4.2.1\caches\modules-2\files-2.1\ch.qos.logback\logback-classic\1.2.3\7c4f3c474fb2c041d8028740440937705ebb473a\logback-classic-1.2.3.jar;C:\Users\david.hoyos\Documents\Herramientas desarrollo\gradle-4.2.1\caches\modules-2\files-2.1\org.slf4j\jul-to-slf4j\1.7.25\af5364cd6679bfffb114f0dec8a157aaa283b76\jul-to-slf4j-1.7.25.jar;C:\Users\david.hoyos\Documents\Herramientas desarrollo\gradle-4.2.1\caches\modules-2\files-2.1\org.slf4j\log4j-over-slf4j\1.7.25\a87bb47468f47ee7aabbd54f93e133d4215769c3\log4j-over-slf4j-1.7.25.jar;C:\Users\david.hoyos\Documents\Herramientas desarrollo\gradle-4.2.1\caches\modules-2\files-2.1\org.slf4j\slf4j-api\1.7.25\da76ca59f6a57ee3102f8f9bd9cee742973efa8a\slf4j-api-1.7.25.jar;C:\Users\david.hoyos\Documents\Herramientas desarrollo\gradle-4.2.1\caches\modules-2\files-2.1\com.fasterxml.jackson.datatype\jackson-datatype-jdk8\2.9.1\dc5c9b4349c1c18388aa1ec5a9264e6893b732a8\jackson-datatype-jdk8-2.9.1.jar;C:\Users\david.hoyos\Documents\Herramientas desarrollo\gradle-4.2.1\caches\modules-2\files-2.1\com.fasterxml.jackson.datatype\jackson-datatype-jsr310\2.9.1\dbac0f60c8ea8c6e6cc6a761c0d8f300296fcf3d\jackson-datatype-jsr310-2.9.1.jar;C:\Users\david.hoyos\Documents\Herramientas desarrollo\gradle-4.2.1\caches\modules-2\files-2.1\com.fasterxml.jackson.module\jackson-module-parameter-names\2.9.1\df51ae82d0878f62f7bdcbd47d423e3cde04b3ef\jackson-module-parameter-names-2.9.1.jar;C:\Users\david.hoyos\Documents\Herramientas desarrollo\gradle-4.2.1\caches\modules-2\files-2.1\com.fasterxml.jackson.module\jackson-module-kotlin\2.9.1\cf37d75de23b87a664ea0b497b04fc601a783f2a\jackson-module-kotlin-2.9.1.jar;C:\Users\david.hoyos\Documents\Herramientas desarrollo\gradle-4.2.1\caches\modules-2\files-2.1\com.fasterxml.jackson.core\jackson-databind\2.9.1\716da1830a2043f18882fc036ec26eb32cbe5aff\jackson-databind-2.9.1.jar;C:\Users\david.hoyos\Documents\Herramientas desarrollo\gradle-4.2.1\caches\modules-2\files-2.1\org.apache.tomcat.embed\tomcat-embed-websocket\8.5.23\52f07abcae10dc7e1764304b0877def175c2c833\tomcat-embed-websocket-8.5.23.jar;C:\Users\david.hoyos\Documents\Herramientas desarrollo\gradle-4.2.1\caches\modules-2\files-2.1\org.apache.tomcat.embed\tomcat-embed-core\8.5.23\79261793a47f507890ee08f749b9d81774e4f7f0\tomcat-embed-core-8.5.23.jar;C:\Users\david.hoyos\Documents\Herramientas desarrollo\gradle-4.2.1\caches\modules-2\files-2.1\org.apache.tomcat.embed\tomcat-embed-el\8.5.23\98d979cde444dffa6d434c8377d0123b2dfa614c\tomcat-embed-el-8.5.23.jar;C:\Users\david.hoyos\Documents\Herramientas desarrollo\gradle-4.2.1\caches\modules-2\files-2.1\javax.validation\validation-api\2.0.0.Final\4a7ff48084bd336c4de1f79f027f6f77badf399e\validation-api-2.0.0.Final.jar;C:\Users\david.hoyos\Documents\Herramientas desarrollo\gradle-4.2.1\caches\modules-2\files-2.1\net.minidev\json-smart\2.3\7396407491352ce4fa30de92efb158adb76b5b\json-smart-2.3.jar;C:\Users\david.hoyos\Documents\Herramientas desarrollo\gradle-4.2.1\caches\modules-2\files-2.1\com.vaadin.external.google\android-json\0.0.20131108.vaadin1\fa26d351fe62a6a17f5cda1287c1c6110dec413f\android-json-0.0.20131108.vaadin1.jar;C:\Users\david.hoyos\Documents\Herramientas desarrollo\gradle-4.2.1\caches\modules-2\files-2.1\org.springframework\spring-jcl\5.0.0.RELEASE\ab0a2114cab7b9e04adf79d812c714f3cbf4abf7\spring-jcl-5.0.0.RELEASE.jar;C:\Users\david.hoyos\Documents\Herramientas desarrollo\gradle-4.2.1\caches\modules-2\files-2.1\com.fasterxml.jackson.core\jackson-annotations\2.9.0\7c10d545325e3a6e72e06381afe469fd40eb701\jackson-annotations-2.9.0.jar;C:\Users\david.hoyos\Documents\Herramientas desarrollo\gradle-4.2.1\caches\modules-2\files-2.1\com.fasterxml.jackson.core\jackson-core\2.9.1\60077fe98b11e4e7cf8af9b20609326a166d6ac4\jackson-core-2.9.1.jar;C:\Users\david.hoyos\Documents\Herramientas desarrollo\gradle-4.2.1\caches\modules-2\files-2.1\org.apache.tomcat\tomcat-annotations-api\8.5.23\aaf17df9fe0240e9e9d5375d24d5f177174b73d9\tomcat-annotations-api-8.5.23.jar;C:\Users\david.hoyos\Documents\Herramientas desarrollo\gradle-4.2.1\caches\modules-2\files-2.1\net.minidev\accessors-smart\1.2\c592b500269bfde36096641b01238a8350f8aa31\accessors-smart-1.2.jar;C:\Users\david.hoyos\Documents\Herramientas desarrollo\gradle-4.2.1\caches\modules-2\files-2.1\ch.qos.logback\logback-core\1.2.3\864344400c3d4d92dfeb0a305dc87d953677c03c\logback-core-1.2.3.jar;C:\Users\david.hoyos\Documents\Herramientas desarrollo\gradle-4.2.1\caches\modules-2\files-2.1\org.ow2.asm\asm\5.0.4\da08b8cce7bbf903602a25a3a163ae252435795\asm-5.0.4.jar, user.name=david.hoyos, java.vm.specification.version=1.8, sun.java.command=worker.org.gradle.process.internal.worker.GradleWorkerMain 'Gradle Test Executor 2', java.home=C:\Program Files\Java\jdk1.8.0_151\jre, sun.arch.data.model=64, user.language=en, java.specification.vendor=Oracle Corporation, awt.toolkit=sun.awt.windows.WToolkit, java.vm.info=mixed mode, java.version=1.8.0_151, java.ext.dirs=C:\Program Files\Java\jdk1.8.0_151\jre\lib\ext;C:\WINDOWS\Sun\Java\lib\ext, sun.boot.class.path=C:\Program Files\Java\jdk1.8.0_151\jre\lib\resources.jar;C:\Program Files\Java\jdk1.8.0_151\jre\lib\rt.jar;C:\Program Files\Java\jdk1.8.0_151\jre\lib\sunrsasign.jar;C:\Program Files\Java\jdk1.8.0_151\jre\lib\jsse.jar;C:\Program Files\Java\jdk1.8.0_151\jre\lib\jce.jar;C:\Program Files\Java\jdk1.8.0_151\jre\lib\charsets.jar;C:\Program Files\Java\jdk1.8.0_151\jre\lib\jfr.jar;C:\Program Files\Java\jdk1.8.0_151\jre\classes, java.vendor=Oracle Corporation, org.gradle.test.worker=2, file.separator=\, java.vendor.url.bug=http://bugreport.sun.com/bugreport/, sun.io.unicode.encoding=UnicodeLittle, sun.cpu.endian=little, sun.desktop=windows, sun.cpu.isalist=amd64}}, SystemEnvironmentPropertySource@1748514068 {name='systemEnvironment', properties={USERDOMAIN_ROAMINGPROFILE=CEIBA, LOCALAPPDATA=C:\Users\david.hoyos\AppData\Local, PROCESSOR_LEVEL=6, USERDOMAIN=CEIBA, FPS_BROWSER_APP_PROFILE_STRING=Internet Explorer, LOGONSERVER=\\ARES, SESSIONNAME=Console, ALLUSERSPROFILE=C:\ProgramData, PROCESSOR_ARCHITECTURE=AMD64, PSModulePath=C:\Program Files\WindowsPowerShell\Modules;C:\WINDOWS\system32\WindowsPowerShell\v1.0\Modules, SystemDrive=C:, OneDrive=C:\Users\david.hoyos\OneDrive, APPDATA=C:\Users\david.hoyos\AppData\Roaming, USERNAME=david.hoyos, USERDNSDOMAIN=CEIBA.LOCAL, ProgramFiles(x86)=C:\Program Files (x86), CommonProgramFiles=C:\Program Files\Common Files, Path=C:/Program Files/Java/jre1.8.0_151/bin/server;C:/Program Files/Java/jre1.8.0_151/bin;C:/Program Files/Java/jre1.8.0_151/lib/amd64;C:\ProgramData\Oracle\Java\javapath;C:\Program Files (x86)\Intel\iCLS Client\;C:\Program Files\Intel\iCLS Client\;C:\Oracle\product\11.1.0\client_1\bin;C:\Program Files\CollabNet\Subversion Client;C:\WINDOWS\system32;C:\WINDOWS;C:\WINDOWS\System32\Wbem;C:\WINDOWS\System32\WindowsPowerShell\v1.0\;C:\Program Files (x86)\Intel\Intel(R) Management Engine Components\DAL;C:\Program Files\Intel\Intel(R) Management Engine Components\DAL;C:\Program Files (x86)\Intel\Intel(R) Management Engine Components\IPT;C:\Program Files\Intel\Intel(R) Management Engine Components\IPT;C:\Program Files\TortoiseSVN\bin;C:\Program Files\PuTTY\;C:\Users\david.hoyos\Documents\Herramientas desarrollo\gradle-4.2.1\bin;C:\Program Files\Git\cmd;C:\Users\david.hoyos\AppData\Local\Microsoft\WindowsApps;;C:\Users\david.hoyos\Documents\Programas\eclipse-jee-oxygen-1a-win32-x86_64\eclipse;, FPS_BROWSER_USER_PROFILE_STRING=Default, PATHEXT=.COM;.EXE;.BAT;.CMD;.VBS;.VBE;.JS;.JSE;.WSF;.WSH;.MSC, OS=Windows_NT, COMPUTERNAME=DAVID-HOYOS, PROCESSOR_REVISION=3a09, CommonProgramW6432=C:\Program Files\Common Files, ComSpec=C:\WINDOWS\system32\cmd.exe, ProgramData=C:\ProgramData, ProgramW6432=C:\Program Files, HOMEPATH=\Users\david.hoyos, SystemRoot=C:\WINDOWS, TEMP=C:\Users\DAVID~1.HOY\AppData\Local\Temp, HOMEDRIVE=C:, PROCESSOR_IDENTIFIER=Intel64 Family 6 Model 58 Stepping 9, GenuineIntel, USERPROFILE=C:\Users\david.hoyos, TMP=C:\Users\DAVID~1.HOY\AppData\Local\Temp, CommonProgramFiles(x86)=C:\Program Files (x86)\Common Files, ProgramFiles=C:\Program Files, PUBLIC=C:\Users\Public, NUMBER_OF_PROCESSORS=8, windir=C:\WINDOWS, =::=::\}}]
07:46:59.192 [Test worker] DEBUG org.springframework.test.context.support.TestPropertySourceUtils - Adding inlined properties to environment: {spring.jmx.enabled=false, org.springframework.boot.test.context.SpringBootTestContextBootstrapper=true, server.port=-1}
07:46:59.193 [Test worker] DEBUG org.springframework.core.env.StandardEnvironment - Adding PropertySource 'Inlined Test Properties' with highest search precedence
2017-10-26 07:46:59.470 DEBUG 12192 --- [    Test worker] o.s.c.e.PropertySourcesPropertyResolver  : Could not find key 'logging.register-shutdown-hook' in any property source
2017-10-26 07:46:59.473 DEBUG 12192 --- [    Test worker] .c.l.ClasspathLoggingApplicationListener : Application started with classpath: [file:/C:/Users/david.hoyos/Documents/Herramientas%20desarrollo/gradle-4.2.1/caches/4.2.1/workerMain/gradle-worker.jar, file:/C:/Users/david.hoyos/eclipse-workspace/Proyectoparqueadero/build/tmp/expandedArchives/org.jacoco.agent-0.7.8.jar_ef07480ced9c9090cb299bea8859cf04/jacocoagent.jar, file:/C:/Users/david.hoyos/eclipse-workspace/Proyectoparqueadero/build/classes/java/test/, file:/C:/Users/david.hoyos/eclipse-workspace/Proyectoparqueadero/build/resources/test, file:/C:/Users/david.hoyos/eclipse-workspace/Proyectoparqueadero/build/classes/java/main/, file:/C:/Users/david.hoyos/eclipse-workspace/Proyectoparqueadero/build/resources/main/, file:/C:/Users/david.hoyos/Documents/Herramientas%20desarrollo/gradle-4.2.1/caches/modules-2/files-2.1/org.springframework.boot/spring-boot-starter-data-jpa/2.0.0.M5/7a51c922581611b15f767cd17e14f4f9db60399b/spring-boot-starter-data-jpa-2.0.0.M5.jar, file:/C:/Users/david.hoyos/Documents/Herramientas%20desarrollo/gradle-4.2.1/caches/modules-2/files-2.1/org.springframework.boot/spring-boot-starter-jdbc/2.0.0.M5/83d7f9f97d4e5501d3d5ce0c42501cebabf6bb5c/spring-boot-starter-jdbc-2.0.0.M5.jar, file:/C:/Users/david.hoyos/Documents/Herramientas%20desarrollo/gradle-4.2.1/caches/modules-2/files-2.1/org.springframework.boot/spring-boot-starter-web/2.0.0.M5/24eae1fdad773e958d9bab5beb332ecf3fd21d04/spring-boot-starter-web-2.0.0.M5.jar, file:/C:/Users/david.hoyos/Documents/Herramientas%20desarrollo/gradle-4.2.1/caches/modules-2/files-2.1/com.h2database/h2/1.4.196/dd0034398d593aa3588c6773faac429bbd9aea0e/h2-1.4.196.jar, file:/C:/Users/david.hoyos/Documents/Herramientas%20desarrollo/gradle-4.2.1/caches/modules-2/files-2.1/org.springframework.boot/spring-boot-starter-test/2.0.0.M5/99cf8b580f1b164faec0ec45d465fd1a8e4c2904/spring-boot-starter-test-2.0.0.M5.jar, file:/C:/Users/david.hoyos/Documents/Herramientas%20desarrollo/gradle-4.2.1/caches/modules-2/files-2.1/org.mockito/mockito-core/2.10.0/871efe6f2607d8c93dd25b8c1fa09851d4286dd6/mockito-core-2.10.0.jar, file:/C:/Users/david.hoyos/Documents/Herramientas%20desarrollo/gradle-4.2.1/caches/modules-2/files-2.1/junit/junit/4.12/2973d150c0dc1fefe998f834810d68f278ea58ec/junit-4.12.jar, file:/C:/Users/david.hoyos/Documents/Herramientas%20desarrollo/gradle-4.2.1/caches/modules-2/files-2.1/org.springframework.boot/spring-boot-starter-aop/2.0.0.M5/1c71fd43cc812cf72b15f2d216ef9a0bea4e8584/spring-boot-starter-aop-2.0.0.M5.jar, file:/C:/Users/david.hoyos/Documents/Herramientas%20desarrollo/gradle-4.2.1/caches/modules-2/files-2.1/org.springframework.boot/spring-boot-starter-json/2.0.0.M5/b9a48a0ea21bce60a71011f85e4494b70e0f1f03/spring-boot-starter-json-2.0.0.M5.jar, file:/C:/Users/david.hoyos/Documents/Herramientas%20desarrollo/gradle-4.2.1/caches/modules-2/files-2.1/org.springframework.boot/spring-boot-starter/2.0.0.M5/43635ad065765d9e9bfdbf7009d8961e1d852a4c/spring-boot-starter-2.0.0.M5.jar, file:/C:/Users/david.hoyos/Documents/Herramientas%20desarrollo/gradle-4.2.1/caches/modules-2/files-2.1/org.hibernate/hibernate-core/5.2.11.Final/c7bc35a9caccb66f6b7209849c5feab8241abb76/hibernate-core-5.2.11.Final.jar, file:/C:/Users/david.hoyos/Documents/Herramientas%20desarrollo/gradle-4.2.1/caches/modules-2/files-2.1/javax.transaction/javax.transaction-api/1.2/d81aff979d603edd90dcd8db2abc1f4ce6479e3e/javax.transaction-api-1.2.jar, file:/C:/Users/david.hoyos/Documents/Herramientas%20desarrollo/gradle-4.2.1/caches/modules-2/files-2.1/org.springframework.data/spring-data-jpa/2.0.0.RELEASE/37298e64c40bfd4b51335df41afa8a5e509ba5de/spring-data-jpa-2.0.0.RELEASE.jar, file:/C:/Users/david.hoyos/Documents/Herramientas%20desarrollo/gradle-4.2.1/caches/modules-2/files-2.1/org.springframework/spring-aspects/5.0.0.RELEASE/bf63871e3c0fc83d550c7f54c67a376a1b896180/spring-aspects-5.0.0.RELEASE.jar, file:/C:/Users/david.hoyos/Documents/Herramientas%20desarrollo/gradle-4.2.1/caches/modules-2/files-2.1/com.zaxxer/HikariCP/2.7.2/8eadf835d2f74c30b75ffcb2693bb6853b85cf1e/HikariCP-2.7.2.jar, file:/C:/Users/david.hoyos/Documents/Herramientas%20desarrollo/gradle-4.2.1/caches/modules-2/files-2.1/org.springframework/spring-orm/5.0.0.RELEASE/3b129d4a305f0fba7c4e9210b6dd3e6cb6e9f6c4/spring-orm-5.0.0.RELEASE.jar, file:/C:/Users/david.hoyos/Documents/Herramientas%20desarrollo/gradle-4.2.1/caches/modules-2/files-2.1/org.springframework/spring-jdbc/5.0.0.RELEASE/e6c73a4dd93956fcfd59887c64f0989f3fd004b5/spring-jdbc-5.0.0.RELEASE.jar, file:/C:/Users/david.hoyos/Documents/Herramientas%20desarrollo/gradle-4.2.1/caches/modules-2/files-2.1/org.springframework.boot/spring-boot-starter-tomcat/2.0.0.M5/39709bc8ea0727e498877c1d1e7bcb7c3eb037f6/spring-boot-starter-tomcat-2.0.0.M5.jar, file:/C:/Users/david.hoyos/Documents/Herramientas%20desarrollo/gradle-4.2.1/caches/modules-2/files-2.1/org.hibernate.validator/hibernate-validator/6.0.2.Final/41c0d6a3ce1298b09a9ddb944bd251c8d1345b5c/hibernate-validator-6.0.2.Final.jar, file:/C:/Users/david.hoyos/Documents/Herramientas%20desarrollo/gradle-4.2.1/caches/modules-2/files-2.1/org.springframework/spring-webmvc/5.0.0.RELEASE/7efad8565e5e609d1ff301043b8ea31080796391/spring-webmvc-5.0.0.RELEASE.jar, file:/C:/Users/david.hoyos/Documents/Herramientas%20desarrollo/gradle-4.2.1/caches/modules-2/files-2.1/org.springframework/spring-web/5.0.0.RELEASE/f5c2d9d5668534c308a1ca4eda070cd01320af65/spring-web-5.0.0.RELEASE.jar, file:/C:/Users/david.hoyos/Documents/Herramientas%20desarrollo/gradle-4.2.1/caches/modules-2/files-2.1/org.springframework.boot/spring-boot-test-autoconfigure/2.0.0.M5/7b249ede1134de624ccac65833d8bc9d30bc07ce/spring-boot-test-autoconfigure-2.0.0.M5.jar, file:/C:/Users/david.hoyos/Documents/Herramientas%20desarrollo/gradle-4.2.1/caches/modules-2/files-2.1/org.springframework.boot/spring-boot-test/2.0.0.M5/2851cc485015f560d11054013fa77b39829c08a/spring-boot-test-2.0.0.M5.jar, file:/C:/Users/david.hoyos/Documents/Herramientas%20desarrollo/gradle-4.2.1/caches/modules-2/files-2.1/com.jayway.jsonpath/json-path/2.4.0/765a4401ceb2dc8d40553c2075eb80a8fa35c2ae/json-path-2.4.0.jar, file:/C:/Users/david.hoyos/Documents/Herramientas%20desarrollo/gradle-4.2.1/caches/modules-2/files-2.1/org.assertj/assertj-core/3.8.0/b209d90ff2e279bee3e02547ee7b11349c52d0e3/assertj-core-3.8.0.jar, file:/C:/Users/david.hoyos/Documents/Herramientas%20desarrollo/gradle-4.2.1/caches/modules-2/files-2.1/org.hamcrest/hamcrest-library/1.3/4785a3c21320980282f9f33d0d1264a69040538f/hamcrest-library-1.3.jar, file:/C:/Users/david.hoyos/Documents/Herramientas%20desarrollo/gradle-4.2.1/caches/modules-2/files-2.1/org.hamcrest/hamcrest-core/1.3/42a25dc3219429f0e5d060061f71acb49bf010a0/hamcrest-core-1.3.jar, file:/C:/Users/david.hoyos/Documents/Herramientas%20desarrollo/gradle-4.2.1/caches/modules-2/files-2.1/org.skyscreamer/jsonassert/1.5.0/6c9d5fe2f59da598d9aefc1cfc6528ff3cf32df3/jsonassert-1.5.0.jar, file:/C:/Users/david.hoyos/Documents/Herramientas%20desarrollo/gradle-4.2.1/caches/modules-2/files-2.1/org.springframework/spring-test/5.0.0.RELEASE/f39db690694a902197866df3c89ac277605b63c4/spring-test-5.0.0.RELEASE.jar, file:/C:/Users/david.hoyos/Documents/Herramientas%20desarrollo/gradle-4.2.1/caches/modules-2/files-2.1/org.springframework.boot/spring-boot-autoconfigure/2.0.0.M5/975d5afb6a8dee42650842c5821d905657747bbc/spring-boot-autoconfigure-2.0.0.M5.jar, file:/C:/Users/david.hoyos/Documents/Herramientas%20desarrollo/gradle-4.2.1/caches/modules-2/files-2.1/org.springframework.boot/spring-boot/2.0.0.M5/31de735c7a77fa2961185d48ce66570d74f656ae/spring-boot-2.0.0.M5.jar, file:/C:/Users/david.hoyos/Documents/Herramientas%20desarrollo/gradle-4.2.1/caches/modules-2/files-2.1/org.springframework/spring-context/5.0.0.RELEASE/bf5165fcd47f582f9addcd2a41424b08ea00d880/spring-context-5.0.0.RELEASE.jar, file:/C:/Users/david.hoyos/Documents/Herramientas%20desarrollo/gradle-4.2.1/caches/modules-2/files-2.1/org.springframework/spring-aop/5.0.0.RELEASE/717d06b89e32f51f329094f709662f8414c0843f/spring-aop-5.0.0.RELEASE.jar, file:/C:/Users/david.hoyos/Documents/Herramientas%20desarrollo/gradle-4.2.1/caches/modules-2/files-2.1/org.springframework.data/spring-data-commons/2.0.0.RELEASE/b97dad2d501c2baf49b497733bb19f7a05d52142/spring-data-commons-2.0.0.RELEASE.jar, file:/C:/Users/david.hoyos/Documents/Herramientas%20desarrollo/gradle-4.2.1/caches/modules-2/files-2.1/org.springframework/spring-tx/5.0.0.RELEASE/359eb5245c54257085b9eb2fc11c68dde3325d7/spring-tx-5.0.0.RELEASE.jar, file:/C:/Users/david.hoyos/Documents/Herramientas%20desarrollo/gradle-4.2.1/caches/modules-2/files-2.1/org.springframework/spring-beans/5.0.0.RELEASE/6f95f071cfe29a84661648e5445dcb054be0cfa7/spring-beans-5.0.0.RELEASE.jar, file:/C:/Users/david.hoyos/Documents/Herramientas%20desarrollo/gradle-4.2.1/caches/modules-2/files-2.1/org.springframework/spring-expression/5.0.0.RELEASE/48cdf1b2ea2a510c731e5e08f75299e3cb8e9d68/spring-expression-5.0.0.RELEASE.jar, file:/C:/Users/david.hoyos/Documents/Herramientas%20desarrollo/gradle-4.2.1/caches/modules-2/files-2.1/org.springframework/spring-core/5.0.0.RELEASE/3a9bb910e8943b5ef59b193a1621daba46456ca9/spring-core-5.0.0.RELEASE.jar, file:/C:/Users/david.hoyos/Documents/Herramientas%20desarrollo/gradle-4.2.1/caches/modules-2/files-2.1/org.xmlunit/xmlunit-core/2.5.0/7464e446df1051ac5196ffd2c28ee903a1104133/xmlunit-core-2.5.0.jar, file:/C:/Users/david.hoyos/Documents/Herramientas%20desarrollo/gradle-4.2.1/caches/modules-2/files-2.1/net.bytebuddy/byte-buddy/1.7.6/f79a6ca612ed13038efedbbba1ead83b8d6fe7ec/byte-buddy-1.7.6.jar, file:/C:/Users/david.hoyos/Documents/Herramientas%20desarrollo/gradle-4.2.1/caches/modules-2/files-2.1/net.bytebuddy/byte-buddy-agent/1.7.6/e863f5ab595f480f42d641f22935437e679d4beb/byte-buddy-agent-1.7.6.jar, file:/C:/Users/david.hoyos/Documents/Herramientas%20desarrollo/gradle-4.2.1/caches/modules-2/files-2.1/org.objenesis/objenesis/2.6/639033469776fd37c08358c6b92a4761feb2af4b/objenesis-2.6.jar, file:/C:/Users/david.hoyos/Documents/Herramientas%20desarrollo/gradle-4.2.1/caches/modules-2/files-2.1/org.springframework.boot/spring-boot-starter-logging/2.0.0.M5/ed3e13b588ee8ec5b43b4bbc9f9880a412c4b026/spring-boot-starter-logging-2.0.0.M5.jar, file:/C:/Users/david.hoyos/Documents/Herramientas%20desarrollo/gradle-4.2.1/caches/modules-2/files-2.1/javax.annotation/javax.annotation-api/1.3.1/20a2c0583598d68b0835474bbe07792d4f3b219f/javax.annotation-api-1.3.1.jar, file:/C:/Users/david.hoyos/Documents/Herramientas%20desarrollo/gradle-4.2.1/caches/modules-2/files-2.1/org.yaml/snakeyaml/1.18/e4a441249ade301985cb8d009d4e4a72b85bf68e/snakeyaml-1.18.jar, file:/C:/Users/david.hoyos/Documents/Herramientas%20desarrollo/gradle-4.2.1/caches/modules-2/files-2.1/org.aspectj/aspectjweaver/1.8.11/9807e0e13c8a295f15882721db50fa3d142c44a9/aspectjweaver-1.8.11.jar, file:/C:/Users/david.hoyos/Documents/Herramientas%20desarrollo/gradle-4.2.1/caches/modules-2/files-2.1/org.hibernate.common/hibernate-commons-annotations/5.0.1.Final/71e1cff3fcb20d3b3af4f3363c3ddb24d33c6879/hibernate-commons-annotations-5.0.1.Final.jar, file:/C:/Users/david.hoyos/Documents/Herramientas%20desarrollo/gradle-4.2.1/caches/modules-2/files-2.1/org.jboss.logging/jboss-logging/3.3.1.Final/c46217ab74b532568c0ed31dc599db3048bd1b67/jboss-logging-3.3.1.Final.jar, file:/C:/Users/david.hoyos/Documents/Herramientas%20desarrollo/gradle-4.2.1/caches/modules-2/files-2.1/org.hibernate.javax.persistence/hibernate-jpa-2.1-api/1.0.0.Final/5e731d961297e5a07290bfaf3db1fbc8bbbf405a/hibernate-jpa-2.1-api-1.0.0.Final.jar, file:/C:/Users/david.hoyos/Documents/Herramientas%20desarrollo/gradle-4.2.1/caches/modules-2/files-2.1/org.javassist/javassist/3.22.0-CR2/44eaf0990dea92f4bca4b9931b2239c0e8756ee7/javassist-3.22.0-CR2.jar, file:/C:/Users/david.hoyos/Documents/Herramientas%20desarrollo/gradle-4.2.1/caches/modules-2/files-2.1/antlr/antlr/2.7.7/83cd2cd674a217ade95a4bb83a8a14f351f48bd0/antlr-2.7.7.jar, file:/C:/Users/david.hoyos/Documents/Herramientas%20desarrollo/gradle-4.2.1/caches/modules-2/files-2.1/org.jboss/jandex/2.0.3.Final/bfc4d6257dbff7a33a357f0de116be6ff951d849/jandex-2.0.3.Final.jar, file:/C:/Users/david.hoyos/Documents/Herramientas%20desarrollo/gradle-4.2.1/caches/modules-2/files-2.1/com.fasterxml/classmate/1.3.4/3d5f48f10bbe4eb7bd862f10c0583be2e0053c6/classmate-1.3.4.jar, file:/C:/Users/david.hoyos/Documents/Herramientas%20desarrollo/gradle-4.2.1/caches/modules-2/files-2.1/dom4j/dom4j/1.6.1/5d3ccc056b6f056dbf0dddfdf43894b9065a8f94/dom4j-1.6.1.jar, file:/C:/Users/david.hoyos/Documents/Herramientas%20desarrollo/gradle-4.2.1/caches/modules-2/files-2.1/ch.qos.logback/logback-classic/1.2.3/7c4f3c474fb2c041d8028740440937705ebb473a/logback-classic-1.2.3.jar, file:/C:/Users/david.hoyos/Documents/Herramientas%20desarrollo/gradle-4.2.1/caches/modules-2/files-2.1/org.slf4j/jul-to-slf4j/1.7.25/af5364cd6679bfffb114f0dec8a157aaa283b76/jul-to-slf4j-1.7.25.jar, file:/C:/Users/david.hoyos/Documents/Herramientas%20desarrollo/gradle-4.2.1/caches/modules-2/files-2.1/org.slf4j/log4j-over-slf4j/1.7.25/a87bb47468f47ee7aabbd54f93e133d4215769c3/log4j-over-slf4j-1.7.25.jar, file:/C:/Users/david.hoyos/Documents/Herramientas%20desarrollo/gradle-4.2.1/caches/modules-2/files-2.1/org.slf4j/slf4j-api/1.7.25/da76ca59f6a57ee3102f8f9bd9cee742973efa8a/slf4j-api-1.7.25.jar, file:/C:/Users/david.hoyos/Documents/Herramientas%20desarrollo/gradle-4.2.1/caches/modules-2/files-2.1/com.fasterxml.jackson.datatype/jackson-datatype-jdk8/2.9.1/dc5c9b4349c1c18388aa1ec5a9264e6893b732a8/jackson-datatype-jdk8-2.9.1.jar, file:/C:/Users/david.hoyos/Documents/Herramientas%20desarrollo/gradle-4.2.1/caches/modules-2/files-2.1/com.fasterxml.jackson.datatype/jackson-datatype-jsr310/2.9.1/dbac0f60c8ea8c6e6cc6a761c0d8f300296fcf3d/jackson-datatype-jsr310-2.9.1.jar, file:/C:/Users/david.hoyos/Documents/Herramientas%20desarrollo/gradle-4.2.1/caches/modules-2/files-2.1/com.fasterxml.jackson.module/jackson-module-parameter-names/2.9.1/df51ae82d0878f62f7bdcbd47d423e3cde04b3ef/jackson-module-parameter-names-2.9.1.jar, file:/C:/Users/david.hoyos/Documents/Herramientas%20desarrollo/gradle-4.2.1/caches/modules-2/files-2.1/com.fasterxml.jackson.module/jackson-module-kotlin/2.9.1/cf37d75de23b87a664ea0b497b04fc601a783f2a/jackson-module-kotlin-2.9.1.jar, file:/C:/Users/david.hoyos/Documents/Herramientas%20desarrollo/gradle-4.2.1/caches/modules-2/files-2.1/com.fasterxml.jackson.core/jackson-databind/2.9.1/716da1830a2043f18882fc036ec26eb32cbe5aff/jackson-databind-2.9.1.jar, file:/C:/Users/david.hoyos/Documents/Herramientas%20desarrollo/gradle-4.2.1/caches/modules-2/files-2.1/org.apache.tomcat.embed/tomcat-embed-websocket/8.5.23/52f07abcae10dc7e1764304b0877def175c2c833/tomcat-embed-websocket-8.5.23.jar, file:/C:/Users/david.hoyos/Documents/Herramientas%20desarrollo/gradle-4.2.1/caches/modules-2/files-2.1/org.apache.tomcat.embed/tomcat-embed-core/8.5.23/79261793a47f507890ee08f749b9d81774e4f7f0/tomcat-embed-core-8.5.23.jar, file:/C:/Users/david.hoyos/Documents/Herramientas%20desarrollo/gradle-4.2.1/caches/modules-2/files-2.1/org.apache.tomcat.embed/tomcat-embed-el/8.5.23/98d979cde444dffa6d434c8377d0123b2dfa614c/tomcat-embed-el-8.5.23.jar, file:/C:/Users/david.hoyos/Documents/Herramientas%20desarrollo/gradle-4.2.1/caches/modules-2/files-2.1/javax.validation/validation-api/2.0.0.Final/4a7ff48084bd336c4de1f79f027f6f77badf399e/validation-api-2.0.0.Final.jar, file:/C:/Users/david.hoyos/Documents/Herramientas%20desarrollo/gradle-4.2.1/caches/modules-2/files-2.1/net.minidev/json-smart/2.3/7396407491352ce4fa30de92efb158adb76b5b/json-smart-2.3.jar, file:/C:/Users/david.hoyos/Documents/Herramientas%20desarrollo/gradle-4.2.1/caches/modules-2/files-2.1/com.vaadin.external.google/android-json/0.0.20131108.vaadin1/fa26d351fe62a6a17f5cda1287c1c6110dec413f/android-json-0.0.20131108.vaadin1.jar, file:/C:/Users/david.hoyos/Documents/Herramientas%20desarrollo/gradle-4.2.1/caches/modules-2/files-2.1/org.springframework/spring-jcl/5.0.0.RELEASE/ab0a2114cab7b9e04adf79d812c714f3cbf4abf7/spring-jcl-5.0.0.RELEASE.jar, file:/C:/Users/david.hoyos/Documents/Herramientas%20desarrollo/gradle-4.2.1/caches/modules-2/files-2.1/com.fasterxml.jackson.core/jackson-annotations/2.9.0/7c10d545325e3a6e72e06381afe469fd40eb701/jackson-annotations-2.9.0.jar, file:/C:/Users/david.hoyos/Documents/Herramientas%20desarrollo/gradle-4.2.1/caches/modules-2/files-2.1/com.fasterxml.jackson.core/jackson-core/2.9.1/60077fe98b11e4e7cf8af9b20609326a166d6ac4/jackson-core-2.9.1.jar, file:/C:/Users/david.hoyos/Documents/Herramientas%20desarrollo/gradle-4.2.1/caches/modules-2/files-2.1/org.apache.tomcat/tomcat-annotations-api/8.5.23/aaf17df9fe0240e9e9d5375d24d5f177174b73d9/tomcat-annotations-api-8.5.23.jar, file:/C:/Users/david.hoyos/Documents/Herramientas%20desarrollo/gradle-4.2.1/caches/modules-2/files-2.1/net.minidev/accessors-smart/1.2/c592b500269bfde36096641b01238a8350f8aa31/accessors-smart-1.2.jar, file:/C:/Users/david.hoyos/Documents/Herramientas%20desarrollo/gradle-4.2.1/caches/modules-2/files-2.1/ch.qos.logback/logback-core/1.2.3/864344400c3d4d92dfeb0a305dc87d953677c03c/logback-core-1.2.3.jar, file:/C:/Users/david.hoyos/Documents/Herramientas%20desarrollo/gradle-4.2.1/caches/modules-2/files-2.1/org.ow2.asm/asm/5.0.4/da08b8cce7bbf903602a25a3a163ae252435795/asm-5.0.4.jar]
2017-10-26 07:46:59.475 DEBUG 12192 --- [    Test worker] o.s.c.e.PropertySourcesPropertyResolver  : Could not find key 'context.listener.classes' in any property source
2017-10-26 07:46:59.482 DEBUG 12192 --- [    Test worker] o.s.core.env.StandardEnvironment         : Adding PropertySource 'configurationProperties' with highest search precedence
2017-10-26 07:46:59.485 DEBUG 12192 --- [    Test worker] o.s.c.e.PropertySourcesPropertyResolver  : Could not find key 'spring.beaninfo.ignore' in any property source
2017-10-26 07:46:59.495 DEBUG 12192 --- [    Test worker] o.s.c.e.PropertySourcesPropertyResolver  : Could not find key 'banner.image.location' in any property source
2017-10-26 07:46:59.498 DEBUG 12192 --- [    Test worker] o.s.c.e.PropertySourcesPropertyResolver  : Could not find key 'banner.location' in any property source

  .   ____          _            __ _ _
 /\\ / ___'_ __ _ _(_)_ __  __ _ \ \ \ \
( ( )\___ | '_ | '_| | '_ \/ _` | \ \ \ \
 \\/  ___)| |_)| | | | | || (_| |  ) ) ) )
  '  |____| .__|_| |_|_| |_\__, | / / / /
 =========|_|==============|___/=/_/_/_/
 :: Spring Boot ::             (v2.0.0.M5)

2017-10-26 07:46:59.596 DEBUG 12192 --- [    Test worker] o.s.c.e.PropertySourcesPropertyResolver  : Could not find key 'context.initializer.classes' in any property source
2017-10-26 07:46:59.597 DEBUG 12192 --- [    Test worker] o.s.c.e.PropertySourcesPropertyResolver  : Could not find key 'spring.config.name:application' in any property source
2017-10-26 07:46:59.597 DEBUG 12192 --- [    Test worker] o.s.c.e.PropertySourcesPropertyResolver  : Could not find key 'spring.config.name' in any property source
2017-10-26 07:46:59.598 DEBUG 12192 --- [    Test worker] o.s.c.e.PropertySourcesPropertyResolver  : Could not find key 'vcap.application.name:application' in any property source
2017-10-26 07:46:59.598 DEBUG 12192 --- [    Test worker] o.s.c.e.PropertySourcesPropertyResolver  : Could not find key 'vcap.application.name' in any property source
2017-10-26 07:46:59.598 DEBUG 12192 --- [    Test worker] o.s.c.e.PropertySourcesPropertyResolver  : Could not find key 'spring.application.name:application' in any property source
2017-10-26 07:46:59.599 DEBUG 12192 --- [    Test worker] o.s.c.e.PropertySourcesPropertyResolver  : Could not find key 'spring.application.name' in any property source
2017-10-26 07:46:59.600 DEBUG 12192 --- [    Test worker] o.s.c.e.PropertySourcesPropertyResolver  : Could not find key 'PORT:null' in any property source
2017-10-26 07:46:59.600 DEBUG 12192 --- [    Test worker] o.s.c.e.PropertySourcesPropertyResolver  : Could not find key 'PORT' in any property source
2017-10-26 07:46:59.600 DEBUG 12192 --- [    Test worker] o.s.c.e.PropertySourcesPropertyResolver  : Could not find key 'server.port:null' in any property source
2017-10-26 07:46:59.601 DEBUG 12192 --- [    Test worker] o.s.c.e.PropertySourcesPropertyResolver  : Found key 'server.port' in PropertySource 'configurationProperties' with value of type String
2017-10-26 07:46:59.601 DEBUG 12192 --- [    Test worker] o.s.c.e.PropertySourcesPropertyResolver  : Could not find key 'spring.application.index:-1' in any property source
2017-10-26 07:46:59.601 DEBUG 12192 --- [    Test worker] o.s.c.e.PropertySourcesPropertyResolver  : Could not find key 'spring.application.index' in any property source
2017-10-26 07:46:59.602 DEBUG 12192 --- [    Test worker] o.s.c.e.PropertySourcesPropertyResolver  : Could not find key 'vcap.application.instance_index:-1' in any property source
2017-10-26 07:46:59.602 DEBUG 12192 --- [    Test worker] o.s.c.e.PropertySourcesPropertyResolver  : Could not find key 'vcap.application.instance_index' in any property source
2017-10-26 07:46:59.602 DEBUG 12192 --- [    Test worker] o.s.c.e.PropertySourcesPropertyResolver  : Could not find key 'spring.profiles.active' in any property source
2017-10-26 07:46:59.626 DEBUG 12192 --- [    Test worker] o.s.b.f.s.DefaultListableBeanFactory     : Returning cached instance of singleton bean 'autoConfigurationReport'
2017-10-26 07:46:59.638  INFO 12192 --- [    Test worker] .c.P.ProyectoparqueaderoApplicationTests : Starting ProyectoparqueaderoApplicationTests on DAVID-HOYOS with PID 12192 (started by david.hoyos in C:\Users\david.hoyos\eclipse-workspace\Proyectoparqueadero)
2017-10-26 07:46:59.639 DEBUG 12192 --- [    Test worker] o.s.c.e.PropertySourcesPropertyResolver  : Could not find key 'spring.profiles.active' in any property source
2017-10-26 07:46:59.639 DEBUG 12192 --- [    Test worker] o.s.c.e.PropertySourcesPropertyResolver  : Could not find key 'spring.profiles.default' in any property source
2017-10-26 07:46:59.640  INFO 12192 --- [    Test worker] .c.P.ProyectoparqueaderoApplicationTests : No active profile set, falling back to default profiles: default
2017-10-26 07:46:59.640 DEBUG 12192 --- [    Test worker] o.s.boot.SpringApplication               : Loading source class com.ceiba.Proyectoparqueadero.ProyectoparqueaderoApplication
2017-10-26 07:46:59.702 DEBUG 12192 --- [    Test worker] o.s.c.a.ClassPathBeanDefinitionScanner   : JSR-250 'javax.annotation.ManagedBean' found and supported for component scanning
2017-10-26 07:46:59.732 DEBUG 12192 --- [    Test worker] o.s.b.c.c.ConfigFileApplicationListener  : Loaded config file 'file:/C:/Users/david.hoyos/eclipse-workspace/Proyectoparqueadero/build/resources/main/application.properties' (classpath:/application.properties)
2017-10-26 07:46:59.736  INFO 12192 --- [    Test worker] o.s.w.c.s.GenericWebApplicationContext   : Refreshing org.springframework.web.context.support.GenericWebApplicationContext@739e2a40: startup date [Thu Oct 26 07:46:59 COT 2017]; root of context hierarchy
2017-10-26 07:46:59.737 DEBUG 12192 --- [    Test worker] o.s.w.c.s.GenericWebApplicationContext   : Bean factory for org.springframework.web.context.support.GenericWebApplicationContext@739e2a40: org.springframework.beans.factory.support.DefaultListableBeanFactory@62ed0406: defining beans [org.springframework.boot.test.mock.mockito.MockitoPostProcessor$SpyPostProcessor,org.springframework.boot.test.mock.mockito.MockitoPostProcessor,org.springframework.context.annotation.internalConfigurationAnnotationProcessor,org.springframework.context.annotation.internalAutowiredAnnotationProcessor,org.springframework.context.annotation.internalRequiredAnnotationProcessor,org.springframework.context.annotation.internalCommonAnnotationProcessor,org.springframework.context.annotation.internalPersistenceAnnotationProcessor,org.springframework.context.event.internalEventListenerProcessor,org.springframework.context.event.internalEventListenerFactory,proyectoparqueaderoApplication]; root of factory hierarchy
2017-10-26 07:46:59.758 DEBUG 12192 --- [    Test worker] o.s.b.f.s.DefaultListableBeanFactory     : Registering scope 'request' with implementation [org.springframework.web.context.request.RequestScope@440aca]
2017-10-26 07:46:59.759 DEBUG 12192 --- [    Test worker] o.s.b.f.s.DefaultListableBeanFactory     : Registering scope 'session' with implementation [org.springframework.web.context.request.SessionScope@62df8c38]
2017-10-26 07:46:59.760 DEBUG 12192 --- [    Test worker] o.s.b.f.s.DefaultListableBeanFactory     : Registering scope 'application' with implementation [org.springframework.web.context.support.ServletContextScope@43d4e0fd]
2017-10-26 07:46:59.771 DEBUG 12192 --- [    Test worker] o.s.b.f.s.DefaultListableBeanFactory     : Creating shared instance of singleton bean 'org.springframework.context.annotation.internalConfigurationAnnotationProcessor'
2017-10-26 07:46:59.771 DEBUG 12192 --- [    Test worker] o.s.b.f.s.DefaultListableBeanFactory     : Creating instance of bean 'org.springframework.context.annotation.internalConfigurationAnnotationProcessor'
2017-10-26 07:46:59.823 DEBUG 12192 --- [    Test worker] o.s.b.f.s.DefaultListableBeanFactory     : Eagerly caching bean 'org.springframework.context.annotation.internalConfigurationAnnotationProcessor' to allow for resolving potential circular references
2017-10-26 07:46:59.844 DEBUG 12192 --- [    Test worker] o.s.b.f.s.DefaultListableBeanFactory     : Creating shared instance of singleton bean 'org.springframework.boot.autoconfigure.internalCachingMetadataReaderFactory'
2017-10-26 07:46:59.844 DEBUG 12192 --- [    Test worker] o.s.b.f.s.DefaultListableBeanFactory     : Creating instance of bean 'org.springframework.boot.autoconfigure.internalCachingMetadataReaderFactory'
2017-10-26 07:46:59.845 DEBUG 12192 --- [    Test worker] o.s.b.f.s.DefaultListableBeanFactory     : Eagerly caching bean 'org.springframework.boot.autoconfigure.internalCachingMetadataReaderFactory' to allow for resolving potential circular references
2017-10-26 07:46:59.848 DEBUG 12192 --- [    Test worker] o.s.b.f.s.DefaultListableBeanFactory     : Finished creating instance of bean 'org.springframework.boot.autoconfigure.internalCachingMetadataReaderFactory'
2017-10-26 07:46:59.870 DEBUG 12192 --- [    Test worker] o.s.b.f.s.DefaultListableBeanFactory     : Finished creating instance of bean 'org.springframework.context.annotation.internalConfigurationAnnotationProcessor'
2017-10-26 07:46:59.907 DEBUG 12192 --- [    Test worker] o.s.c.a.ClassPathBeanDefinitionScanner   : JSR-250 'javax.annotation.ManagedBean' found and supported for component scanning
2017-10-26 07:46:59.911 DEBUG 12192 --- [    Test worker] .i.s.PathMatchingResourcePatternResolver : Resolved classpath location [com/ceiba/Proyectoparqueadero/] to resources [URL [file:/C:/Users/david.hoyos/eclipse-workspace/Proyectoparqueadero/build/classes/java/test/com/ceiba/Proyectoparqueadero/], URL [file:/C:/Users/david.hoyos/eclipse-workspace/Proyectoparqueadero/build/classes/java/main/com/ceiba/Proyectoparqueadero/]]
2017-10-26 07:46:59.912 DEBUG 12192 --- [    Test worker] .i.s.PathMatchingResourcePatternResolver : Looking for matching resources in directory tree [C:\Users\david.hoyos\eclipse-workspace\Proyectoparqueadero\build\classes\java\test\com\ceiba\Proyectoparqueadero]
2017-10-26 07:46:59.913 DEBUG 12192 --- [    Test worker] .i.s.PathMatchingResourcePatternResolver : Searching directory [C:\Users\david.hoyos\eclipse-workspace\Proyectoparqueadero\build\classes\java\test\com\ceiba\Proyectoparqueadero] for files matching pattern [C:/Users/david.hoyos/eclipse-workspace/Proyectoparqueadero/build/classes/java/test/com/ceiba/Proyectoparqueadero/**/*.class]
2017-10-26 07:46:59.914 DEBUG 12192 --- [    Test worker] .i.s.PathMatchingResourcePatternResolver : Looking for matching resources in directory tree [C:\Users\david.hoyos\eclipse-workspace\Proyectoparqueadero\build\classes\java\main\com\ceiba\Proyectoparqueadero]
2017-10-26 07:46:59.914 DEBUG 12192 --- [    Test worker] .i.s.PathMatchingResourcePatternResolver : Searching directory [C:\Users\david.hoyos\eclipse-workspace\Proyectoparqueadero\build\classes\java\main\com\ceiba\Proyectoparqueadero] for files matching pattern [C:/Users/david.hoyos/eclipse-workspace/Proyectoparqueadero/build/classes/java/main/com/ceiba/Proyectoparqueadero/**/*.class]
2017-10-26 07:46:59.915 DEBUG 12192 --- [    Test worker] .i.s.PathMatchingResourcePatternResolver : Resolved location pattern [classpath*:com/ceiba/Proyectoparqueadero/**/*.class] to resources [file [C:\Users\david.hoyos\eclipse-workspace\Proyectoparqueadero\build\classes\java\test\com\ceiba\Proyectoparqueadero\ProyectoparqueaderoApplicationTests.class], file [C:\Users\david.hoyos\eclipse-workspace\Proyectoparqueadero\build\classes\java\main\com\ceiba\Proyectoparqueadero\ProyectoparqueaderoApplication.class]]
2017-10-26 07:46:59.917 DEBUG 12192 --- [    Test worker] o.s.b.f.s.DefaultListableBeanFactory     : Returning cached instance of singleton bean 'org.springframework.boot.test.context.filter.TestTypeExcludeFilter'
2017-10-26 07:46:59.923 DEBUG 12192 --- [    Test worker] o.s.c.a.ClassPathBeanDefinitionScanner   : JSR-250 'javax.annotation.ManagedBean' found and supported for component scanning
2017-10-26 07:46:59.925 DEBUG 12192 --- [    Test worker] .i.s.PathMatchingResourcePatternResolver : Resolved classpath location [com/ceiba/restservice/] to resources [URL [file:/C:/Users/david.hoyos/eclipse-workspace/Proyectoparqueadero/build/classes/java/main/com/ceiba/restservice/]]
2017-10-26 07:46:59.925 DEBUG 12192 --- [    Test worker] .i.s.PathMatchingResourcePatternResolver : Looking for matching resources in directory tree [C:\Users\david.hoyos\eclipse-workspace\Proyectoparqueadero\build\classes\java\main\com\ceiba\restservice]
2017-10-26 07:46:59.925 DEBUG 12192 --- [    Test worker] .i.s.PathMatchingResourcePatternResolver : Searching directory [C:\Users\david.hoyos\eclipse-workspace\Proyectoparqueadero\build\classes\java\main\com\ceiba\restservice] for files matching pattern [C:/Users/david.hoyos/eclipse-workspace/Proyectoparqueadero/build/classes/java/main/com/ceiba/restservice/**/*.class]
2017-10-26 07:46:59.926 DEBUG 12192 --- [    Test worker] .i.s.PathMatchingResourcePatternResolver : Resolved location pattern [classpath*:com/ceiba/restservice/**/*.class] to resources [file [C:\Users\david.hoyos\eclipse-workspace\Proyectoparqueadero\build\classes\java\main\com\ceiba\restservice\vehiculocontroller.class]]
2017-10-26 07:46:59.940 DEBUG 12192 --- [    Test worker] o.s.c.a.ClassPathBeanDefinitionScanner   : Identified candidate component class: file [C:\Users\david.hoyos\eclipse-workspace\Proyectoparqueadero\build\classes\java\main\com\ceiba\restservice\vehiculocontroller.class]
2017-10-26 07:46:59.951 DEBUG 12192 --- [    Test worker] o.s.c.a.ClassPathBeanDefinitionScanner   : JSR-250 'javax.annotation.ManagedBean' found and supported for component scanning
2017-10-26 07:46:59.953 DEBUG 12192 --- [    Test worker] .i.s.PathMatchingResourcePatternResolver : Resolved classpath location [com/ceiba/repositorio/jpa/] to resources [URL [file:/C:/Users/david.hoyos/eclipse-workspace/Proyectoparqueadero/build/classes/java/main/com/ceiba/repositorio/jpa/]]
2017-10-26 07:46:59.953 DEBUG 12192 --- [    Test worker] .i.s.PathMatchingResourcePatternResolver : Looking for matching resources in directory tree [C:\Users\david.hoyos\eclipse-workspace\Proyectoparqueadero\build\classes\java\main\com\ceiba\repositorio\jpa]
2017-10-26 07:46:59.953 DEBUG 12192 --- [    Test worker] .i.s.PathMatchingResourcePatternResolver : Searching directory [C:\Users\david.hoyos\eclipse-workspace\Proyectoparqueadero\build\classes\java\main\com\ceiba\repositorio\jpa] for files matching pattern [C:/Users/david.hoyos/eclipse-workspace/Proyectoparqueadero/build/classes/java/main/com/ceiba/repositorio/jpa/**/*.class]
2017-10-26 07:46:59.954 DEBUG 12192 --- [    Test worker] .i.s.PathMatchingResourcePatternResolver : Resolved location pattern [classpath*:com/ceiba/repositorio/jpa/**/*.class] to resources [file [C:\Users\david.hoyos\eclipse-workspace\Proyectoparqueadero\build\classes\java\main\com\ceiba\repositorio\jpa\configuracionjpa.class], file [C:\Users\david.hoyos\eclipse-workspace\Proyectoparqueadero\build\classes\java\main\com\ceiba\repositorio\jpa\persistenciasistema.class]]
2017-10-26 07:46:59.958 DEBUG 12192 --- [    Test worker] o.s.c.a.ClassPathBeanDefinitionScanner   : Identified candidate component class: file [C:\Users\david.hoyos\eclipse-workspace\Proyectoparqueadero\build\classes\java\main\com\ceiba\repositorio\jpa\persistenciasistema.class]
2017-10-26 07:46:59.964 DEBUG 12192 --- [    Test worker] o.s.c.a.ClassPathBeanDefinitionScanner   : JSR-250 'javax.annotation.ManagedBean' found and supported for component scanning
2017-10-26 07:46:59.966 DEBUG 12192 --- [    Test worker] .i.s.PathMatchingResourcePatternResolver : Resolved classpath location [com/ceiba/dominio/] to resources [URL [file:/C:/Users/david.hoyos/eclipse-workspace/Proyectoparqueadero/build/classes/java/main/com/ceiba/dominio/]]
2017-10-26 07:46:59.966 DEBUG 12192 --- [    Test worker] .i.s.PathMatchingResourcePatternResolver : Looking for matching resources in directory tree [C:\Users\david.hoyos\eclipse-workspace\Proyectoparqueadero\build\classes\java\main\com\ceiba\dominio]
2017-10-26 07:46:59.967 DEBUG 12192 --- [    Test worker] .i.s.PathMatchingResourcePatternResolver : Searching directory [C:\Users\david.hoyos\eclipse-workspace\Proyectoparqueadero\build\classes\java\main\com\ceiba\dominio] for files matching pattern [C:/Users/david.hoyos/eclipse-workspace/Proyectoparqueadero/build/classes/java/main/com/ceiba/dominio/**/*.class]
2017-10-26 07:46:59.968 DEBUG 12192 --- [    Test worker] .i.s.PathMatchingResourcePatternResolver : Resolved location pattern [classpath*:com/ceiba/dominio/**/*.class] to resources [file [C:\Users\david.hoyos\eclipse-workspace\Proyectoparqueadero\build\classes\java\main\com\ceiba\dominio\Detallefactura.class], file [C:\Users\david.hoyos\eclipse-workspace\Proyectoparqueadero\build\classes\java\main\com\ceiba\dominio\factura.class], file [C:\Users\david.hoyos\eclipse-workspace\Proyectoparqueadero\build\classes\java\main\com\ceiba\dominio\Slot.class], file [C:\Users\david.hoyos\eclipse-workspace\Proyectoparqueadero\build\classes\java\main\com\ceiba\dominio\Usuario.class], file [C:\Users\david.hoyos\eclipse-workspace\Proyectoparqueadero\build\classes\java\main\com\ceiba\dominio\vehiculo.class]]
2017-10-26 07:46:59.974 DEBUG 12192 --- [    Test worker] o.s.c.a.ClassPathBeanDefinitionScanner   : JSR-250 'javax.annotation.ManagedBean' found and supported for component scanning
2017-10-26 07:46:59.976 DEBUG 12192 --- [    Test worker] .i.s.PathMatchingResourcePatternResolver : Resolved classpath location [com/ceiba/repositorio/] to resources [URL [file:/C:/Users/david.hoyos/eclipse-workspace/Proyectoparqueadero/build/classes/java/main/com/ceiba/repositorio/]]
2017-10-26 07:46:59.976 DEBUG 12192 --- [    Test worker] .i.s.PathMatchingResourcePatternResolver : Looking for matching resources in directory tree [C:\Users\david.hoyos\eclipse-workspace\Proyectoparqueadero\build\classes\java\main\com\ceiba\repositorio]
2017-10-26 07:46:59.977 DEBUG 12192 --- [    Test worker] .i.s.PathMatchingResourcePatternResolver : Searching directory [C:\Users\david.hoyos\eclipse-workspace\Proyectoparqueadero\build\classes\java\main\com\ceiba\repositorio] for files matching pattern [C:/Users/david.hoyos/eclipse-workspace/Proyectoparqueadero/build/classes/java/main/com/ceiba/repositorio/**/*.class]
2017-10-26 07:46:59.977 DEBUG 12192 --- [    Test worker] .i.s.PathMatchingResourcePatternResolver : Searching directory [C:\Users\david.hoyos\eclipse-workspace\Proyectoparqueadero\build\classes\java\main\com\ceiba\repositorio\jpa] for files matching pattern [C:/Users/david.hoyos/eclipse-workspace/Proyectoparqueadero/build/classes/java/main/com/ceiba/repositorio/**/*.class]
2017-10-26 07:46:59.979 DEBUG 12192 --- [    Test worker] .i.s.PathMatchingResourcePatternResolver : Resolved location pattern [classpath*:com/ceiba/repositorio/**/*.class] to resources [file [C:\Users\david.hoyos\eclipse-workspace\Proyectoparqueadero\build\classes\java\main\com\ceiba\repositorio\jpa\configuracionjpa.class], file [C:\Users\david.hoyos\eclipse-workspace\Proyectoparqueadero\build\classes\java\main\com\ceiba\repositorio\jpa\persistenciasistema.class], file [C:\Users\david.hoyos\eclipse-workspace\Proyectoparqueadero\build\classes\java\main\com\ceiba\repositorio\persistenciafactura.class], file [C:\Users\david.hoyos\eclipse-workspace\Proyectoparqueadero\build\classes\java\main\com\ceiba\repositorio\persistenciausuario.class], file [C:\Users\david.hoyos\eclipse-workspace\Proyectoparqueadero\build\classes\java\main\com\ceiba\repositorio\persistenciaVehiculo.class], file [C:\Users\david.hoyos\eclipse-workspace\Proyectoparqueadero\build\classes\java\main\com\ceiba\repositorio\repositoriofactura.class], file [C:\Users\david.hoyos\eclipse-workspace\Proyectoparqueadero\build\classes\java\main\com\ceiba\repositorio\repositoriousuario.class], file [C:\Users\david.hoyos\eclipse-workspace\Proyectoparqueadero\build\classes\java\main\com\ceiba\repositorio\repositorioVehiculo.class]]
2017-10-26 07:46:59.980 DEBUG 12192 --- [    Test worker] o.s.c.a.ClassPathBeanDefinitionScanner   : Identified candidate component class: file [C:\Users\david.hoyos\eclipse-workspace\Proyectoparqueadero\build\classes\java\main\com\ceiba\repositorio\jpa\persistenciasistema.class]
2017-10-26 07:46:59.985 DEBUG 12192 --- [    Test worker] o.s.c.a.ClassPathBeanDefinitionScanner   : Identified candidate component class: file [C:\Users\david.hoyos\eclipse-workspace\Proyectoparqueadero\build\classes\java\main\com\ceiba\repositorio\persistenciaVehiculo.class]
2017-10-26 07:46:59.991 DEBUG 12192 --- [    Test worker] o.s.c.a.ClassPathBeanDefinitionScanner   : JSR-250 'javax.annotation.ManagedBean' found and supported for component scanning
2017-10-26 07:46:59.993 DEBUG 12192 --- [    Test worker] .i.s.PathMatchingResourcePatternResolver : Resolved classpath location [com/ceiba/servicio/] to resources [URL [file:/C:/Users/david.hoyos/eclipse-workspace/Proyectoparqueadero/build/classes/java/main/com/ceiba/servicio/]]
2017-10-26 07:46:59.993 DEBUG 12192 --- [    Test worker] .i.s.PathMatchingResourcePatternResolver : Looking for matching resources in directory tree [C:\Users\david.hoyos\eclipse-workspace\Proyectoparqueadero\build\classes\java\main\com\ceiba\servicio]
2017-10-26 07:46:59.993 DEBUG 12192 --- [    Test worker] .i.s.PathMatchingResourcePatternResolver : Searching directory [C:\Users\david.hoyos\eclipse-workspace\Proyectoparqueadero\build\classes\java\main\com\ceiba\servicio] for files matching pattern [C:/Users/david.hoyos/eclipse-workspace/Proyectoparqueadero/build/classes/java/main/com/ceiba/servicio/**/*.class]
2017-10-26 07:46:59.995 DEBUG 12192 --- [    Test worker] .i.s.PathMatchingResourcePatternResolver : Resolved location pattern [classpath*:com/ceiba/servicio/**/*.class] to resources [file [C:\Users\david.hoyos\eclipse-workspace\Proyectoparqueadero\build\classes\java\main\com\ceiba\servicio\facturador.class], file [C:\Users\david.hoyos\eclipse-workspace\Proyectoparqueadero\build\classes\java\main\com\ceiba\servicio\servicioControlflujoVehiculo.class], file [C:\Users\david.hoyos\eclipse-workspace\Proyectoparqueadero\build\classes\java\main\com\ceiba\servicio\serviciofactura.class], file [C:\Users\david.hoyos\eclipse-workspace\Proyectoparqueadero\build\classes\java\main\com\ceiba\servicio\servicioparqueo.class], file [C:\Users\david.hoyos\eclipse-workspace\Proyectoparqueadero\build\classes\java\main\com\ceiba\servicio\Valetparking.class], file [C:\Users\david.hoyos\eclipse-workspace\Proyectoparqueadero\build\classes\java\main\com\ceiba\servicio\vigilante.class]]
2017-10-26 07:46:59.998 DEBUG 12192 --- [    Test worker] o.s.c.a.ClassPathBeanDefinitionScanner   : Identified candidate component class: file [C:\Users\david.hoyos\eclipse-workspace\Proyectoparqueadero\build\classes\java\main\com\ceiba\servicio\vigilante.class]
2017-10-26 07:47:00.004 DEBUG 12192 --- [    Test worker] o.s.c.e.PropertySourcesPropertyResolver  : Could not find key 'spring.boot.enableautoconfiguration' in any property source
2017-10-26 07:47:00.017 DEBUG 12192 --- [    Test worker] o.s.b.f.s.DefaultListableBeanFactory     : Returning cached instance of singleton bean 'org.springframework.boot.autoconfigure.internalCachingMetadataReaderFactory'
2017-10-26 07:47:00.036 DEBUG 12192 --- [    Test worker] o.s.b.f.s.DefaultListableBeanFactory     : Returning cached instance of singleton bean 'autoConfigurationReport'
2017-10-26 07:47:00.093 DEBUG 12192 --- [    Test worker] o.s.b.f.s.DefaultListableBeanFactory     : Returning cached instance of singleton bean 'autoConfigurationReport'
2017-10-26 07:47:00.170 DEBUG 12192 --- [    Test worker] o.s.c.e.PropertySourcesPropertyResolver  : Could not find key 'spring.messages.basename' in any property source
2017-10-26 07:47:00.171 DEBUG 12192 --- [    Test worker] .i.s.PathMatchingResourcePatternResolver : Resolved classpath location [messages.properties] to resources []
2017-10-26 07:47:00.172 DEBUG 12192 --- [    Test worker] o.s.b.f.s.DefaultListableBeanFactory     : Returning cached instance of singleton bean 'autoConfigurationReport'
2017-10-26 07:47:00.179 DEBUG 12192 --- [    Test worker] o.s.b.f.s.DefaultListableBeanFactory     : Returning cached instance of singleton bean 'autoConfigurationReport'
2017-10-26 07:47:00.186 DEBUG 12192 --- [    Test worker] o.s.b.f.s.DefaultListableBeanFactory     : Returning cached instance of singleton bean 'autoConfigurationReport'
2017-10-26 07:47:00.200 DEBUG 12192 --- [    Test worker] o.s.b.f.s.DefaultListableBeanFactory     : Returning cached instance of singleton bean 'autoConfigurationReport'
2017-10-26 07:47:00.204 DEBUG 12192 --- [    Test worker] o.s.b.f.s.DefaultListableBeanFactory     : Returning cached instance of singleton bean 'autoConfigurationReport'
2017-10-26 07:47:00.206 DEBUG 12192 --- [    Test worker] o.s.b.f.s.DefaultListableBeanFactory     : Returning cached instance of singleton bean 'autoConfigurationReport'
2017-10-26 07:47:00.207 DEBUG 12192 --- [    Test worker] o.s.b.f.s.DefaultListableBeanFactory     : Returning cached instance of singleton bean 'autoConfigurationReport'
2017-10-26 07:47:00.210 DEBUG 12192 --- [    Test worker] o.s.b.f.s.DefaultListableBeanFactory     : Returning cached instance of singleton bean 'autoConfigurationReport'
2017-10-26 07:47:00.211 DEBUG 12192 --- [    Test worker] o.s.b.f.s.DefaultListableBeanFactory     : Returning cached instance of singleton bean 'autoConfigurationReport'
2017-10-26 07:47:00.212 DEBUG 12192 --- [    Test worker] o.s.b.f.s.DefaultListableBeanFactory     : Returning cached instance of singleton bean 'autoConfigurationReport'
2017-10-26 07:47:00.212 DEBUG 12192 --- [    Test worker] o.s.b.f.s.DefaultListableBeanFactory     : Returning cached instance of singleton bean 'autoConfigurationReport'
2017-10-26 07:47:00.212 DEBUG 12192 --- [    Test worker] o.s.b.f.s.DefaultListableBeanFactory     : Returning cached instance of singleton bean 'autoConfigurationReport'
2017-10-26 07:47:00.212 DEBUG 12192 --- [    Test worker] o.s.b.f.s.DefaultListableBeanFactory     : Returning cached instance of singleton bean 'autoConfigurationReport'
2017-10-26 07:47:00.216 DEBUG 12192 --- [    Test worker] o.s.b.f.s.DefaultListableBeanFactory     : Returning cached instance of singleton bean 'autoConfigurationReport'
2017-10-26 07:47:00.216 DEBUG 12192 --- [    Test worker] o.s.b.f.s.DefaultListableBeanFactory     : Returning cached instance of singleton bean 'autoConfigurationReport'
2017-10-26 07:47:00.219 DEBUG 12192 --- [    Test worker] o.s.b.f.s.DefaultListableBeanFactory     : Returning cached instance of singleton bean 'autoConfigurationReport'
2017-10-26 07:47:00.224 DEBUG 12192 --- [    Test worker] o.s.b.f.s.DefaultListableBeanFactory     : Returning cached instance of singleton bean 'autoConfigurationReport'
2017-10-26 07:47:00.225 DEBUG 12192 --- [    Test worker] o.s.b.f.s.DefaultListableBeanFactory     : Returning cached instance of singleton bean 'autoConfigurationReport'
2017-10-26 07:47:00.231 DEBUG 12192 --- [    Test worker] o.s.b.f.s.DefaultListableBeanFactory     : Returning cached instance of singleton bean 'autoConfigurationReport'
2017-10-26 07:47:00.233 DEBUG 12192 --- [    Test worker] o.s.b.f.s.DefaultListableBeanFactory     : Returning cached instance of singleton bean 'autoConfigurationReport'
2017-10-26 07:47:00.233 DEBUG 12192 --- [    Test worker] o.s.b.f.s.DefaultListableBeanFactory     : Returning cached instance of singleton bean 'autoConfigurationReport'
2017-10-26 07:47:00.246 DEBUG 12192 --- [    Test worker] o.s.b.f.s.DefaultListableBeanFactory     : Returning cached instance of singleton bean 'autoConfigurationReport'
2017-10-26 07:47:00.247 DEBUG 12192 --- [    Test worker] o.s.b.f.s.DefaultListableBeanFactory     : Returning cached instance of singleton bean 'autoConfigurationReport'
2017-10-26 07:47:00.255 DEBUG 12192 --- [    Test worker] o.s.b.f.s.DefaultListableBeanFactory     : Returning cached instance of singleton bean 'autoConfigurationReport'
2017-10-26 07:47:00.262 DEBUG 12192 --- [    Test worker] o.s.b.f.s.DefaultListableBeanFactory     : Returning cached instance of singleton bean 'autoConfigurationReport'
2017-10-26 07:47:00.270 DEBUG 12192 --- [    Test worker] o.s.b.f.s.DefaultListableBeanFactory     : Returning cached instance of singleton bean 'autoConfigurationReport'
2017-10-26 07:47:00.270 DEBUG 12192 --- [    Test worker] o.s.b.f.s.DefaultListableBeanFactory     : Returning cached instance of singleton bean 'autoConfigurationReport'
2017-10-26 07:47:00.274 DEBUG 12192 --- [    Test worker] o.s.b.f.s.DefaultListableBeanFactory     : Returning cached instance of singleton bean 'autoConfigurationReport'
2017-10-26 07:47:00.275 DEBUG 12192 --- [    Test worker] o.s.b.f.s.DefaultListableBeanFactory     : Returning cached instance of singleton bean 'autoConfigurationReport'
2017-10-26 07:47:00.280 DEBUG 12192 --- [    Test worker] o.s.b.f.s.DefaultListableBeanFactory     : Returning cached instance of singleton bean 'autoConfigurationReport'
2017-10-26 07:47:00.282 DEBUG 12192 --- [    Test worker] o.s.b.f.s.DefaultListableBeanFactory     : Returning cached instance of singleton bean 'autoConfigurationReport'
2017-10-26 07:47:00.287 DEBUG 12192 --- [    Test worker] o.s.b.f.s.DefaultListableBeanFactory     : Returning cached instance of singleton bean 'autoConfigurationReport'
2017-10-26 07:47:00.288 DEBUG 12192 --- [    Test worker] o.s.b.f.s.DefaultListableBeanFactory     : Returning cached instance of singleton bean 'autoConfigurationReport'
2017-10-26 07:47:00.295 DEBUG 12192 --- [    Test worker] o.s.b.f.s.DefaultListableBeanFactory     : Returning cached instance of singleton bean 'autoConfigurationReport'
2017-10-26 07:47:00.295 DEBUG 12192 --- [    Test worker] o.s.b.f.s.DefaultListableBeanFactory     : Returning cached instance of singleton bean 'autoConfigurationReport'
2017-10-26 07:47:00.307 DEBUG 12192 --- [    Test worker] o.s.b.f.s.DefaultListableBeanFactory     : Returning cached instance of singleton bean 'autoConfigurationReport'
2017-10-26 07:47:00.316 DEBUG 12192 --- [    Test worker] o.s.c.e.PropertySourcesPropertyResolver  : Could not find key 'spring.template.provider.cache' in any property source
2017-10-26 07:47:00.319 DEBUG 12192 --- [    Test worker] o.s.b.f.s.DefaultListableBeanFactory     : Returning cached instance of singleton bean 'autoConfigurationReport'
2017-10-26 07:47:00.329 DEBUG 12192 --- [    Test worker] o.s.b.f.s.DefaultListableBeanFactory     : Returning cached instance of singleton bean 'autoConfigurationReport'
2017-10-26 07:47:00.329 DEBUG 12192 --- [    Test worker] o.s.b.f.s.DefaultListableBeanFactory     : Returning cached instance of singleton bean 'autoConfigurationReport'
2017-10-26 07:47:00.337 DEBUG 12192 --- [    Test worker] o.s.c.e.PropertySourcesPropertyResolver  : Could not find key 'spring.resources.chain.strategy.fixed.enabled' in any property source
2017-10-26 07:47:00.338 DEBUG 12192 --- [    Test worker] o.s.c.e.PropertySourcesPropertyResolver  : Could not find key 'spring.resources.chain.strategy.content.enabled' in any property source
2017-10-26 07:47:00.338 DEBUG 12192 --- [    Test worker] o.s.c.e.PropertySourcesPropertyResolver  : Could not find key 'spring.resources.chain.enabled' in any property source
2017-10-26 07:47:00.340 DEBUG 12192 --- [    Test worker] o.s.b.f.s.DefaultListableBeanFactory     : Returning cached instance of singleton bean 'autoConfigurationReport'
2017-10-26 07:47:00.354 DEBUG 12192 --- [    Test worker] o.s.b.f.s.DefaultListableBeanFactory     : Returning cached instance of singleton bean 'autoConfigurationReport'
2017-10-26 07:47:00.368 DEBUG 12192 --- [    Test worker] o.s.b.f.s.DefaultListableBeanFactory     : Returning cached instance of singleton bean 'autoConfigurationReport'
2017-10-26 07:47:00.369 DEBUG 12192 --- [    Test worker] o.s.c.e.PropertySourcesPropertyResolver  : Found key 'spring.jmx.enabled' in PropertySource 'configurationProperties' with value of type String
2017-10-26 07:47:00.369 DEBUG 12192 --- [    Test worker] o.s.b.f.s.DefaultListableBeanFactory     : Returning cached instance of singleton bean 'autoConfigurationReport'
2017-10-26 07:47:00.370 DEBUG 12192 --- [    Test worker] o.s.b.f.s.DefaultListableBeanFactory     : Returning cached instance of singleton bean 'autoConfigurationReport'
2017-10-26 07:47:00.370 DEBUG 12192 --- [    Test worker] o.s.b.f.s.DefaultListableBeanFactory     : Returning cached instance of singleton bean 'autoConfigurationReport'
2017-10-26 07:47:00.370 DEBUG 12192 --- [    Test worker] o.s.b.f.s.DefaultListableBeanFactory     : Returning cached instance of singleton bean 'autoConfigurationReport'
2017-10-26 07:47:00.374 DEBUG 12192 --- [    Test worker] o.s.b.f.s.DefaultListableBeanFactory     : Returning cached instance of singleton bean 'autoConfigurationReport'
2017-10-26 07:47:00.378 DEBUG 12192 --- [    Test worker] o.s.b.f.s.DefaultListableBeanFactory     : Returning cached instance of singleton bean 'autoConfigurationReport'
2017-10-26 07:47:00.381 DEBUG 12192 --- [    Test worker] o.s.b.f.s.DefaultListableBeanFactory     : Returning cached instance of singleton bean 'autoConfigurationReport'
2017-10-26 07:47:00.381 DEBUG 12192 --- [    Test worker] o.s.b.f.s.DefaultListableBeanFactory     : Returning cached instance of singleton bean 'autoConfigurationReport'
2017-10-26 07:47:00.382 DEBUG 12192 --- [    Test worker] o.s.b.f.s.DefaultListableBeanFactory     : Returning cached instance of singleton bean 'autoConfigurationReport'
2017-10-26 07:47:00.382 DEBUG 12192 --- [    Test worker] o.s.b.f.s.DefaultListableBeanFactory     : Returning cached instance of singleton bean 'autoConfigurationReport'
2017-10-26 07:47:00.401 DEBUG 12192 --- [    Test worker] o.s.b.f.s.DefaultListableBeanFactory     : Returning cached instance of singleton bean 'autoConfigurationReport'
2017-10-26 07:47:00.405 DEBUG 12192 --- [    Test worker] o.s.b.f.s.DefaultListableBeanFactory     : Returning cached instance of singleton bean 'autoConfigurationReport'
2017-10-26 07:47:00.406 DEBUG 12192 --- [    Test worker] o.s.b.f.s.DefaultListableBeanFactory     : Returning cached instance of singleton bean 'autoConfigurationReport'
2017-10-26 07:47:00.408 DEBUG 12192 --- [    Test worker] o.s.b.f.s.DefaultListableBeanFactory     : Returning cached instance of singleton bean 'autoConfigurationReport'
2017-10-26 07:47:00.409 DEBUG 12192 --- [    Test worker] o.s.b.f.s.DefaultListableBeanFactory     : Returning cached instance of singleton bean 'autoConfigurationReport'
2017-10-26 07:47:00.410 DEBUG 12192 --- [    Test worker] o.s.b.f.s.DefaultListableBeanFactory     : Returning cached instance of singleton bean 'autoConfigurationReport'
2017-10-26 07:47:00.416 DEBUG 12192 --- [    Test worker] o.s.b.f.s.DefaultListableBeanFactory     : Returning cached instance of singleton bean 'autoConfigurationReport'
2017-10-26 07:47:00.434 DEBUG 12192 --- [    Test worker] o.s.b.f.s.DefaultListableBeanFactory     : Returning cached instance of singleton bean 'autoConfigurationReport'
2017-10-26 07:47:00.440 DEBUG 12192 --- [    Test worker] o.s.b.f.s.DefaultListableBeanFactory     : Returning cached instance of singleton bean 'autoConfigurationReport'
2017-10-26 07:47:00.441 DEBUG 12192 --- [    Test worker] o.s.b.f.s.DefaultListableBeanFactory     : Returning cached instance of singleton bean 'autoConfigurationReport'
2017-10-26 07:47:00.443 DEBUG 12192 --- [    Test worker] o.s.b.f.s.DefaultListableBeanFactory     : Returning cached instance of singleton bean 'autoConfigurationReport'
2017-10-26 07:47:00.444 DEBUG 12192 --- [    Test worker] o.s.b.f.s.DefaultListableBeanFactory     : Returning cached instance of singleton bean 'autoConfigurationReport'
2017-10-26 07:47:00.444 DEBUG 12192 --- [    Test worker] o.s.b.f.s.DefaultListableBeanFactory     : Returning cached instance of singleton bean 'autoConfigurationReport'
2017-10-26 07:47:00.445 DEBUG 12192 --- [    Test worker] o.s.b.f.s.DefaultListableBeanFactory     : Returning cached instance of singleton bean 'autoConfigurationReport'
2017-10-26 07:47:00.447 DEBUG 12192 --- [    Test worker] o.s.b.f.s.DefaultListableBeanFactory     : Returning cached instance of singleton bean 'autoConfigurationReport'
2017-10-26 07:47:00.447 DEBUG 12192 --- [    Test worker] o.s.b.f.s.DefaultListableBeanFactory     : Returning cached instance of singleton bean 'autoConfigurationReport'
2017-10-26 07:47:00.447 DEBUG 12192 --- [    Test worker] o.s.c.e.PropertySourcesPropertyResolver  : Found key 'spring.jmx.enabled' in PropertySource 'configurationProperties' with value of type String
2017-10-26 07:47:00.448 DEBUG 12192 --- [    Test worker] o.s.b.f.s.DefaultListableBeanFactory     : Returning cached instance of singleton bean 'autoConfigurationReport'
2017-10-26 07:47:00.451 DEBUG 12192 --- [    Test worker] o.s.b.f.s.DefaultListableBeanFactory     : Returning cached instance of singleton bean 'autoConfigurationReport'
2017-10-26 07:47:00.459 DEBUG 12192 --- [    Test worker] o.s.b.f.s.DefaultListableBeanFactory     : Returning cached instance of singleton bean 'autoConfigurationReport'
2017-10-26 07:47:00.459 DEBUG 12192 --- [    Test worker] o.s.b.f.s.DefaultListableBeanFactory     : Returning cached instance of singleton bean 'autoConfigurationReport'
2017-10-26 07:47:00.461 DEBUG 12192 --- [    Test worker] o.s.b.f.s.DefaultListableBeanFactory     : Returning cached instance of singleton bean 'autoConfigurationReport'
2017-10-26 07:47:00.468 DEBUG 12192 --- [    Test worker] o.s.b.f.s.DefaultListableBeanFactory     : Returning cached instance of singleton bean 'autoConfigurationReport'
2017-10-26 07:47:00.471 DEBUG 12192 --- [    Test worker] o.s.b.f.s.DefaultListableBeanFactory     : Returning cached instance of singleton bean 'autoConfigurationReport'
2017-10-26 07:47:00.499 DEBUG 12192 --- [    Test worker] o.s.b.f.s.DefaultListableBeanFactory     : Returning cached instance of singleton bean 'autoConfigurationReport'
2017-10-26 07:47:00.504 DEBUG 12192 --- [    Test worker] o.s.b.f.s.DefaultListableBeanFactory     : Returning cached instance of singleton bean 'autoConfigurationReport'
2017-10-26 07:47:00.507 DEBUG 12192 --- [    Test worker] o.s.b.f.s.DefaultListableBeanFactory     : Returning cached instance of singleton bean 'autoConfigurationReport'
2017-10-26 07:47:00.508 DEBUG 12192 --- [    Test worker] o.s.b.f.s.DefaultListableBeanFactory     : Returning cached instance of singleton bean 'autoConfigurationReport'
2017-10-26 07:47:00.508 DEBUG 12192 --- [    Test worker] o.s.b.f.s.DefaultListableBeanFactory     : Returning cached instance of singleton bean 'autoConfigurationReport'
2017-10-26 07:47:00.509 DEBUG 12192 --- [    Test worker] o.s.b.f.s.DefaultListableBeanFactory     : Returning cached instance of singleton bean 'autoConfigurationReport'
2017-10-26 07:47:00.516 DEBUG 12192 --- [    Test worker] o.s.b.f.s.DefaultListableBeanFactory     : Returning cached instance of singleton bean 'autoConfigurationReport'
2017-10-26 07:47:00.520 DEBUG 12192 --- [    Test worker] o.s.b.f.s.DefaultListableBeanFactory     : Returning cached instance of singleton bean 'autoConfigurationReport'
2017-10-26 07:47:00.522 DEBUG 12192 --- [    Test worker] o.s.b.f.s.DefaultListableBeanFactory     : Returning cached instance of singleton bean 'autoConfigurationReport'
2017-10-26 07:47:00.526 DEBUG 12192 --- [    Test worker] o.s.b.f.s.DefaultListableBeanFactory     : Returning cached instance of singleton bean 'autoConfigurationReport'
2017-10-26 07:47:00.529 DEBUG 12192 --- [    Test worker] o.s.b.f.s.DefaultListableBeanFactory     : Returning cached instance of singleton bean 'autoConfigurationReport'
2017-10-26 07:47:00.539 DEBUG 12192 --- [    Test worker] o.s.b.f.s.DefaultListableBeanFactory     : Returning cached instance of singleton bean 'autoConfigurationReport'
2017-10-26 07:47:00.548 DEBUG 12192 --- [    Test worker] o.s.b.f.s.DefaultListableBeanFactory     : Returning cached instance of singleton bean 'autoConfigurationReport'
2017-10-26 07:47:00.548 DEBUG 12192 --- [    Test worker] o.s.b.f.s.DefaultListableBeanFactory     : Returning cached instance of singleton bean 'autoConfigurationReport'
2017-10-26 07:47:00.549 DEBUG 12192 --- [    Test worker] o.s.b.f.s.DefaultListableBeanFactory     : Returning cached instance of singleton bean 'autoConfigurationReport'
2017-10-26 07:47:00.557 DEBUG 12192 --- [    Test worker] o.s.b.f.s.DefaultListableBeanFactory     : Returning cached instance of singleton bean 'autoConfigurationReport'
2017-10-26 07:47:00.559 DEBUG 12192 --- [    Test worker] o.s.b.f.s.DefaultListableBeanFactory     : Returning cached instance of singleton bean 'autoConfigurationReport'
2017-10-26 07:47:00.559 DEBUG 12192 --- [    Test worker] o.s.b.f.s.DefaultListableBeanFactory     : Returning cached instance of singleton bean 'autoConfigurationReport'
2017-10-26 07:47:00.568 DEBUG 12192 --- [    Test worker] o.s.b.f.s.DefaultListableBeanFactory     : Returning cached instance of singleton bean 'autoConfigurationReport'
2017-10-26 07:47:00.569 DEBUG 12192 --- [    Test worker] o.s.b.f.s.DefaultListableBeanFactory     : Returning cached instance of singleton bean 'autoConfigurationReport'
2017-10-26 07:47:00.576 DEBUG 12192 --- [    Test worker] o.s.b.f.s.DefaultListableBeanFactory     : Returning cached instance of singleton bean 'autoConfigurationReport'
2017-10-26 07:47:00.577 DEBUG 12192 --- [    Test worker] o.s.b.f.s.DefaultListableBeanFactory     : Returning cached instance of singleton bean 'autoConfigurationReport'
2017-10-26 07:47:00.577 DEBUG 12192 --- [    Test worker] o.s.b.f.s.DefaultListableBeanFactory     : Returning cached instance of singleton bean 'autoConfigurationReport'
2017-10-26 07:47:00.580 DEBUG 12192 --- [    Test worker] o.s.b.f.s.DefaultListableBeanFactory     : Returning cached instance of singleton bean 'autoConfigurationReport'
2017-10-26 07:47:00.580 DEBUG 12192 --- [    Test worker] o.s.b.f.s.DefaultListableBeanFactory     : Returning cached instance of singleton bean 'autoConfigurationReport'
2017-10-26 07:47:00.581 DEBUG 12192 --- [    Test worker] o.s.b.f.s.DefaultListableBeanFactory     : Returning cached instance of singleton bean 'autoConfigurationReport'
2017-10-26 07:47:00.581 DEBUG 12192 --- [    Test worker] o.s.b.f.s.DefaultListableBeanFactory     : Returning cached instance of singleton bean 'autoConfigurationReport'
2017-10-26 07:47:00.597 DEBUG 12192 --- [    Test worker] o.s.b.f.s.DefaultListableBeanFactory     : Returning cached instance of singleton bean 'autoConfigurationReport'
2017-10-26 07:47:00.597 DEBUG 12192 --- [    Test worker] o.s.b.f.s.DefaultListableBeanFactory     : Returning cached instance of singleton bean 'autoConfigurationReport'
2017-10-26 07:47:00.598 DEBUG 12192 --- [    Test worker] o.s.c.e.PropertySourcesPropertyResolver  : Found key 'spring.h2.console.enabled' in PropertySource 'configurationProperties' with value of type String
2017-10-26 07:47:00.598 DEBUG 12192 --- [    Test worker] o.s.b.f.s.DefaultListableBeanFactory     : Returning cached instance of singleton bean 'autoConfigurationReport'
2017-10-26 07:47:00.606 DEBUG 12192 --- [    Test worker] o.s.b.f.s.DefaultListableBeanFactory     : Returning cached instance of singleton bean 'autoConfigurationReport'
2017-10-26 07:47:00.612 DEBUG 12192 --- [    Test worker] o.s.b.f.s.DefaultListableBeanFactory     : Returning cached instance of singleton bean 'autoConfigurationReport'
2017-10-26 07:47:00.613 DEBUG 12192 --- [    Test worker] o.s.b.f.s.DefaultListableBeanFactory     : Returning cached instance of singleton bean 'autoConfigurationReport'
2017-10-26 07:47:00.618 DEBUG 12192 --- [    Test worker] o.s.b.f.s.DefaultListableBeanFactory     : Returning cached instance of singleton bean 'autoConfigurationReport'
2017-10-26 07:47:00.623 DEBUG 12192 --- [    Test worker] o.s.b.f.s.DefaultListableBeanFactory     : Returning cached instance of singleton bean 'autoConfigurationReport'
2017-10-26 07:47:00.635 DEBUG 12192 --- [    Test worker] o.s.b.f.s.DefaultListableBeanFactory     : Returning cached instance of singleton bean 'autoConfigurationReport'
2017-10-26 07:47:00.641 DEBUG 12192 --- [    Test worker] o.s.b.f.s.DefaultListableBeanFactory     : Returning cached instance of singleton bean 'autoConfigurationReport'
2017-10-26 07:47:00.643 DEBUG 12192 --- [    Test worker] o.s.b.f.s.DefaultListableBeanFactory     : Returning cached instance of singleton bean 'autoConfigurationReport'
2017-10-26 07:47:00.643 DEBUG 12192 --- [    Test worker] o.s.b.f.s.DefaultListableBeanFactory     : Returning cached instance of singleton bean 'autoConfigurationReport'
2017-10-26 07:47:00.643 DEBUG 12192 --- [    Test worker] o.s.b.f.s.DefaultListableBeanFactory     : Returning cached instance of singleton bean 'autoConfigurationReport'
2017-10-26 07:47:00.647 DEBUG 12192 --- [    Test worker] o.s.b.f.s.DefaultListableBeanFactory     : Returning cached instance of singleton bean 'autoConfigurationReport'
2017-10-26 07:47:00.647 DEBUG 12192 --- [    Test worker] o.s.b.f.s.DefaultListableBeanFactory     : Returning cached instance of singleton bean 'autoConfigurationReport'
2017-10-26 07:47:00.648 DEBUG 12192 --- [    Test worker] o.s.b.f.s.DefaultListableBeanFactory     : Returning cached instance of singleton bean 'autoConfigurationReport'
2017-10-26 07:47:00.657 DEBUG 12192 --- [    Test worker] a.ConfigurationClassBeanDefinitionReader : Registered bean definition for imported class 'org.springframework.boot.autoconfigure.context.PropertyPlaceholderAutoConfiguration'
2017-10-26 07:47:00.663 DEBUG 12192 --- [    Test worker] o.s.b.f.s.DefaultListableBeanFactory     : Creating shared instance of singleton bean 'org.springframework.boot.autoconfigure.condition.BeanTypeRegistry'
2017-10-26 07:47:00.664 DEBUG 12192 --- [    Test worker] o.s.b.f.s.DefaultListableBeanFactory     : Creating instance of bean 'org.springframework.boot.autoconfigure.condition.BeanTypeRegistry'
2017-10-26 07:47:00.674 DEBUG 12192 --- [    Test worker] o.s.b.f.s.DefaultListableBeanFactory     : Eagerly caching bean 'org.springframework.boot.autoconfigure.condition.BeanTypeRegistry' to allow for resolving potential circular references
2017-10-26 07:47:00.674 DEBUG 12192 --- [    Test worker] o.s.b.f.s.DefaultListableBeanFactory     : Finished creating instance of bean 'org.springframework.boot.autoconfigure.condition.BeanTypeRegistry'
2017-10-26 07:47:00.676 DEBUG 12192 --- [    Test worker] o.s.b.f.s.DefaultListableBeanFactory     : Returning cached instance of singleton bean 'autoConfigurationReport'
2017-10-26 07:47:00.679 DEBUG 12192 --- [    Test worker] a.ConfigurationClassBeanDefinitionReader : Registering bean definition for @Bean method org.springframework.boot.autoconfigure.context.PropertyPlaceholderAutoConfiguration.propertySourcesPlaceholderConfigurer()
2017-10-26 07:47:00.679 DEBUG 12192 --- [    Test worker] o.s.b.f.s.DefaultListableBeanFactory     : Returning cached instance of singleton bean 'autoConfigurationReport'
2017-10-26 07:47:00.679 DEBUG 12192 --- [    Test worker] o.s.b.f.s.DefaultListableBeanFactory     : Returning cached instance of singleton bean 'autoConfigurationReport'
2017-10-26 07:47:00.679 DEBUG 12192 --- [    Test worker] a.ConfigurationClassBeanDefinitionReader : Registered bean definition for imported class 'org.springframework.boot.autoconfigure.jackson.JacksonAutoConfiguration$Jackson2ObjectMapperBuilderCustomizerConfiguration'
2017-10-26 07:47:00.680 DEBUG 12192 --- [    Test worker] a.ConfigurationClassBeanDefinitionReader : Registering bean definition for @Bean method org.springframework.boot.autoconfigure.jackson.JacksonAutoConfiguration$Jackson2ObjectMapperBuilderCustomizerConfiguration.standardJacksonObjectMapperBuilderCustomizer()
2017-10-26 07:47:00.684 DEBUG 12192 --- [    Test worker] o.s.b.f.s.DefaultListableBeanFactory     : Returning cached instance of singleton bean 'autoConfigurationReport'
2017-10-26 07:47:00.685 DEBUG 12192 --- [    Test worker] a.ConfigurationClassBeanDefinitionReader : Registered bean definition for imported class 'org.springframework.boot.autoconfigure.jackson.JacksonAutoConfiguration$JacksonObjectMapperBuilderConfiguration'
2017-10-26 07:47:00.685 DEBUG 12192 --- [    Test worker] o.s.b.f.s.DefaultListableBeanFactory     : Returning cached instance of singleton bean 'org.springframework.boot.autoconfigure.condition.BeanTypeRegistry'
2017-10-26 07:47:00.689 DEBUG 12192 --- [    Test worker] o.s.b.f.s.DefaultListableBeanFactory     : Returning cached instance of singleton bean 'autoConfigurationReport'
2017-10-26 07:47:00.689 DEBUG 12192 --- [    Test worker] a.ConfigurationClassBeanDefinitionReader : Registering bean definition for @Bean method org.springframework.boot.autoconfigure.jackson.JacksonAutoConfiguration$JacksonObjectMapperBuilderConfiguration.jacksonObjectMapperBuilder()
2017-10-26 07:47:00.689 DEBUG 12192 --- [    Test worker] o.s.b.f.s.DefaultListableBeanFactory     : Returning cached instance of singleton bean 'autoConfigurationReport'
2017-10-26 07:47:00.689 DEBUG 12192 --- [    Test worker] a.ConfigurationClassBeanDefinitionReader : Registered bean definition for imported class 'org.springframework.boot.autoconfigure.jackson.JacksonAutoConfiguration$ParameterNamesModuleConfiguration'
2017-10-26 07:47:00.689 DEBUG 12192 --- [    Test worker] o.s.b.f.s.DefaultListableBeanFactory     : Returning cached instance of singleton bean 'org.springframework.boot.autoconfigure.condition.BeanTypeRegistry'
2017-10-26 07:47:00.690 DEBUG 12192 --- [    Test worker] o.s.b.f.s.DefaultListableBeanFactory     : Returning cached instance of singleton bean 'autoConfigurationReport'
2017-10-26 07:47:00.691 DEBUG 12192 --- [    Test worker] a.ConfigurationClassBeanDefinitionReader : Registering bean definition for @Bean method org.springframework.boot.autoconfigure.jackson.JacksonAutoConfiguration$ParameterNamesModuleConfiguration.parameterNamesModule()
2017-10-26 07:47:00.691 DEBUG 12192 --- [    Test worker] o.s.b.f.s.DefaultListableBeanFactory     : Returning cached instance of singleton bean 'autoConfigurationReport'
2017-10-26 07:47:00.691 DEBUG 12192 --- [    Test worker] a.ConfigurationClassBeanDefinitionReader : Registered bean definition for imported class 'org.springframework.boot.autoconfigure.jackson.JacksonAutoConfiguration$JacksonObjectMapperConfiguration'
2017-10-26 07:47:00.691 DEBUG 12192 --- [    Test worker] o.s.b.f.s.DefaultListableBeanFactory     : Returning cached instance of singleton bean 'org.springframework.boot.autoconfigure.condition.BeanTypeRegistry'
2017-10-26 07:47:00.692 DEBUG 12192 --- [    Test worker] o.s.b.f.s.DefaultListableBeanFactory     : Returning cached instance of singleton bean 'autoConfigurationReport'
2017-10-26 07:47:00.693 DEBUG 12192 --- [    Test worker] a.ConfigurationClassBeanDefinitionReader : Registering bean definition for @Bean method org.springframework.boot.autoconfigure.jackson.JacksonAutoConfiguration$JacksonObjectMapperConfiguration.jacksonObjectMapper()
2017-10-26 07:47:00.693 DEBUG 12192 --- [    Test worker] a.ConfigurationClassBeanDefinitionReader : Registered bean definition for imported class 'org.springframework.boot.autoconfigure.jackson.JacksonAutoConfiguration'
2017-10-26 07:47:00.693 DEBUG 12192 --- [    Test worker] a.ConfigurationClassBeanDefinitionReader : Registering bean definition for @Bean method org.springframework.boot.autoconfigure.jackson.JacksonAutoConfiguration.jsonComponentModule()
2017-10-26 07:47:00.693 DEBUG 12192 --- [    Test worker] o.s.b.f.s.DefaultListableBeanFactory     : Returning cached instance of singleton bean 'autoConfigurationReport'
2017-10-26 07:47:00.693 DEBUG 12192 --- [    Test worker] o.s.b.f.s.DefaultListableBeanFactory     : Returning cached instance of singleton bean 'autoConfigurationReport'
2017-10-26 07:47:00.693 DEBUG 12192 --- [    Test worker] o.s.b.f.s.DefaultListableBeanFactory     : Returning cached instance of singleton bean 'autoConfigurationReport'
2017-10-26 07:47:00.694 DEBUG 12192 --- [    Test worker] a.ConfigurationClassBeanDefinitionReader : Registered bean definition for imported class 'org.springframework.boot.autoconfigure.websocket.servlet.WebSocketServletAutoConfiguration$TomcatWebSocketConfiguration'
2017-10-26 07:47:00.694 DEBUG 12192 --- [    Test worker] o.s.b.f.s.DefaultListableBeanFactory     : Returning cached instance of singleton bean 'autoConfigurationReport'
2017-10-26 07:47:00.694 DEBUG 12192 --- [    Test worker] a.ConfigurationClassBeanDefinitionReader : Registering bean definition for @Bean method org.springframework.boot.autoconfigure.websocket.servlet.WebSocketServletAutoConfiguration$TomcatWebSocketConfiguration.websocketContainerCustomizer()
2017-10-26 07:47:00.695 DEBUG 12192 --- [    Test worker] a.ConfigurationClassBeanDefinitionReader : Registered bean definition for imported class 'org.springframework.boot.autoconfigure.websocket.servlet.WebSocketServletAutoConfiguration'
2017-10-26 07:47:00.695 DEBUG 12192 --- [    Test worker] o.s.b.f.s.DefaultListableBeanFactory     : Returning cached instance of singleton bean 'autoConfigurationReport'
2017-10-26 07:47:00.695 DEBUG 12192 --- [    Test worker] o.s.b.f.s.DefaultListableBeanFactory     : Returning cached instance of singleton bean 'autoConfigurationReport'
2017-10-26 07:47:00.696 DEBUG 12192 --- [    Test worker] o.s.b.f.s.DefaultListableBeanFactory     : Returning cached instance of singleton bean 'autoConfigurationReport'
2017-10-26 07:47:00.696 DEBUG 12192 --- [    Test worker] o.s.b.f.s.DefaultListableBeanFactory     : Returning cached instance of singleton bean 'org.springframework.boot.autoconfigure.condition.BeanTypeRegistry'
2017-10-26 07:47:00.700 DEBUG 12192 --- [    Test worker] o.s.b.f.s.DefaultListableBeanFactory     : Returning cached instance of singleton bean 'autoConfigurationReport'
2017-10-26 07:47:00.700 DEBUG 12192 --- [    Test worker] a.ConfigurationClassBeanDefinitionReader : Registered bean definition for imported class 'org.springframework.boot.autoconfigure.web.servlet.ServletWebServerFactoryAutoConfiguration$EmbeddedTomcat'
2017-10-26 07:47:00.700 DEBUG 12192 --- [    Test worker] a.ConfigurationClassBeanDefinitionReader : Registering bean definition for @Bean method org.springframework.boot.autoconfigure.web.servlet.ServletWebServerFactoryAutoConfiguration$EmbeddedTomcat.tomcatServletWebServerFactory()
2017-10-26 07:47:00.701 DEBUG 12192 --- [    Test worker] a.ConfigurationClassBeanDefinitionReader : Registered bean definition for imported class 'org.springframework.boot.autoconfigure.web.servlet.ServletWebServerFactoryAutoConfiguration'
2017-10-26 07:47:00.702 DEBUG 12192 --- [    Test worker] o.s.b.f.s.DefaultListableBeanFactory     : Returning cached instance of singleton bean 'org.springframework.boot.autoconfigure.condition.BeanTypeRegistry'
2017-10-26 07:47:00.707 DEBUG 12192 --- [    Test worker] o.s.b.f.s.DefaultListableBeanFactory     : Returning cached instance of singleton bean 'autoConfigurationReport'
2017-10-26 07:47:00.708 DEBUG 12192 --- [    Test worker] a.ConfigurationClassBeanDefinitionReader : Registering bean definition for @Bean method org.springframework.boot.autoconfigure.web.servlet.ServletWebServerFactoryAutoConfiguration.serverPropertiesWebServerFactoryCustomizer()
2017-10-26 07:47:00.711 DEBUG 12192 --- [    Test worker] o.s.b.f.s.DefaultListableBeanFactory     : Returning cached instance of singleton bean 'autoConfigurationReport'
2017-10-26 07:47:00.712 DEBUG 12192 --- [    Test worker] o.s.b.f.s.DefaultListableBeanFactory     : Returning cached instance of singleton bean 'autoConfigurationReport'
2017-10-26 07:47:00.712 DEBUG 12192 --- [    Test worker] o.s.b.f.s.DefaultListableBeanFactory     : Returning cached instance of singleton bean 'autoConfigurationReport'
2017-10-26 07:47:00.713 DEBUG 12192 --- [    Test worker] o.s.b.f.s.DefaultListableBeanFactory     : Returning cached instance of singleton bean 'autoConfigurationReport'
2017-10-26 07:47:00.713 DEBUG 12192 --- [    Test worker] o.s.b.f.s.DefaultListableBeanFactory     : Returning cached instance of singleton bean 'autoConfigurationReport'
2017-10-26 07:47:00.713 DEBUG 12192 --- [    Test worker] o.s.b.f.s.DefaultListableBeanFactory     : Returning cached instance of singleton bean 'autoConfigurationReport'
2017-10-26 07:47:00.713 DEBUG 12192 --- [    Test worker] a.ConfigurationClassBeanDefinitionReader : Registered bean definition for imported class 'org.springframework.boot.autoconfigure.web.servlet.DispatcherServletAutoConfiguration$DispatcherServletConfiguration'
2017-10-26 07:47:00.714 DEBUG 12192 --- [    Test worker] a.ConfigurationClassBeanDefinitionReader : Registering bean definition for @Bean method org.springframework.boot.autoconfigure.web.servlet.DispatcherServletAutoConfiguration$DispatcherServletConfiguration.dispatcherServlet()
2017-10-26 07:47:00.714 DEBUG 12192 --- [    Test worker] o.s.b.f.s.DefaultListableBeanFactory     : Returning cached instance of singleton bean 'org.springframework.boot.autoconfigure.condition.BeanTypeRegistry'
2017-10-26 07:47:00.715 DEBUG 12192 --- [    Test worker] o.s.b.f.s.DefaultListableBeanFactory     : Returning cached instance of singleton bean 'autoConfigurationReport'
2017-10-26 07:47:00.716 DEBUG 12192 --- [    Test worker] a.ConfigurationClassBeanDefinitionReader : Registered bean definition for imported class 'org.springframework.boot.autoconfigure.web.servlet.DispatcherServletAutoConfiguration$DispatcherServletRegistrationConfiguration'
2017-10-26 07:47:00.716 DEBUG 12192 --- [    Test worker] o.s.b.f.s.DefaultListableBeanFactory     : Returning cached instance of singleton bean 'org.springframework.boot.autoconfigure.condition.BeanTypeRegistry'
2017-10-26 07:47:00.717 DEBUG 12192 --- [    Test worker] o.s.b.f.s.DefaultListableBeanFactory     : Returning cached instance of singleton bean 'autoConfigurationReport'
2017-10-26 07:47:00.717 DEBUG 12192 --- [    Test worker] a.ConfigurationClassBeanDefinitionReader : Registering bean definition for @Bean method org.springframework.boot.autoconfigure.web.servlet.DispatcherServletAutoConfiguration$DispatcherServletRegistrationConfiguration.dispatcherServletRegistration()
2017-10-26 07:47:00.717 DEBUG 12192 --- [    Test worker] a.ConfigurationClassBeanDefinitionReader : Registered bean definition for imported class 'org.springframework.boot.autoconfigure.web.servlet.DispatcherServletAutoConfiguration'
2017-10-26 07:47:00.717 DEBUG 12192 --- [    Test worker] o.s.b.f.s.DefaultListableBeanFactory     : Returning cached instance of singleton bean 'autoConfigurationReport'
2017-10-26 07:47:00.718 DEBUG 12192 --- [    Test worker] o.s.b.f.s.DefaultListableBeanFactory     : Returning cached instance of singleton bean 'autoConfigurationReport'
2017-10-26 07:47:00.718 DEBUG 12192 --- [    Test worker] a.ConfigurationClassBeanDefinitionReader : Registered bean definition for imported class 'org.springframework.boot.autoconfigure.http.codec.CodecsAutoConfiguration$JacksonCodecConfiguration'
2017-10-26 07:47:00.718 DEBUG 12192 --- [    Test worker] o.s.b.f.s.DefaultListableBeanFactory     : Returning cached instance of singleton bean 'org.springframework.boot.autoconfigure.condition.BeanTypeRegistry'
2017-10-26 07:47:00.720 DEBUG 12192 --- [    Test worker] o.s.b.f.s.DefaultListableBeanFactory     : Returning cached instance of singleton bean 'autoConfigurationReport'
2017-10-26 07:47:00.720 DEBUG 12192 --- [    Test worker] a.ConfigurationClassBeanDefinitionReader : Registering bean definition for @Bean method org.springframework.boot.autoconfigure.http.codec.CodecsAutoConfiguration$JacksonCodecConfiguration.jacksonCodecCustomizer()
2017-10-26 07:47:00.720 DEBUG 12192 --- [    Test worker] a.ConfigurationClassBeanDefinitionReader : Registered bean definition for imported class 'org.springframework.boot.autoconfigure.http.codec.CodecsAutoConfiguration'
2017-10-26 07:47:00.720 DEBUG 12192 --- [    Test worker] o.s.b.f.s.DefaultListableBeanFactory     : Returning cached instance of singleton bean 'autoConfigurationReport'
2017-10-26 07:47:00.721 DEBUG 12192 --- [    Test worker] o.s.b.f.s.DefaultListableBeanFactory     : Returning cached instance of singleton bean 'autoConfigurationReport'
2017-10-26 07:47:00.721 DEBUG 12192 --- [    Test worker] a.ConfigurationClassBeanDefinitionReader : Registered bean definition for imported class 'org.springframework.boot.autoconfigure.validation.ValidationAutoConfiguration'
2017-10-26 07:47:00.722 DEBUG 12192 --- [    Test worker] o.s.b.f.s.DefaultListableBeanFactory     : Returning cached instance of singleton bean 'org.springframework.boot.autoconfigure.condition.BeanTypeRegistry'
2017-10-26 07:47:00.724 DEBUG 12192 --- [    Test worker] o.s.b.f.s.DefaultListableBeanFactory     : Returning cached instance of singleton bean 'autoConfigurationReport'
2017-10-26 07:47:00.724 DEBUG 12192 --- [    Test worker] a.ConfigurationClassBeanDefinitionReader : Registering bean definition for @Bean method org.springframework.boot.autoconfigure.validation.ValidationAutoConfiguration.defaultValidator()
2017-10-26 07:47:00.725 DEBUG 12192 --- [    Test worker] o.s.b.f.s.DefaultListableBeanFactory     : Returning cached instance of singleton bean 'org.springframework.boot.autoconfigure.condition.BeanTypeRegistry'
2017-10-26 07:47:00.728 DEBUG 12192 --- [    Test worker] o.s.b.f.s.DefaultListableBeanFactory     : Returning cached instance of singleton bean 'autoConfigurationReport'
2017-10-26 07:47:00.728 DEBUG 12192 --- [    Test worker] a.ConfigurationClassBeanDefinitionReader : Registering bean definition for @Bean method org.springframework.boot.autoconfigure.validation.ValidationAutoConfiguration.methodValidationPostProcessor()
2017-10-26 07:47:00.730 DEBUG 12192 --- [    Test worker] o.s.b.f.s.DefaultListableBeanFactory     : Returning cached instance of singleton bean 'autoConfigurationReport'
2017-10-26 07:47:00.730 DEBUG 12192 --- [    Test worker] o.s.b.f.s.DefaultListableBeanFactory     : Returning cached instance of singleton bean 'autoConfigurationReport'
2017-10-26 07:47:00.730 DEBUG 12192 --- [    Test worker] o.s.b.f.s.DefaultListableBeanFactory     : Returning cached instance of singleton bean 'autoConfigurationReport'
2017-10-26 07:47:00.731 DEBUG 12192 --- [    Test worker] o.s.c.e.PropertySourcesPropertyResolver  : Could not find key 'spring.template.provider.cache' in any property source
2017-10-26 07:47:00.733 DEBUG 12192 --- [    Test worker] o.s.b.f.s.DefaultListableBeanFactory     : Returning cached instance of singleton bean 'autoConfigurationReport'
2017-10-26 07:47:00.733 DEBUG 12192 --- [    Test worker] a.ConfigurationClassBeanDefinitionReader : Registered bean definition for imported class 'org.springframework.boot.autoconfigure.web.servlet.error.ErrorMvcAutoConfiguration$WhitelabelErrorViewConfiguration'
2017-10-26 07:47:00.734 DEBUG 12192 --- [    Test worker] o.s.b.f.s.DefaultListableBeanFactory     : Returning cached instance of singleton bean 'autoConfigurationReport'
2017-10-26 07:47:00.734 DEBUG 12192 --- [    Test worker] a.ConfigurationClassBeanDefinitionReader : Registering bean definition for @Bean method org.springframework.boot.autoconfigure.web.servlet.error.ErrorMvcAutoConfiguration$WhitelabelErrorViewConfiguration.error()
2017-10-26 07:47:00.736 DEBUG 12192 --- [    Test worker] o.s.b.f.s.DefaultListableBeanFactory     : Returning cached instance of singleton bean 'org.springframework.boot.autoconfigure.condition.BeanTypeRegistry'
2017-10-26 07:47:00.738 DEBUG 12192 --- [    Test worker] o.s.b.f.s.DefaultListableBeanFactory     : Returning cached instance of singleton bean 'autoConfigurationReport'
2017-10-26 07:47:00.738 DEBUG 12192 --- [    Test worker] a.ConfigurationClassBeanDefinitionReader : Registering bean definition for @Bean method org.springframework.boot.autoconfigure.web.servlet.error.ErrorMvcAutoConfiguration$WhitelabelErrorViewConfiguration.beanNameViewResolver()
2017-10-26 07:47:00.739 DEBUG 12192 --- [    Test worker] a.ConfigurationClassBeanDefinitionReader : Registered bean definition for imported class 'org.springframework.boot.autoconfigure.web.servlet.error.ErrorMvcAutoConfiguration$DefaultErrorViewResolverConfiguration'
2017-10-26 07:47:00.739 DEBUG 12192 --- [    Test worker] o.s.b.f.s.DefaultListableBeanFactory     : Returning cached instance of singleton bean 'org.springframework.boot.autoconfigure.condition.BeanTypeRegistry'
2017-10-26 07:47:00.741 DEBUG 12192 --- [    Test worker] o.s.b.f.s.DefaultListableBeanFactory     : Returning cached instance of singleton bean 'org.springframework.boot.autoconfigure.condition.BeanTypeRegistry'
2017-10-26 07:47:00.741 DEBUG 12192 --- [    Test worker] o.s.b.f.s.DefaultListableBeanFactory     : Returning cached instance of singleton bean 'autoConfigurationReport'
2017-10-26 07:47:00.741 DEBUG 12192 --- [    Test worker] o.s.b.f.s.DefaultListableBeanFactory     : Returning cached instance of singleton bean 'org.springframework.boot.autoconfigure.condition.BeanTypeRegistry'
2017-10-26 07:47:00.741 DEBUG 12192 --- [    Test worker] o.s.b.f.s.DefaultListableBeanFactory     : Returning cached instance of singleton bean 'org.springframework.boot.autoconfigure.condition.BeanTypeRegistry'
2017-10-26 07:47:00.741 DEBUG 12192 --- [    Test worker] o.s.b.f.s.DefaultListableBeanFactory     : Returning cached instance of singleton bean 'autoConfigurationReport'
2017-10-26 07:47:00.742 DEBUG 12192 --- [    Test worker] a.ConfigurationClassBeanDefinitionReader : Registering bean definition for @Bean method org.springframework.boot.autoconfigure.web.servlet.error.ErrorMvcAutoConfiguration$DefaultErrorViewResolverConfiguration.conventionErrorViewResolver()
2017-10-26 07:47:00.742 DEBUG 12192 --- [    Test worker] a.ConfigurationClassBeanDefinitionReader : Registered bean definition for imported class 'org.springframework.boot.autoconfigure.web.servlet.error.ErrorMvcAutoConfiguration'
2017-10-26 07:47:00.743 DEBUG 12192 --- [    Test worker] o.s.b.f.s.DefaultListableBeanFactory     : Returning cached instance of singleton bean 'org.springframework.boot.autoconfigure.condition.BeanTypeRegistry'
2017-10-26 07:47:00.744 DEBUG 12192 --- [    Test worker] o.s.b.f.s.DefaultListableBeanFactory     : Returning cached instance of singleton bean 'autoConfigurationReport'
2017-10-26 07:47:00.745 DEBUG 12192 --- [    Test worker] a.ConfigurationClassBeanDefinitionReader : Registering bean definition for @Bean method org.springframework.boot.autoconfigure.web.servlet.error.ErrorMvcAutoConfiguration.errorAttributes()
2017-10-26 07:47:00.745 DEBUG 12192 --- [    Test worker] o.s.b.f.s.DefaultListableBeanFactory     : Returning cached instance of singleton bean 'org.springframework.boot.autoconfigure.condition.BeanTypeRegistry'
2017-10-26 07:47:00.749 DEBUG 12192 --- [    Test worker] o.s.b.f.s.DefaultListableBeanFactory     : Returning cached instance of singleton bean 'autoConfigurationReport'
2017-10-26 07:47:00.749 DEBUG 12192 --- [    Test worker] a.ConfigurationClassBeanDefinitionReader : Registering bean definition for @Bean method org.springframework.boot.autoconfigure.web.servlet.error.ErrorMvcAutoConfiguration.basicErrorController()
2017-10-26 07:47:00.749 DEBUG 12192 --- [    Test worker] a.ConfigurationClassBeanDefinitionReader : Registering bean definition for @Bean method org.springframework.boot.autoconfigure.web.servlet.error.ErrorMvcAutoConfiguration.errorPageCustomizer()
2017-10-26 07:47:00.749 DEBUG 12192 --- [    Test worker] a.ConfigurationClassBeanDefinitionReader : Registering bean definition for @Bean method org.springframework.boot.autoconfigure.web.servlet.error.ErrorMvcAutoConfiguration.preserveErrorControllerTargetClassPostProcessor()
2017-10-26 07:47:00.750 DEBUG 12192 --- [    Test worker] o.s.b.f.s.DefaultListableBeanFactory     : Returning cached instance of singleton bean 'autoConfigurationReport'
2017-10-26 07:47:00.750 DEBUG 12192 --- [    Test worker] o.s.b.f.s.DefaultListableBeanFactory     : Returning cached instance of singleton bean 'autoConfigurationReport'
2017-10-26 07:47:00.752 DEBUG 12192 --- [    Test worker] o.s.b.f.s.DefaultListableBeanFactory     : Returning cached instance of singleton bean 'org.springframework.boot.autoconfigure.condition.BeanTypeRegistry'
2017-10-26 07:47:00.753 DEBUG 12192 --- [    Test worker] o.s.b.f.s.DefaultListableBeanFactory     : Returning cached instance of singleton bean 'autoConfigurationReport'
2017-10-26 07:47:00.753 DEBUG 12192 --- [    Test worker] a.ConfigurationClassBeanDefinitionReader : Registered bean definition for imported class 'org.springframework.boot.autoconfigure.web.servlet.WebMvcAutoConfiguration$EnableWebMvcConfiguration'
2017-10-26 07:47:00.753 DEBUG 12192 --- [    Test worker] a.ConfigurationClassBeanDefinitionReader : Registering bean definition for @Bean method org.springframework.boot.autoconfigure.web.servlet.WebMvcAutoConfiguration$EnableWebMvcConfiguration.requestMappingHandlerAdapter()
2017-10-26 07:47:00.754 DEBUG 12192 --- [    Test worker] a.ConfigurationClassBeanDefinitionReader : Registering bean definition for @Bean method org.springframework.boot.autoconfigure.web.servlet.WebMvcAutoConfiguration$EnableWebMvcConfiguration.requestMappingHandlerMapping()
2017-10-26 07:47:00.754 DEBUG 12192 --- [    Test worker] a.ConfigurationClassBeanDefinitionReader : Registering bean definition for @Bean method org.springframework.boot.autoconfigure.web.servlet.WebMvcAutoConfiguration$EnableWebMvcConfiguration.mvcValidator()
2017-10-26 07:47:00.754 DEBUG 12192 --- [    Test worker] a.ConfigurationClassBeanDefinitionReader : Registering bean definition for @Bean method org.springframework.boot.autoconfigure.web.servlet.WebMvcAutoConfiguration$EnableWebMvcConfiguration.mvcContentNegotiationManager()
2017-10-26 07:47:00.754 DEBUG 12192 --- [    Test worker] a.ConfigurationClassBeanDefinitionReader : Registering bean definition for @Bean method org.springframework.boot.autoconfigure.web.servlet.WebMvcAutoConfiguration$EnableWebMvcConfiguration.mvcPathMatcher()
2017-10-26 07:47:00.754 DEBUG 12192 --- [    Test worker] a.ConfigurationClassBeanDefinitionReader : Registering bean definition for @Bean method org.springframework.boot.autoconfigure.web.servlet.WebMvcAutoConfiguration$EnableWebMvcConfiguration.mvcUrlPathHelper()
2017-10-26 07:47:00.755 DEBUG 12192 --- [    Test worker] a.ConfigurationClassBeanDefinitionReader : Registering bean definition for @Bean method org.springframework.boot.autoconfigure.web.servlet.WebMvcAutoConfiguration$EnableWebMvcConfiguration.viewControllerHandlerMapping()
2017-10-26 07:47:00.755 DEBUG 12192 --- [    Test worker] a.ConfigurationClassBeanDefinitionReader : Registering bean definition for @Bean method org.springframework.boot.autoconfigure.web.servlet.WebMvcAutoConfiguration$EnableWebMvcConfiguration.beanNameHandlerMapping()
2017-10-26 07:47:00.755 DEBUG 12192 --- [    Test worker] a.ConfigurationClassBeanDefinitionReader : Registering bean definition for @Bean method org.springframework.boot.autoconfigure.web.servlet.WebMvcAutoConfiguration$EnableWebMvcConfiguration.resourceHandlerMapping()
2017-10-26 07:47:00.755 DEBUG 12192 --- [    Test worker] a.ConfigurationClassBeanDefinitionReader : Registering bean definition for @Bean method org.springframework.boot.autoconfigure.web.servlet.WebMvcAutoConfiguration$EnableWebMvcConfiguration.mvcResourceUrlProvider()
2017-10-26 07:47:00.755 DEBUG 12192 --- [    Test worker] a.ConfigurationClassBeanDefinitionReader : Registering bean definition for @Bean method org.springframework.boot.autoconfigure.web.servlet.WebMvcAutoConfiguration$EnableWebMvcConfiguration.defaultServletHandlerMapping()
2017-10-26 07:47:00.755 DEBUG 12192 --- [    Test worker] a.ConfigurationClassBeanDefinitionReader : Registering bean definition for @Bean method org.springframework.boot.autoconfigure.web.servlet.WebMvcAutoConfiguration$EnableWebMvcConfiguration.mvcConversionService()
2017-10-26 07:47:00.755 DEBUG 12192 --- [    Test worker] a.ConfigurationClassBeanDefinitionReader : Registering bean definition for @Bean method org.springframework.boot.autoconfigure.web.servlet.WebMvcAutoConfiguration$EnableWebMvcConfiguration.mvcUriComponentsContributor()
2017-10-26 07:47:00.756 DEBUG 12192 --- [    Test worker] a.ConfigurationClassBeanDefinitionReader : Registering bean definition for @Bean method org.springframework.boot.autoconfigure.web.servlet.WebMvcAutoConfiguration$EnableWebMvcConfiguration.httpRequestHandlerAdapter()
2017-10-26 07:47:00.756 DEBUG 12192 --- [    Test worker] a.ConfigurationClassBeanDefinitionReader : Registering bean definition for @Bean method org.springframework.boot.autoconfigure.web.servlet.WebMvcAutoConfiguration$EnableWebMvcConfiguration.simpleControllerHandlerAdapter()
2017-10-26 07:47:00.756 DEBUG 12192 --- [    Test worker] a.ConfigurationClassBeanDefinitionReader : Registering bean definition for @Bean method org.springframework.boot.autoconfigure.web.servlet.WebMvcAutoConfiguration$EnableWebMvcConfiguration.handlerExceptionResolver()
2017-10-26 07:47:00.756 DEBUG 12192 --- [    Test worker] a.ConfigurationClassBeanDefinitionReader : Registering bean definition for @Bean method org.springframework.boot.autoconfigure.web.servlet.WebMvcAutoConfiguration$EnableWebMvcConfiguration.mvcViewResolver()
2017-10-26 07:47:00.756 DEBUG 12192 --- [    Test worker] a.ConfigurationClassBeanDefinitionReader : Registering bean definition for @Bean method org.springframework.boot.autoconfigure.web.servlet.WebMvcAutoConfiguration$EnableWebMvcConfiguration.mvcHandlerMappingIntrospector()
2017-10-26 07:47:00.757 DEBUG 12192 --- [    Test worker] o.s.b.f.s.DefaultListableBeanFactory     : Returning cached instance of singleton bean 'autoConfigurationReport'
2017-10-26 07:47:00.757 DEBUG 12192 --- [    Test worker] a.ConfigurationClassBeanDefinitionReader : Registered bean definition for imported class 'org.springframework.boot.autoconfigure.web.servlet.WebMvcAutoConfiguration$WebMvcAutoConfigurationAdapter$FaviconConfiguration'
2017-10-26 07:47:00.757 DEBUG 12192 --- [    Test worker] a.ConfigurationClassBeanDefinitionReader : Registering bean definition for @Bean method org.springframework.boot.autoconfigure.web.servlet.WebMvcAutoConfiguration$WebMvcAutoConfigurationAdapter$FaviconConfiguration.faviconHandlerMapping()
2017-10-26 07:47:00.757 DEBUG 12192 --- [    Test worker] a.ConfigurationClassBeanDefinitionReader : Registering bean definition for @Bean method org.springframework.boot.autoconfigure.web.servlet.WebMvcAutoConfiguration$WebMvcAutoConfigurationAdapter$FaviconConfiguration.faviconRequestHandler()
2017-10-26 07:47:00.759 DEBUG 12192 --- [    Test worker] a.ConfigurationClassBeanDefinitionReader : Registered bean definition for imported class 'org.springframework.boot.autoconfigure.web.servlet.WebMvcAutoConfiguration$WebMvcAutoConfigurationAdapter'
2017-10-26 07:47:00.761 DEBUG 12192 --- [    Test worker] o.s.b.f.s.DefaultListableBeanFactory     : Returning cached instance of singleton bean 'org.springframework.boot.autoconfigure.condition.BeanTypeRegistry'
2017-10-26 07:47:00.796 DEBUG 12192 --- [    Test worker] o.s.b.f.s.DefaultListableBeanFactory     : Returning cached instance of singleton bean 'autoConfigurationReport'
2017-10-26 07:47:00.797 DEBUG 12192 --- [    Test worker] a.ConfigurationClassBeanDefinitionReader : Registering bean definition for @Bean method org.springframework.boot.autoconfigure.web.servlet.WebMvcAutoConfiguration$WebMvcAutoConfigurationAdapter.defaultViewResolver()
2017-10-26 07:47:00.797 DEBUG 12192 --- [    Test worker] o.s.b.f.s.DefaultListableBeanFactory     : Returning cached instance of singleton bean 'org.springframework.boot.autoconfigure.condition.BeanTypeRegistry'
2017-10-26 07:47:00.802 DEBUG 12192 --- [    Test worker] o.s.b.f.s.DefaultListableBeanFactory     : Returning cached instance of singleton bean 'org.springframework.boot.autoconfigure.condition.BeanTypeRegistry'
2017-10-26 07:47:00.802 DEBUG 12192 --- [    Test worker] o.s.b.f.s.DefaultListableBeanFactory     : Returning cached instance of singleton bean 'autoConfigurationReport'
2017-10-26 07:47:00.802 DEBUG 12192 --- [    Test worker] o.s.b.f.s.DefaultListableBeanFactory     : Returning cached instance of singleton bean 'org.springframework.boot.autoconfigure.condition.BeanTypeRegistry'
2017-10-26 07:47:00.802 DEBUG 12192 --- [    Test worker] o.s.b.f.s.DefaultListableBeanFactory     : Returning cached instance of singleton bean 'org.springframework.boot.autoconfigure.condition.BeanTypeRegistry'
2017-10-26 07:47:00.803 DEBUG 12192 --- [    Test worker] o.s.b.f.s.DefaultListableBeanFactory     : Returning cached instance of singleton bean 'autoConfigurationReport'
2017-10-26 07:47:00.803 DEBUG 12192 --- [    Test worker] o.s.b.f.s.DefaultListableBeanFactory     : Returning cached instance of singleton bean 'org.springframework.boot.autoconfigure.condition.BeanTypeRegistry'
2017-10-26 07:47:00.803 DEBUG 12192 --- [    Test worker] o.s.b.f.s.DefaultListableBeanFactory     : Returning cached instance of singleton bean 'org.springframework.boot.autoconfigure.condition.BeanTypeRegistry'
2017-10-26 07:47:00.803 DEBUG 12192 --- [    Test worker] o.s.b.f.s.DefaultListableBeanFactory     : Returning cached instance of singleton bean 'autoConfigurationReport'
2017-10-26 07:47:00.803 DEBUG 12192 --- [    Test worker] a.ConfigurationClassBeanDefinitionReader : Registering bean definition for @Bean method org.springframework.boot.autoconfigure.web.servlet.WebMvcAutoConfiguration$WebMvcAutoConfigurationAdapter.viewResolver()
2017-10-26 07:47:00.804 DEBUG 12192 --- [    Test worker] o.s.b.f.s.DefaultListableBeanFactory     : Returning cached instance of singleton bean 'autoConfigurationReport'
2017-10-26 07:47:00.804 DEBUG 12192 --- [    Test worker] o.s.b.f.s.DefaultListableBeanFactory     : Returning cached instance of singleton bean 'autoConfigurationReport'
2017-10-26 07:47:00.805 DEBUG 12192 --- [    Test worker] a.ConfigurationClassBeanDefinitionReader : Registering bean definition for @Bean method org.springframework.boot.autoconfigure.web.servlet.WebMvcAutoConfiguration$WebMvcAutoConfigurationAdapter.welcomePageHandlerMapping()
2017-10-26 07:47:00.806 DEBUG 12192 --- [    Test worker] o.s.b.f.s.DefaultListableBeanFactory     : Returning cached instance of singleton bean 'org.springframework.boot.autoconfigure.condition.BeanTypeRegistry'
2017-10-26 07:47:00.807 DEBUG 12192 --- [    Test worker] o.s.b.f.s.DefaultListableBeanFactory     : Returning cached instance of singleton bean 'org.springframework.boot.autoconfigure.condition.BeanTypeRegistry'
2017-10-26 07:47:00.807 DEBUG 12192 --- [    Test worker] o.s.b.f.s.DefaultListableBeanFactory     : Returning cached instance of singleton bean 'autoConfigurationReport'
2017-10-26 07:47:00.807 DEBUG 12192 --- [    Test worker] a.ConfigurationClassBeanDefinitionReader : Registering bean definition for @Bean method org.springframework.boot.autoconfigure.web.servlet.WebMvcAutoConfiguration$WebMvcAutoConfigurationAdapter.requestContextFilter()
2017-10-26 07:47:00.808 DEBUG 12192 --- [    Test worker] a.ConfigurationClassBeanDefinitionReader : Registered bean definition for imported class 'org.springframework.boot.autoconfigure.web.servlet.WebMvcAutoConfiguration'
2017-10-26 07:47:00.809 DEBUG 12192 --- [    Test worker] o.s.b.f.s.DefaultListableBeanFactory     : Returning cached instance of singleton bean 'org.springframework.boot.autoconfigure.condition.BeanTypeRegistry'
2017-10-26 07:47:00.809 DEBUG 12192 --- [    Test worker] o.s.b.f.s.DefaultListableBeanFactory     : Returning cached instance of singleton bean 'autoConfigurationReport'
2017-10-26 07:47:00.809 DEBUG 12192 --- [    Test worker] a.ConfigurationClassBeanDefinitionReader : Registering bean definition for @Bean method org.springframework.boot.autoconfigure.web.servlet.WebMvcAutoConfiguration.hiddenHttpMethodFilter()
2017-10-26 07:47:00.810 DEBUG 12192 --- [    Test worker] o.s.b.f.s.DefaultListableBeanFactory     : Returning cached instance of singleton bean 'autoConfigurationReport'
2017-10-26 07:47:00.810 DEBUG 12192 --- [    Test worker] o.s.b.f.s.DefaultListableBeanFactory     : Returning cached instance of singleton bean 'org.springframework.boot.autoconfigure.condition.BeanTypeRegistry'
2017-10-26 07:47:00.812 DEBUG 12192 --- [    Test worker] o.s.b.f.s.DefaultListableBeanFactory     : Returning cached instance of singleton bean 'autoConfigurationReport'
2017-10-26 07:47:00.812 DEBUG 12192 --- [    Test worker] a.ConfigurationClassBeanDefinitionReader : Registering bean definition for @Bean method org.springframework.boot.autoconfigure.web.servlet.WebMvcAutoConfiguration.httpPutFormContentFilter()
2017-10-26 07:47:00.812 DEBUG 12192 --- [    Test worker] o.s.b.f.s.DefaultListableBeanFactory     : Returning cached instance of singleton bean 'autoConfigurationReport'
2017-10-26 07:47:00.812 DEBUG 12192 --- [    Test worker] o.s.b.f.s.DefaultListableBeanFactory     : Returning cached instance of singleton bean 'autoConfigurationReport'
2017-10-26 07:47:00.813 DEBUG 12192 --- [    Test worker] o.s.b.f.s.DefaultListableBeanFactory     : Returning cached instance of singleton bean 'autoConfigurationReport'
2017-10-26 07:47:00.813 DEBUG 12192 --- [    Test worker] a.ConfigurationClassBeanDefinitionReader : Registered bean definition for imported class 'org.springframework.boot.autoconfigure.aop.AopAutoConfiguration$CglibAutoProxyConfiguration'
2017-10-26 07:47:00.818 DEBUG 12192 --- [    Test worker] a.ConfigurationClassBeanDefinitionReader : Registered bean definition for imported class 'org.springframework.boot.autoconfigure.aop.AopAutoConfiguration'
2017-10-26 07:47:00.818 DEBUG 12192 --- [    Test worker] o.s.b.f.s.DefaultListableBeanFactory     : Returning cached instance of singleton bean 'autoConfigurationReport'
2017-10-26 07:47:00.818 DEBUG 12192 --- [    Test worker] o.s.b.f.s.DefaultListableBeanFactory     : Returning cached instance of singleton bean 'autoConfigurationReport'
2017-10-26 07:47:00.822 DEBUG 12192 --- [    Test worker] a.ConfigurationClassBeanDefinitionReader : Registered bean definition for imported class 'org.springframework.boot.autoconfigure.transaction.jta.JtaAutoConfiguration'
2017-10-26 07:47:00.823 DEBUG 12192 --- [    Test worker] o.s.b.f.s.DefaultListableBeanFactory     : Returning cached instance of singleton bean 'autoConfigurationReport'
2017-10-26 07:47:00.823 DEBUG 12192 --- [    Test worker] o.s.b.f.s.DefaultListableBeanFactory     : Returning cached instance of singleton bean 'org.springframework.boot.autoconfigure.condition.BeanTypeRegistry'
2017-10-26 07:47:00.825 DEBUG 12192 --- [    Test worker] o.s.b.f.s.DefaultListableBeanFactory     : Returning cached instance of singleton bean 'autoConfigurationReport'
2017-10-26 07:47:00.825 DEBUG 12192 --- [    Test worker] o.s.b.f.s.DefaultListableBeanFactory     : Returning cached instance of singleton bean 'autoConfigurationReport'
2017-10-26 07:47:00.825 DEBUG 12192 --- [    Test worker] o.s.b.f.s.DefaultListableBeanFactory     : Returning cached instance of singleton bean 'org.springframework.boot.autoconfigure.condition.BeanTypeRegistry'
2017-10-26 07:47:00.825 DEBUG 12192 --- [    Test worker] o.s.b.f.s.DefaultListableBeanFactory     : Returning cached instance of singleton bean 'org.springframework.boot.autoconfigure.condition.BeanTypeRegistry'
2017-10-26 07:47:00.825 DEBUG 12192 --- [    Test worker] o.s.b.f.s.DefaultListableBeanFactory     : Returning cached instance of singleton bean 'autoConfigurationReport'
2017-10-26 07:47:00.826 DEBUG 12192 --- [    Test worker] o.s.b.f.s.DefaultListableBeanFactory     : Returning cached instance of singleton bean 'autoConfigurationReport'
2017-10-26 07:47:00.826 DEBUG 12192 --- [    Test worker] o.s.b.f.s.DefaultListableBeanFactory     : Returning cached instance of singleton bean 'autoConfigurationReport'
2017-10-26 07:47:00.826 DEBUG 12192 --- [    Test worker] a.ConfigurationClassBeanDefinitionReader : Registered bean definition for imported class 'org.springframework.boot.autoconfigure.jdbc.DataSourceConfiguration$Hikari'
2017-10-26 07:47:00.826 DEBUG 12192 --- [    Test worker] a.ConfigurationClassBeanDefinitionReader : Registering bean definition for @Bean method org.springframework.boot.autoconfigure.jdbc.DataSourceConfiguration$Hikari.dataSource()
2017-10-26 07:47:00.828 DEBUG 12192 --- [    Test worker] a.ConfigurationClassBeanDefinitionReader : Registered bean definition for imported class 'org.springframework.boot.autoconfigure.jdbc.DataSourceAutoConfiguration$PooledDataSourceConfiguration'
2017-10-26 07:47:00.829 DEBUG 12192 --- [    Test worker] o.s.b.f.s.DefaultListableBeanFactory     : Returning cached instance of singleton bean 'autoConfigurationReport'
2017-10-26 07:47:00.829 DEBUG 12192 --- [    Test worker] a.ConfigurationClassBeanDefinitionReader : Registered bean definition for imported class 'org.springframework.boot.autoconfigure.jdbc.metadata.DataSourcePoolMetadataProvidersConfiguration$HikariPoolDataSourceMetadataProviderConfiguration'
2017-10-26 07:47:00.829 DEBUG 12192 --- [    Test worker] a.ConfigurationClassBeanDefinitionReader : Registering bean definition for @Bean method org.springframework.boot.autoconfigure.jdbc.metadata.DataSourcePoolMetadataProvidersConfiguration$HikariPoolDataSourceMetadataProviderConfiguration.hikariPoolDataSourceMetadataProvider()
2017-10-26 07:47:00.829 DEBUG 12192 --- [    Test worker] a.ConfigurationClassBeanDefinitionReader : Registered bean definition for imported class 'org.springframework.boot.autoconfigure.jdbc.metadata.DataSourcePoolMetadataProvidersConfiguration'
2017-10-26 07:47:00.829 DEBUG 12192 --- [    Test worker] a.ConfigurationClassBeanDefinitionReader : Registered bean definition for imported class 'org.springframework.boot.autoconfigure.jdbc.DataSourceInitializerInvoker'
2017-10-26 07:47:00.830 DEBUG 12192 --- [    Test worker] a.ConfigurationClassBeanDefinitionReader : Registered bean definition for imported class 'org.springframework.boot.autoconfigure.jdbc.DataSourceInitializationConfiguration'
2017-10-26 07:47:00.831 DEBUG 12192 --- [    Test worker] a.ConfigurationClassBeanDefinitionReader : Registered bean definition for imported class 'org.springframework.boot.autoconfigure.jdbc.DataSourceAutoConfiguration'
2017-10-26 07:47:00.831 DEBUG 12192 --- [    Test worker] o.s.b.f.s.DefaultListableBeanFactory     : Returning cached instance of singleton bean 'autoConfigurationReport'
2017-10-26 07:47:00.834 DEBUG 12192 --- [    Test worker] o.s.b.f.s.DefaultListableBeanFactory     : Returning cached instance of singleton bean 'org.springframework.boot.autoconfigure.condition.BeanTypeRegistry'
2017-10-26 07:47:00.836 DEBUG 12192 --- [    Test worker] o.s.b.f.s.DefaultListableBeanFactory     : Returning cached instance of singleton bean 'autoConfigurationReport'
2017-10-26 07:47:00.837 DEBUG 12192 --- [    Test worker] o.s.b.f.s.DefaultListableBeanFactory     : Returning cached instance of singleton bean 'autoConfigurationReport'
2017-10-26 07:47:00.837 DEBUG 12192 --- [    Test worker] o.s.b.f.s.DefaultListableBeanFactory     : Returning cached instance of singleton bean 'autoConfigurationReport'
2017-10-26 07:47:00.837 DEBUG 12192 --- [    Test worker] o.s.b.f.s.DefaultListableBeanFactory     : Returning cached instance of singleton bean 'org.springframework.boot.autoconfigure.condition.BeanTypeRegistry'
2017-10-26 07:47:00.838 DEBUG 12192 --- [    Test worker] o.s.b.f.s.DefaultListableBeanFactory     : Returning cached instance of singleton bean 'autoConfigurationReport'
2017-10-26 07:47:00.838 DEBUG 12192 --- [    Test worker] o.s.b.f.s.DefaultListableBeanFactory     : Returning cached instance of singleton bean 'autoConfigurationReport'
2017-10-26 07:47:00.838 DEBUG 12192 --- [    Test worker] o.s.b.f.s.DefaultListableBeanFactory     : Returning cached instance of singleton bean 'autoConfigurationReport'
2017-10-26 07:47:00.838 DEBUG 12192 --- [    Test worker] o.s.b.f.s.DefaultListableBeanFactory     : Returning cached instance of singleton bean 'autoConfigurationReport'
2017-10-26 07:47:00.841 DEBUG 12192 --- [    Test worker] o.s.b.f.s.DefaultListableBeanFactory     : Returning cached instance of singleton bean 'org.springframework.boot.autoconfigure.condition.BeanTypeRegistry'
2017-10-26 07:47:00.841 DEBUG 12192 --- [    Test worker] o.s.b.f.s.DefaultListableBeanFactory     : Returning cached instance of singleton bean 'org.springframework.boot.autoconfigure.condition.BeanTypeRegistry'
2017-10-26 07:47:00.841 DEBUG 12192 --- [    Test worker] o.s.b.f.s.DefaultListableBeanFactory     : Returning cached instance of singleton bean 'autoConfigurationReport'
2017-10-26 07:47:00.841 DEBUG 12192 --- [    Test worker] a.ConfigurationClassBeanDefinitionReader : Registered bean definition for imported class 'org.springframework.boot.autoconfigure.orm.jpa.JpaBaseConfiguration$JpaWebConfiguration$JpaWebMvcConfiguration'
2017-10-26 07:47:00.841 DEBUG 12192 --- [    Test worker] a.ConfigurationClassBeanDefinitionReader : Registering bean definition for @Bean method org.springframework.boot.autoconfigure.orm.jpa.JpaBaseConfiguration$JpaWebConfiguration$JpaWebMvcConfiguration.openEntityManagerInViewInterceptor()
2017-10-26 07:47:00.841 DEBUG 12192 --- [    Test worker] a.ConfigurationClassBeanDefinitionReader : Registered bean definition for imported class 'org.springframework.boot.autoconfigure.orm.jpa.JpaBaseConfiguration$JpaWebConfiguration'
2017-10-26 07:47:00.842 DEBUG 12192 --- [    Test worker] a.ConfigurationClassBeanDefinitionReader : Registered bean definition for imported class 'org.springframework.boot.autoconfigure.orm.jpa.HibernateJpaConfiguration'
2017-10-26 07:47:00.842 DEBUG 12192 --- [    Test worker] o.s.b.f.s.DefaultListableBeanFactory     : Returning cached instance of singleton bean 'org.springframework.boot.autoconfigure.condition.BeanTypeRegistry'
2017-10-26 07:47:00.845 DEBUG 12192 --- [    Test worker] o.s.b.f.s.DefaultListableBeanFactory     : Returning cached instance of singleton bean 'autoConfigurationReport'
2017-10-26 07:47:00.845 DEBUG 12192 --- [    Test worker] a.ConfigurationClassBeanDefinitionReader : Registering bean definition for @Bean method org.springframework.boot.autoconfigure.orm.jpa.HibernateJpaConfiguration.transactionManager()
2017-10-26 07:47:00.845 DEBUG 12192 --- [    Test worker] o.s.b.f.s.DefaultListableBeanFactory     : Returning cached instance of singleton bean 'org.springframework.boot.autoconfigure.condition.BeanTypeRegistry'
2017-10-26 07:47:00.849 DEBUG 12192 --- [    Test worker] o.s.b.f.s.DefaultListableBeanFactory     : Returning cached instance of singleton bean 'autoConfigurationReport'
2017-10-26 07:47:00.849 DEBUG 12192 --- [    Test worker] a.ConfigurationClassBeanDefinitionReader : Registering bean definition for @Bean method org.springframework.boot.autoconfigure.orm.jpa.HibernateJpaConfiguration.jpaVendorAdapter()
2017-10-26 07:47:00.849 DEBUG 12192 --- [    Test worker] o.s.b.f.s.DefaultListableBeanFactory     : Returning cached instance of singleton bean 'org.springframework.boot.autoconfigure.condition.BeanTypeRegistry'
2017-10-26 07:47:00.849 DEBUG 12192 --- [    Test worker] o.s.b.f.s.DefaultListableBeanFactory     : Returning cached instance of singleton bean 'autoConfigurationReport'
2017-10-26 07:47:00.850 DEBUG 12192 --- [    Test worker] a.ConfigurationClassBeanDefinitionReader : Registering bean definition for @Bean method org.springframework.boot.autoconfigure.orm.jpa.HibernateJpaConfiguration.entityManagerFactoryBuilder()
2017-10-26 07:47:00.850 DEBUG 12192 --- [    Test worker] o.s.b.f.s.DefaultListableBeanFactory     : Returning cached instance of singleton bean 'org.springframework.boot.autoconfigure.condition.BeanTypeRegistry'
2017-10-26 07:47:00.850 DEBUG 12192 --- [    Test worker] o.s.b.f.s.DefaultListableBeanFactory     : Returning cached instance of singleton bean 'org.springframework.boot.autoconfigure.condition.BeanTypeRegistry'
2017-10-26 07:47:00.850 DEBUG 12192 --- [    Test worker] o.s.b.f.s.DefaultListableBeanFactory     : Returning cached instance of singleton bean 'autoConfigurationReport'
2017-10-26 07:47:00.851 DEBUG 12192 --- [    Test worker] a.ConfigurationClassBeanDefinitionReader : Registering bean definition for @Bean method org.springframework.boot.autoconfigure.orm.jpa.HibernateJpaConfiguration.entityManagerFactory()
2017-10-26 07:47:00.852 DEBUG 12192 --- [    Test worker] a.ConfigurationClassBeanDefinitionReader : Registered bean definition for imported class 'org.springframework.boot.autoconfigure.orm.jpa.HibernateJpaAutoConfiguration'
2017-10-26 07:47:00.852 DEBUG 12192 --- [    Test worker] a.ConfigurationClassBeanDefinitionReader : Registered bean definition for imported class 'org.springframework.boot.autoconfigure.context.ConfigurationPropertiesAutoConfiguration'
2017-10-26 07:47:00.852 DEBUG 12192 --- [    Test worker] o.s.b.f.s.DefaultListableBeanFactory     : Returning cached instance of singleton bean 'autoConfigurationReport'
2017-10-26 07:47:00.852 DEBUG 12192 --- [    Test worker] a.ConfigurationClassBeanDefinitionReader : Registered bean definition for imported class 'org.springframework.boot.autoconfigure.dao.PersistenceExceptionTranslationAutoConfiguration'
2017-10-26 07:47:00.853 DEBUG 12192 --- [    Test worker] o.s.b.f.s.DefaultListableBeanFactory     : Returning cached instance of singleton bean 'autoConfigurationReport'
2017-10-26 07:47:00.853 DEBUG 12192 --- [    Test worker] o.s.b.f.s.DefaultListableBeanFactory     : Returning cached instance of singleton bean 'org.springframework.boot.autoconfigure.condition.BeanTypeRegistry'
2017-10-26 07:47:00.856 DEBUG 12192 --- [    Test worker] o.s.b.f.s.DefaultListableBeanFactory     : Returning cached instance of singleton bean 'autoConfigurationReport'
2017-10-26 07:47:00.857 DEBUG 12192 --- [    Test worker] a.ConfigurationClassBeanDefinitionReader : Registering bean definition for @Bean method org.springframework.boot.autoconfigure.dao.PersistenceExceptionTranslationAutoConfiguration.persistenceExceptionTranslationPostProcessor()
2017-10-26 07:47:00.857 DEBUG 12192 --- [    Test worker] o.s.b.f.s.DefaultListableBeanFactory     : Returning cached instance of singleton bean 'autoConfigurationReport'
2017-10-26 07:47:00.857 DEBUG 12192 --- [    Test worker] o.s.b.f.s.DefaultListableBeanFactory     : Returning cached instance of singleton bean 'autoConfigurationReport'
2017-10-26 07:47:00.857 DEBUG 12192 --- [    Test worker] o.s.b.f.s.DefaultListableBeanFactory     : Returning cached instance of singleton bean 'org.springframework.boot.autoconfigure.condition.BeanTypeRegistry'
2017-10-26 07:47:00.863 DEBUG 12192 --- [    Test worker] o.s.b.f.s.DefaultListableBeanFactory     : Returning cached instance of singleton bean 'org.springframework.boot.autoconfigure.condition.BeanTypeRegistry'
2017-10-26 07:47:00.863 DEBUG 12192 --- [    Test worker] o.s.b.f.s.DefaultListableBeanFactory     : Returning cached instance of singleton bean 'org.springframework.boot.autoconfigure.condition.BeanTypeRegistry'
2017-10-26 07:47:00.863 DEBUG 12192 --- [    Test worker] o.s.b.f.s.DefaultListableBeanFactory     : Returning cached instance of singleton bean 'autoConfigurationReport'
2017-10-26 07:47:00.863 DEBUG 12192 --- [    Test worker] o.s.b.f.s.DefaultListableBeanFactory     : Returning cached instance of singleton bean 'org.springframework.boot.autoconfigure.condition.BeanTypeRegistry'
2017-10-26 07:47:00.863 DEBUG 12192 --- [    Test worker] o.s.b.f.s.DefaultListableBeanFactory     : Returning cached instance of singleton bean 'org.springframework.boot.autoconfigure.condition.BeanTypeRegistry'
2017-10-26 07:47:00.863 DEBUG 12192 --- [    Test worker] o.s.b.f.s.DefaultListableBeanFactory     : Returning cached instance of singleton bean 'org.springframework.boot.autoconfigure.condition.BeanTypeRegistry'
2017-10-26 07:47:00.863 DEBUG 12192 --- [    Test worker] o.s.b.f.s.DefaultListableBeanFactory     : Returning cached instance of singleton bean 'autoConfigurationReport'
2017-10-26 07:47:00.864 DEBUG 12192 --- [    Test worker] a.ConfigurationClassBeanDefinitionReader : Registered bean definition for imported class 'org.springframework.boot.autoconfigure.data.jpa.JpaRepositoriesAutoConfiguration'
2017-10-26 07:47:00.890 DEBUG 12192 --- [    Test worker] o.s.core.env.StandardEnvironment         : Adding PropertySource 'systemProperties' with lowest search precedence
2017-10-26 07:47:00.890 DEBUG 12192 --- [    Test worker] o.s.core.env.StandardEnvironment         : Adding PropertySource 'systemEnvironment' with lowest search precedence
2017-10-26 07:47:00.891 DEBUG 12192 --- [    Test worker] o.s.core.env.StandardEnvironment         : Initialized StandardEnvironment with PropertySources [MapPropertySource@834062735 {name='systemProperties', properties={java.runtime.name=Java(TM) SE Runtime Environment, sun.boot.library.path=C:\Program Files\Java\jdk1.8.0_151\jre\bin, java.vm.version=25.151-b12, java.vm.vendor=Oracle Corporation, java.vendor.url=http://java.oracle.com/, path.separator=;, java.vm.name=Java HotSpot(TM) 64-Bit Server VM, file.encoding.pkg=sun.io, user.script=, sun.java.launcher=SUN_STANDARD, user.country=US, sun.os.patch.level=, PID=12192, java.vm.specification.name=Java Virtual Machine Specification, user.dir=C:\Users\david.hoyos\eclipse-workspace\Proyectoparqueadero, java.runtime.version=1.8.0_151-b12, java.awt.graphicsenv=sun.awt.Win32GraphicsEnvironment, java.endorsed.dirs=C:\Program Files\Java\jdk1.8.0_151\jre\lib\endorsed, os.arch=amd64, java.io.tmpdir=C:\Users\DAVID~1.HOY\AppData\Local\Temp\, line.separator=
, java.vm.specification.vendor=Oracle Corporation, user.variant=, os.name=Windows 10, sun.jnu.encoding=Cp1252, spring.beaninfo.ignore=true, java.library.path=C:\Program Files\Java\jdk1.8.0_151\bin;C:\WINDOWS\Sun\Java\bin;C:\WINDOWS\system32;C:\WINDOWS;C:/Program Files/Java/jre1.8.0_151/bin/server;C:/Program Files/Java/jre1.8.0_151/bin;C:/Program Files/Java/jre1.8.0_151/lib/amd64;C:\ProgramData\Oracle\Java\javapath;C:\Program Files (x86)\Intel\iCLS Client\;C:\Program Files\Intel\iCLS Client\;C:\Oracle\product\11.1.0\client_1\bin;C:\Program Files\CollabNet\Subversion Client;C:\WINDOWS\system32;C:\WINDOWS;C:\WINDOWS\System32\Wbem;C:\WINDOWS\System32\WindowsPowerShell\v1.0\;C:\Program Files (x86)\Intel\Intel(R) Management Engine Components\DAL;C:\Program Files\Intel\Intel(R) Management Engine Components\DAL;C:\Program Files (x86)\Intel\Intel(R) Management Engine Components\IPT;C:\Program Files\Intel\Intel(R) Management Engine Components\IPT;C:\Program Files\TortoiseSVN\bin;C:\Program Files\PuTTY\;C:\Users\david.hoyos\Documents\Herramientas desarrollo\gradle-4.2.1\bin;C:\Program Files\Git\cmd;C:\Users\david.hoyos\AppData\Local\Microsoft\WindowsApps;;C:\Users\david.hoyos\Documents\Programas\eclipse-jee-oxygen-1a-win32-x86_64\eclipse;;., java.specification.name=Java Platform API Specification, java.class.version=52.0, org.gradle.native=false, sun.management.compiler=HotSpot 64-Bit Tiered Compilers, os.version=10.0, user.home=C:\Users\david.hoyos, user.timezone=America/Bogota, java.awt.printerjob=sun.awt.windows.WPrinterJob, file.encoding=windows-1252, java.specification.version=1.8, java.class.path=C:\Users\david.hoyos\eclipse-workspace\Proyectoparqueadero\build\classes\java\test;C:\Users\david.hoyos\eclipse-workspace\Proyectoparqueadero\build\resources\test;C:\Users\david.hoyos\eclipse-workspace\Proyectoparqueadero\build\classes\java\main;C:\Users\david.hoyos\eclipse-workspace\Proyectoparqueadero\build\resources\main;C:\Users\david.hoyos\Documents\Herramientas desarrollo\gradle-4.2.1\caches\modules-2\files-2.1\org.springframework.boot\spring-boot-starter-data-jpa\2.0.0.M5\7a51c922581611b15f767cd17e14f4f9db60399b\spring-boot-starter-data-jpa-2.0.0.M5.jar;C:\Users\david.hoyos\Documents\Herramientas desarrollo\gradle-4.2.1\caches\modules-2\files-2.1\org.springframework.boot\spring-boot-starter-jdbc\2.0.0.M5\83d7f9f97d4e5501d3d5ce0c42501cebabf6bb5c\spring-boot-starter-jdbc-2.0.0.M5.jar;C:\Users\david.hoyos\Documents\Herramientas desarrollo\gradle-4.2.1\caches\modules-2\files-2.1\org.springframework.boot\spring-boot-starter-web\2.0.0.M5\24eae1fdad773e958d9bab5beb332ecf3fd21d04\spring-boot-starter-web-2.0.0.M5.jar;C:\Users\david.hoyos\Documents\Herramientas desarrollo\gradle-4.2.1\caches\modules-2\files-2.1\com.h2database\h2\1.4.196\dd0034398d593aa3588c6773faac429bbd9aea0e\h2-1.4.196.jar;C:\Users\david.hoyos\Documents\Herramientas desarrollo\gradle-4.2.1\caches\modules-2\files-2.1\org.springframework.boot\spring-boot-starter-test\2.0.0.M5\99cf8b580f1b164faec0ec45d465fd1a8e4c2904\spring-boot-starter-test-2.0.0.M5.jar;C:\Users\david.hoyos\Documents\Herramientas desarrollo\gradle-4.2.1\caches\modules-2\files-2.1\org.mockito\mockito-core\2.10.0\871efe6f2607d8c93dd25b8c1fa09851d4286dd6\mockito-core-2.10.0.jar;C:\Users\david.hoyos\Documents\Herramientas desarrollo\gradle-4.2.1\caches\modules-2\files-2.1\junit\junit\4.12\2973d150c0dc1fefe998f834810d68f278ea58ec\junit-4.12.jar;C:\Users\david.hoyos\Documents\Herramientas desarrollo\gradle-4.2.1\caches\modules-2\files-2.1\org.springframework.boot\spring-boot-starter-aop\2.0.0.M5\1c71fd43cc812cf72b15f2d216ef9a0bea4e8584\spring-boot-starter-aop-2.0.0.M5.jar;C:\Users\david.hoyos\Documents\Herramientas desarrollo\gradle-4.2.1\caches\modules-2\files-2.1\org.springframework.boot\spring-boot-starter-json\2.0.0.M5\b9a48a0ea21bce60a71011f85e4494b70e0f1f03\spring-boot-starter-json-2.0.0.M5.jar;C:\Users\david.hoyos\Documents\Herramientas desarrollo\gradle-4.2.1\caches\modules-2\files-2.1\org.springframework.boot\spring-boot-starter\2.0.0.M5\43635ad065765d9e9bfdbf7009d8961e1d852a4c\spring-boot-starter-2.0.0.M5.jar;C:\Users\david.hoyos\Documents\Herramientas desarrollo\gradle-4.2.1\caches\modules-2\files-2.1\org.hibernate\hibernate-core\5.2.11.Final\c7bc35a9caccb66f6b7209849c5feab8241abb76\hibernate-core-5.2.11.Final.jar;C:\Users\david.hoyos\Documents\Herramientas desarrollo\gradle-4.2.1\caches\modules-2\files-2.1\javax.transaction\javax.transaction-api\1.2\d81aff979d603edd90dcd8db2abc1f4ce6479e3e\javax.transaction-api-1.2.jar;C:\Users\david.hoyos\Documents\Herramientas desarrollo\gradle-4.2.1\caches\modules-2\files-2.1\org.springframework.data\spring-data-jpa\2.0.0.RELEASE\37298e64c40bfd4b51335df41afa8a5e509ba5de\spring-data-jpa-2.0.0.RELEASE.jar;C:\Users\david.hoyos\Documents\Herramientas desarrollo\gradle-4.2.1\caches\modules-2\files-2.1\org.springframework\spring-aspects\5.0.0.RELEASE\bf63871e3c0fc83d550c7f54c67a376a1b896180\spring-aspects-5.0.0.RELEASE.jar;C:\Users\david.hoyos\Documents\Herramientas desarrollo\gradle-4.2.1\caches\modules-2\files-2.1\com.zaxxer\HikariCP\2.7.2\8eadf835d2f74c30b75ffcb2693bb6853b85cf1e\HikariCP-2.7.2.jar;C:\Users\david.hoyos\Documents\Herramientas desarrollo\gradle-4.2.1\caches\modules-2\files-2.1\org.springframework\spring-orm\5.0.0.RELEASE\3b129d4a305f0fba7c4e9210b6dd3e6cb6e9f6c4\spring-orm-5.0.0.RELEASE.jar;C:\Users\david.hoyos\Documents\Herramientas desarrollo\gradle-4.2.1\caches\modules-2\files-2.1\org.springframework\spring-jdbc\5.0.0.RELEASE\e6c73a4dd93956fcfd59887c64f0989f3fd004b5\spring-jdbc-5.0.0.RELEASE.jar;C:\Users\david.hoyos\Documents\Herramientas desarrollo\gradle-4.2.1\caches\modules-2\files-2.1\org.springframework.boot\spring-boot-starter-tomcat\2.0.0.M5\39709bc8ea0727e498877c1d1e7bcb7c3eb037f6\spring-boot-starter-tomcat-2.0.0.M5.jar;C:\Users\david.hoyos\Documents\Herramientas desarrollo\gradle-4.2.1\caches\modules-2\files-2.1\org.hibernate.validator\hibernate-validator\6.0.2.Final\41c0d6a3ce1298b09a9ddb944bd251c8d1345b5c\hibernate-validator-6.0.2.Final.jar;C:\Users\david.hoyos\Documents\Herramientas desarrollo\gradle-4.2.1\caches\modules-2\files-2.1\org.springframework\spring-webmvc\5.0.0.RELEASE\7efad8565e5e609d1ff301043b8ea31080796391\spring-webmvc-5.0.0.RELEASE.jar;C:\Users\david.hoyos\Documents\Herramientas desarrollo\gradle-4.2.1\caches\modules-2\files-2.1\org.springframework\spring-web\5.0.0.RELEASE\f5c2d9d5668534c308a1ca4eda070cd01320af65\spring-web-5.0.0.RELEASE.jar;C:\Users\david.hoyos\Documents\Herramientas desarrollo\gradle-4.2.1\caches\modules-2\files-2.1\org.springframework.boot\spring-boot-test-autoconfigure\2.0.0.M5\7b249ede1134de624ccac65833d8bc9d30bc07ce\spring-boot-test-autoconfigure-2.0.0.M5.jar;C:\Users\david.hoyos\Documents\Herramientas desarrollo\gradle-4.2.1\caches\modules-2\files-2.1\org.springframework.boot\spring-boot-test\2.0.0.M5\2851cc485015f560d11054013fa77b39829c08a\spring-boot-test-2.0.0.M5.jar;C:\Users\david.hoyos\Documents\Herramientas desarrollo\gradle-4.2.1\caches\modules-2\files-2.1\com.jayway.jsonpath\json-path\2.4.0\765a4401ceb2dc8d40553c2075eb80a8fa35c2ae\json-path-2.4.0.jar;C:\Users\david.hoyos\Documents\Herramientas desarrollo\gradle-4.2.1\caches\modules-2\files-2.1\org.assertj\assertj-core\3.8.0\b209d90ff2e279bee3e02547ee7b11349c52d0e3\assertj-core-3.8.0.jar;C:\Users\david.hoyos\Documents\Herramientas desarrollo\gradle-4.2.1\caches\modules-2\files-2.1\org.hamcrest\hamcrest-library\1.3\4785a3c21320980282f9f33d0d1264a69040538f\hamcrest-library-1.3.jar;C:\Users\david.hoyos\Documents\Herramientas desarrollo\gradle-4.2.1\caches\modules-2\files-2.1\org.hamcrest\hamcrest-core\1.3\42a25dc3219429f0e5d060061f71acb49bf010a0\hamcrest-core-1.3.jar;C:\Users\david.hoyos\Documents\Herramientas desarrollo\gradle-4.2.1\caches\modules-2\files-2.1\org.skyscreamer\jsonassert\1.5.0\6c9d5fe2f59da598d9aefc1cfc6528ff3cf32df3\jsonassert-1.5.0.jar;C:\Users\david.hoyos\Documents\Herramientas desarrollo\gradle-4.2.1\caches\modules-2\files-2.1\org.springframework\spring-test\5.0.0.RELEASE\f39db690694a902197866df3c89ac277605b63c4\spring-test-5.0.0.RELEASE.jar;C:\Users\david.hoyos\Documents\Herramientas desarrollo\gradle-4.2.1\caches\modules-2\files-2.1\org.springframework.boot\spring-boot-autoconfigure\2.0.0.M5\975d5afb6a8dee42650842c5821d905657747bbc\spring-boot-autoconfigure-2.0.0.M5.jar;C:\Users\david.hoyos\Documents\Herramientas desarrollo\gradle-4.2.1\caches\modules-2\files-2.1\org.springframework.boot\spring-boot\2.0.0.M5\31de735c7a77fa2961185d48ce66570d74f656ae\spring-boot-2.0.0.M5.jar;C:\Users\david.hoyos\Documents\Herramientas desarrollo\gradle-4.2.1\caches\modules-2\files-2.1\org.springframework\spring-context\5.0.0.RELEASE\bf5165fcd47f582f9addcd2a41424b08ea00d880\spring-context-5.0.0.RELEASE.jar;C:\Users\david.hoyos\Documents\Herramientas desarrollo\gradle-4.2.1\caches\modules-2\files-2.1\org.springframework\spring-aop\5.0.0.RELEASE\717d06b89e32f51f329094f709662f8414c0843f\spring-aop-5.0.0.RELEASE.jar;C:\Users\david.hoyos\Documents\Herramientas desarrollo\gradle-4.2.1\caches\modules-2\files-2.1\org.springframework.data\spring-data-commons\2.0.0.RELEASE\b97dad2d501c2baf49b497733bb19f7a05d52142\spring-data-commons-2.0.0.RELEASE.jar;C:\Users\david.hoyos\Documents\Herramientas desarrollo\gradle-4.2.1\caches\modules-2\files-2.1\org.springframework\spring-tx\5.0.0.RELEASE\359eb5245c54257085b9eb2fc11c68dde3325d7\spring-tx-5.0.0.RELEASE.jar;C:\Users\david.hoyos\Documents\Herramientas desarrollo\gradle-4.2.1\caches\modules-2\files-2.1\org.springframework\spring-beans\5.0.0.RELEASE\6f95f071cfe29a84661648e5445dcb054be0cfa7\spring-beans-5.0.0.RELEASE.jar;C:\Users\david.hoyos\Documents\Herramientas desarrollo\gradle-4.2.1\caches\modules-2\files-2.1\org.springframework\spring-expression\5.0.0.RELEASE\48cdf1b2ea2a510c731e5e08f75299e3cb8e9d68\spring-expression-5.0.0.RELEASE.jar;C:\Users\david.hoyos\Documents\Herramientas desarrollo\gradle-4.2.1\caches\modules-2\files-2.1\org.springframework\spring-core\5.0.0.RELEASE\3a9bb910e8943b5ef59b193a1621daba46456ca9\spring-core-5.0.0.RELEASE.jar;C:\Users\david.hoyos\Documents\Herramientas desarrollo\gradle-4.2.1\caches\modules-2\files-2.1\org.xmlunit\xmlunit-core\2.5.0\7464e446df1051ac5196ffd2c28ee903a1104133\xmlunit-core-2.5.0.jar;C:\Users\david.hoyos\Documents\Herramientas desarrollo\gradle-4.2.1\caches\modules-2\files-2.1\net.bytebuddy\byte-buddy\1.7.6\f79a6ca612ed13038efedbbba1ead83b8d6fe7ec\byte-buddy-1.7.6.jar;C:\Users\david.hoyos\Documents\Herramientas desarrollo\gradle-4.2.1\caches\modules-2\files-2.1\net.bytebuddy\byte-buddy-agent\1.7.6\e863f5ab595f480f42d641f22935437e679d4beb\byte-buddy-agent-1.7.6.jar;C:\Users\david.hoyos\Documents\Herramientas desarrollo\gradle-4.2.1\caches\modules-2\files-2.1\org.objenesis\objenesis\2.6\639033469776fd37c08358c6b92a4761feb2af4b\objenesis-2.6.jar;C:\Users\david.hoyos\Documents\Herramientas desarrollo\gradle-4.2.1\caches\modules-2\files-2.1\org.springframework.boot\spring-boot-starter-logging\2.0.0.M5\ed3e13b588ee8ec5b43b4bbc9f9880a412c4b026\spring-boot-starter-logging-2.0.0.M5.jar;C:\Users\david.hoyos\Documents\Herramientas desarrollo\gradle-4.2.1\caches\modules-2\files-2.1\javax.annotation\javax.annotation-api\1.3.1\20a2c0583598d68b0835474bbe07792d4f3b219f\javax.annotation-api-1.3.1.jar;C:\Users\david.hoyos\Documents\Herramientas desarrollo\gradle-4.2.1\caches\modules-2\files-2.1\org.yaml\snakeyaml\1.18\e4a441249ade301985cb8d009d4e4a72b85bf68e\snakeyaml-1.18.jar;C:\Users\david.hoyos\Documents\Herramientas desarrollo\gradle-4.2.1\caches\modules-2\files-2.1\org.aspectj\aspectjweaver\1.8.11\9807e0e13c8a295f15882721db50fa3d142c44a9\aspectjweaver-1.8.11.jar;C:\Users\david.hoyos\Documents\Herramientas desarrollo\gradle-4.2.1\caches\modules-2\files-2.1\org.hibernate.common\hibernate-commons-annotations\5.0.1.Final\71e1cff3fcb20d3b3af4f3363c3ddb24d33c6879\hibernate-commons-annotations-5.0.1.Final.jar;C:\Users\david.hoyos\Documents\Herramientas desarrollo\gradle-4.2.1\caches\modules-2\files-2.1\org.jboss.logging\jboss-logging\3.3.1.Final\c46217ab74b532568c0ed31dc599db3048bd1b67\jboss-logging-3.3.1.Final.jar;C:\Users\david.hoyos\Documents\Herramientas desarrollo\gradle-4.2.1\caches\modules-2\files-2.1\org.hibernate.javax.persistence\hibernate-jpa-2.1-api\1.0.0.Final\5e731d961297e5a07290bfaf3db1fbc8bbbf405a\hibernate-jpa-2.1-api-1.0.0.Final.jar;C:\Users\david.hoyos\Documents\Herramientas desarrollo\gradle-4.2.1\caches\modules-2\files-2.1\org.javassist\javassist\3.22.0-CR2\44eaf0990dea92f4bca4b9931b2239c0e8756ee7\javassist-3.22.0-CR2.jar;C:\Users\david.hoyos\Documents\Herramientas desarrollo\gradle-4.2.1\caches\modules-2\files-2.1\antlr\antlr\2.7.7\83cd2cd674a217ade95a4bb83a8a14f351f48bd0\antlr-2.7.7.jar;C:\Users\david.hoyos\Documents\Herramientas desarrollo\gradle-4.2.1\caches\modules-2\files-2.1\org.jboss\jandex\2.0.3.Final\bfc4d6257dbff7a33a357f0de116be6ff951d849\jandex-2.0.3.Final.jar;C:\Users\david.hoyos\Documents\Herramientas desarrollo\gradle-4.2.1\caches\modules-2\files-2.1\com.fasterxml\classmate\1.3.4\3d5f48f10bbe4eb7bd862f10c0583be2e0053c6\classmate-1.3.4.jar;C:\Users\david.hoyos\Documents\Herramientas desarrollo\gradle-4.2.1\caches\modules-2\files-2.1\dom4j\dom4j\1.6.1\5d3ccc056b6f056dbf0dddfdf43894b9065a8f94\dom4j-1.6.1.jar;C:\Users\david.hoyos\Documents\Herramientas desarrollo\gradle-4.2.1\caches\modules-2\files-2.1\ch.qos.logback\logback-classic\1.2.3\7c4f3c474fb2c041d8028740440937705ebb473a\logback-classic-1.2.3.jar;C:\Users\david.hoyos\Documents\Herramientas desarrollo\gradle-4.2.1\caches\modules-2\files-2.1\org.slf4j\jul-to-slf4j\1.7.25\af5364cd6679bfffb114f0dec8a157aaa283b76\jul-to-slf4j-1.7.25.jar;C:\Users\david.hoyos\Documents\Herramientas desarrollo\gradle-4.2.1\caches\modules-2\files-2.1\org.slf4j\log4j-over-slf4j\1.7.25\a87bb47468f47ee7aabbd54f93e133d4215769c3\log4j-over-slf4j-1.7.25.jar;C:\Users\david.hoyos\Documents\Herramientas desarrollo\gradle-4.2.1\caches\modules-2\files-2.1\org.slf4j\slf4j-api\1.7.25\da76ca59f6a57ee3102f8f9bd9cee742973efa8a\slf4j-api-1.7.25.jar;C:\Users\david.hoyos\Documents\Herramientas desarrollo\gradle-4.2.1\caches\modules-2\files-2.1\com.fasterxml.jackson.datatype\jackson-datatype-jdk8\2.9.1\dc5c9b4349c1c18388aa1ec5a9264e6893b732a8\jackson-datatype-jdk8-2.9.1.jar;C:\Users\david.hoyos\Documents\Herramientas desarrollo\gradle-4.2.1\caches\modules-2\files-2.1\com.fasterxml.jackson.datatype\jackson-datatype-jsr310\2.9.1\dbac0f60c8ea8c6e6cc6a761c0d8f300296fcf3d\jackson-datatype-jsr310-2.9.1.jar;C:\Users\david.hoyos\Documents\Herramientas desarrollo\gradle-4.2.1\caches\modules-2\files-2.1\com.fasterxml.jackson.module\jackson-module-parameter-names\2.9.1\df51ae82d0878f62f7bdcbd47d423e3cde04b3ef\jackson-module-parameter-names-2.9.1.jar;C:\Users\david.hoyos\Documents\Herramientas desarrollo\gradle-4.2.1\caches\modules-2\files-2.1\com.fasterxml.jackson.module\jackson-module-kotlin\2.9.1\cf37d75de23b87a664ea0b497b04fc601a783f2a\jackson-module-kotlin-2.9.1.jar;C:\Users\david.hoyos\Documents\Herramientas desarrollo\gradle-4.2.1\caches\modules-2\files-2.1\com.fasterxml.jackson.core\jackson-databind\2.9.1\716da1830a2043f18882fc036ec26eb32cbe5aff\jackson-databind-2.9.1.jar;C:\Users\david.hoyos\Documents\Herramientas desarrollo\gradle-4.2.1\caches\modules-2\files-2.1\org.apache.tomcat.embed\tomcat-embed-websocket\8.5.23\52f07abcae10dc7e1764304b0877def175c2c833\tomcat-embed-websocket-8.5.23.jar;C:\Users\david.hoyos\Documents\Herramientas desarrollo\gradle-4.2.1\caches\modules-2\files-2.1\org.apache.tomcat.embed\tomcat-embed-core\8.5.23\79261793a47f507890ee08f749b9d81774e4f7f0\tomcat-embed-core-8.5.23.jar;C:\Users\david.hoyos\Documents\Herramientas desarrollo\gradle-4.2.1\caches\modules-2\files-2.1\org.apache.tomcat.embed\tomcat-embed-el\8.5.23\98d979cde444dffa6d434c8377d0123b2dfa614c\tomcat-embed-el-8.5.23.jar;C:\Users\david.hoyos\Documents\Herramientas desarrollo\gradle-4.2.1\caches\modules-2\files-2.1\javax.validation\validation-api\2.0.0.Final\4a7ff48084bd336c4de1f79f027f6f77badf399e\validation-api-2.0.0.Final.jar;C:\Users\david.hoyos\Documents\Herramientas desarrollo\gradle-4.2.1\caches\modules-2\files-2.1\net.minidev\json-smart\2.3\7396407491352ce4fa30de92efb158adb76b5b\json-smart-2.3.jar;C:\Users\david.hoyos\Documents\Herramientas desarrollo\gradle-4.2.1\caches\modules-2\files-2.1\com.vaadin.external.google\android-json\0.0.20131108.vaadin1\fa26d351fe62a6a17f5cda1287c1c6110dec413f\android-json-0.0.20131108.vaadin1.jar;C:\Users\david.hoyos\Documents\Herramientas desarrollo\gradle-4.2.1\caches\modules-2\files-2.1\org.springframework\spring-jcl\5.0.0.RELEASE\ab0a2114cab7b9e04adf79d812c714f3cbf4abf7\spring-jcl-5.0.0.RELEASE.jar;C:\Users\david.hoyos\Documents\Herramientas desarrollo\gradle-4.2.1\caches\modules-2\files-2.1\com.fasterxml.jackson.core\jackson-annotations\2.9.0\7c10d545325e3a6e72e06381afe469fd40eb701\jackson-annotations-2.9.0.jar;C:\Users\david.hoyos\Documents\Herramientas desarrollo\gradle-4.2.1\caches\modules-2\files-2.1\com.fasterxml.jackson.core\jackson-core\2.9.1\60077fe98b11e4e7cf8af9b20609326a166d6ac4\jackson-core-2.9.1.jar;C:\Users\david.hoyos\Documents\Herramientas desarrollo\gradle-4.2.1\caches\modules-2\files-2.1\org.apache.tomcat\tomcat-annotations-api\8.5.23\aaf17df9fe0240e9e9d5375d24d5f177174b73d9\tomcat-annotations-api-8.5.23.jar;C:\Users\david.hoyos\Documents\Herramientas desarrollo\gradle-4.2.1\caches\modules-2\files-2.1\net.minidev\accessors-smart\1.2\c592b500269bfde36096641b01238a8350f8aa31\accessors-smart-1.2.jar;C:\Users\david.hoyos\Documents\Herramientas desarrollo\gradle-4.2.1\caches\modules-2\files-2.1\ch.qos.logback\logback-core\1.2.3\864344400c3d4d92dfeb0a305dc87d953677c03c\logback-core-1.2.3.jar;C:\Users\david.hoyos\Documents\Herramientas desarrollo\gradle-4.2.1\caches\modules-2\files-2.1\org.ow2.asm\asm\5.0.4\da08b8cce7bbf903602a25a3a163ae252435795\asm-5.0.4.jar, user.name=david.hoyos, java.vm.specification.version=1.8, sun.java.command=worker.org.gradle.process.internal.worker.GradleWorkerMain 'Gradle Test Executor 2', java.home=C:\Program Files\Java\jdk1.8.0_151\jre, sun.arch.data.model=64, user.language=en, java.specification.vendor=Oracle Corporation, awt.toolkit=sun.awt.windows.WToolkit, java.vm.info=mixed mode, java.version=1.8.0_151, java.ext.dirs=C:\Program Files\Java\jdk1.8.0_151\jre\lib\ext;C:\WINDOWS\Sun\Java\lib\ext, sun.boot.class.path=C:\Program Files\Java\jdk1.8.0_151\jre\lib\resources.jar;C:\Program Files\Java\jdk1.8.0_151\jre\lib\rt.jar;C:\Program Files\Java\jdk1.8.0_151\jre\lib\sunrsasign.jar;C:\Program Files\Java\jdk1.8.0_151\jre\lib\jsse.jar;C:\Program Files\Java\jdk1.8.0_151\jre\lib\jce.jar;C:\Program Files\Java\jdk1.8.0_151\jre\lib\charsets.jar;C:\Program Files\Java\jdk1.8.0_151\jre\lib\jfr.jar;C:\Program Files\Java\jdk1.8.0_151\jre\classes, java.awt.headless=true, java.vendor=Oracle Corporation, org.gradle.test.worker=2, file.separator=\, java.vendor.url.bug=http://bugreport.sun.com/bugreport/, sun.io.unicode.encoding=UnicodeLittle, sun.cpu.endian=little, sun.desktop=windows, sun.cpu.isalist=amd64}}, SystemEnvironmentPropertySource@1492083735 {name='systemEnvironment', properties={USERDOMAIN_ROAMINGPROFILE=CEIBA, LOCALAPPDATA=C:\Users\david.hoyos\AppData\Local, PROCESSOR_LEVEL=6, USERDOMAIN=CEIBA, FPS_BROWSER_APP_PROFILE_STRING=Internet Explorer, LOGONSERVER=\\ARES, SESSIONNAME=Console, ALLUSERSPROFILE=C:\ProgramData, PROCESSOR_ARCHITECTURE=AMD64, PSModulePath=C:\Program Files\WindowsPowerShell\Modules;C:\WINDOWS\system32\WindowsPowerShell\v1.0\Modules, SystemDrive=C:, OneDrive=C:\Users\david.hoyos\OneDrive, APPDATA=C:\Users\david.hoyos\AppData\Roaming, USERNAME=david.hoyos, USERDNSDOMAIN=CEIBA.LOCAL, ProgramFiles(x86)=C:\Program Files (x86), CommonProgramFiles=C:\Program Files\Common Files, Path=C:/Program Files/Java/jre1.8.0_151/bin/server;C:/Program Files/Java/jre1.8.0_151/bin;C:/Program Files/Java/jre1.8.0_151/lib/amd64;C:\ProgramData\Oracle\Java\javapath;C:\Program Files (x86)\Intel\iCLS Client\;C:\Program Files\Intel\iCLS Client\;C:\Oracle\product\11.1.0\client_1\bin;C:\Program Files\CollabNet\Subversion Client;C:\WINDOWS\system32;C:\WINDOWS;C:\WINDOWS\System32\Wbem;C:\WINDOWS\System32\WindowsPowerShell\v1.0\;C:\Program Files (x86)\Intel\Intel(R) Management Engine Components\DAL;C:\Program Files\Intel\Intel(R) Management Engine Components\DAL;C:\Program Files (x86)\Intel\Intel(R) Management Engine Components\IPT;C:\Program Files\Intel\Intel(R) Management Engine Components\IPT;C:\Program Files\TortoiseSVN\bin;C:\Program Files\PuTTY\;C:\Users\david.hoyos\Documents\Herramientas desarrollo\gradle-4.2.1\bin;C:\Program Files\Git\cmd;C:\Users\david.hoyos\AppData\Local\Microsoft\WindowsApps;;C:\Users\david.hoyos\Documents\Programas\eclipse-jee-oxygen-1a-win32-x86_64\eclipse;, FPS_BROWSER_USER_PROFILE_STRING=Default, PATHEXT=.COM;.EXE;.BAT;.CMD;.VBS;.VBE;.JS;.JSE;.WSF;.WSH;.MSC, OS=Windows_NT, COMPUTERNAME=DAVID-HOYOS, PROCESSOR_REVISION=3a09, CommonProgramW6432=C:\Program Files\Common Files, ComSpec=C:\WINDOWS\system32\cmd.exe, ProgramData=C:\ProgramData, ProgramW6432=C:\Program Files, HOMEPATH=\Users\david.hoyos, SystemRoot=C:\WINDOWS, TEMP=C:\Users\DAVID~1.HOY\AppData\Local\Temp, HOMEDRIVE=C:, PROCESSOR_IDENTIFIER=Intel64 Family 6 Model 58 Stepping 9, GenuineIntel, USERPROFILE=C:\Users\david.hoyos, TMP=C:\Users\DAVID~1.HOY\AppData\Local\Temp, CommonProgramFiles(x86)=C:\Program Files (x86)\Common Files, ProgramFiles=C:\Program Files, PUBLIC=C:\Users\Public, NUMBER_OF_PROCESSORS=8, windir=C:\WINDOWS, =::=::\}}]
2017-10-26 07:47:00.895 DEBUG 12192 --- [    Test worker] o.s.b.f.s.DefaultListableBeanFactory     : Creating shared instance of singleton bean 'org.springframework.boot.autoconfigure.AutoConfigurationPackages'
2017-10-26 07:47:00.895 DEBUG 12192 --- [    Test worker] o.s.b.f.s.DefaultListableBeanFactory     : Creating instance of bean 'org.springframework.boot.autoconfigure.AutoConfigurationPackages'
2017-10-26 07:47:00.896 DEBUG 12192 --- [    Test worker] o.s.b.f.s.DefaultListableBeanFactory     : Eagerly caching bean 'org.springframework.boot.autoconfigure.AutoConfigurationPackages' to allow for resolving potential circular references
2017-10-26 07:47:00.896 DEBUG 12192 --- [    Test worker] o.s.b.f.s.DefaultListableBeanFactory     : Finished creating instance of bean 'org.springframework.boot.autoconfigure.AutoConfigurationPackages'
2017-10-26 07:47:00.896 DEBUG 12192 --- [    Test worker] o.s.b.a.AutoConfigurationPackages        : @EnableAutoConfiguration was declared on a class in the package 'com.ceiba.Proyectoparqueadero'. Automatic @Repository and @Entity scanning is enabled.
2017-10-26 07:47:00.897 DEBUG 12192 --- [    Test worker] .i.s.PathMatchingResourcePatternResolver : Resolved classpath location [com/ceiba/Proyectoparqueadero/] to resources [URL [file:/C:/Users/david.hoyos/eclipse-workspace/Proyectoparqueadero/build/classes/java/test/com/ceiba/Proyectoparqueadero/], URL [file:/C:/Users/david.hoyos/eclipse-workspace/Proyectoparqueadero/build/classes/java/main/com/ceiba/Proyectoparqueadero/]]
2017-10-26 07:47:00.898 DEBUG 12192 --- [    Test worker] .i.s.PathMatchingResourcePatternResolver : Looking for matching resources in directory tree [C:\Users\david.hoyos\eclipse-workspace\Proyectoparqueadero\build\classes\java\test\com\ceiba\Proyectoparqueadero]
2017-10-26 07:47:00.898 DEBUG 12192 --- [    Test worker] .i.s.PathMatchingResourcePatternResolver : Searching directory [C:\Users\david.hoyos\eclipse-workspace\Proyectoparqueadero\build\classes\java\test\com\ceiba\Proyectoparqueadero] for files matching pattern [C:/Users/david.hoyos/eclipse-workspace/Proyectoparqueadero/build/classes/java/test/com/ceiba/Proyectoparqueadero/**/*.class]
2017-10-26 07:47:00.898 DEBUG 12192 --- [    Test worker] .i.s.PathMatchingResourcePatternResolver : Looking for matching resources in directory tree [C:\Users\david.hoyos\eclipse-workspace\Proyectoparqueadero\build\classes\java\main\com\ceiba\Proyectoparqueadero]
2017-10-26 07:47:00.899 DEBUG 12192 --- [    Test worker] .i.s.PathMatchingResourcePatternResolver : Searching directory [C:\Users\david.hoyos\eclipse-workspace\Proyectoparqueadero\build\classes\java\main\com\ceiba\Proyectoparqueadero] for files matching pattern [C:/Users/david.hoyos/eclipse-workspace/Proyectoparqueadero/build/classes/java/main/com/ceiba/Proyectoparqueadero/**/*.class]
2017-10-26 07:47:00.899 DEBUG 12192 --- [    Test worker] .i.s.PathMatchingResourcePatternResolver : Resolved location pattern [classpath*:com/ceiba/Proyectoparqueadero/**/*.class] to resources [file [C:\Users\david.hoyos\eclipse-workspace\Proyectoparqueadero\build\classes\java\test\com\ceiba\Proyectoparqueadero\ProyectoparqueaderoApplicationTests.class], file [C:\Users\david.hoyos\eclipse-workspace\Proyectoparqueadero\build\classes\java\main\com\ceiba\Proyectoparqueadero\ProyectoparqueaderoApplication.class]]
2017-10-26 07:47:00.900 DEBUG 12192 --- [    Test worker] o.s.b.f.s.DefaultListableBeanFactory     : Returning cached instance of singleton bean 'autoConfigurationReport'
2017-10-26 07:47:00.900 DEBUG 12192 --- [    Test worker] o.s.b.f.s.DefaultListableBeanFactory     : Returning cached instance of singleton bean 'autoConfigurationReport'
2017-10-26 07:47:00.900 DEBUG 12192 --- [    Test worker] a.ConfigurationClassBeanDefinitionReader : Registered bean definition for imported class 'org.springframework.boot.autoconfigure.http.HttpMessageConvertersAutoConfiguration$StringHttpMessageConverterConfiguration'
2017-10-26 07:47:00.900 DEBUG 12192 --- [    Test worker] o.s.b.f.s.DefaultListableBeanFactory     : Returning cached instance of singleton bean 'org.springframework.boot.autoconfigure.condition.BeanTypeRegistry'
2017-10-26 07:47:00.905 DEBUG 12192 --- [    Test worker] o.s.b.f.s.DefaultListableBeanFactory     : Returning cached instance of singleton bean 'autoConfigurationReport'
2017-10-26 07:47:00.906 DEBUG 12192 --- [    Test worker] a.ConfigurationClassBeanDefinitionReader : Registering bean definition for @Bean method org.springframework.boot.autoconfigure.http.HttpMessageConvertersAutoConfiguration$StringHttpMessageConverterConfiguration.stringHttpMessageConverter()
2017-10-26 07:47:00.906 DEBUG 12192 --- [    Test worker] o.s.b.f.s.DefaultListableBeanFactory     : Returning cached instance of singleton bean 'autoConfigurationReport'
2017-10-26 07:47:00.907 DEBUG 12192 --- [    Test worker] o.s.b.f.s.DefaultListableBeanFactory     : Returning cached instance of singleton bean 'autoConfigurationReport'
2017-10-26 07:47:00.907 DEBUG 12192 --- [    Test worker] o.s.b.f.s.DefaultListableBeanFactory     : Returning cached instance of singleton bean 'org.springframework.boot.autoconfigure.condition.BeanTypeRegistry'
2017-10-26 07:47:00.907 DEBUG 12192 --- [    Test worker] o.s.b.f.s.DefaultListableBeanFactory     : Returning cached instance of singleton bean 'autoConfigurationReport'
2017-10-26 07:47:00.907 DEBUG 12192 --- [    Test worker] a.ConfigurationClassBeanDefinitionReader : Registered bean definition for imported class 'org.springframework.boot.autoconfigure.http.JacksonHttpMessageConvertersConfiguration$MappingJackson2HttpMessageConverterConfiguration'
2017-10-26 07:47:00.908 DEBUG 12192 --- [    Test worker] o.s.b.f.s.DefaultListableBeanFactory     : Returning cached instance of singleton bean 'org.springframework.boot.autoconfigure.condition.BeanTypeRegistry'
2017-10-26 07:47:00.909 DEBUG 12192 --- [    Test worker] o.s.b.f.s.DefaultListableBeanFactory     : Returning cached instance of singleton bean 'autoConfigurationReport'
2017-10-26 07:47:00.910 DEBUG 12192 --- [    Test worker] a.ConfigurationClassBeanDefinitionReader : Registering bean definition for @Bean method org.springframework.boot.autoconfigure.http.JacksonHttpMessageConvertersConfiguration$MappingJackson2HttpMessageConverterConfiguration.mappingJackson2HttpMessageConverter()
2017-10-26 07:47:00.910 DEBUG 12192 --- [    Test worker] a.ConfigurationClassBeanDefinitionReader : Registered bean definition for imported class 'org.springframework.boot.autoconfigure.http.JacksonHttpMessageConvertersConfiguration'
2017-10-26 07:47:00.912 DEBUG 12192 --- [    Test worker] a.ConfigurationClassBeanDefinitionReader : Registered bean definition for imported class 'org.springframework.boot.autoconfigure.http.HttpMessageConvertersAutoConfiguration'
2017-10-26 07:47:00.913 DEBUG 12192 --- [    Test worker] o.s.b.f.s.DefaultListableBeanFactory     : Returning cached instance of singleton bean 'org.springframework.boot.autoconfigure.condition.BeanTypeRegistry'
2017-10-26 07:47:00.914 DEBUG 12192 --- [    Test worker] o.s.b.f.s.DefaultListableBeanFactory     : Returning cached instance of singleton bean 'autoConfigurationReport'
2017-10-26 07:47:00.914 DEBUG 12192 --- [    Test worker] a.ConfigurationClassBeanDefinitionReader : Registering bean definition for @Bean method org.springframework.boot.autoconfigure.http.HttpMessageConvertersAutoConfiguration.messageConverters()
2017-10-26 07:47:00.914 DEBUG 12192 --- [    Test worker] o.s.b.f.s.DefaultListableBeanFactory     : Returning cached instance of singleton bean 'autoConfigurationReport'
2017-10-26 07:47:00.914 DEBUG 12192 --- [    Test worker] o.s.b.f.s.DefaultListableBeanFactory     : Returning cached instance of singleton bean 'autoConfigurationReport'
2017-10-26 07:47:00.914 DEBUG 12192 --- [    Test worker] o.s.b.f.s.DefaultListableBeanFactory     : Returning cached instance of singleton bean 'org.springframework.boot.autoconfigure.condition.BeanTypeRegistry'
2017-10-26 07:47:00.915 DEBUG 12192 --- [    Test worker] o.s.b.f.s.DefaultListableBeanFactory     : Returning cached instance of singleton bean 'autoConfigurationReport'
2017-10-26 07:47:00.915 DEBUG 12192 --- [    Test worker] a.ConfigurationClassBeanDefinitionReader : Registered bean definition for imported class 'org.springframework.data.web.config.SpringDataWebConfiguration'
2017-10-26 07:47:00.915 DEBUG 12192 --- [    Test worker] a.ConfigurationClassBeanDefinitionReader : Registering bean definition for @Bean method org.springframework.data.web.config.SpringDataWebConfiguration.pageableResolver()
2017-10-26 07:47:00.915 DEBUG 12192 --- [    Test worker] a.ConfigurationClassBeanDefinitionReader : Registering bean definition for @Bean method org.springframework.data.web.config.SpringDataWebConfiguration.sortResolver()
2017-10-26 07:47:00.915 DEBUG 12192 --- [    Test worker] a.ConfigurationClassBeanDefinitionReader : Registered bean definition for imported class 'org.springframework.data.web.config.SpringDataJacksonConfiguration'
2017-10-26 07:47:00.915 DEBUG 12192 --- [    Test worker] a.ConfigurationClassBeanDefinitionReader : Registering bean definition for @Bean method org.springframework.data.web.config.SpringDataJacksonConfiguration.jacksonGeoModule()
2017-10-26 07:47:00.916 DEBUG 12192 --- [    Test worker] a.ConfigurationClassBeanDefinitionReader : Registered bean definition for imported class 'org.springframework.boot.autoconfigure.data.web.SpringDataWebAutoConfiguration'
2017-10-26 07:47:00.916 DEBUG 12192 --- [    Test worker] o.s.b.f.s.DefaultListableBeanFactory     : Returning cached instance of singleton bean 'org.springframework.boot.autoconfigure.condition.BeanTypeRegistry'
2017-10-26 07:47:00.920 DEBUG 12192 --- [    Test worker] o.s.b.f.s.DefaultListableBeanFactory     : Returning cached instance of singleton bean 'autoConfigurationReport'
2017-10-26 07:47:00.920 DEBUG 12192 --- [    Test worker] a.ConfigurationClassBeanDefinitionReader : Registering bean definition for @Bean method org.springframework.boot.autoconfigure.data.web.SpringDataWebAutoConfiguration.pageableCustomizer()
2017-10-26 07:47:00.921 DEBUG 12192 --- [    Test worker] o.s.b.f.s.DefaultListableBeanFactory     : Returning cached instance of singleton bean 'org.springframework.boot.autoconfigure.condition.BeanTypeRegistry'
2017-10-26 07:47:00.921 DEBUG 12192 --- [    Test worker] o.s.b.f.s.DefaultListableBeanFactory     : Returning cached instance of singleton bean 'autoConfigurationReport'
2017-10-26 07:47:00.922 DEBUG 12192 --- [    Test worker] a.ConfigurationClassBeanDefinitionReader : Registering bean definition for @Bean method org.springframework.boot.autoconfigure.data.web.SpringDataWebAutoConfiguration.sortCustomizer()
2017-10-26 07:47:00.922 DEBUG 12192 --- [    Test worker] o.s.b.f.s.DefaultListableBeanFactory     : Returning cached instance of singleton bean 'autoConfigurationReport'
2017-10-26 07:47:00.922 DEBUG 12192 --- [    Test worker] o.s.b.f.s.DefaultListableBeanFactory     : Returning cached instance of singleton bean 'autoConfigurationReport'
2017-10-26 07:47:00.922 DEBUG 12192 --- [    Test worker] o.s.c.e.PropertySourcesPropertyResolver  : Found key 'spring.h2.console.enabled' in PropertySource 'configurationProperties' with value of type String
2017-10-26 07:47:00.922 DEBUG 12192 --- [    Test worker] o.s.b.f.s.DefaultListableBeanFactory     : Returning cached instance of singleton bean 'autoConfigurationReport'
2017-10-26 07:47:00.923 DEBUG 12192 --- [    Test worker] a.ConfigurationClassBeanDefinitionReader : Registered bean definition for imported class 'org.springframework.boot.autoconfigure.h2.H2ConsoleAutoConfiguration'
2017-10-26 07:47:00.923 DEBUG 12192 --- [    Test worker] a.ConfigurationClassBeanDefinitionReader : Registering bean definition for @Bean method org.springframework.boot.autoconfigure.h2.H2ConsoleAutoConfiguration.h2Console()
2017-10-26 07:47:00.923 DEBUG 12192 --- [    Test worker] a.ConfigurationClassBeanDefinitionReader : Registered bean definition for imported class 'org.springframework.boot.autoconfigure.info.ProjectInfoAutoConfiguration'
2017-10-26 07:47:00.924 DEBUG 12192 --- [    Test worker] o.s.c.e.PropertySourcesPropertyResolver  : Could not find key 'spring.info.git.location' in any property source
2017-10-26 07:47:00.924 DEBUG 12192 --- [    Test worker] o.s.c.e.PropertySourcesPropertyResolver  : Could not find key 'spring.git.properties' in any property source
2017-10-26 07:47:00.924 DEBUG 12192 --- [    Test worker] o.s.b.f.s.DefaultListableBeanFactory     : Returning cached instance of singleton bean 'autoConfigurationReport'
2017-10-26 07:47:00.924 DEBUG 12192 --- [    Test worker] o.s.c.e.PropertySourcesPropertyResolver  : Could not find key 'spring.info.build.location:classpath:META-INF/build-info.properties' in any property source
2017-10-26 07:47:00.925 DEBUG 12192 --- [    Test worker] o.s.c.e.PropertySourcesPropertyResolver  : Could not find key 'spring.info.build.location' in any property source
2017-10-26 07:47:00.925 DEBUG 12192 --- [    Test worker] o.s.b.f.s.DefaultListableBeanFactory     : Returning cached instance of singleton bean 'autoConfigurationReport'
2017-10-26 07:47:00.925 DEBUG 12192 --- [    Test worker] o.s.b.f.s.DefaultListableBeanFactory     : Returning cached instance of singleton bean 'autoConfigurationReport'
2017-10-26 07:47:00.925 DEBUG 12192 --- [    Test worker] o.s.b.f.s.DefaultListableBeanFactory     : Returning cached instance of singleton bean 'org.springframework.boot.autoconfigure.condition.BeanTypeRegistry'
2017-10-26 07:47:00.927 DEBUG 12192 --- [    Test worker] o.s.b.f.s.DefaultListableBeanFactory     : Returning cached instance of singleton bean 'autoConfigurationReport'
2017-10-26 07:47:00.927 DEBUG 12192 --- [    Test worker] a.ConfigurationClassBeanDefinitionReader : Registered bean definition for imported class 'org.springframework.boot.autoconfigure.jdbc.JdbcTemplateAutoConfiguration$JdbcTemplateConfiguration'
2017-10-26 07:47:00.928 DEBUG 12192 --- [    Test worker] o.s.b.f.s.DefaultListableBeanFactory     : Returning cached instance of singleton bean 'org.springframework.boot.autoconfigure.condition.BeanTypeRegistry'
2017-10-26 07:47:00.928 DEBUG 12192 --- [    Test worker] o.s.b.f.s.DefaultListableBeanFactory     : Returning cached instance of singleton bean 'autoConfigurationReport'
2017-10-26 07:47:00.928 DEBUG 12192 --- [    Test worker] a.ConfigurationClassBeanDefinitionReader : Registering bean definition for @Bean method org.springframework.boot.autoconfigure.jdbc.JdbcTemplateAutoConfiguration$JdbcTemplateConfiguration.jdbcTemplate()
2017-10-26 07:47:00.929 DEBUG 12192 --- [    Test worker] a.ConfigurationClassBeanDefinitionReader : Registered bean definition for imported class 'org.springframework.boot.autoconfigure.jdbc.JdbcTemplateAutoConfiguration$NamedParameterJdbcTemplateConfiguration'
2017-10-26 07:47:00.929 DEBUG 12192 --- [    Test worker] o.s.b.f.s.DefaultListableBeanFactory     : Returning cached instance of singleton bean 'org.springframework.boot.autoconfigure.condition.BeanTypeRegistry'
2017-10-26 07:47:00.930 DEBUG 12192 --- [    Test worker] o.s.b.f.s.DefaultListableBeanFactory     : Returning cached instance of singleton bean 'org.springframework.boot.autoconfigure.condition.BeanTypeRegistry'
2017-10-26 07:47:00.930 DEBUG 12192 --- [    Test worker] o.s.b.f.s.DefaultListableBeanFactory     : Returning cached instance of singleton bean 'autoConfigurationReport'
2017-10-26 07:47:00.930 DEBUG 12192 --- [    Test worker] o.s.b.f.s.DefaultListableBeanFactory     : Returning cached instance of singleton bean 'org.springframework.boot.autoconfigure.condition.BeanTypeRegistry'
2017-10-26 07:47:00.930 DEBUG 12192 --- [    Test worker] o.s.b.f.s.DefaultListableBeanFactory     : Returning cached instance of singleton bean 'org.springframework.boot.autoconfigure.condition.BeanTypeRegistry'
2017-10-26 07:47:00.931 DEBUG 12192 --- [    Test worker] o.s.b.f.s.DefaultListableBeanFactory     : Returning cached instance of singleton bean 'autoConfigurationReport'
2017-10-26 07:47:00.931 DEBUG 12192 --- [    Test worker] a.ConfigurationClassBeanDefinitionReader : Registering bean definition for @Bean method org.springframework.boot.autoconfigure.jdbc.JdbcTemplateAutoConfiguration$NamedParameterJdbcTemplateConfiguration.namedParameterJdbcTemplate()
2017-10-26 07:47:00.931 DEBUG 12192 --- [    Test worker] a.ConfigurationClassBeanDefinitionReader : Registered bean definition for imported class 'org.springframework.boot.autoconfigure.jdbc.JdbcTemplateAutoConfiguration'
2017-10-26 07:47:00.931 DEBUG 12192 --- [    Test worker] o.s.b.f.s.DefaultListableBeanFactory     : Returning cached instance of singleton bean 'autoConfigurationReport'
2017-10-26 07:47:00.931 DEBUG 12192 --- [    Test worker] o.s.b.f.s.DefaultListableBeanFactory     : Returning cached instance of singleton bean 'org.springframework.boot.autoconfigure.condition.BeanTypeRegistry'
2017-10-26 07:47:00.933 DEBUG 12192 --- [    Test worker] o.s.b.f.s.DefaultListableBeanFactory     : Returning cached instance of singleton bean 'autoConfigurationReport'
2017-10-26 07:47:00.933 DEBUG 12192 --- [    Test worker] a.ConfigurationClassBeanDefinitionReader : Registered bean definition for imported class 'org.springframework.boot.autoconfigure.jdbc.DataSourceTransactionManagerAutoConfiguration$DataSourceTransactionManagerConfiguration'
2017-10-26 07:47:00.933 DEBUG 12192 --- [    Test worker] o.s.b.f.s.DefaultListableBeanFactory     : Returning cached instance of singleton bean 'org.springframework.boot.autoconfigure.condition.BeanTypeRegistry'
2017-10-26 07:47:00.934 DEBUG 12192 --- [    Test worker] o.s.b.f.s.DefaultListableBeanFactory     : Returning cached instance of singleton bean 'autoConfigurationReport'
2017-10-26 07:47:00.934 DEBUG 12192 --- [    Test worker] a.ConfigurationClassBeanDefinitionReader : Registered bean definition for imported class 'org.springframework.boot.autoconfigure.jdbc.DataSourceTransactionManagerAutoConfiguration'
2017-10-26 07:47:00.934 DEBUG 12192 --- [    Test worker] o.s.b.f.s.DefaultListableBeanFactory     : Returning cached instance of singleton bean 'autoConfigurationReport'
2017-10-26 07:47:00.934 DEBUG 12192 --- [    Test worker] o.s.b.f.s.DefaultListableBeanFactory     : Returning cached instance of singleton bean 'org.springframework.boot.autoconfigure.condition.BeanTypeRegistry'
2017-10-26 07:47:00.935 DEBUG 12192 --- [    Test worker] o.s.b.f.s.DefaultListableBeanFactory     : Returning cached instance of singleton bean 'org.springframework.boot.autoconfigure.condition.BeanTypeRegistry'
2017-10-26 07:47:00.935 DEBUG 12192 --- [    Test worker] o.s.b.f.s.DefaultListableBeanFactory     : Returning cached instance of singleton bean 'autoConfigurationReport'
2017-10-26 07:47:00.935 DEBUG 12192 --- [    Test worker] o.s.b.f.s.DefaultListableBeanFactory     : Returning cached instance of singleton bean 'org.springframework.boot.autoconfigure.condition.BeanTypeRegistry'
2017-10-26 07:47:00.935 DEBUG 12192 --- [    Test worker] o.s.b.f.s.DefaultListableBeanFactory     : Returning cached instance of singleton bean 'org.springframework.boot.autoconfigure.condition.BeanTypeRegistry'
2017-10-26 07:47:00.935 DEBUG 12192 --- [    Test worker] o.s.b.f.s.DefaultListableBeanFactory     : Returning cached instance of singleton bean 'autoConfigurationReport'
2017-10-26 07:47:00.936 DEBUG 12192 --- [    Test worker] o.s.b.f.s.DefaultListableBeanFactory     : Returning cached instance of singleton bean 'autoConfigurationReport'
2017-10-26 07:47:00.936 DEBUG 12192 --- [    Test worker] a.ConfigurationClassBeanDefinitionReader : Registered bean definition for imported class 'org.springframework.transaction.annotation.ProxyTransactionManagementConfiguration'
2017-10-26 07:47:00.936 DEBUG 12192 --- [    Test worker] a.ConfigurationClassBeanDefinitionReader : Registering bean definition for @Bean method org.springframework.transaction.annotation.ProxyTransactionManagementConfiguration.org.springframework.transaction.config.internalTransactionAdvisor()
2017-10-26 07:47:00.936 DEBUG 12192 --- [    Test worker] a.ConfigurationClassBeanDefinitionReader : Registering bean definition for @Bean method org.springframework.transaction.annotation.ProxyTransactionManagementConfiguration.transactionAttributeSource()
2017-10-26 07:47:00.936 DEBUG 12192 --- [    Test worker] a.ConfigurationClassBeanDefinitionReader : Registering bean definition for @Bean method org.springframework.transaction.annotation.ProxyTransactionManagementConfiguration.transactionInterceptor()
2017-10-26 07:47:00.936 DEBUG 12192 --- [    Test worker] a.ConfigurationClassBeanDefinitionReader : Registering bean definition for @Bean method org.springframework.transaction.annotation.ProxyTransactionManagementConfiguration.org.springframework.transaction.config.internalTransactionalEventListenerFactory()
2017-10-26 07:47:00.936 DEBUG 12192 --- [    Test worker] a.ConfigurationClassBeanDefinitionReader : Registered bean definition for imported class 'org.springframework.boot.autoconfigure.transaction.TransactionAutoConfiguration$EnableTransactionManagementConfiguration$CglibAutoProxyConfiguration'
2017-10-26 07:47:00.937 DEBUG 12192 --- [    Test worker] a.ConfigurationClassBeanDefinitionReader : Registered bean definition for imported class 'org.springframework.boot.autoconfigure.transaction.TransactionAutoConfiguration$EnableTransactionManagementConfiguration'
2017-10-26 07:47:00.937 DEBUG 12192 --- [    Test worker] o.s.b.f.s.DefaultListableBeanFactory     : Returning cached instance of singleton bean 'org.springframework.boot.autoconfigure.condition.BeanTypeRegistry'
2017-10-26 07:47:00.943 DEBUG 12192 --- [    Test worker] o.s.b.f.s.DefaultListableBeanFactory     : Returning cached instance of singleton bean 'autoConfigurationReport'
2017-10-26 07:47:00.943 DEBUG 12192 --- [    Test worker] a.ConfigurationClassBeanDefinitionReader : Registered bean definition for imported class 'org.springframework.boot.autoconfigure.transaction.TransactionAutoConfiguration$TransactionTemplateConfiguration'
2017-10-26 07:47:00.944 DEBUG 12192 --- [    Test worker] o.s.b.f.s.DefaultListableBeanFactory     : Returning cached instance of singleton bean 'org.springframework.boot.autoconfigure.condition.BeanTypeRegistry'
2017-10-26 07:47:00.945 DEBUG 12192 --- [    Test worker] o.s.b.f.s.DefaultListableBeanFactory     : Returning cached instance of singleton bean 'autoConfigurationReport'
2017-10-26 07:47:00.945 DEBUG 12192 --- [    Test worker] a.ConfigurationClassBeanDefinitionReader : Registering bean definition for @Bean method org.springframework.boot.autoconfigure.transaction.TransactionAutoConfiguration$TransactionTemplateConfiguration.transactionTemplate()
2017-10-26 07:47:00.945 DEBUG 12192 --- [    Test worker] a.ConfigurationClassBeanDefinitionReader : Registered bean definition for imported class 'org.springframework.boot.autoconfigure.transaction.TransactionAutoConfiguration'
2017-10-26 07:47:00.946 DEBUG 12192 --- [    Test worker] o.s.b.f.s.DefaultListableBeanFactory     : Returning cached instance of singleton bean 'org.springframework.boot.autoconfigure.condition.BeanTypeRegistry'
2017-10-26 07:47:00.947 DEBUG 12192 --- [    Test worker] o.s.b.f.s.DefaultListableBeanFactory     : Returning cached instance of singleton bean 'autoConfigurationReport'
2017-10-26 07:47:00.947 DEBUG 12192 --- [    Test worker] a.ConfigurationClassBeanDefinitionReader : Registering bean definition for @Bean method org.springframework.boot.autoconfigure.transaction.TransactionAutoConfiguration.platformTransactionManagerCustomizers()
2017-10-26 07:47:00.947 DEBUG 12192 --- [    Test worker] o.s.b.f.s.DefaultListableBeanFactory     : Returning cached instance of singleton bean 'autoConfigurationReport'
2017-10-26 07:47:00.947 DEBUG 12192 --- [    Test worker] a.ConfigurationClassBeanDefinitionReader : Registered bean definition for imported class 'org.springframework.boot.autoconfigure.web.client.RestTemplateAutoConfiguration'
2017-10-26 07:47:00.949 DEBUG 12192 --- [    Test worker] o.s.b.f.s.DefaultListableBeanFactory     : Returning cached instance of singleton bean 'org.springframework.boot.autoconfigure.condition.BeanTypeRegistry'
2017-10-26 07:47:00.950 DEBUG 12192 --- [    Test worker] o.s.b.f.s.DefaultListableBeanFactory     : Returning cached instance of singleton bean 'autoConfigurationReport'
2017-10-26 07:47:00.950 DEBUG 12192 --- [    Test worker] a.ConfigurationClassBeanDefinitionReader : Registering bean definition for @Bean method org.springframework.boot.autoconfigure.web.client.RestTemplateAutoConfiguration.restTemplateBuilder()
2017-10-26 07:47:00.950 DEBUG 12192 --- [    Test worker] o.s.b.f.s.DefaultListableBeanFactory     : Returning cached instance of singleton bean 'autoConfigurationReport'
2017-10-26 07:47:00.950 DEBUG 12192 --- [    Test worker] o.s.b.f.s.DefaultListableBeanFactory     : Returning cached instance of singleton bean 'autoConfigurationReport'
2017-10-26 07:47:00.950 DEBUG 12192 --- [    Test worker] o.s.b.f.s.DefaultListableBeanFactory     : Returning cached instance of singleton bean 'autoConfigurationReport'
2017-10-26 07:47:00.951 DEBUG 12192 --- [    Test worker] a.ConfigurationClassBeanDefinitionReader : Registered bean definition for imported class 'org.springframework.boot.autoconfigure.web.servlet.HttpEncodingAutoConfiguration'
2017-10-26 07:47:00.951 DEBUG 12192 --- [    Test worker] o.s.b.f.s.DefaultListableBeanFactory     : Returning cached instance of singleton bean 'org.springframework.boot.autoconfigure.condition.BeanTypeRegistry'
2017-10-26 07:47:00.952 DEBUG 12192 --- [    Test worker] o.s.b.f.s.DefaultListableBeanFactory     : Returning cached instance of singleton bean 'autoConfigurationReport'
2017-10-26 07:47:00.952 DEBUG 12192 --- [    Test worker] a.ConfigurationClassBeanDefinitionReader : Registering bean definition for @Bean method org.springframework.boot.autoconfigure.web.servlet.HttpEncodingAutoConfiguration.characterEncodingFilter()
2017-10-26 07:47:00.952 DEBUG 12192 --- [    Test worker] a.ConfigurationClassBeanDefinitionReader : Registering bean definition for @Bean method org.springframework.boot.autoconfigure.web.servlet.HttpEncodingAutoConfiguration.localeCharsetMappingsCustomizer()
2017-10-26 07:47:00.952 DEBUG 12192 --- [    Test worker] o.s.b.f.s.DefaultListableBeanFactory     : Returning cached instance of singleton bean 'autoConfigurationReport'
2017-10-26 07:47:00.952 DEBUG 12192 --- [    Test worker] o.s.b.f.s.DefaultListableBeanFactory     : Returning cached instance of singleton bean 'autoConfigurationReport'
2017-10-26 07:47:00.952 DEBUG 12192 --- [    Test worker] o.s.b.f.s.DefaultListableBeanFactory     : Returning cached instance of singleton bean 'autoConfigurationReport'
2017-10-26 07:47:00.953 DEBUG 12192 --- [    Test worker] a.ConfigurationClassBeanDefinitionReader : Registered bean definition for imported class 'org.springframework.boot.autoconfigure.web.servlet.MultipartAutoConfiguration'
2017-10-26 07:47:00.953 DEBUG 12192 --- [    Test worker] o.s.b.f.s.DefaultListableBeanFactory     : Returning cached instance of singleton bean 'org.springframework.boot.autoconfigure.condition.BeanTypeRegistry'
2017-10-26 07:47:00.955 DEBUG 12192 --- [    Test worker] o.s.b.f.s.DefaultListableBeanFactory     : Returning cached instance of singleton bean 'autoConfigurationReport'
2017-10-26 07:47:00.955 DEBUG 12192 --- [    Test worker] a.ConfigurationClassBeanDefinitionReader : Registering bean definition for @Bean method org.springframework.boot.autoconfigure.web.servlet.MultipartAutoConfiguration.multipartConfigElement()
2017-10-26 07:47:00.955 DEBUG 12192 --- [    Test worker] o.s.b.f.s.DefaultListableBeanFactory     : Returning cached instance of singleton bean 'org.springframework.boot.autoconfigure.condition.BeanTypeRegistry'
2017-10-26 07:47:00.956 DEBUG 12192 --- [    Test worker] o.s.b.f.s.DefaultListableBeanFactory     : Returning cached instance of singleton bean 'autoConfigurationReport'
2017-10-26 07:47:00.956 DEBUG 12192 --- [    Test worker] a.ConfigurationClassBeanDefinitionReader : Registering bean definition for @Bean method org.springframework.boot.autoconfigure.web.servlet.MultipartAutoConfiguration.multipartResolver()
2017-10-26 07:47:01.093 DEBUG 12192 --- [    Test worker] o.s.c.a.ConfigurationClassEnhancer       : Successfully enhanced com.ceiba.Proyectoparqueadero.ProyectoparqueaderoApplication; enhanced class name is: com.ceiba.Proyectoparqueadero.ProyectoparqueaderoApplication$$EnhancerBySpringCGLIB$$c501ed18
2017-10-26 07:47:01.093 DEBUG 12192 --- [    Test worker] o.s.c.a.ConfigurationClassPostProcessor  : Replacing bean definition 'proyectoparqueaderoApplication' existing class 'com.ceiba.Proyectoparqueadero.ProyectoparqueaderoApplication' with enhanced class 'com.ceiba.Proyectoparqueadero.ProyectoparqueaderoApplication$$EnhancerBySpringCGLIB$$c501ed18'
2017-10-26 07:47:01.097 DEBUG 12192 --- [    Test worker] o.s.c.a.ConfigurationClassEnhancer       : Successfully enhanced org.springframework.boot.autoconfigure.context.PropertyPlaceholderAutoConfiguration; enhanced class name is: org.springframework.boot.autoconfigure.context.PropertyPlaceholderAutoConfiguration$$EnhancerBySpringCGLIB$$48e184ed
2017-10-26 07:47:01.097 DEBUG 12192 --- [    Test worker] o.s.c.a.ConfigurationClassPostProcessor  : Replacing bean definition 'org.springframework.boot.autoconfigure.context.PropertyPlaceholderAutoConfiguration' existing class 'org.springframework.boot.autoconfigure.context.PropertyPlaceholderAutoConfiguration' with enhanced class 'org.springframework.boot.autoconfigure.context.PropertyPlaceholderAutoConfiguration$$EnhancerBySpringCGLIB$$48e184ed'
2017-10-26 07:47:01.103 DEBUG 12192 --- [    Test worker] o.s.c.a.ConfigurationClassEnhancer       : Successfully enhanced org.springframework.boot.autoconfigure.jackson.JacksonAutoConfiguration$Jackson2ObjectMapperBuilderCustomizerConfiguration; enhanced class name is: org.springframework.boot.autoconfigure.jackson.JacksonAutoConfiguration$Jackson2ObjectMapperBuilderCustomizerConfiguration$$EnhancerBySpringCGLIB$$11223a4d
2017-10-26 07:47:01.104 DEBUG 12192 --- [    Test worker] o.s.c.a.ConfigurationClassPostProcessor  : Replacing bean definition 'org.springframework.boot.autoconfigure.jackson.JacksonAutoConfiguration$Jackson2ObjectMapperBuilderCustomizerConfiguration' existing class 'org.springframework.boot.autoconfigure.jackson.JacksonAutoConfiguration$Jackson2ObjectMapperBuilderCustomizerConfiguration' with enhanced class 'org.springframework.boot.autoconfigure.jackson.JacksonAutoConfiguration$Jackson2ObjectMapperBuilderCustomizerConfiguration$$EnhancerBySpringCGLIB$$11223a4d'
2017-10-26 07:47:01.110 DEBUG 12192 --- [    Test worker] o.s.c.a.ConfigurationClassEnhancer       : Successfully enhanced org.springframework.boot.autoconfigure.jackson.JacksonAutoConfiguration$JacksonObjectMapperBuilderConfiguration; enhanced class name is: org.springframework.boot.autoconfigure.jackson.JacksonAutoConfiguration$JacksonObjectMapperBuilderConfiguration$$EnhancerBySpringCGLIB$$560b545e
2017-10-26 07:47:01.110 DEBUG 12192 --- [    Test worker] o.s.c.a.ConfigurationClassPostProcessor  : Replacing bean definition 'org.springframework.boot.autoconfigure.jackson.JacksonAutoConfiguration$JacksonObjectMapperBuilderConfiguration' existing class 'org.springframework.boot.autoconfigure.jackson.JacksonAutoConfiguration$JacksonObjectMapperBuilderConfiguration' with enhanced class 'org.springframework.boot.autoconfigure.jackson.JacksonAutoConfiguration$JacksonObjectMapperBuilderConfiguration$$EnhancerBySpringCGLIB$$560b545e'
2017-10-26 07:47:01.114 DEBUG 12192 --- [    Test worker] o.s.c.a.ConfigurationClassEnhancer       : Successfully enhanced org.springframework.boot.autoconfigure.jackson.JacksonAutoConfiguration$ParameterNamesModuleConfiguration; enhanced class name is: org.springframework.boot.autoconfigure.jackson.JacksonAutoConfiguration$ParameterNamesModuleConfiguration$$EnhancerBySpringCGLIB$$37edb17b
2017-10-26 07:47:01.114 DEBUG 12192 --- [    Test worker] o.s.c.a.ConfigurationClassPostProcessor  : Replacing bean definition 'org.springframework.boot.autoconfigure.jackson.JacksonAutoConfiguration$ParameterNamesModuleConfiguration' existing class 'org.springframework.boot.autoconfigure.jackson.JacksonAutoConfiguration$ParameterNamesModuleConfiguration' with enhanced class 'org.springframework.boot.autoconfigure.jackson.JacksonAutoConfiguration$ParameterNamesModuleConfiguration$$EnhancerBySpringCGLIB$$37edb17b'
2017-10-26 07:47:01.119 DEBUG 12192 --- [    Test worker] o.s.c.a.ConfigurationClassEnhancer       : Successfully enhanced org.springframework.boot.autoconfigure.jackson.JacksonAutoConfiguration$JacksonObjectMapperConfiguration; enhanced class name is: org.springframework.boot.autoconfigure.jackson.JacksonAutoConfiguration$JacksonObjectMapperConfiguration$$EnhancerBySpringCGLIB$$a3be9245
2017-10-26 07:47:01.119 DEBUG 12192 --- [    Test worker] o.s.c.a.ConfigurationClassPostProcessor  : Replacing bean definition 'org.springframework.boot.autoconfigure.jackson.JacksonAutoConfiguration$JacksonObjectMapperConfiguration' existing class 'org.springframework.boot.autoconfigure.jackson.JacksonAutoConfiguration$JacksonObjectMapperConfiguration' with enhanced class 'org.springframework.boot.autoconfigure.jackson.JacksonAutoConfiguration$JacksonObjectMapperConfiguration$$EnhancerBySpringCGLIB$$a3be9245'
2017-10-26 07:47:01.123 DEBUG 12192 --- [    Test worker] o.s.c.a.ConfigurationClassEnhancer       : Successfully enhanced org.springframework.boot.autoconfigure.jackson.JacksonAutoConfiguration; enhanced class name is: org.springframework.boot.autoconfigure.jackson.JacksonAutoConfiguration$$EnhancerBySpringCGLIB$$85ca2fd4
2017-10-26 07:47:01.124 DEBUG 12192 --- [    Test worker] o.s.c.a.ConfigurationClassPostProcessor  : Replacing bean definition 'org.springframework.boot.autoconfigure.jackson.JacksonAutoConfiguration' existing class 'org.springframework.boot.autoconfigure.jackson.JacksonAutoConfiguration' with enhanced class 'org.springframework.boot.autoconfigure.jackson.JacksonAutoConfiguration$$EnhancerBySpringCGLIB$$85ca2fd4'
2017-10-26 07:47:01.128 DEBUG 12192 --- [    Test worker] o.s.c.a.ConfigurationClassEnhancer       : Successfully enhanced org.springframework.boot.autoconfigure.websocket.servlet.WebSocketServletAutoConfiguration$TomcatWebSocketConfiguration; enhanced class name is: org.springframework.boot.autoconfigure.websocket.servlet.WebSocketServletAutoConfiguration$TomcatWebSocketConfiguration$$EnhancerBySpringCGLIB$$c0c527a3
2017-10-26 07:47:01.128 DEBUG 12192 --- [    Test worker] o.s.c.a.ConfigurationClassPostProcessor  : Replacing bean definition 'org.springframework.boot.autoconfigure.websocket.servlet.WebSocketServletAutoConfiguration$TomcatWebSocketConfiguration' existing class 'org.springframework.boot.autoconfigure.websocket.servlet.WebSocketServletAutoConfiguration$TomcatWebSocketConfiguration' with enhanced class 'org.springframework.boot.autoconfigure.websocket.servlet.WebSocketServletAutoConfiguration$TomcatWebSocketConfiguration$$EnhancerBySpringCGLIB$$c0c527a3'
2017-10-26 07:47:01.131 DEBUG 12192 --- [    Test worker] o.s.c.a.ConfigurationClassEnhancer       : Successfully enhanced org.springframework.boot.autoconfigure.websocket.servlet.WebSocketServletAutoConfiguration; enhanced class name is: org.springframework.boot.autoconfigure.websocket.servlet.WebSocketServletAutoConfiguration$$EnhancerBySpringCGLIB$$919fc86
2017-10-26 07:47:01.131 DEBUG 12192 --- [    Test worker] o.s.c.a.ConfigurationClassPostProcessor  : Replacing bean definition 'org.springframework.boot.autoconfigure.websocket.servlet.WebSocketServletAutoConfiguration' existing class 'org.springframework.boot.autoconfigure.websocket.servlet.WebSocketServletAutoConfiguration' with enhanced class 'org.springframework.boot.autoconfigure.websocket.servlet.WebSocketServletAutoConfiguration$$EnhancerBySpringCGLIB$$919fc86'
2017-10-26 07:47:01.135 DEBUG 12192 --- [    Test worker] o.s.c.a.ConfigurationClassEnhancer       : Successfully enhanced org.springframework.boot.autoconfigure.web.servlet.ServletWebServerFactoryAutoConfiguration$EmbeddedTomcat; enhanced class name is: org.springframework.boot.autoconfigure.web.servlet.ServletWebServerFactoryAutoConfiguration$EmbeddedTomcat$$EnhancerBySpringCGLIB$$603a744d
2017-10-26 07:47:01.136 DEBUG 12192 --- [    Test worker] o.s.c.a.ConfigurationClassPostProcessor  : Replacing bean definition 'org.springframework.boot.autoconfigure.web.servlet.ServletWebServerFactoryAutoConfiguration$EmbeddedTomcat' existing class 'org.springframework.boot.autoconfigure.web.servlet.ServletWebServerFactoryAutoConfiguration$EmbeddedTomcat' with enhanced class 'org.springframework.boot.autoconfigure.web.servlet.ServletWebServerFactoryAutoConfiguration$EmbeddedTomcat$$EnhancerBySpringCGLIB$$603a744d'
2017-10-26 07:47:01.140 DEBUG 12192 --- [    Test worker] o.s.c.a.ConfigurationClassEnhancer       : Successfully enhanced org.springframework.boot.autoconfigure.web.servlet.ServletWebServerFactoryAutoConfiguration; enhanced class name is: org.springframework.boot.autoconfigure.web.servlet.ServletWebServerFactoryAutoConfiguration$$EnhancerBySpringCGLIB$$37e43a17
2017-10-26 07:47:01.140 DEBUG 12192 --- [    Test worker] o.s.c.a.ConfigurationClassPostProcessor  : Replacing bean definition 'org.springframework.boot.autoconfigure.web.servlet.ServletWebServerFactoryAutoConfiguration' existing class 'org.springframework.boot.autoconfigure.web.servlet.ServletWebServerFactoryAutoConfiguration' with enhanced class 'org.springframework.boot.autoconfigure.web.servlet.ServletWebServerFactoryAutoConfiguration$$EnhancerBySpringCGLIB$$37e43a17'
2017-10-26 07:47:01.147 DEBUG 12192 --- [    Test worker] o.s.c.a.ConfigurationClassEnhancer       : Successfully enhanced org.springframework.boot.autoconfigure.web.servlet.DispatcherServletAutoConfiguration$DispatcherServletConfiguration; enhanced class name is: org.springframework.boot.autoconfigure.web.servlet.DispatcherServletAutoConfiguration$DispatcherServletConfiguration$$EnhancerBySpringCGLIB$$982aa27d
2017-10-26 07:47:01.147 DEBUG 12192 --- [    Test worker] o.s.c.a.ConfigurationClassPostProcessor  : Replacing bean definition 'org.springframework.boot.autoconfigure.web.servlet.DispatcherServletAutoConfiguration$DispatcherServletConfiguration' existing class 'org.springframework.boot.autoconfigure.web.servlet.DispatcherServletAutoConfiguration$DispatcherServletConfiguration' with enhanced class 'org.springframework.boot.autoconfigure.web.servlet.DispatcherServletAutoConfiguration$DispatcherServletConfiguration$$EnhancerBySpringCGLIB$$982aa27d'
2017-10-26 07:47:01.150 DEBUG 12192 --- [    Test worker] o.s.c.a.ConfigurationClassEnhancer       : Successfully enhanced org.springframework.boot.autoconfigure.web.servlet.DispatcherServletAutoConfiguration$DispatcherServletRegistrationConfiguration; enhanced class name is: org.springframework.boot.autoconfigure.web.servlet.DispatcherServletAutoConfiguration$DispatcherServletRegistrationConfiguration$$EnhancerBySpringCGLIB$$fa323724
2017-10-26 07:47:01.150 DEBUG 12192 --- [    Test worker] o.s.c.a.ConfigurationClassPostProcessor  : Replacing bean definition 'org.springframework.boot.autoconfigure.web.servlet.DispatcherServletAutoConfiguration$DispatcherServletRegistrationConfiguration' existing class 'org.springframework.boot.autoconfigure.web.servlet.DispatcherServletAutoConfiguration$DispatcherServletRegistrationConfiguration' with enhanced class 'org.springframework.boot.autoconfigure.web.servlet.DispatcherServletAutoConfiguration$DispatcherServletRegistrationConfiguration$$EnhancerBySpringCGLIB$$fa323724'
2017-10-26 07:47:01.153 DEBUG 12192 --- [    Test worker] o.s.c.a.ConfigurationClassEnhancer       : Successfully enhanced org.springframework.boot.autoconfigure.web.servlet.DispatcherServletAutoConfiguration; enhanced class name is: org.springframework.boot.autoconfigure.web.servlet.DispatcherServletAutoConfiguration$$EnhancerBySpringCGLIB$$368d6771
2017-10-26 07:47:01.153 DEBUG 12192 --- [    Test worker] o.s.c.a.ConfigurationClassPostProcessor  : Replacing bean definition 'org.springframework.boot.autoconfigure.web.servlet.DispatcherServletAutoConfiguration' existing class 'org.springframework.boot.autoconfigure.web.servlet.DispatcherServletAutoConfiguration' with enhanced class 'org.springframework.boot.autoconfigure.web.servlet.DispatcherServletAutoConfiguration$$EnhancerBySpringCGLIB$$368d6771'
2017-10-26 07:47:01.156 DEBUG 12192 --- [    Test worker] o.s.c.a.ConfigurationClassEnhancer       : Successfully enhanced org.springframework.boot.autoconfigure.http.codec.CodecsAutoConfiguration$JacksonCodecConfiguration; enhanced class name is: org.springframework.boot.autoconfigure.http.codec.CodecsAutoConfiguration$JacksonCodecConfiguration$$EnhancerBySpringCGLIB$$b0052e00
2017-10-26 07:47:01.156 DEBUG 12192 --- [    Test worker] o.s.c.a.ConfigurationClassPostProcessor  : Replacing bean definition 'org.springframework.boot.autoconfigure.http.codec.CodecsAutoConfiguration$JacksonCodecConfiguration' existing class 'org.springframework.boot.autoconfigure.http.codec.CodecsAutoConfiguration$JacksonCodecConfiguration' with enhanced class 'org.springframework.boot.autoconfigure.http.codec.CodecsAutoConfiguration$JacksonCodecConfiguration$$EnhancerBySpringCGLIB$$b0052e00'
2017-10-26 07:47:01.158 DEBUG 12192 --- [    Test worker] o.s.c.a.ConfigurationClassEnhancer       : Successfully enhanced org.springframework.boot.autoconfigure.http.codec.CodecsAutoConfiguration; enhanced class name is: org.springframework.boot.autoconfigure.http.codec.CodecsAutoConfiguration$$EnhancerBySpringCGLIB$$bad2a5b1
2017-10-26 07:47:01.158 DEBUG 12192 --- [    Test worker] o.s.c.a.ConfigurationClassPostProcessor  : Replacing bean definition 'org.springframework.boot.autoconfigure.http.codec.CodecsAutoConfiguration' existing class 'org.springframework.boot.autoconfigure.http.codec.CodecsAutoConfiguration' with enhanced class 'org.springframework.boot.autoconfigure.http.codec.CodecsAutoConfiguration$$EnhancerBySpringCGLIB$$bad2a5b1'
2017-10-26 07:47:01.168 DEBUG 12192 --- [    Test worker] o.s.c.a.ConfigurationClassEnhancer       : Successfully enhanced org.springframework.boot.autoconfigure.validation.ValidationAutoConfiguration; enhanced class name is: org.springframework.boot.autoconfigure.validation.ValidationAutoConfiguration$$EnhancerBySpringCGLIB$$b92aa33e
2017-10-26 07:47:01.168 DEBUG 12192 --- [    Test worker] o.s.c.a.ConfigurationClassPostProcessor  : Replacing bean definition 'org.springframework.boot.autoconfigure.validation.ValidationAutoConfiguration' existing class 'org.springframework.boot.autoconfigure.validation.ValidationAutoConfiguration' with enhanced class 'org.springframework.boot.autoconfigure.validation.ValidationAutoConfiguration$$EnhancerBySpringCGLIB$$b92aa33e'
2017-10-26 07:47:01.173 DEBUG 12192 --- [    Test worker] o.s.c.a.ConfigurationClassEnhancer       : Successfully enhanced org.springframework.boot.autoconfigure.web.servlet.error.ErrorMvcAutoConfiguration$WhitelabelErrorViewConfiguration; enhanced class name is: org.springframework.boot.autoconfigure.web.servlet.error.ErrorMvcAutoConfiguration$WhitelabelErrorViewConfiguration$$EnhancerBySpringCGLIB$$530afeb1
2017-10-26 07:47:01.173 DEBUG 12192 --- [    Test worker] o.s.c.a.ConfigurationClassPostProcessor  : Replacing bean definition 'org.springframework.boot.autoconfigure.web.servlet.error.ErrorMvcAutoConfiguration$WhitelabelErrorViewConfiguration' existing class 'org.springframework.boot.autoconfigure.web.servlet.error.ErrorMvcAutoConfiguration$WhitelabelErrorViewConfiguration' with enhanced class 'org.springframework.boot.autoconfigure.web.servlet.error.ErrorMvcAutoConfiguration$WhitelabelErrorViewConfiguration$$EnhancerBySpringCGLIB$$530afeb1'
2017-10-26 07:47:01.177 DEBUG 12192 --- [    Test worker] o.s.c.a.ConfigurationClassEnhancer       : Successfully enhanced org.springframework.boot.autoconfigure.web.servlet.error.ErrorMvcAutoConfiguration$DefaultErrorViewResolverConfiguration; enhanced class name is: org.springframework.boot.autoconfigure.web.servlet.error.ErrorMvcAutoConfiguration$DefaultErrorViewResolverConfiguration$$EnhancerBySpringCGLIB$$886becd9
2017-10-26 07:47:01.177 DEBUG 12192 --- [    Test worker] o.s.c.a.ConfigurationClassPostProcessor  : Replacing bean definition 'org.springframework.boot.autoconfigure.web.servlet.error.ErrorMvcAutoConfiguration$DefaultErrorViewResolverConfiguration' existing class 'org.springframework.boot.autoconfigure.web.servlet.error.ErrorMvcAutoConfiguration$DefaultErrorViewResolverConfiguration' with enhanced class 'org.springframework.boot.autoconfigure.web.servlet.error.ErrorMvcAutoConfiguration$DefaultErrorViewResolverConfiguration$$EnhancerBySpringCGLIB$$886becd9'
2017-10-26 07:47:01.182 DEBUG 12192 --- [    Test worker] o.s.c.a.ConfigurationClassEnhancer       : Successfully enhanced org.springframework.boot.autoconfigure.web.servlet.error.ErrorMvcAutoConfiguration; enhanced class name is: org.springframework.boot.autoconfigure.web.servlet.error.ErrorMvcAutoConfiguration$$EnhancerBySpringCGLIB$$73d71839
2017-10-26 07:47:01.183 DEBUG 12192 --- [    Test worker] o.s.c.a.ConfigurationClassPostProcessor  : Replacing bean definition 'org.springframework.boot.autoconfigure.web.servlet.error.ErrorMvcAutoConfiguration' existing class 'org.springframework.boot.autoconfigure.web.servlet.error.ErrorMvcAutoConfiguration' with enhanced class 'org.springframework.boot.autoconfigure.web.servlet.error.ErrorMvcAutoConfiguration$$EnhancerBySpringCGLIB$$73d71839'
2017-10-26 07:47:01.201 DEBUG 12192 --- [    Test worker] o.s.c.a.ConfigurationClassEnhancer       : Successfully enhanced org.springframework.boot.autoconfigure.web.servlet.WebMvcAutoConfiguration$EnableWebMvcConfiguration; enhanced class name is: org.springframework.boot.autoconfigure.web.servlet.WebMvcAutoConfiguration$EnableWebMvcConfiguration$$EnhancerBySpringCGLIB$$b3186334
2017-10-26 07:47:01.201 DEBUG 12192 --- [    Test worker] o.s.c.a.ConfigurationClassPostProcessor  : Replacing bean definition 'org.springframework.boot.autoconfigure.web.servlet.WebMvcAutoConfiguration$EnableWebMvcConfiguration' existing class 'org.springframework.boot.autoconfigure.web.servlet.WebMvcAutoConfiguration$EnableWebMvcConfiguration' with enhanced class 'org.springframework.boot.autoconfigure.web.servlet.WebMvcAutoConfiguration$EnableWebMvcConfiguration$$EnhancerBySpringCGLIB$$b3186334'
2017-10-26 07:47:01.205 DEBUG 12192 --- [    Test worker] o.s.c.a.ConfigurationClassEnhancer       : Successfully enhanced org.springframework.boot.autoconfigure.web.servlet.WebMvcAutoConfiguration$WebMvcAutoConfigurationAdapter$FaviconConfiguration; enhanced class name is: org.springframework.boot.autoconfigure.web.servlet.WebMvcAutoConfiguration$WebMvcAutoConfigurationAdapter$FaviconConfiguration$$EnhancerBySpringCGLIB$$1159365f
2017-10-26 07:47:01.205 DEBUG 12192 --- [    Test worker] o.s.c.a.ConfigurationClassPostProcessor  : Replacing bean definition 'org.springframework.boot.autoconfigure.web.servlet.WebMvcAutoConfiguration$WebMvcAutoConfigurationAdapter$FaviconConfiguration' existing class 'org.springframework.boot.autoconfigure.web.servlet.WebMvcAutoConfiguration$WebMvcAutoConfigurationAdapter$FaviconConfiguration' with enhanced class 'org.springframework.boot.autoconfigure.web.servlet.WebMvcAutoConfiguration$WebMvcAutoConfigurationAdapter$FaviconConfiguration$$EnhancerBySpringCGLIB$$1159365f'
2017-10-26 07:47:01.212 DEBUG 12192 --- [    Test worker] o.s.c.a.ConfigurationClassEnhancer       : Successfully enhanced org.springframework.boot.autoconfigure.web.servlet.WebMvcAutoConfiguration$WebMvcAutoConfigurationAdapter; enhanced class name is: org.springframework.boot.autoconfigure.web.servlet.WebMvcAutoConfiguration$WebMvcAutoConfigurationAdapter$$EnhancerBySpringCGLIB$$551c2e19
2017-10-26 07:47:01.213 DEBUG 12192 --- [    Test worker] o.s.c.a.ConfigurationClassPostProcessor  : Replacing bean definition 'org.springframework.boot.autoconfigure.web.servlet.WebMvcAutoConfiguration$WebMvcAutoConfigurationAdapter' existing class 'org.springframework.boot.autoconfigure.web.servlet.WebMvcAutoConfiguration$WebMvcAutoConfigurationAdapter' with enhanced class 'org.springframework.boot.autoconfigure.web.servlet.WebMvcAutoConfiguration$WebMvcAutoConfigurationAdapter$$EnhancerBySpringCGLIB$$551c2e19'
2017-10-26 07:47:01.217 DEBUG 12192 --- [    Test worker] o.s.c.a.ConfigurationClassEnhancer       : Successfully enhanced org.springframework.boot.autoconfigure.web.servlet.WebMvcAutoConfiguration; enhanced class name is: org.springframework.boot.autoconfigure.web.servlet.WebMvcAutoConfiguration$$EnhancerBySpringCGLIB$$7c6d512b
2017-10-26 07:47:01.217 DEBUG 12192 --- [    Test worker] o.s.c.a.ConfigurationClassPostProcessor  : Replacing bean definition 'org.springframework.boot.autoconfigure.web.servlet.WebMvcAutoConfiguration' existing class 'org.springframework.boot.autoconfigure.web.servlet.WebMvcAutoConfiguration' with enhanced class 'org.springframework.boot.autoconfigure.web.servlet.WebMvcAutoConfiguration$$EnhancerBySpringCGLIB$$7c6d512b'
2017-10-26 07:47:01.219 DEBUG 12192 --- [    Test worker] o.s.c.a.ConfigurationClassEnhancer       : Successfully enhanced org.springframework.boot.autoconfigure.aop.AopAutoConfiguration$CglibAutoProxyConfiguration; enhanced class name is: org.springframework.boot.autoconfigure.aop.AopAutoConfiguration$CglibAutoProxyConfiguration$$EnhancerBySpringCGLIB$$844791ea
2017-10-26 07:47:01.220 DEBUG 12192 --- [    Test worker] o.s.c.a.ConfigurationClassPostProcessor  : Replacing bean definition 'org.springframework.boot.autoconfigure.aop.AopAutoConfiguration$CglibAutoProxyConfiguration' existing class 'org.springframework.boot.autoconfigure.aop.AopAutoConfiguration$CglibAutoProxyConfiguration' with enhanced class 'org.springframework.boot.autoconfigure.aop.AopAutoConfiguration$CglibAutoProxyConfiguration$$EnhancerBySpringCGLIB$$844791ea'
2017-10-26 07:47:01.222 DEBUG 12192 --- [    Test worker] o.s.c.a.ConfigurationClassEnhancer       : Successfully enhanced org.springframework.boot.autoconfigure.aop.AopAutoConfiguration; enhanced class name is: org.springframework.boot.autoconfigure.aop.AopAutoConfiguration$$EnhancerBySpringCGLIB$$93819176
2017-10-26 07:47:01.222 DEBUG 12192 --- [    Test worker] o.s.c.a.ConfigurationClassPostProcessor  : Replacing bean definition 'org.springframework.boot.autoconfigure.aop.AopAutoConfiguration' existing class 'org.springframework.boot.autoconfigure.aop.AopAutoConfiguration' with enhanced class 'org.springframework.boot.autoconfigure.aop.AopAutoConfiguration$$EnhancerBySpringCGLIB$$93819176'
2017-10-26 07:47:01.225 DEBUG 12192 --- [    Test worker] o.s.c.a.ConfigurationClassEnhancer       : Successfully enhanced org.springframework.boot.autoconfigure.jdbc.DataSourceAutoConfiguration$PooledDataSourceConfiguration; enhanced class name is: org.springframework.boot.autoconfigure.jdbc.DataSourceAutoConfiguration$PooledDataSourceConfiguration$$EnhancerBySpringCGLIB$$c6cf03a6
2017-10-26 07:47:01.225 DEBUG 12192 --- [    Test worker] o.s.c.a.ConfigurationClassPostProcessor  : Replacing bean definition 'org.springframework.boot.autoconfigure.jdbc.DataSourceAutoConfiguration$PooledDataSourceConfiguration' existing class 'org.springframework.boot.autoconfigure.jdbc.DataSourceAutoConfiguration$PooledDataSourceConfiguration' with enhanced class 'org.springframework.boot.autoconfigure.jdbc.DataSourceAutoConfiguration$PooledDataSourceConfiguration$$EnhancerBySpringCGLIB$$c6cf03a6'
2017-10-26 07:47:01.228 DEBUG 12192 --- [    Test worker] o.s.c.a.ConfigurationClassEnhancer       : Successfully enhanced org.springframework.boot.autoconfigure.jdbc.metadata.DataSourcePoolMetadataProvidersConfiguration$HikariPoolDataSourceMetadataProviderConfiguration; enhanced class name is: org.springframework.boot.autoconfigure.jdbc.metadata.DataSourcePoolMetadataProvidersConfiguration$HikariPoolDataSourceMetadataProviderConfiguration$$EnhancerBySpringCGLIB$$a8823a98
2017-10-26 07:47:01.228 DEBUG 12192 --- [    Test worker] o.s.c.a.ConfigurationClassPostProcessor  : Replacing bean definition 'org.springframework.boot.autoconfigure.jdbc.metadata.DataSourcePoolMetadataProvidersConfiguration$HikariPoolDataSourceMetadataProviderConfiguration' existing class 'org.springframework.boot.autoconfigure.jdbc.metadata.DataSourcePoolMetadataProvidersConfiguration$HikariPoolDataSourceMetadataProviderConfiguration' with enhanced class 'org.springframework.boot.autoconfigure.jdbc.metadata.DataSourcePoolMetadataProvidersConfiguration$HikariPoolDataSourceMetadataProviderConfiguration$$EnhancerBySpringCGLIB$$a8823a98'
2017-10-26 07:47:01.231 DEBUG 12192 --- [    Test worker] o.s.c.a.ConfigurationClassEnhancer       : Successfully enhanced org.springframework.boot.autoconfigure.jdbc.metadata.DataSourcePoolMetadataProvidersConfiguration; enhanced class name is: org.springframework.boot.autoconfigure.jdbc.metadata.DataSourcePoolMetadataProvidersConfiguration$$EnhancerBySpringCGLIB$$251bfaf5
2017-10-26 07:47:01.231 DEBUG 12192 --- [    Test worker] o.s.c.a.ConfigurationClassPostProcessor  : Replacing bean definition 'org.springframework.boot.autoconfigure.jdbc.metadata.DataSourcePoolMetadataProvidersConfiguration' existing class 'org.springframework.boot.autoconfigure.jdbc.metadata.DataSourcePoolMetadataProvidersConfiguration' with enhanced class 'org.springframework.boot.autoconfigure.jdbc.metadata.DataSourcePoolMetadataProvidersConfiguration$$EnhancerBySpringCGLIB$$251bfaf5'
2017-10-26 07:47:01.234 DEBUG 12192 --- [    Test worker] o.s.c.a.ConfigurationClassEnhancer       : Successfully enhanced org.springframework.boot.autoconfigure.jdbc.DataSourceInitializationConfiguration; enhanced class name is: org.springframework.boot.autoconfigure.jdbc.DataSourceInitializationConfiguration$$EnhancerBySpringCGLIB$$e39104a3
2017-10-26 07:47:01.234 DEBUG 12192 --- [    Test worker] o.s.c.a.ConfigurationClassPostProcessor  : Replacing bean definition 'org.springframework.boot.autoconfigure.jdbc.DataSourceInitializationConfiguration' existing class 'org.springframework.boot.autoconfigure.jdbc.DataSourceInitializationConfiguration' with enhanced class 'org.springframework.boot.autoconfigure.jdbc.DataSourceInitializationConfiguration$$EnhancerBySpringCGLIB$$e39104a3'
2017-10-26 07:47:01.237 DEBUG 12192 --- [    Test worker] o.s.c.a.ConfigurationClassEnhancer       : Successfully enhanced org.springframework.boot.autoconfigure.jdbc.DataSourceAutoConfiguration; enhanced class name is: org.springframework.boot.autoconfigure.jdbc.DataSourceAutoConfiguration$$EnhancerBySpringCGLIB$$2a1eb614
2017-10-26 07:47:01.237 DEBUG 12192 --- [    Test worker] o.s.c.a.ConfigurationClassPostProcessor  : Replacing bean definition 'org.springframework.boot.autoconfigure.jdbc.DataSourceAutoConfiguration' existing class 'org.springframework.boot.autoconfigure.jdbc.DataSourceAutoConfiguration' with enhanced class 'org.springframework.boot.autoconfigure.jdbc.DataSourceAutoConfiguration$$EnhancerBySpringCGLIB$$2a1eb614'
2017-10-26 07:47:01.241 DEBUG 12192 --- [    Test worker] o.s.c.a.ConfigurationClassEnhancer       : Successfully enhanced org.springframework.boot.autoconfigure.orm.jpa.JpaBaseConfiguration$JpaWebConfiguration$JpaWebMvcConfiguration; enhanced class name is: org.springframework.boot.autoconfigure.orm.jpa.JpaBaseConfiguration$JpaWebConfiguration$JpaWebMvcConfiguration$$EnhancerBySpringCGLIB$$91661fac
2017-10-26 07:47:01.241 DEBUG 12192 --- [    Test worker] o.s.c.a.ConfigurationClassPostProcessor  : Replacing bean definition 'org.springframework.boot.autoconfigure.orm.jpa.JpaBaseConfiguration$JpaWebConfiguration$JpaWebMvcConfiguration' existing class 'org.springframework.boot.autoconfigure.orm.jpa.JpaBaseConfiguration$JpaWebConfiguration$JpaWebMvcConfiguration' with enhanced class 'org.springframework.boot.autoconfigure.orm.jpa.JpaBaseConfiguration$JpaWebConfiguration$JpaWebMvcConfiguration$$EnhancerBySpringCGLIB$$91661fac'
2017-10-26 07:47:01.244 DEBUG 12192 --- [    Test worker] o.s.c.a.ConfigurationClassEnhancer       : Successfully enhanced org.springframework.boot.autoconfigure.orm.jpa.JpaBaseConfiguration$JpaWebConfiguration; enhanced class name is: org.springframework.boot.autoconfigure.orm.jpa.JpaBaseConfiguration$JpaWebConfiguration$$EnhancerBySpringCGLIB$$b647afff
2017-10-26 07:47:01.244 DEBUG 12192 --- [    Test worker] o.s.c.a.ConfigurationClassPostProcessor  : Replacing bean definition 'org.springframework.boot.autoconfigure.orm.jpa.JpaBaseConfiguration$JpaWebConfiguration' existing class 'org.springframework.boot.autoconfigure.orm.jpa.JpaBaseConfiguration$JpaWebConfiguration' with enhanced class 'org.springframework.boot.autoconfigure.orm.jpa.JpaBaseConfiguration$JpaWebConfiguration$$EnhancerBySpringCGLIB$$b647afff'
2017-10-26 07:47:01.247 DEBUG 12192 --- [    Test worker] o.s.c.a.ConfigurationClassEnhancer       : Successfully enhanced org.springframework.boot.autoconfigure.orm.jpa.HibernateJpaConfiguration; enhanced class name is: org.springframework.boot.autoconfigure.orm.jpa.HibernateJpaConfiguration$$EnhancerBySpringCGLIB$$6701d523
2017-10-26 07:47:01.247 DEBUG 12192 --- [    Test worker] o.s.c.a.ConfigurationClassPostProcessor  : Replacing bean definition 'org.springframework.boot.autoconfigure.orm.jpa.HibernateJpaConfiguration' existing class 'org.springframework.boot.autoconfigure.orm.jpa.HibernateJpaConfiguration' with enhanced class 'org.springframework.boot.autoconfigure.orm.jpa.HibernateJpaConfiguration$$EnhancerBySpringCGLIB$$6701d523'
2017-10-26 07:47:01.249 DEBUG 12192 --- [    Test worker] o.s.c.a.ConfigurationClassEnhancer       : Successfully enhanced org.springframework.boot.autoconfigure.orm.jpa.HibernateJpaAutoConfiguration; enhanced class name is: org.springframework.boot.autoconfigure.orm.jpa.HibernateJpaAutoConfiguration$$EnhancerBySpringCGLIB$$b1b176d4
2017-10-26 07:47:01.249 DEBUG 12192 --- [    Test worker] o.s.c.a.ConfigurationClassPostProcessor  : Replacing bean definition 'org.springframework.boot.autoconfigure.orm.jpa.HibernateJpaAutoConfiguration' existing class 'org.springframework.boot.autoconfigure.orm.jpa.HibernateJpaAutoConfiguration' with enhanced class 'org.springframework.boot.autoconfigure.orm.jpa.HibernateJpaAutoConfiguration$$EnhancerBySpringCGLIB$$b1b176d4'
2017-10-26 07:47:01.250 DEBUG 12192 --- [    Test worker] o.s.c.a.ConfigurationClassEnhancer       : Successfully enhanced org.springframework.boot.autoconfigure.context.ConfigurationPropertiesAutoConfiguration; enhanced class name is: org.springframework.boot.autoconfigure.context.ConfigurationPropertiesAutoConfiguration$$EnhancerBySpringCGLIB$$37b49e02
2017-10-26 07:47:01.250 DEBUG 12192 --- [    Test worker] o.s.c.a.ConfigurationClassPostProcessor  : Replacing bean definition 'org.springframework.boot.autoconfigure.context.ConfigurationPropertiesAutoConfiguration' existing class 'org.springframework.boot.autoconfigure.context.ConfigurationPropertiesAutoConfiguration' with enhanced class 'org.springframework.boot.autoconfigure.context.ConfigurationPropertiesAutoConfiguration$$EnhancerBySpringCGLIB$$37b49e02'
2017-10-26 07:47:01.252 DEBUG 12192 --- [    Test worker] o.s.c.a.ConfigurationClassEnhancer       : Successfully enhanced org.springframework.boot.autoconfigure.data.jpa.JpaRepositoriesAutoConfiguration; enhanced class name is: org.springframework.boot.autoconfigure.data.jpa.JpaRepositoriesAutoConfiguration$$EnhancerBySpringCGLIB$$f8060068
2017-10-26 07:47:01.252 DEBUG 12192 --- [    Test worker] o.s.c.a.ConfigurationClassPostProcessor  : Replacing bean definition 'org.springframework.boot.autoconfigure.data.jpa.JpaRepositoriesAutoConfiguration' existing class 'org.springframework.boot.autoconfigure.data.jpa.JpaRepositoriesAutoConfiguration' with enhanced class 'org.springframework.boot.autoconfigure.data.jpa.JpaRepositoriesAutoConfiguration$$EnhancerBySpringCGLIB$$f8060068'
2017-10-26 07:47:01.254 DEBUG 12192 --- [    Test worker] o.s.c.a.ConfigurationClassEnhancer       : Successfully enhanced org.springframework.boot.autoconfigure.http.HttpMessageConvertersAutoConfiguration$StringHttpMessageConverterConfiguration; enhanced class name is: org.springframework.boot.autoconfigure.http.HttpMessageConvertersAutoConfiguration$StringHttpMessageConverterConfiguration$$EnhancerBySpringCGLIB$$956ca4e8
2017-10-26 07:47:01.255 DEBUG 12192 --- [    Test worker] o.s.c.a.ConfigurationClassPostProcessor  : Replacing bean definition 'org.springframework.boot.autoconfigure.http.HttpMessageConvertersAutoConfiguration$StringHttpMessageConverterConfiguration' existing class 'org.springframework.boot.autoconfigure.http.HttpMessageConvertersAutoConfiguration$StringHttpMessageConverterConfiguration' with enhanced class 'org.springframework.boot.autoconfigure.http.HttpMessageConvertersAutoConfiguration$StringHttpMessageConverterConfiguration$$EnhancerBySpringCGLIB$$956ca4e8'
2017-10-26 07:47:01.257 DEBUG 12192 --- [    Test worker] o.s.c.a.ConfigurationClassEnhancer       : Successfully enhanced org.springframework.boot.autoconfigure.http.JacksonHttpMessageConvertersConfiguration$MappingJackson2HttpMessageConverterConfiguration; enhanced class name is: org.springframework.boot.autoconfigure.http.JacksonHttpMessageConvertersConfiguration$MappingJackson2HttpMessageConverterConfiguration$$EnhancerBySpringCGLIB$$cf42a0e8
2017-10-26 07:47:01.257 DEBUG 12192 --- [    Test worker] o.s.c.a.ConfigurationClassPostProcessor  : Replacing bean definition 'org.springframework.boot.autoconfigure.http.JacksonHttpMessageConvertersConfiguration$MappingJackson2HttpMessageConverterConfiguration' existing class 'org.springframework.boot.autoconfigure.http.JacksonHttpMessageConvertersConfiguration$MappingJackson2HttpMessageConverterConfiguration' with enhanced class 'org.springframework.boot.autoconfigure.http.JacksonHttpMessageConvertersConfiguration$MappingJackson2HttpMessageConverterConfiguration$$EnhancerBySpringCGLIB$$cf42a0e8'
2017-10-26 07:47:01.259 DEBUG 12192 --- [    Test worker] o.s.c.a.ConfigurationClassEnhancer       : Successfully enhanced org.springframework.boot.autoconfigure.http.JacksonHttpMessageConvertersConfiguration; enhanced class name is: org.springframework.boot.autoconfigure.http.JacksonHttpMessageConvertersConfiguration$$EnhancerBySpringCGLIB$$c5b5d476
2017-10-26 07:47:01.259 DEBUG 12192 --- [    Test worker] o.s.c.a.ConfigurationClassPostProcessor  : Replacing bean definition 'org.springframework.boot.autoconfigure.http.JacksonHttpMessageConvertersConfiguration' existing class 'org.springframework.boot.autoconfigure.http.JacksonHttpMessageConvertersConfiguration' with enhanced class 'org.springframework.boot.autoconfigure.http.JacksonHttpMessageConvertersConfiguration$$EnhancerBySpringCGLIB$$c5b5d476'
2017-10-26 07:47:01.262 DEBUG 12192 --- [    Test worker] o.s.c.a.ConfigurationClassEnhancer       : Successfully enhanced org.springframework.boot.autoconfigure.http.HttpMessageConvertersAutoConfiguration; enhanced class name is: org.springframework.boot.autoconfigure.http.HttpMessageConvertersAutoConfiguration$$EnhancerBySpringCGLIB$$625ede48
2017-10-26 07:47:01.262 DEBUG 12192 --- [    Test worker] o.s.c.a.ConfigurationClassPostProcessor  : Replacing bean definition 'org.springframework.boot.autoconfigure.http.HttpMessageConvertersAutoConfiguration' existing class 'org.springframework.boot.autoconfigure.http.HttpMessageConvertersAutoConfiguration' with enhanced class 'org.springframework.boot.autoconfigure.http.HttpMessageConvertersAutoConfiguration$$EnhancerBySpringCGLIB$$625ede48'
2017-10-26 07:47:01.265 DEBUG 12192 --- [    Test worker] o.s.c.a.ConfigurationClassEnhancer       : Successfully enhanced org.springframework.data.web.config.SpringDataWebConfiguration; enhanced class name is: org.springframework.data.web.config.SpringDataWebConfiguration$$EnhancerBySpringCGLIB$$a98f4107
2017-10-26 07:47:01.265 DEBUG 12192 --- [    Test worker] o.s.c.a.ConfigurationClassPostProcessor  : Replacing bean definition 'org.springframework.data.web.config.SpringDataWebConfiguration' existing class 'org.springframework.data.web.config.SpringDataWebConfiguration' with enhanced class 'org.springframework.data.web.config.SpringDataWebConfiguration$$EnhancerBySpringCGLIB$$a98f4107'
2017-10-26 07:47:01.268 DEBUG 12192 --- [    Test worker] o.s.c.a.ConfigurationClassEnhancer       : Successfully enhanced org.springframework.boot.autoconfigure.data.web.SpringDataWebAutoConfiguration; enhanced class name is: org.springframework.boot.autoconfigure.data.web.SpringDataWebAutoConfiguration$$EnhancerBySpringCGLIB$$33c1c8d5
2017-10-26 07:47:01.268 DEBUG 12192 --- [    Test worker] o.s.c.a.ConfigurationClassPostProcessor  : Replacing bean definition 'org.springframework.boot.autoconfigure.data.web.SpringDataWebAutoConfiguration' existing class 'org.springframework.boot.autoconfigure.data.web.SpringDataWebAutoConfiguration' with enhanced class 'org.springframework.boot.autoconfigure.data.web.SpringDataWebAutoConfiguration$$EnhancerBySpringCGLIB$$33c1c8d5'
2017-10-26 07:47:01.270 DEBUG 12192 --- [    Test worker] o.s.c.a.ConfigurationClassEnhancer       : Successfully enhanced org.springframework.boot.autoconfigure.h2.H2ConsoleAutoConfiguration; enhanced class name is: org.springframework.boot.autoconfigure.h2.H2ConsoleAutoConfiguration$$EnhancerBySpringCGLIB$$17c398eb
2017-10-26 07:47:01.270 DEBUG 12192 --- [    Test worker] o.s.c.a.ConfigurationClassPostProcessor  : Replacing bean definition 'org.springframework.boot.autoconfigure.h2.H2ConsoleAutoConfiguration' existing class 'org.springframework.boot.autoconfigure.h2.H2ConsoleAutoConfiguration' with enhanced class 'org.springframework.boot.autoconfigure.h2.H2ConsoleAutoConfiguration$$EnhancerBySpringCGLIB$$17c398eb'
2017-10-26 07:47:01.275 DEBUG 12192 --- [    Test worker] o.s.c.a.ConfigurationClassEnhancer       : Successfully enhanced org.springframework.boot.autoconfigure.info.ProjectInfoAutoConfiguration; enhanced class name is: org.springframework.boot.autoconfigure.info.ProjectInfoAutoConfiguration$$EnhancerBySpringCGLIB$$84251fcd
2017-10-26 07:47:01.275 DEBUG 12192 --- [    Test worker] o.s.c.a.ConfigurationClassPostProcessor  : Replacing bean definition 'org.springframework.boot.autoconfigure.info.ProjectInfoAutoConfiguration' existing class 'org.springframework.boot.autoconfigure.info.ProjectInfoAutoConfiguration' with enhanced class 'org.springframework.boot.autoconfigure.info.ProjectInfoAutoConfiguration$$EnhancerBySpringCGLIB$$84251fcd'
2017-10-26 07:47:01.277 DEBUG 12192 --- [    Test worker] o.s.c.a.ConfigurationClassEnhancer       : Successfully enhanced org.springframework.boot.autoconfigure.jdbc.JdbcTemplateAutoConfiguration$JdbcTemplateConfiguration; enhanced class name is: org.springframework.boot.autoconfigure.jdbc.JdbcTemplateAutoConfiguration$JdbcTemplateConfiguration$$EnhancerBySpringCGLIB$$60b64121
2017-10-26 07:47:01.278 DEBUG 12192 --- [    Test worker] o.s.c.a.ConfigurationClassPostProcessor  : Replacing bean definition 'org.springframework.boot.autoconfigure.jdbc.JdbcTemplateAutoConfiguration$JdbcTemplateConfiguration' existing class 'org.springframework.boot.autoconfigure.jdbc.JdbcTemplateAutoConfiguration$JdbcTemplateConfiguration' with enhanced class 'org.springframework.boot.autoconfigure.jdbc.JdbcTemplateAutoConfiguration$JdbcTemplateConfiguration$$EnhancerBySpringCGLIB$$60b64121'
2017-10-26 07:47:01.280 DEBUG 12192 --- [    Test worker] o.s.c.a.ConfigurationClassEnhancer       : Successfully enhanced org.springframework.boot.autoconfigure.jdbc.JdbcTemplateAutoConfiguration$NamedParameterJdbcTemplateConfiguration; enhanced class name is: org.springframework.boot.autoconfigure.jdbc.JdbcTemplateAutoConfiguration$NamedParameterJdbcTemplateConfiguration$$EnhancerBySpringCGLIB$$52973851
2017-10-26 07:47:01.281 DEBUG 12192 --- [    Test worker] o.s.c.a.ConfigurationClassPostProcessor  : Replacing bean definition 'org.springframework.boot.autoconfigure.jdbc.JdbcTemplateAutoConfiguration$NamedParameterJdbcTemplateConfiguration' existing class 'org.springframework.boot.autoconfigure.jdbc.JdbcTemplateAutoConfiguration$NamedParameterJdbcTemplateConfiguration' with enhanced class 'org.springframework.boot.autoconfigure.jdbc.JdbcTemplateAutoConfiguration$NamedParameterJdbcTemplateConfiguration$$EnhancerBySpringCGLIB$$52973851'
2017-10-26 07:47:01.282 DEBUG 12192 --- [    Test worker] o.s.c.a.ConfigurationClassEnhancer       : Successfully enhanced org.springframework.boot.autoconfigure.jdbc.JdbcTemplateAutoConfiguration; enhanced class name is: org.springframework.boot.autoconfigure.jdbc.JdbcTemplateAutoConfiguration$$EnhancerBySpringCGLIB$$680f47a4
2017-10-26 07:47:01.282 DEBUG 12192 --- [    Test worker] o.s.c.a.ConfigurationClassPostProcessor  : Replacing bean definition 'org.springframework.boot.autoconfigure.jdbc.JdbcTemplateAutoConfiguration' existing class 'org.springframework.boot.autoconfigure.jdbc.JdbcTemplateAutoConfiguration' with enhanced class 'org.springframework.boot.autoconfigure.jdbc.JdbcTemplateAutoConfiguration$$EnhancerBySpringCGLIB$$680f47a4'
2017-10-26 07:47:01.286 DEBUG 12192 --- [    Test worker] o.s.c.a.ConfigurationClassEnhancer       : Successfully enhanced org.springframework.boot.autoconfigure.jdbc.DataSourceTransactionManagerAutoConfiguration$DataSourceTransactionManagerConfiguration; enhanced class name is: org.springframework.boot.autoconfigure.jdbc.DataSourceTransactionManagerAutoConfiguration$DataSourceTransactionManagerConfiguration$$EnhancerBySpringCGLIB$$f52bab23
2017-10-26 07:47:01.286 DEBUG 12192 --- [    Test worker] o.s.c.a.ConfigurationClassPostProcessor  : Replacing bean definition 'org.springframework.boot.autoconfigure.jdbc.DataSourceTransactionManagerAutoConfiguration$DataSourceTransactionManagerConfiguration' existing class 'org.springframework.boot.autoconfigure.jdbc.DataSourceTransactionManagerAutoConfiguration$DataSourceTransactionManagerConfiguration' with enhanced class 'org.springframework.boot.autoconfigure.jdbc.DataSourceTransactionManagerAutoConfiguration$DataSourceTransactionManagerConfiguration$$EnhancerBySpringCGLIB$$f52bab23'
2017-10-26 07:47:01.288 DEBUG 12192 --- [    Test worker] o.s.c.a.ConfigurationClassEnhancer       : Successfully enhanced org.springframework.boot.autoconfigure.jdbc.DataSourceTransactionManagerAutoConfiguration; enhanced class name is: org.springframework.boot.autoconfigure.jdbc.DataSourceTransactionManagerAutoConfiguration$$EnhancerBySpringCGLIB$$59020305
2017-10-26 07:47:01.288 DEBUG 12192 --- [    Test worker] o.s.c.a.ConfigurationClassPostProcessor  : Replacing bean definition 'org.springframework.boot.autoconfigure.jdbc.DataSourceTransactionManagerAutoConfiguration' existing class 'org.springframework.boot.autoconfigure.jdbc.DataSourceTransactionManagerAutoConfiguration' with enhanced class 'org.springframework.boot.autoconfigure.jdbc.DataSourceTransactionManagerAutoConfiguration$$EnhancerBySpringCGLIB$$59020305'
2017-10-26 07:47:01.293 DEBUG 12192 --- [    Test worker] o.s.c.a.ConfigurationClassEnhancer       : Successfully enhanced org.springframework.transaction.annotation.ProxyTransactionManagementConfiguration; enhanced class name is: org.springframework.transaction.annotation.ProxyTransactionManagementConfiguration$$EnhancerBySpringCGLIB$$482b12b4
2017-10-26 07:47:01.293 DEBUG 12192 --- [    Test worker] o.s.c.a.ConfigurationClassPostProcessor  : Replacing bean definition 'org.springframework.transaction.annotation.ProxyTransactionManagementConfiguration' existing class 'org.springframework.transaction.annotation.ProxyTransactionManagementConfiguration' with enhanced class 'org.springframework.transaction.annotation.ProxyTransactionManagementConfiguration$$EnhancerBySpringCGLIB$$482b12b4'
2017-10-26 07:47:01.295 DEBUG 12192 --- [    Test worker] o.s.c.a.ConfigurationClassEnhancer       : Successfully enhanced org.springframework.boot.autoconfigure.transaction.TransactionAutoConfiguration$EnableTransactionManagementConfiguration$CglibAutoProxyConfiguration; enhanced class name is: org.springframework.boot.autoconfigure.transaction.TransactionAutoConfiguration$EnableTransactionManagementConfiguration$CglibAutoProxyConfiguration$$EnhancerBySpringCGLIB$$b41056e4
2017-10-26 07:47:01.296 DEBUG 12192 --- [    Test worker] o.s.c.a.ConfigurationClassPostProcessor  : Replacing bean definition 'org.springframework.boot.autoconfigure.transaction.TransactionAutoConfiguration$EnableTransactionManagementConfiguration$CglibAutoProxyConfiguration' existing class 'org.springframework.boot.autoconfigure.transaction.TransactionAutoConfiguration$EnableTransactionManagementConfiguration$CglibAutoProxyConfiguration' with enhanced class 'org.springframework.boot.autoconfigure.transaction.TransactionAutoConfiguration$EnableTransactionManagementConfiguration$CglibAutoProxyConfiguration$$EnhancerBySpringCGLIB$$b41056e4'
2017-10-26 07:47:01.297 DEBUG 12192 --- [    Test worker] o.s.c.a.ConfigurationClassEnhancer       : Successfully enhanced org.springframework.boot.autoconfigure.transaction.TransactionAutoConfiguration$EnableTransactionManagementConfiguration; enhanced class name is: org.springframework.boot.autoconfigure.transaction.TransactionAutoConfiguration$EnableTransactionManagementConfiguration$$EnhancerBySpringCGLIB$$d299b170
2017-10-26 07:47:01.297 DEBUG 12192 --- [    Test worker] o.s.c.a.ConfigurationClassPostProcessor  : Replacing bean definition 'org.springframework.boot.autoconfigure.transaction.TransactionAutoConfiguration$EnableTransactionManagementConfiguration' existing class 'org.springframework.boot.autoconfigure.transaction.TransactionAutoConfiguration$EnableTransactionManagementConfiguration' with enhanced class 'org.springframework.boot.autoconfigure.transaction.TransactionAutoConfiguration$EnableTransactionManagementConfiguration$$EnhancerBySpringCGLIB$$d299b170'
2017-10-26 07:47:01.299 DEBUG 12192 --- [    Test worker] o.s.c.a.ConfigurationClassEnhancer       : Successfully enhanced org.springframework.boot.autoconfigure.transaction.TransactionAutoConfiguration$TransactionTemplateConfiguration; enhanced class name is: org.springframework.boot.autoconfigure.transaction.TransactionAutoConfiguration$TransactionTemplateConfiguration$$EnhancerBySpringCGLIB$$46b56ff6
2017-10-26 07:47:01.299 DEBUG 12192 --- [    Test worker] o.s.c.a.ConfigurationClassPostProcessor  : Replacing bean definition 'org.springframework.boot.autoconfigure.transaction.TransactionAutoConfiguration$TransactionTemplateConfiguration' existing class 'org.springframework.boot.autoconfigure.transaction.TransactionAutoConfiguration$TransactionTemplateConfiguration' with enhanced class 'org.springframework.boot.autoconfigure.transaction.TransactionAutoConfiguration$TransactionTemplateConfiguration$$EnhancerBySpringCGLIB$$46b56ff6'
2017-10-26 07:47:01.302 DEBUG 12192 --- [    Test worker] o.s.c.a.ConfigurationClassEnhancer       : Successfully enhanced org.springframework.boot.autoconfigure.transaction.TransactionAutoConfiguration; enhanced class name is: org.springframework.boot.autoconfigure.transaction.TransactionAutoConfiguration$$EnhancerBySpringCGLIB$$dc9f0dbe
2017-10-26 07:47:01.302 DEBUG 12192 --- [    Test worker] o.s.c.a.ConfigurationClassPostProcessor  : Replacing bean definition 'org.springframework.boot.autoconfigure.transaction.TransactionAutoConfiguration' existing class 'org.springframework.boot.autoconfigure.transaction.TransactionAutoConfiguration' with enhanced class 'org.springframework.boot.autoconfigure.transaction.TransactionAutoConfiguration$$EnhancerBySpringCGLIB$$dc9f0dbe'
2017-10-26 07:47:01.305 DEBUG 12192 --- [    Test worker] o.s.c.a.ConfigurationClassEnhancer       : Successfully enhanced org.springframework.boot.autoconfigure.web.client.RestTemplateAutoConfiguration; enhanced class name is: org.springframework.boot.autoconfigure.web.client.RestTemplateAutoConfiguration$$EnhancerBySpringCGLIB$$e3410c35
2017-10-26 07:47:01.305 DEBUG 12192 --- [    Test worker] o.s.c.a.ConfigurationClassPostProcessor  : Replacing bean definition 'org.springframework.boot.autoconfigure.web.client.RestTemplateAutoConfiguration' existing class 'org.springframework.boot.autoconfigure.web.client.RestTemplateAutoConfiguration' with enhanced class 'org.springframework.boot.autoconfigure.web.client.RestTemplateAutoConfiguration$$EnhancerBySpringCGLIB$$e3410c35'
2017-10-26 07:47:01.308 DEBUG 12192 --- [    Test worker] o.s.c.a.ConfigurationClassEnhancer       : Successfully enhanced org.springframework.boot.autoconfigure.web.servlet.HttpEncodingAutoConfiguration; enhanced class name is: org.springframework.boot.autoconfigure.web.servlet.HttpEncodingAutoConfiguration$$EnhancerBySpringCGLIB$$1b7fc956
2017-10-26 07:47:01.308 DEBUG 12192 --- [    Test worker] o.s.c.a.ConfigurationClassPostProcessor  : Replacing bean definition 'org.springframework.boot.autoconfigure.web.servlet.HttpEncodingAutoConfiguration' existing class 'org.springframework.boot.autoconfigure.web.servlet.HttpEncodingAutoConfiguration' with enhanced class 'org.springframework.boot.autoconfigure.web.servlet.HttpEncodingAutoConfiguration$$EnhancerBySpringCGLIB$$1b7fc956'
2017-10-26 07:47:01.312 DEBUG 12192 --- [    Test worker] o.s.c.a.ConfigurationClassEnhancer       : Successfully enhanced org.springframework.boot.autoconfigure.web.servlet.MultipartAutoConfiguration; enhanced class name is: org.springframework.boot.autoconfigure.web.servlet.MultipartAutoConfiguration$$EnhancerBySpringCGLIB$$8a705163
2017-10-26 07:47:01.312 DEBUG 12192 --- [    Test worker] o.s.c.a.ConfigurationClassPostProcessor  : Replacing bean definition 'org.springframework.boot.autoconfigure.web.servlet.MultipartAutoConfiguration' existing class 'org.springframework.boot.autoconfigure.web.servlet.MultipartAutoConfiguration' with enhanced class 'org.springframework.boot.autoconfigure.web.servlet.MultipartAutoConfiguration$$EnhancerBySpringCGLIB$$8a705163'
2017-10-26 07:47:01.313 DEBUG 12192 --- [    Test worker] o.s.core.env.StandardEnvironment         : Removing PropertySource 'defaultProperties'
2017-10-26 07:47:01.315 DEBUG 12192 --- [    Test worker] o.s.b.f.s.DefaultListableBeanFactory     : Creating shared instance of singleton bean 'propertySourcesPlaceholderConfigurer'
2017-10-26 07:47:01.315 DEBUG 12192 --- [    Test worker] o.s.b.f.s.DefaultListableBeanFactory     : Creating instance of bean 'propertySourcesPlaceholderConfigurer'
2017-10-26 07:47:01.319 DEBUG 12192 --- [    Test worker] o.s.b.f.s.DefaultListableBeanFactory     : Eagerly caching bean 'propertySourcesPlaceholderConfigurer' to allow for resolving potential circular references
2017-10-26 07:47:01.330 DEBUG 12192 --- [    Test worker] o.s.b.f.s.DefaultListableBeanFactory     : Finished creating instance of bean 'propertySourcesPlaceholderConfigurer'
2017-10-26 07:47:01.330 DEBUG 12192 --- [    Test worker] o.s.core.env.MutablePropertySources      : Adding PropertySource 'environmentProperties' with lowest search precedence
2017-10-26 07:47:01.330 DEBUG 12192 --- [    Test worker] o.s.core.env.MutablePropertySources      : Adding PropertySource 'localProperties' with lowest search precedence
2017-10-26 07:47:01.334 DEBUG 12192 --- [    Test worker] o.s.b.f.s.DefaultListableBeanFactory     : Creating shared instance of singleton bean 'org.springframework.boot.test.mock.mockito.MockitoPostProcessor'
2017-10-26 07:47:01.334 DEBUG 12192 --- [    Test worker] o.s.b.f.s.DefaultListableBeanFactory     : Creating instance of bean 'org.springframework.boot.test.mock.mockito.MockitoPostProcessor'
2017-10-26 07:47:01.336 DEBUG 12192 --- [    Test worker] o.s.b.f.s.DefaultListableBeanFactory     : Eagerly caching bean 'org.springframework.boot.test.mock.mockito.MockitoPostProcessor' to allow for resolving potential circular references
2017-10-26 07:47:01.342 DEBUG 12192 --- [    Test worker] o.s.b.f.s.DefaultListableBeanFactory     : Finished creating instance of bean 'org.springframework.boot.test.mock.mockito.MockitoPostProcessor'
2017-10-26 07:47:01.373 DEBUG 12192 --- [    Test worker] o.s.b.f.s.DefaultListableBeanFactory     : Creating shared instance of singleton bean 'org.springframework.boot.context.properties.ConfigurationPropertiesBindingPostProcessor.store'
2017-10-26 07:47:01.373 DEBUG 12192 --- [    Test worker] o.s.b.f.s.DefaultListableBeanFactory     : Creating instance of bean 'org.springframework.boot.context.properties.ConfigurationPropertiesBindingPostProcessor.store'
2017-10-26 07:47:01.374 DEBUG 12192 --- [    Test worker] o.s.b.f.s.DefaultListableBeanFactory     : Eagerly caching bean 'org.springframework.boot.context.properties.ConfigurationPropertiesBindingPostProcessor.store' to allow for resolving potential circular references
2017-10-26 07:47:01.376 DEBUG 12192 --- [    Test worker] o.s.b.f.s.DefaultListableBeanFactory     : Finished creating instance of bean 'org.springframework.boot.context.properties.ConfigurationPropertiesBindingPostProcessor.store'
2017-10-26 07:47:01.376 DEBUG 12192 --- [    Test worker] o.s.b.f.s.DefaultListableBeanFactory     : Creating shared instance of singleton bean 'preserveErrorControllerTargetClassPostProcessor'
2017-10-26 07:47:01.376 DEBUG 12192 --- [    Test worker] o.s.b.f.s.DefaultListableBeanFactory     : Creating instance of bean 'preserveErrorControllerTargetClassPostProcessor'
2017-10-26 07:47:01.376 DEBUG 12192 --- [    Test worker] o.s.b.f.s.DefaultListableBeanFactory     : Eagerly caching bean 'preserveErrorControllerTargetClassPostProcessor' to allow for resolving potential circular references
2017-10-26 07:47:01.378 DEBUG 12192 --- [    Test worker] o.s.b.f.s.DefaultListableBeanFactory     : Finished creating instance of bean 'preserveErrorControllerTargetClassPostProcessor'
2017-10-26 07:47:01.378 DEBUG 12192 --- [    Test worker] o.s.b.f.s.DefaultListableBeanFactory     : Creating shared instance of singleton bean 'emBeanDefinitionRegistrarPostProcessor'
2017-10-26 07:47:01.378 DEBUG 12192 --- [    Test worker] o.s.b.f.s.DefaultListableBeanFactory     : Creating instance of bean 'emBeanDefinitionRegistrarPostProcessor'
2017-10-26 07:47:01.378 DEBUG 12192 --- [    Test worker] o.s.b.f.s.DefaultListableBeanFactory     : Eagerly caching bean 'emBeanDefinitionRegistrarPostProcessor' to allow for resolving potential circular references
2017-10-26 07:47:01.380 DEBUG 12192 --- [    Test worker] o.s.b.f.s.DefaultListableBeanFactory     : Finished creating instance of bean 'emBeanDefinitionRegistrarPostProcessor'
2017-10-26 07:47:01.398 DEBUG 12192 --- [    Test worker] o.s.b.f.s.DefaultListableBeanFactory     : Creating shared instance of singleton bean 'org.springframework.boot.test.mock.mockito.MockitoPostProcessor$SpyPostProcessor'
2017-10-26 07:47:01.398 DEBUG 12192 --- [    Test worker] o.s.b.f.s.DefaultListableBeanFactory     : Creating instance of bean 'org.springframework.boot.test.mock.mockito.MockitoPostProcessor$SpyPostProcessor'
2017-10-26 07:47:01.399 DEBUG 12192 --- [    Test worker] o.s.b.f.s.DefaultListableBeanFactory     : Returning cached instance of singleton bean 'org.springframework.boot.test.mock.mockito.MockitoPostProcessor'
2017-10-26 07:47:01.399 DEBUG 12192 --- [    Test worker] o.s.b.f.s.DefaultListableBeanFactory     : Eagerly caching bean 'org.springframework.boot.test.mock.mockito.MockitoPostProcessor$SpyPostProcessor' to allow for resolving potential circular references
2017-10-26 07:47:01.402 DEBUG 12192 --- [    Test worker] o.s.b.f.s.DefaultListableBeanFactory     : Finished creating instance of bean 'org.springframework.boot.test.mock.mockito.MockitoPostProcessor$SpyPostProcessor'
2017-10-26 07:47:01.402 DEBUG 12192 --- [    Test worker] o.s.b.f.s.DefaultListableBeanFactory     : Creating shared instance of singleton bean 'org.springframework.context.annotation.internalAutowiredAnnotationProcessor'
2017-10-26 07:47:01.402 DEBUG 12192 --- [    Test worker] o.s.b.f.s.DefaultListableBeanFactory     : Creating instance of bean 'org.springframework.context.annotation.internalAutowiredAnnotationProcessor'
2017-10-26 07:47:01.403 DEBUG 12192 --- [    Test worker] o.s.b.f.s.DefaultListableBeanFactory     : Eagerly caching bean 'org.springframework.context.annotation.internalAutowiredAnnotationProcessor' to allow for resolving potential circular references
2017-10-26 07:47:01.407 DEBUG 12192 --- [    Test worker] o.s.b.f.s.DefaultListableBeanFactory     : Finished creating instance of bean 'org.springframework.context.annotation.internalAutowiredAnnotationProcessor'
2017-10-26 07:47:01.407 DEBUG 12192 --- [    Test worker] o.s.b.f.s.DefaultListableBeanFactory     : Creating shared instance of singleton bean 'org.springframework.context.annotation.internalRequiredAnnotationProcessor'
2017-10-26 07:47:01.407 DEBUG 12192 --- [    Test worker] o.s.b.f.s.DefaultListableBeanFactory     : Creating instance of bean 'org.springframework.context.annotation.internalRequiredAnnotationProcessor'
2017-10-26 07:47:01.408 DEBUG 12192 --- [    Test worker] o.s.b.f.s.DefaultListableBeanFactory     : Eagerly caching bean 'org.springframework.context.annotation.internalRequiredAnnotationProcessor' to allow for resolving potential circular references
2017-10-26 07:47:01.412 DEBUG 12192 --- [    Test worker] o.s.b.f.s.DefaultListableBeanFactory     : Finished creating instance of bean 'org.springframework.context.annotation.internalRequiredAnnotationProcessor'
2017-10-26 07:47:01.412 DEBUG 12192 --- [    Test worker] o.s.b.f.s.DefaultListableBeanFactory     : Creating shared instance of singleton bean 'org.springframework.context.annotation.internalCommonAnnotationProcessor'
2017-10-26 07:47:01.412 DEBUG 12192 --- [    Test worker] o.s.b.f.s.DefaultListableBeanFactory     : Creating instance of bean 'org.springframework.context.annotation.internalCommonAnnotationProcessor'
2017-10-26 07:47:01.417 DEBUG 12192 --- [    Test worker] o.s.b.f.s.DefaultListableBeanFactory     : Eagerly caching bean 'org.springframework.context.annotation.internalCommonAnnotationProcessor' to allow for resolving potential circular references
2017-10-26 07:47:01.423 DEBUG 12192 --- [    Test worker] o.s.b.f.s.DefaultListableBeanFactory     : Finished creating instance of bean 'org.springframework.context.annotation.internalCommonAnnotationProcessor'
2017-10-26 07:47:01.423 DEBUG 12192 --- [    Test worker] o.s.b.f.s.DefaultListableBeanFactory     : Creating shared instance of singleton bean 'org.springframework.context.annotation.internalPersistenceAnnotationProcessor'
2017-10-26 07:47:01.423 DEBUG 12192 --- [    Test worker] o.s.b.f.s.DefaultListableBeanFactory     : Creating instance of bean 'org.springframework.context.annotation.internalPersistenceAnnotationProcessor'
2017-10-26 07:47:01.423 DEBUG 12192 --- [    Test worker] o.s.b.f.s.DefaultListableBeanFactory     : Eagerly caching bean 'org.springframework.context.annotation.internalPersistenceAnnotationProcessor' to allow for resolving potential circular references
2017-10-26 07:47:01.428 DEBUG 12192 --- [    Test worker] o.s.b.f.s.DefaultListableBeanFactory     : Finished creating instance of bean 'org.springframework.context.annotation.internalPersistenceAnnotationProcessor'
2017-10-26 07:47:01.428 DEBUG 12192 --- [    Test worker] o.s.b.f.s.DefaultListableBeanFactory     : Creating shared instance of singleton bean 'org.springframework.boot.context.properties.ConfigurationPropertiesBindingPostProcessor'
2017-10-26 07:47:01.428 DEBUG 12192 --- [    Test worker] o.s.b.f.s.DefaultListableBeanFactory     : Creating instance of bean 'org.springframework.boot.context.properties.ConfigurationPropertiesBindingPostProcessor'
2017-10-26 07:47:01.428 DEBUG 12192 --- [    Test worker] o.s.core.env.StandardEnvironment         : Adding PropertySource 'systemProperties' with lowest search precedence
2017-10-26 07:47:01.428 DEBUG 12192 --- [    Test worker] o.s.core.env.StandardEnvironment         : Adding PropertySource 'systemEnvironment' with lowest search precedence
2017-10-26 07:47:01.429 DEBUG 12192 --- [    Test worker] o.s.core.env.StandardEnvironment         : Initialized StandardEnvironment with PropertySources [MapPropertySource@1412879171 {name='systemProperties', properties={java.runtime.name=Java(TM) SE Runtime Environment, sun.boot.library.path=C:\Program Files\Java\jdk1.8.0_151\jre\bin, java.vm.version=25.151-b12, java.vm.vendor=Oracle Corporation, java.vendor.url=http://java.oracle.com/, path.separator=;, java.vm.name=Java HotSpot(TM) 64-Bit Server VM, file.encoding.pkg=sun.io, user.script=, sun.java.launcher=SUN_STANDARD, user.country=US, sun.os.patch.level=, PID=12192, java.vm.specification.name=Java Virtual Machine Specification, user.dir=C:\Users\david.hoyos\eclipse-workspace\Proyectoparqueadero, java.runtime.version=1.8.0_151-b12, java.awt.graphicsenv=sun.awt.Win32GraphicsEnvironment, java.endorsed.dirs=C:\Program Files\Java\jdk1.8.0_151\jre\lib\endorsed, os.arch=amd64, java.io.tmpdir=C:\Users\DAVID~1.HOY\AppData\Local\Temp\, line.separator=
, java.vm.specification.vendor=Oracle Corporation, user.variant=, os.name=Windows 10, sun.jnu.encoding=Cp1252, spring.beaninfo.ignore=true, java.library.path=C:\Program Files\Java\jdk1.8.0_151\bin;C:\WINDOWS\Sun\Java\bin;C:\WINDOWS\system32;C:\WINDOWS;C:/Program Files/Java/jre1.8.0_151/bin/server;C:/Program Files/Java/jre1.8.0_151/bin;C:/Program Files/Java/jre1.8.0_151/lib/amd64;C:\ProgramData\Oracle\Java\javapath;C:\Program Files (x86)\Intel\iCLS Client\;C:\Program Files\Intel\iCLS Client\;C:\Oracle\product\11.1.0\client_1\bin;C:\Program Files\CollabNet\Subversion Client;C:\WINDOWS\system32;C:\WINDOWS;C:\WINDOWS\System32\Wbem;C:\WINDOWS\System32\WindowsPowerShell\v1.0\;C:\Program Files (x86)\Intel\Intel(R) Management Engine Components\DAL;C:\Program Files\Intel\Intel(R) Management Engine Components\DAL;C:\Program Files (x86)\Intel\Intel(R) Management Engine Components\IPT;C:\Program Files\Intel\Intel(R) Management Engine Components\IPT;C:\Program Files\TortoiseSVN\bin;C:\Program Files\PuTTY\;C:\Users\david.hoyos\Documents\Herramientas desarrollo\gradle-4.2.1\bin;C:\Program Files\Git\cmd;C:\Users\david.hoyos\AppData\Local\Microsoft\WindowsApps;;C:\Users\david.hoyos\Documents\Programas\eclipse-jee-oxygen-1a-win32-x86_64\eclipse;;., java.specification.name=Java Platform API Specification, java.class.version=52.0, org.gradle.native=false, sun.management.compiler=HotSpot 64-Bit Tiered Compilers, os.version=10.0, user.home=C:\Users\david.hoyos, user.timezone=America/Bogota, java.awt.printerjob=sun.awt.windows.WPrinterJob, file.encoding=windows-1252, java.specification.version=1.8, java.class.path=C:\Users\david.hoyos\eclipse-workspace\Proyectoparqueadero\build\classes\java\test;C:\Users\david.hoyos\eclipse-workspace\Proyectoparqueadero\build\resources\test;C:\Users\david.hoyos\eclipse-workspace\Proyectoparqueadero\build\classes\java\main;C:\Users\david.hoyos\eclipse-workspace\Proyectoparqueadero\build\resources\main;C:\Users\david.hoyos\Documents\Herramientas desarrollo\gradle-4.2.1\caches\modules-2\files-2.1\org.springframework.boot\spring-boot-starter-data-jpa\2.0.0.M5\7a51c922581611b15f767cd17e14f4f9db60399b\spring-boot-starter-data-jpa-2.0.0.M5.jar;C:\Users\david.hoyos\Documents\Herramientas desarrollo\gradle-4.2.1\caches\modules-2\files-2.1\org.springframework.boot\spring-boot-starter-jdbc\2.0.0.M5\83d7f9f97d4e5501d3d5ce0c42501cebabf6bb5c\spring-boot-starter-jdbc-2.0.0.M5.jar;C:\Users\david.hoyos\Documents\Herramientas desarrollo\gradle-4.2.1\caches\modules-2\files-2.1\org.springframework.boot\spring-boot-starter-web\2.0.0.M5\24eae1fdad773e958d9bab5beb332ecf3fd21d04\spring-boot-starter-web-2.0.0.M5.jar;C:\Users\david.hoyos\Documents\Herramientas desarrollo\gradle-4.2.1\caches\modules-2\files-2.1\com.h2database\h2\1.4.196\dd0034398d593aa3588c6773faac429bbd9aea0e\h2-1.4.196.jar;C:\Users\david.hoyos\Documents\Herramientas desarrollo\gradle-4.2.1\caches\modules-2\files-2.1\org.springframework.boot\spring-boot-starter-test\2.0.0.M5\99cf8b580f1b164faec0ec45d465fd1a8e4c2904\spring-boot-starter-test-2.0.0.M5.jar;C:\Users\david.hoyos\Documents\Herramientas desarrollo\gradle-4.2.1\caches\modules-2\files-2.1\org.mockito\mockito-core\2.10.0\871efe6f2607d8c93dd25b8c1fa09851d4286dd6\mockito-core-2.10.0.jar;C:\Users\david.hoyos\Documents\Herramientas desarrollo\gradle-4.2.1\caches\modules-2\files-2.1\junit\junit\4.12\2973d150c0dc1fefe998f834810d68f278ea58ec\junit-4.12.jar;C:\Users\david.hoyos\Documents\Herramientas desarrollo\gradle-4.2.1\caches\modules-2\files-2.1\org.springframework.boot\spring-boot-starter-aop\2.0.0.M5\1c71fd43cc812cf72b15f2d216ef9a0bea4e8584\spring-boot-starter-aop-2.0.0.M5.jar;C:\Users\david.hoyos\Documents\Herramientas desarrollo\gradle-4.2.1\caches\modules-2\files-2.1\org.springframework.boot\spring-boot-starter-json\2.0.0.M5\b9a48a0ea21bce60a71011f85e4494b70e0f1f03\spring-boot-starter-json-2.0.0.M5.jar;C:\Users\david.hoyos\Documents\Herramientas desarrollo\gradle-4.2.1\caches\modules-2\files-2.1\org.springframework.boot\spring-boot-starter\2.0.0.M5\43635ad065765d9e9bfdbf7009d8961e1d852a4c\spring-boot-starter-2.0.0.M5.jar;C:\Users\david.hoyos\Documents\Herramientas desarrollo\gradle-4.2.1\caches\modules-2\files-2.1\org.hibernate\hibernate-core\5.2.11.Final\c7bc35a9caccb66f6b7209849c5feab8241abb76\hibernate-core-5.2.11.Final.jar;C:\Users\david.hoyos\Documents\Herramientas desarrollo\gradle-4.2.1\caches\modules-2\files-2.1\javax.transaction\javax.transaction-api\1.2\d81aff979d603edd90dcd8db2abc1f4ce6479e3e\javax.transaction-api-1.2.jar;C:\Users\david.hoyos\Documents\Herramientas desarrollo\gradle-4.2.1\caches\modules-2\files-2.1\org.springframework.data\spring-data-jpa\2.0.0.RELEASE\37298e64c40bfd4b51335df41afa8a5e509ba5de\spring-data-jpa-2.0.0.RELEASE.jar;C:\Users\david.hoyos\Documents\Herramientas desarrollo\gradle-4.2.1\caches\modules-2\files-2.1\org.springframework\spring-aspects\5.0.0.RELEASE\bf63871e3c0fc83d550c7f54c67a376a1b896180\spring-aspects-5.0.0.RELEASE.jar;C:\Users\david.hoyos\Documents\Herramientas desarrollo\gradle-4.2.1\caches\modules-2\files-2.1\com.zaxxer\HikariCP\2.7.2\8eadf835d2f74c30b75ffcb2693bb6853b85cf1e\HikariCP-2.7.2.jar;C:\Users\david.hoyos\Documents\Herramientas desarrollo\gradle-4.2.1\caches\modules-2\files-2.1\org.springframework\spring-orm\5.0.0.RELEASE\3b129d4a305f0fba7c4e9210b6dd3e6cb6e9f6c4\spring-orm-5.0.0.RELEASE.jar;C:\Users\david.hoyos\Documents\Herramientas desarrollo\gradle-4.2.1\caches\modules-2\files-2.1\org.springframework\spring-jdbc\5.0.0.RELEASE\e6c73a4dd93956fcfd59887c64f0989f3fd004b5\spring-jdbc-5.0.0.RELEASE.jar;C:\Users\david.hoyos\Documents\Herramientas desarrollo\gradle-4.2.1\caches\modules-2\files-2.1\org.springframework.boot\spring-boot-starter-tomcat\2.0.0.M5\39709bc8ea0727e498877c1d1e7bcb7c3eb037f6\spring-boot-starter-tomcat-2.0.0.M5.jar;C:\Users\david.hoyos\Documents\Herramientas desarrollo\gradle-4.2.1\caches\modules-2\files-2.1\org.hibernate.validator\hibernate-validator\6.0.2.Final\41c0d6a3ce1298b09a9ddb944bd251c8d1345b5c\hibernate-validator-6.0.2.Final.jar;C:\Users\david.hoyos\Documents\Herramientas desarrollo\gradle-4.2.1\caches\modules-2\files-2.1\org.springframework\spring-webmvc\5.0.0.RELEASE\7efad8565e5e609d1ff301043b8ea31080796391\spring-webmvc-5.0.0.RELEASE.jar;C:\Users\david.hoyos\Documents\Herramientas desarrollo\gradle-4.2.1\caches\modules-2\files-2.1\org.springframework\spring-web\5.0.0.RELEASE\f5c2d9d5668534c308a1ca4eda070cd01320af65\spring-web-5.0.0.RELEASE.jar;C:\Users\david.hoyos\Documents\Herramientas desarrollo\gradle-4.2.1\caches\modules-2\files-2.1\org.springframework.boot\spring-boot-test-autoconfigure\2.0.0.M5\7b249ede1134de624ccac65833d8bc9d30bc07ce\spring-boot-test-autoconfigure-2.0.0.M5.jar;C:\Users\david.hoyos\Documents\Herramientas desarrollo\gradle-4.2.1\caches\modules-2\files-2.1\org.springframework.boot\spring-boot-test\2.0.0.M5\2851cc485015f560d11054013fa77b39829c08a\spring-boot-test-2.0.0.M5.jar;C:\Users\david.hoyos\Documents\Herramientas desarrollo\gradle-4.2.1\caches\modules-2\files-2.1\com.jayway.jsonpath\json-path\2.4.0\765a4401ceb2dc8d40553c2075eb80a8fa35c2ae\json-path-2.4.0.jar;C:\Users\david.hoyos\Documents\Herramientas desarrollo\gradle-4.2.1\caches\modules-2\files-2.1\org.assertj\assertj-core\3.8.0\b209d90ff2e279bee3e02547ee7b11349c52d0e3\assertj-core-3.8.0.jar;C:\Users\david.hoyos\Documents\Herramientas desarrollo\gradle-4.2.1\caches\modules-2\files-2.1\org.hamcrest\hamcrest-library\1.3\4785a3c21320980282f9f33d0d1264a69040538f\hamcrest-library-1.3.jar;C:\Users\david.hoyos\Documents\Herramientas desarrollo\gradle-4.2.1\caches\modules-2\files-2.1\org.hamcrest\hamcrest-core\1.3\42a25dc3219429f0e5d060061f71acb49bf010a0\hamcrest-core-1.3.jar;C:\Users\david.hoyos\Documents\Herramientas desarrollo\gradle-4.2.1\caches\modules-2\files-2.1\org.skyscreamer\jsonassert\1.5.0\6c9d5fe2f59da598d9aefc1cfc6528ff3cf32df3\jsonassert-1.5.0.jar;C:\Users\david.hoyos\Documents\Herramientas desarrollo\gradle-4.2.1\caches\modules-2\files-2.1\org.springframework\spring-test\5.0.0.RELEASE\f39db690694a902197866df3c89ac277605b63c4\spring-test-5.0.0.RELEASE.jar;C:\Users\david.hoyos\Documents\Herramientas desarrollo\gradle-4.2.1\caches\modules-2\files-2.1\org.springframework.boot\spring-boot-autoconfigure\2.0.0.M5\975d5afb6a8dee42650842c5821d905657747bbc\spring-boot-autoconfigure-2.0.0.M5.jar;C:\Users\david.hoyos\Documents\Herramientas desarrollo\gradle-4.2.1\caches\modules-2\files-2.1\org.springframework.boot\spring-boot\2.0.0.M5\31de735c7a77fa2961185d48ce66570d74f656ae\spring-boot-2.0.0.M5.jar;C:\Users\david.hoyos\Documents\Herramientas desarrollo\gradle-4.2.1\caches\modules-2\files-2.1\org.springframework\spring-context\5.0.0.RELEASE\bf5165fcd47f582f9addcd2a41424b08ea00d880\spring-context-5.0.0.RELEASE.jar;C:\Users\david.hoyos\Documents\Herramientas desarrollo\gradle-4.2.1\caches\modules-2\files-2.1\org.springframework\spring-aop\5.0.0.RELEASE\717d06b89e32f51f329094f709662f8414c0843f\spring-aop-5.0.0.RELEASE.jar;C:\Users\david.hoyos\Documents\Herramientas desarrollo\gradle-4.2.1\caches\modules-2\files-2.1\org.springframework.data\spring-data-commons\2.0.0.RELEASE\b97dad2d501c2baf49b497733bb19f7a05d52142\spring-data-commons-2.0.0.RELEASE.jar;C:\Users\david.hoyos\Documents\Herramientas desarrollo\gradle-4.2.1\caches\modules-2\files-2.1\org.springframework\spring-tx\5.0.0.RELEASE\359eb5245c54257085b9eb2fc11c68dde3325d7\spring-tx-5.0.0.RELEASE.jar;C:\Users\david.hoyos\Documents\Herramientas desarrollo\gradle-4.2.1\caches\modules-2\files-2.1\org.springframework\spring-beans\5.0.0.RELEASE\6f95f071cfe29a84661648e5445dcb054be0cfa7\spring-beans-5.0.0.RELEASE.jar;C:\Users\david.hoyos\Documents\Herramientas desarrollo\gradle-4.2.1\caches\modules-2\files-2.1\org.springframework\spring-expression\5.0.0.RELEASE\48cdf1b2ea2a510c731e5e08f75299e3cb8e9d68\spring-expression-5.0.0.RELEASE.jar;C:\Users\david.hoyos\Documents\Herramientas desarrollo\gradle-4.2.1\caches\modules-2\files-2.1\org.springframework\spring-core\5.0.0.RELEASE\3a9bb910e8943b5ef59b193a1621daba46456ca9\spring-core-5.0.0.RELEASE.jar;C:\Users\david.hoyos\Documents\Herramientas desarrollo\gradle-4.2.1\caches\modules-2\files-2.1\org.xmlunit\xmlunit-core\2.5.0\7464e446df1051ac5196ffd2c28ee903a1104133\xmlunit-core-2.5.0.jar;C:\Users\david.hoyos\Documents\Herramientas desarrollo\gradle-4.2.1\caches\modules-2\files-2.1\net.bytebuddy\byte-buddy\1.7.6\f79a6ca612ed13038efedbbba1ead83b8d6fe7ec\byte-buddy-1.7.6.jar;C:\Users\david.hoyos\Documents\Herramientas desarrollo\gradle-4.2.1\caches\modules-2\files-2.1\net.bytebuddy\byte-buddy-agent\1.7.6\e863f5ab595f480f42d641f22935437e679d4beb\byte-buddy-agent-1.7.6.jar;C:\Users\david.hoyos\Documents\Herramientas desarrollo\gradle-4.2.1\caches\modules-2\files-2.1\org.objenesis\objenesis\2.6\639033469776fd37c08358c6b92a4761feb2af4b\objenesis-2.6.jar;C:\Users\david.hoyos\Documents\Herramientas desarrollo\gradle-4.2.1\caches\modules-2\files-2.1\org.springframework.boot\spring-boot-starter-logging\2.0.0.M5\ed3e13b588ee8ec5b43b4bbc9f9880a412c4b026\spring-boot-starter-logging-2.0.0.M5.jar;C:\Users\david.hoyos\Documents\Herramientas desarrollo\gradle-4.2.1\caches\modules-2\files-2.1\javax.annotation\javax.annotation-api\1.3.1\20a2c0583598d68b0835474bbe07792d4f3b219f\javax.annotation-api-1.3.1.jar;C:\Users\david.hoyos\Documents\Herramientas desarrollo\gradle-4.2.1\caches\modules-2\files-2.1\org.yaml\snakeyaml\1.18\e4a441249ade301985cb8d009d4e4a72b85bf68e\snakeyaml-1.18.jar;C:\Users\david.hoyos\Documents\Herramientas desarrollo\gradle-4.2.1\caches\modules-2\files-2.1\org.aspectj\aspectjweaver\1.8.11\9807e0e13c8a295f15882721db50fa3d142c44a9\aspectjweaver-1.8.11.jar;C:\Users\david.hoyos\Documents\Herramientas desarrollo\gradle-4.2.1\caches\modules-2\files-2.1\org.hibernate.common\hibernate-commons-annotations\5.0.1.Final\71e1cff3fcb20d3b3af4f3363c3ddb24d33c6879\hibernate-commons-annotations-5.0.1.Final.jar;C:\Users\david.hoyos\Documents\Herramientas desarrollo\gradle-4.2.1\caches\modules-2\files-2.1\org.jboss.logging\jboss-logging\3.3.1.Final\c46217ab74b532568c0ed31dc599db3048bd1b67\jboss-logging-3.3.1.Final.jar;C:\Users\david.hoyos\Documents\Herramientas desarrollo\gradle-4.2.1\caches\modules-2\files-2.1\org.hibernate.javax.persistence\hibernate-jpa-2.1-api\1.0.0.Final\5e731d961297e5a07290bfaf3db1fbc8bbbf405a\hibernate-jpa-2.1-api-1.0.0.Final.jar;C:\Users\david.hoyos\Documents\Herramientas desarrollo\gradle-4.2.1\caches\modules-2\files-2.1\org.javassist\javassist\3.22.0-CR2\44eaf0990dea92f4bca4b9931b2239c0e8756ee7\javassist-3.22.0-CR2.jar;C:\Users\david.hoyos\Documents\Herramientas desarrollo\gradle-4.2.1\caches\modules-2\files-2.1\antlr\antlr\2.7.7\83cd2cd674a217ade95a4bb83a8a14f351f48bd0\antlr-2.7.7.jar;C:\Users\david.hoyos\Documents\Herramientas desarrollo\gradle-4.2.1\caches\modules-2\files-2.1\org.jboss\jandex\2.0.3.Final\bfc4d6257dbff7a33a357f0de116be6ff951d849\jandex-2.0.3.Final.jar;C:\Users\david.hoyos\Documents\Herramientas desarrollo\gradle-4.2.1\caches\modules-2\files-2.1\com.fasterxml\classmate\1.3.4\3d5f48f10bbe4eb7bd862f10c0583be2e0053c6\classmate-1.3.4.jar;C:\Users\david.hoyos\Documents\Herramientas desarrollo\gradle-4.2.1\caches\modules-2\files-2.1\dom4j\dom4j\1.6.1\5d3ccc056b6f056dbf0dddfdf43894b9065a8f94\dom4j-1.6.1.jar;C:\Users\david.hoyos\Documents\Herramientas desarrollo\gradle-4.2.1\caches\modules-2\files-2.1\ch.qos.logback\logback-classic\1.2.3\7c4f3c474fb2c041d8028740440937705ebb473a\logback-classic-1.2.3.jar;C:\Users\david.hoyos\Documents\Herramientas desarrollo\gradle-4.2.1\caches\modules-2\files-2.1\org.slf4j\jul-to-slf4j\1.7.25\af5364cd6679bfffb114f0dec8a157aaa283b76\jul-to-slf4j-1.7.25.jar;C:\Users\david.hoyos\Documents\Herramientas desarrollo\gradle-4.2.1\caches\modules-2\files-2.1\org.slf4j\log4j-over-slf4j\1.7.25\a87bb47468f47ee7aabbd54f93e133d4215769c3\log4j-over-slf4j-1.7.25.jar;C:\Users\david.hoyos\Documents\Herramientas desarrollo\gradle-4.2.1\caches\modules-2\files-2.1\org.slf4j\slf4j-api\1.7.25\da76ca59f6a57ee3102f8f9bd9cee742973efa8a\slf4j-api-1.7.25.jar;C:\Users\david.hoyos\Documents\Herramientas desarrollo\gradle-4.2.1\caches\modules-2\files-2.1\com.fasterxml.jackson.datatype\jackson-datatype-jdk8\2.9.1\dc5c9b4349c1c18388aa1ec5a9264e6893b732a8\jackson-datatype-jdk8-2.9.1.jar;C:\Users\david.hoyos\Documents\Herramientas desarrollo\gradle-4.2.1\caches\modules-2\files-2.1\com.fasterxml.jackson.datatype\jackson-datatype-jsr310\2.9.1\dbac0f60c8ea8c6e6cc6a761c0d8f300296fcf3d\jackson-datatype-jsr310-2.9.1.jar;C:\Users\david.hoyos\Documents\Herramientas desarrollo\gradle-4.2.1\caches\modules-2\files-2.1\com.fasterxml.jackson.module\jackson-module-parameter-names\2.9.1\df51ae82d0878f62f7bdcbd47d423e3cde04b3ef\jackson-module-parameter-names-2.9.1.jar;C:\Users\david.hoyos\Documents\Herramientas desarrollo\gradle-4.2.1\caches\modules-2\files-2.1\com.fasterxml.jackson.module\jackson-module-kotlin\2.9.1\cf37d75de23b87a664ea0b497b04fc601a783f2a\jackson-module-kotlin-2.9.1.jar;C:\Users\david.hoyos\Documents\Herramientas desarrollo\gradle-4.2.1\caches\modules-2\files-2.1\com.fasterxml.jackson.core\jackson-databind\2.9.1\716da1830a2043f18882fc036ec26eb32cbe5aff\jackson-databind-2.9.1.jar;C:\Users\david.hoyos\Documents\Herramientas desarrollo\gradle-4.2.1\caches\modules-2\files-2.1\org.apache.tomcat.embed\tomcat-embed-websocket\8.5.23\52f07abcae10dc7e1764304b0877def175c2c833\tomcat-embed-websocket-8.5.23.jar;C:\Users\david.hoyos\Documents\Herramientas desarrollo\gradle-4.2.1\caches\modules-2\files-2.1\org.apache.tomcat.embed\tomcat-embed-core\8.5.23\79261793a47f507890ee08f749b9d81774e4f7f0\tomcat-embed-core-8.5.23.jar;C:\Users\david.hoyos\Documents\Herramientas desarrollo\gradle-4.2.1\caches\modules-2\files-2.1\org.apache.tomcat.embed\tomcat-embed-el\8.5.23\98d979cde444dffa6d434c8377d0123b2dfa614c\tomcat-embed-el-8.5.23.jar;C:\Users\david.hoyos\Documents\Herramientas desarrollo\gradle-4.2.1\caches\modules-2\files-2.1\javax.validation\validation-api\2.0.0.Final\4a7ff48084bd336c4de1f79f027f6f77badf399e\validation-api-2.0.0.Final.jar;C:\Users\david.hoyos\Documents\Herramientas desarrollo\gradle-4.2.1\caches\modules-2\files-2.1\net.minidev\json-smart\2.3\7396407491352ce4fa30de92efb158adb76b5b\json-smart-2.3.jar;C:\Users\david.hoyos\Documents\Herramientas desarrollo\gradle-4.2.1\caches\modules-2\files-2.1\com.vaadin.external.google\android-json\0.0.20131108.vaadin1\fa26d351fe62a6a17f5cda1287c1c6110dec413f\android-json-0.0.20131108.vaadin1.jar;C:\Users\david.hoyos\Documents\Herramientas desarrollo\gradle-4.2.1\caches\modules-2\files-2.1\org.springframework\spring-jcl\5.0.0.RELEASE\ab0a2114cab7b9e04adf79d812c714f3cbf4abf7\spring-jcl-5.0.0.RELEASE.jar;C:\Users\david.hoyos\Documents\Herramientas desarrollo\gradle-4.2.1\caches\modules-2\files-2.1\com.fasterxml.jackson.core\jackson-annotations\2.9.0\7c10d545325e3a6e72e06381afe469fd40eb701\jackson-annotations-2.9.0.jar;C:\Users\david.hoyos\Documents\Herramientas desarrollo\gradle-4.2.1\caches\modules-2\files-2.1\com.fasterxml.jackson.core\jackson-core\2.9.1\60077fe98b11e4e7cf8af9b20609326a166d6ac4\jackson-core-2.9.1.jar;C:\Users\david.hoyos\Documents\Herramientas desarrollo\gradle-4.2.1\caches\modules-2\files-2.1\org.apache.tomcat\tomcat-annotations-api\8.5.23\aaf17df9fe0240e9e9d5375d24d5f177174b73d9\tomcat-annotations-api-8.5.23.jar;C:\Users\david.hoyos\Documents\Herramientas desarrollo\gradle-4.2.1\caches\modules-2\files-2.1\net.minidev\accessors-smart\1.2\c592b500269bfde36096641b01238a8350f8aa31\accessors-smart-1.2.jar;C:\Users\david.hoyos\Documents\Herramientas desarrollo\gradle-4.2.1\caches\modules-2\files-2.1\ch.qos.logback\logback-core\1.2.3\864344400c3d4d92dfeb0a305dc87d953677c03c\logback-core-1.2.3.jar;C:\Users\david.hoyos\Documents\Herramientas desarrollo\gradle-4.2.1\caches\modules-2\files-2.1\org.ow2.asm\asm\5.0.4\da08b8cce7bbf903602a25a3a163ae252435795\asm-5.0.4.jar, user.name=david.hoyos, java.vm.specification.version=1.8, sun.java.command=worker.org.gradle.process.internal.worker.GradleWorkerMain 'Gradle Test Executor 2', java.home=C:\Program Files\Java\jdk1.8.0_151\jre, sun.arch.data.model=64, user.language=en, java.specification.vendor=Oracle Corporation, awt.toolkit=sun.awt.windows.WToolkit, java.vm.info=mixed mode, java.version=1.8.0_151, java.ext.dirs=C:\Program Files\Java\jdk1.8.0_151\jre\lib\ext;C:\WINDOWS\Sun\Java\lib\ext, sun.boot.class.path=C:\Program Files\Java\jdk1.8.0_151\jre\lib\resources.jar;C:\Program Files\Java\jdk1.8.0_151\jre\lib\rt.jar;C:\Program Files\Java\jdk1.8.0_151\jre\lib\sunrsasign.jar;C:\Program Files\Java\jdk1.8.0_151\jre\lib\jsse.jar;C:\Program Files\Java\jdk1.8.0_151\jre\lib\jce.jar;C:\Program Files\Java\jdk1.8.0_151\jre\lib\charsets.jar;C:\Program Files\Java\jdk1.8.0_151\jre\lib\jfr.jar;C:\Program Files\Java\jdk1.8.0_151\jre\classes, java.awt.headless=true, java.vendor=Oracle Corporation, org.gradle.test.worker=2, file.separator=\, java.vendor.url.bug=http://bugreport.sun.com/bugreport/, sun.io.unicode.encoding=UnicodeLittle, sun.cpu.endian=little, sun.desktop=windows, sun.cpu.isalist=amd64}}, SystemEnvironmentPropertySource@1210568398 {name='systemEnvironment', properties={USERDOMAIN_ROAMINGPROFILE=CEIBA, LOCALAPPDATA=C:\Users\david.hoyos\AppData\Local, PROCESSOR_LEVEL=6, USERDOMAIN=CEIBA, FPS_BROWSER_APP_PROFILE_STRING=Internet Explorer, LOGONSERVER=\\ARES, SESSIONNAME=Console, ALLUSERSPROFILE=C:\ProgramData, PROCESSOR_ARCHITECTURE=AMD64, PSModulePath=C:\Program Files\WindowsPowerShell\Modules;C:\WINDOWS\system32\WindowsPowerShell\v1.0\Modules, SystemDrive=C:, OneDrive=C:\Users\david.hoyos\OneDrive, APPDATA=C:\Users\david.hoyos\AppData\Roaming, USERNAME=david.hoyos, USERDNSDOMAIN=CEIBA.LOCAL, ProgramFiles(x86)=C:\Program Files (x86), CommonProgramFiles=C:\Program Files\Common Files, Path=C:/Program Files/Java/jre1.8.0_151/bin/server;C:/Program Files/Java/jre1.8.0_151/bin;C:/Program Files/Java/jre1.8.0_151/lib/amd64;C:\ProgramData\Oracle\Java\javapath;C:\Program Files (x86)\Intel\iCLS Client\;C:\Program Files\Intel\iCLS Client\;C:\Oracle\product\11.1.0\client_1\bin;C:\Program Files\CollabNet\Subversion Client;C:\WINDOWS\system32;C:\WINDOWS;C:\WINDOWS\System32\Wbem;C:\WINDOWS\System32\WindowsPowerShell\v1.0\;C:\Program Files (x86)\Intel\Intel(R) Management Engine Components\DAL;C:\Program Files\Intel\Intel(R) Management Engine Components\DAL;C:\Program Files (x86)\Intel\Intel(R) Management Engine Components\IPT;C:\Program Files\Intel\Intel(R) Management Engine Components\IPT;C:\Program Files\TortoiseSVN\bin;C:\Program Files\PuTTY\;C:\Users\david.hoyos\Documents\Herramientas desarrollo\gradle-4.2.1\bin;C:\Program Files\Git\cmd;C:\Users\david.hoyos\AppData\Local\Microsoft\WindowsApps;;C:\Users\david.hoyos\Documents\Programas\eclipse-jee-oxygen-1a-win32-x86_64\eclipse;, FPS_BROWSER_USER_PROFILE_STRING=Default, PATHEXT=.COM;.EXE;.BAT;.CMD;.VBS;.VBE;.JS;.JSE;.WSF;.WSH;.MSC, OS=Windows_NT, COMPUTERNAME=DAVID-HOYOS, PROCESSOR_REVISION=3a09, CommonProgramW6432=C:\Program Files\Common Files, ComSpec=C:\WINDOWS\system32\cmd.exe, ProgramData=C:\ProgramData, ProgramW6432=C:\Program Files, HOMEPATH=\Users\david.hoyos, SystemRoot=C:\WINDOWS, TEMP=C:\Users\DAVID~1.HOY\AppData\Local\Temp, HOMEDRIVE=C:, PROCESSOR_IDENTIFIER=Intel64 Family 6 Model 58 Stepping 9, GenuineIntel, USERPROFILE=C:\Users\david.hoyos, TMP=C:\Users\DAVID~1.HOY\AppData\Local\Temp, CommonProgramFiles(x86)=C:\Program Files (x86)\Common Files, ProgramFiles=C:\Program Files, PUBLIC=C:\Users\Public, NUMBER_OF_PROCESSORS=8, windir=C:\WINDOWS, =::=::\}}]
2017-10-26 07:47:01.429 DEBUG 12192 --- [    Test worker] o.s.b.f.s.DefaultListableBeanFactory     : Eagerly caching bean 'org.springframework.boot.context.properties.ConfigurationPropertiesBindingPostProcessor' to allow for resolving potential circular references
2017-10-26 07:47:01.435 DEBUG 12192 --- [    Test worker] o.s.b.f.s.DefaultListableBeanFactory     : Returning cached instance of singleton bean 'org.springframework.boot.context.properties.ConfigurationPropertiesBindingPostProcessor.store'
2017-10-26 07:47:01.435 DEBUG 12192 --- [    Test worker] o.s.b.f.s.DefaultListableBeanFactory     : Invoking afterPropertiesSet() on bean with name 'org.springframework.boot.context.properties.ConfigurationPropertiesBindingPostProcessor'
2017-10-26 07:47:01.436 DEBUG 12192 --- [    Test worker] o.s.b.f.s.DefaultListableBeanFactory     : Returning cached instance of singleton bean 'propertySourcesPlaceholderConfigurer'
2017-10-26 07:47:01.436 DEBUG 12192 --- [    Test worker] o.s.b.f.s.DefaultListableBeanFactory     : Finished creating instance of bean 'org.springframework.boot.context.properties.ConfigurationPropertiesBindingPostProcessor'
2017-10-26 07:47:01.437 DEBUG 12192 --- [    Test worker] o.s.b.f.s.DefaultListableBeanFactory     : Returning cached instance of singleton bean 'org.springframework.boot.test.mock.mockito.MockitoPostProcessor'
2017-10-26 07:47:01.437 DEBUG 12192 --- [    Test worker] o.s.b.f.s.DefaultListableBeanFactory     : Creating shared instance of singleton bean 'methodValidationPostProcessor'
2017-10-26 07:47:01.437 DEBUG 12192 --- [    Test worker] o.s.b.f.s.DefaultListableBeanFactory     : Creating instance of bean 'methodValidationPostProcessor'
2017-10-26 07:47:01.442 DEBUG 12192 --- [    Test worker] o.s.b.f.s.DefaultListableBeanFactory     : Returning cached instance of singleton bean 'environment'
2017-10-26 07:47:01.451 DEBUG 12192 --- [    Test worker] o.s.aop.framework.JdkDynamicAopProxy     : Creating JDK dynamic proxy: target source is org.springframework.context.annotation.ContextAnnotationAutowireCandidateResolver$1@12a106f5
2017-10-26 07:47:01.455 DEBUG 12192 --- [    Test worker] o.s.b.f.s.DefaultListableBeanFactory     : Autowiring by type from bean name 'methodValidationPostProcessor' via factory method to bean named 'environment'
2017-10-26 07:47:01.456 DEBUG 12192 --- [    Test worker] o.s.c.e.PropertySourcesPropertyResolver  : Could not find key 'spring.aop.proxy-target-class' in any property source
2017-10-26 07:47:01.463 DEBUG 12192 --- [    Test worker] o.s.b.f.s.DefaultListableBeanFactory     : Eagerly caching bean 'methodValidationPostProcessor' to allow for resolving potential circular references
2017-10-26 07:47:01.473 DEBUG 12192 --- [    Test worker] o.s.b.f.s.DefaultListableBeanFactory     : Invoking afterPropertiesSet() on bean with name 'methodValidationPostProcessor'
2017-10-26 07:47:01.478 DEBUG 12192 --- [    Test worker] o.s.b.f.s.DefaultListableBeanFactory     : Finished creating instance of bean 'methodValidationPostProcessor'
2017-10-26 07:47:01.478 DEBUG 12192 --- [    Test worker] o.s.b.f.s.DefaultListableBeanFactory     : Creating shared instance of singleton bean 'org.springframework.aop.config.internalAutoProxyCreator'
2017-10-26 07:47:01.478 DEBUG 12192 --- [    Test worker] o.s.b.f.s.DefaultListableBeanFactory     : Creating instance of bean 'org.springframework.aop.config.internalAutoProxyCreator'
2017-10-26 07:47:01.484 DEBUG 12192 --- [    Test worker] o.s.b.f.s.DefaultListableBeanFactory     : Eagerly caching bean 'org.springframework.aop.config.internalAutoProxyCreator' to allow for resolving potential circular references
2017-10-26 07:47:01.505 DEBUG 12192 --- [    Test worker] o.s.b.f.s.DefaultListableBeanFactory     : Finished creating instance of bean 'org.springframework.aop.config.internalAutoProxyCreator'
2017-10-26 07:47:01.506 DEBUG 12192 --- [    Test worker] o.s.b.f.s.DefaultListableBeanFactory     : Creating shared instance of singleton bean 'dataSourceInitializerPostProcessor'
2017-10-26 07:47:01.506 DEBUG 12192 --- [    Test worker] o.s.b.f.s.DefaultListableBeanFactory     : Creating instance of bean 'dataSourceInitializerPostProcessor'
2017-10-26 07:47:01.509 DEBUG 12192 --- [    Test worker] o.s.b.f.annotation.InjectionMetadata     : Registered injected element on class [org.springframework.boot.autoconfigure.jdbc.DataSourceInitializerPostProcessor]: AutowiredFieldElement for private org.springframework.beans.factory.BeanFactory org.springframework.boot.autoconfigure.jdbc.DataSourceInitializerPostProcessor.beanFactory
2017-10-26 07:47:01.509 DEBUG 12192 --- [    Test worker] o.s.b.f.s.DefaultListableBeanFactory     : Eagerly caching bean 'dataSourceInitializerPostProcessor' to allow for resolving potential circular references
2017-10-26 07:47:01.511 DEBUG 12192 --- [    Test worker] o.s.b.f.annotation.InjectionMetadata     : Processing injected element of bean 'dataSourceInitializerPostProcessor': AutowiredFieldElement for private org.springframework.beans.factory.BeanFactory org.springframework.boot.autoconfigure.jdbc.DataSourceInitializerPostProcessor.beanFactory
2017-10-26 07:47:01.512 DEBUG 12192 --- [    Test worker] o.s.core.annotation.AnnotationUtils      : Failed to meta-introspect annotation [interface org.springframework.beans.factory.annotation.Autowired]: java.lang.IllegalArgumentException: Annotation must not be null
2017-10-26 07:47:01.513 DEBUG 12192 --- [    Test worker] f.a.AutowiredAnnotationBeanPostProcessor : Autowiring by type from bean name 'dataSourceInitializerPostProcessor' to bean named 'org.springframework.beans.factory.support.DefaultListableBeanFactory@62ed0406'
2017-10-26 07:47:01.514 DEBUG 12192 --- [    Test worker] o.s.b.f.s.DefaultListableBeanFactory     : Finished creating instance of bean 'dataSourceInitializerPostProcessor'
2017-10-26 07:47:01.514 DEBUG 12192 --- [    Test worker] o.s.b.f.s.DefaultListableBeanFactory     : Creating shared instance of singleton bean 'persistenceExceptionTranslationPostProcessor'
2017-10-26 07:47:01.514 DEBUG 12192 --- [    Test worker] o.s.b.f.s.DefaultListableBeanFactory     : Creating instance of bean 'persistenceExceptionTranslationPostProcessor'
2017-10-26 07:47:01.516 DEBUG 12192 --- [    Test worker] o.s.b.f.s.DefaultListableBeanFactory     : Returning cached instance of singleton bean 'environment'
2017-10-26 07:47:01.516 DEBUG 12192 --- [    Test worker] o.s.b.f.s.DefaultListableBeanFactory     : Autowiring by type from bean name 'persistenceExceptionTranslationPostProcessor' via factory method to bean named 'environment'
2017-10-26 07:47:01.516 DEBUG 12192 --- [    Test worker] o.s.c.e.PropertySourcesPropertyResolver  : Could not find key 'spring.aop.proxy-target-class' in any property source
2017-10-26 07:47:01.517 DEBUG 12192 --- [    Test worker] o.s.b.f.s.DefaultListableBeanFactory     : Eagerly caching bean 'persistenceExceptionTranslationPostProcessor' to allow for resolving potential circular references
2017-10-26 07:47:01.525 DEBUG 12192 --- [    Test worker] o.s.b.f.s.DefaultListableBeanFactory     : Finished creating instance of bean 'persistenceExceptionTranslationPostProcessor'
2017-10-26 07:47:01.525 DEBUG 12192 --- [    Test worker] o.s.b.f.s.DefaultListableBeanFactory     : Creating shared instance of singleton bean 'webServerFactoryCustomizerBeanPostProcessor'
2017-10-26 07:47:01.525 DEBUG 12192 --- [    Test worker] o.s.b.f.s.DefaultListableBeanFactory     : Creating instance of bean 'webServerFactoryCustomizerBeanPostProcessor'
2017-10-26 07:47:01.525 DEBUG 12192 --- [    Test worker] o.s.b.f.s.DefaultListableBeanFactory     : Eagerly caching bean 'webServerFactoryCustomizerBeanPostProcessor' to allow for resolving potential circular references
2017-10-26 07:47:01.528 DEBUG 12192 --- [    Test worker] o.s.b.f.s.DefaultListableBeanFactory     : Finished creating instance of bean 'webServerFactoryCustomizerBeanPostProcessor'
2017-10-26 07:47:01.528 DEBUG 12192 --- [    Test worker] o.s.b.f.s.DefaultListableBeanFactory     : Creating shared instance of singleton bean 'errorPageRegistrarBeanPostProcessor'
2017-10-26 07:47:01.528 DEBUG 12192 --- [    Test worker] o.s.b.f.s.DefaultListableBeanFactory     : Creating instance of bean 'errorPageRegistrarBeanPostProcessor'
2017-10-26 07:47:01.529 DEBUG 12192 --- [    Test worker] o.s.b.f.s.DefaultListableBeanFactory     : Eagerly caching bean 'errorPageRegistrarBeanPostProcessor' to allow for resolving potential circular references
2017-10-26 07:47:01.531 DEBUG 12192 --- [    Test worker] o.s.b.f.s.DefaultListableBeanFactory     : Finished creating instance of bean 'errorPageRegistrarBeanPostProcessor'
2017-10-26 07:47:01.531 DEBUG 12192 --- [    Test worker] o.s.b.f.s.DefaultListableBeanFactory     : Creating shared instance of singleton bean 'dataSourceInitializedPublisher'
2017-10-26 07:47:01.531 DEBUG 12192 --- [    Test worker] o.s.b.f.s.DefaultListableBeanFactory     : Creating instance of bean 'dataSourceInitializedPublisher'
2017-10-26 07:47:01.531 DEBUG 12192 --- [    Test worker] o.s.b.f.annotation.InjectionMetadata     : Registered injected element on class [org.springframework.boot.autoconfigure.orm.jpa.DataSourceInitializedPublisher]: AutowiredFieldElement for private org.springframework.context.ApplicationContext org.springframework.boot.autoconfigure.orm.jpa.DataSourceInitializedPublisher.applicationContext
2017-10-26 07:47:01.531 DEBUG 12192 --- [    Test worker] o.s.b.f.s.DefaultListableBeanFactory     : Eagerly caching bean 'dataSourceInitializedPublisher' to allow for resolving potential circular references
2017-10-26 07:47:01.533 DEBUG 12192 --- [    Test worker] o.s.b.f.annotation.InjectionMetadata     : Processing injected element of bean 'dataSourceInitializedPublisher': AutowiredFieldElement for private org.springframework.context.ApplicationContext org.springframework.boot.autoconfigure.orm.jpa.DataSourceInitializedPublisher.applicationContext
2017-10-26 07:47:01.533 DEBUG 12192 --- [    Test worker] o.s.core.annotation.AnnotationUtils      : Failed to meta-introspect annotation [interface org.springframework.beans.factory.annotation.Autowired]: java.lang.IllegalArgumentException: Annotation must not be null
2017-10-26 07:47:01.534 DEBUG 12192 --- [    Test worker] f.a.AutowiredAnnotationBeanPostProcessor : Autowiring by type from bean name 'dataSourceInitializedPublisher' to bean named 'org.springframework.web.context.support.GenericWebApplicationContext@739e2a40'
2017-10-26 07:47:01.534 DEBUG 12192 --- [    Test worker] o.s.b.f.s.DefaultListableBeanFactory     : Finished creating instance of bean 'dataSourceInitializedPublisher'
2017-10-26 07:47:01.534 DEBUG 12192 --- [    Test worker] o.s.b.f.s.DefaultListableBeanFactory     : Returning cached instance of singleton bean 'org.springframework.boot.test.autoconfigure.properties.PropertyMappingContextCustomizer$PropertyMappingCheckBeanPostProcessor'
2017-10-26 07:47:01.536 DEBUG 12192 --- [    Test worker] o.s.w.c.s.GenericWebApplicationContext   : Unable to locate MessageSource with name 'messageSource': using default [org.springframework.context.support.DelegatingMessageSource@50ce1cc3]
2017-10-26 07:47:01.537 DEBUG 12192 --- [    Test worker] o.s.w.c.s.GenericWebApplicationContext   : Unable to locate ApplicationEventMulticaster with name 'applicationEventMulticaster': using default [org.springframework.context.event.SimpleApplicationEventMulticaster@42984f05]
2017-10-26 07:47:01.539 DEBUG 12192 --- [    Test worker] o.s.u.c.s.UiApplicationContextUtils      : Unable to locate ThemeSource with name 'themeSource': using default [org.springframework.ui.context.support.ResourceBundleThemeSource@5cc63597]
2017-10-26 07:47:01.542 DEBUG 12192 --- [    Test worker] o.s.b.f.s.DefaultListableBeanFactory     : Creating shared instance of singleton bean 'entityManagerFactory'
2017-10-26 07:47:01.542 DEBUG 12192 --- [    Test worker] o.s.b.f.s.DefaultListableBeanFactory     : Creating instance of bean 'entityManagerFactory'
2017-10-26 07:47:01.544 DEBUG 12192 --- [    Test worker] o.s.b.f.s.DefaultListableBeanFactory     : Creating shared instance of singleton bean 'org.springframework.transaction.config.internalTransactionAdvisor'
2017-10-26 07:47:01.544 DEBUG 12192 --- [    Test worker] o.s.b.f.s.DefaultListableBeanFactory     : Creating instance of bean 'org.springframework.transaction.config.internalTransactionAdvisor'
2017-10-26 07:47:01.544 DEBUG 12192 --- [    Test worker] o.s.b.f.s.DefaultListableBeanFactory     : Creating shared instance of singleton bean 'org.springframework.transaction.annotation.ProxyTransactionManagementConfiguration'
2017-10-26 07:47:01.544 DEBUG 12192 --- [    Test worker] o.s.b.f.s.DefaultListableBeanFactory     : Creating instance of bean 'org.springframework.transaction.annotation.ProxyTransactionManagementConfiguration'
2017-10-26 07:47:01.545 DEBUG 12192 --- [    Test worker] .a.f.a.BeanFactoryAdvisorRetrievalHelper : Skipping currently created advisor 'org.springframework.transaction.config.internalTransactionAdvisor'
2017-10-26 07:47:01.555 DEBUG 12192 --- [    Test worker] o.s.b.f.annotation.InjectionMetadata     : Registered injected element on class [org.springframework.transaction.annotation.ProxyTransactionManagementConfiguration$$EnhancerBySpringCGLIB$$482b12b4]: AutowiredMethodElement for void org.springframework.transaction.annotation.AbstractTransactionManagementConfiguration.setConfigurers(java.util.Collection)
2017-10-26 07:47:01.555 DEBUG 12192 --- [    Test worker] o.s.b.f.s.DefaultListableBeanFactory     : Eagerly caching bean 'org.springframework.transaction.annotation.ProxyTransactionManagementConfiguration' to allow for resolving potential circular references
2017-10-26 07:47:01.555 DEBUG 12192 --- [    Test worker] o.s.b.f.annotation.InjectionMetadata     : Processing injected element of bean 'org.springframework.transaction.annotation.ProxyTransactionManagementConfiguration': AutowiredMethodElement for void org.springframework.transaction.annotation.AbstractTransactionManagementConfiguration.setConfigurers(java.util.Collection)
2017-10-26 07:47:01.558 DEBUG 12192 --- [    Test worker] o.s.b.f.s.DefaultListableBeanFactory     : Returning cached instance of singleton bean 'org.springframework.context.annotation.ConfigurationClassPostProcessor.importRegistry'
2017-10-26 07:47:01.559 DEBUG 12192 --- [    Test worker] .a.f.a.BeanFactoryAdvisorRetrievalHelper : Skipping currently created advisor 'org.springframework.transaction.config.internalTransactionAdvisor'
2017-10-26 07:47:01.559 DEBUG 12192 --- [    Test worker] .a.f.a.BeanFactoryAdvisorRetrievalHelper : Skipping currently created advisor 'org.springframework.transaction.config.internalTransactionAdvisor'
2017-10-26 07:47:01.561 DEBUG 12192 --- [    Test worker] o.s.b.f.s.DefaultListableBeanFactory     : Finished creating instance of bean 'org.springframework.transaction.annotation.ProxyTransactionManagementConfiguration'
2017-10-26 07:47:01.579 DEBUG 12192 --- [    Test worker] o.s.b.f.s.DefaultListableBeanFactory     : Creating shared instance of singleton bean 'transactionAttributeSource'
2017-10-26 07:47:01.579 DEBUG 12192 --- [    Test worker] o.s.b.f.s.DefaultListableBeanFactory     : Creating instance of bean 'transactionAttributeSource'
2017-10-26 07:47:01.579 DEBUG 12192 --- [    Test worker] .a.f.a.BeanFactoryAdvisorRetrievalHelper : Skipping currently created advisor 'org.springframework.transaction.config.internalTransactionAdvisor'
2017-10-26 07:47:01.580 DEBUG 12192 --- [    Test worker] o.s.b.f.s.DefaultListableBeanFactory     : Returning cached instance of singleton bean 'org.springframework.transaction.annotation.ProxyTransactionManagementConfiguration'
2017-10-26 07:47:01.581 DEBUG 12192 --- [    Test worker] o.s.b.f.s.DefaultListableBeanFactory     : Eagerly caching bean 'transactionAttributeSource' to allow for resolving potential circular references
2017-10-26 07:47:01.585 DEBUG 12192 --- [    Test worker] .a.f.a.BeanFactoryAdvisorRetrievalHelper : Skipping currently created advisor 'org.springframework.transaction.config.internalTransactionAdvisor'
2017-10-26 07:47:01.585 DEBUG 12192 --- [    Test worker] .a.f.a.BeanFactoryAdvisorRetrievalHelper : Skipping currently created advisor 'org.springframework.transaction.config.internalTransactionAdvisor'
2017-10-26 07:47:01.586 DEBUG 12192 --- [    Test worker] o.s.b.f.s.DefaultListableBeanFactory     : Finished creating instance of bean 'transactionAttributeSource'
2017-10-26 07:47:01.586 DEBUG 12192 --- [    Test worker] o.s.b.f.s.DefaultListableBeanFactory     : Creating shared instance of singleton bean 'transactionInterceptor'
2017-10-26 07:47:01.586 DEBUG 12192 --- [    Test worker] o.s.b.f.s.DefaultListableBeanFactory     : Creating instance of bean 'transactionInterceptor'
2017-10-26 07:47:01.586 DEBUG 12192 --- [    Test worker] o.s.b.f.s.DefaultListableBeanFactory     : Returning cached instance of singleton bean 'org.springframework.transaction.annotation.ProxyTransactionManagementConfiguration'
2017-10-26 07:47:01.589 DEBUG 12192 --- [    Test worker] o.s.b.f.s.DefaultListableBeanFactory     : Returning cached instance of singleton bean 'transactionAttributeSource'
2017-10-26 07:47:01.592 DEBUG 12192 --- [    Test worker] o.s.b.f.s.DefaultListableBeanFactory     : Eagerly caching bean 'transactionInterceptor' to allow for resolving potential circular references
2017-10-26 07:47:01.596 DEBUG 12192 --- [    Test worker] o.s.b.f.s.DefaultListableBeanFactory     : Invoking afterPropertiesSet() on bean with name 'transactionInterceptor'
2017-10-26 07:47:01.597 DEBUG 12192 --- [    Test worker] o.s.b.f.s.DefaultListableBeanFactory     : Finished creating instance of bean 'transactionInterceptor'
2017-10-26 07:47:01.598 DEBUG 12192 --- [    Test worker] o.s.b.f.s.DefaultListableBeanFactory     : Eagerly caching bean 'org.springframework.transaction.config.internalTransactionAdvisor' to allow for resolving potential circular references
2017-10-26 07:47:01.602 DEBUG 12192 --- [    Test worker] o.s.b.f.s.DefaultListableBeanFactory     : Finished creating instance of bean 'org.springframework.transaction.config.internalTransactionAdvisor'
2017-10-26 07:47:01.603 DEBUG 12192 --- [    Test worker] o.s.b.f.s.DefaultListableBeanFactory     : Creating shared instance of singleton bean 'org.springframework.boot.autoconfigure.orm.jpa.HibernateJpaConfiguration'
2017-10-26 07:47:01.603 DEBUG 12192 --- [    Test worker] o.s.b.f.s.DefaultListableBeanFactory     : Creating instance of bean 'org.springframework.boot.autoconfigure.orm.jpa.HibernateJpaConfiguration'
2017-10-26 07:47:01.604 DEBUG 12192 --- [    Test worker] o.s.b.f.s.DefaultListableBeanFactory     : Returning cached instance of singleton bean 'org.springframework.transaction.config.internalTransactionAdvisor'
2017-10-26 07:47:01.604 DEBUG 12192 --- [    Test worker] ocalVariableTableParameterNameDiscoverer : Cannot find '.class' file for class [class org.springframework.boot.autoconfigure.orm.jpa.HibernateJpaConfiguration$$EnhancerBySpringCGLIB$$6701d523] - unable to determine constructor/method parameter names
2017-10-26 07:47:01.606 DEBUG 12192 --- [    Test worker] o.s.b.f.s.DefaultListableBeanFactory     : Creating shared instance of singleton bean 'dataSource'
2017-10-26 07:47:01.606 DEBUG 12192 --- [    Test worker] o.s.b.f.s.DefaultListableBeanFactory     : Creating instance of bean 'dataSource'
2017-10-26 07:47:01.606 DEBUG 12192 --- [    Test worker] o.s.b.f.s.DefaultListableBeanFactory     : Returning cached instance of singleton bean 'org.springframework.transaction.config.internalTransactionAdvisor'
2017-10-26 07:47:01.606 DEBUG 12192 --- [    Test worker] o.s.b.f.s.DefaultListableBeanFactory     : Creating shared instance of singleton bean 'org.springframework.boot.autoconfigure.jdbc.DataSourceConfiguration$Hikari'
2017-10-26 07:47:01.606 DEBUG 12192 --- [    Test worker] o.s.b.f.s.DefaultListableBeanFactory     : Creating instance of bean 'org.springframework.boot.autoconfigure.jdbc.DataSourceConfiguration$Hikari'
2017-10-26 07:47:01.606 DEBUG 12192 --- [    Test worker] o.s.b.f.s.DefaultListableBeanFactory     : Returning cached instance of singleton bean 'org.springframework.transaction.config.internalTransactionAdvisor'
2017-10-26 07:47:01.607 DEBUG 12192 --- [    Test worker] o.s.b.f.s.DefaultListableBeanFactory     : Eagerly caching bean 'org.springframework.boot.autoconfigure.jdbc.DataSourceConfiguration$Hikari' to allow for resolving potential circular references
2017-10-26 07:47:01.609 DEBUG 12192 --- [    Test worker] o.s.b.f.s.DefaultListableBeanFactory     : Returning cached instance of singleton bean 'org.springframework.transaction.config.internalTransactionAdvisor'
2017-10-26 07:47:01.609 DEBUG 12192 --- [    Test worker] o.s.b.f.s.DefaultListableBeanFactory     : Returning cached instance of singleton bean 'org.springframework.transaction.config.internalTransactionAdvisor'
2017-10-26 07:47:01.611 DEBUG 12192 --- [    Test worker] o.s.b.f.s.DefaultListableBeanFactory     : Finished creating instance of bean 'org.springframework.boot.autoconfigure.jdbc.DataSourceConfiguration$Hikari'
2017-10-26 07:47:01.613 DEBUG 12192 --- [    Test worker] o.s.b.f.s.DefaultListableBeanFactory     : Creating shared instance of singleton bean 'spring.datasource-org.springframework.boot.autoconfigure.jdbc.DataSourceProperties'
2017-10-26 07:47:01.613 DEBUG 12192 --- [    Test worker] o.s.b.f.s.DefaultListableBeanFactory     : Creating instance of bean 'spring.datasource-org.springframework.boot.autoconfigure.jdbc.DataSourceProperties'
2017-10-26 07:47:01.613 DEBUG 12192 --- [    Test worker] o.s.b.f.s.DefaultListableBeanFactory     : Returning cached instance of singleton bean 'org.springframework.transaction.config.internalTransactionAdvisor'
2017-10-26 07:47:01.616 DEBUG 12192 --- [    Test worker] o.s.b.f.s.DefaultListableBeanFactory     : Eagerly caching bean 'spring.datasource-org.springframework.boot.autoconfigure.jdbc.DataSourceProperties' to allow for resolving potential circular references
2017-10-26 07:47:01.625 DEBUG 12192 --- [    Test worker] o.s.b.f.s.DefaultListableBeanFactory     : Creating instance of bean 'org.springframework.boot.context.properties.ConfigurationPropertiesBinderBuilder$ConversionServiceFactory'
2017-10-26 07:47:01.625 DEBUG 12192 --- [    Test worker] o.s.b.f.s.DefaultListableBeanFactory     : Returning cached instance of singleton bean 'org.springframework.transaction.config.internalTransactionAdvisor'
2017-10-26 07:47:01.629 DEBUG 12192 --- [    Test worker] o.s.b.f.annotation.InjectionMetadata     : Registered injected element on class [org.springframework.boot.context.properties.ConfigurationPropertiesBinderBuilder$ConversionServiceFactory]: AutowiredMethodElement for public void org.springframework.boot.context.properties.ConfigurationPropertiesBinderBuilder$ConversionServiceFactory.setGenericConverters(java.util.List)
2017-10-26 07:47:01.629 DEBUG 12192 --- [    Test worker] o.s.b.f.annotation.InjectionMetadata     : Registered injected element on class [org.springframework.boot.context.properties.ConfigurationPropertiesBinderBuilder$ConversionServiceFactory]: AutowiredMethodElement for public void org.springframework.boot.context.properties.ConfigurationPropertiesBinderBuilder$ConversionServiceFactory.setConverters(java.util.List)
2017-10-26 07:47:01.629 DEBUG 12192 --- [    Test worker] o.s.b.f.annotation.InjectionMetadata     : Processing injected element of bean 'org.springframework.boot.context.properties.ConfigurationPropertiesBinderBuilder$ConversionServiceFactory': AutowiredMethodElement for public void org.springframework.boot.context.properties.ConfigurationPropertiesBinderBuilder$ConversionServiceFactory.setGenericConverters(java.util.List)
2017-10-26 07:47:01.632 DEBUG 12192 --- [    Test worker] o.s.b.f.annotation.InjectionMetadata     : Processing injected element of bean 'org.springframework.boot.context.properties.ConfigurationPropertiesBinderBuilder$ConversionServiceFactory': AutowiredMethodElement for public void org.springframework.boot.context.properties.ConfigurationPropertiesBinderBuilder$ConversionServiceFactory.setConverters(java.util.List)
2017-10-26 07:47:01.635 DEBUG 12192 --- [    Test worker] o.s.b.f.s.DefaultListableBeanFactory     : Returning cached instance of singleton bean 'org.springframework.transaction.config.internalTransactionAdvisor'
2017-10-26 07:47:01.635 DEBUG 12192 --- [    Test worker] o.s.b.f.s.DefaultListableBeanFactory     : Returning cached instance of singleton bean 'org.springframework.transaction.config.internalTransactionAdvisor'
2017-10-26 07:47:01.635 DEBUG 12192 --- [    Test worker] o.s.b.f.s.DefaultListableBeanFactory     : Finished creating instance of bean 'org.springframework.boot.context.properties.ConfigurationPropertiesBinderBuilder$ConversionServiceFactory'
2017-10-26 07:47:01.934 DEBUG 12192 --- [    Test worker] o.s.b.f.s.DefaultListableBeanFactory     : Invoking afterPropertiesSet() on bean with name 'spring.datasource-org.springframework.boot.autoconfigure.jdbc.DataSourceProperties'
2017-10-26 07:47:01.936 DEBUG 12192 --- [    Test worker] o.s.b.f.s.DefaultListableBeanFactory     : Returning cached instance of singleton bean 'org.springframework.transaction.config.internalTransactionAdvisor'
2017-10-26 07:47:01.936 DEBUG 12192 --- [    Test worker] o.s.b.f.s.DefaultListableBeanFactory     : Returning cached instance of singleton bean 'org.springframework.transaction.config.internalTransactionAdvisor'
2017-10-26 07:47:01.938 DEBUG 12192 --- [    Test worker] o.s.b.f.s.DefaultListableBeanFactory     : Finished creating instance of bean 'spring.datasource-org.springframework.boot.autoconfigure.jdbc.DataSourceProperties'
2017-10-26 07:47:01.938 DEBUG 12192 --- [    Test worker] o.s.b.f.s.DefaultListableBeanFactory     : Autowiring by type from bean name 'dataSource' via factory method to bean named 'spring.datasource-org.springframework.boot.autoconfigure.jdbc.DataSourceProperties'
2017-10-26 07:47:01.966 DEBUG 12192 --- [    Test worker] o.s.b.f.s.DefaultListableBeanFactory     : Eagerly caching bean 'dataSource' to allow for resolving potential circular references
2017-10-26 07:47:02.177 DEBUG 12192 --- [    Test worker] o.s.b.f.s.DefaultListableBeanFactory     : Returning cached instance of singleton bean 'org.springframework.transaction.config.internalTransactionAdvisor'
2017-10-26 07:47:02.177 DEBUG 12192 --- [    Test worker] o.s.b.f.s.DefaultListableBeanFactory     : Returning cached instance of singleton bean 'org.springframework.transaction.config.internalTransactionAdvisor'
2017-10-26 07:47:02.186 DEBUG 12192 --- [    Test worker] o.s.b.f.s.DefaultListableBeanFactory     : Creating shared instance of singleton bean 'org.springframework.boot.autoconfigure.jdbc.DataSourceInitializerInvoker'
2017-10-26 07:47:02.186 DEBUG 12192 --- [    Test worker] o.s.b.f.s.DefaultListableBeanFactory     : Creating instance of bean 'org.springframework.boot.autoconfigure.jdbc.DataSourceInitializerInvoker'
2017-10-26 07:47:02.186 DEBUG 12192 --- [    Test worker] o.s.b.f.s.DefaultListableBeanFactory     : Returning cached instance of singleton bean 'org.springframework.transaction.config.internalTransactionAdvisor'
2017-10-26 07:47:02.191 DEBUG 12192 --- [    Test worker] o.s.b.f.s.DefaultListableBeanFactory     : Returning cached instance of singleton bean 'spring.datasource-org.springframework.boot.autoconfigure.jdbc.DataSourceProperties'
2017-10-26 07:47:02.192 DEBUG 12192 --- [    Test worker] o.s.b.f.s.DefaultListableBeanFactory     : Autowiring by type from bean name 'org.springframework.boot.autoconfigure.jdbc.DataSourceInitializerInvoker' via constructor to bean named 'spring.datasource-org.springframework.boot.autoconfigure.jdbc.DataSourceProperties'
2017-10-26 07:47:02.193 DEBUG 12192 --- [    Test worker] o.s.b.f.s.DefaultListableBeanFactory     : Autowiring by type from bean name 'org.springframework.boot.autoconfigure.jdbc.DataSourceInitializerInvoker' via constructor to bean named 'org.springframework.web.context.support.GenericWebApplicationContext@739e2a40'
2017-10-26 07:47:02.193 DEBUG 12192 --- [    Test worker] o.s.b.f.s.DefaultListableBeanFactory     : Eagerly caching bean 'org.springframework.boot.autoconfigure.jdbc.DataSourceInitializerInvoker' to allow for resolving potential circular references
2017-10-26 07:47:02.197 DEBUG 12192 --- [    Test worker] o.s.b.f.s.DefaultListableBeanFactory     : Invoking afterPropertiesSet() on bean with name 'org.springframework.boot.autoconfigure.jdbc.DataSourceInitializerInvoker'
2017-10-26 07:47:02.198 DEBUG 12192 --- [    Test worker] o.s.b.f.s.DefaultListableBeanFactory     : Returning eagerly cached instance of singleton bean 'dataSource' that is not fully initialized yet - a consequence of a circular reference
2017-10-26 07:47:02.202 DEBUG 12192 --- [    Test worker] .i.s.PathMatchingResourcePatternResolver : Resolved classpath location [schema-h2.sql] to resources []
2017-10-26 07:47:02.203 DEBUG 12192 --- [    Test worker] .i.s.PathMatchingResourcePatternResolver : Resolved classpath location [schema.sql] to resources []
2017-10-26 07:47:02.203 DEBUG 12192 --- [    Test worker] o.s.b.f.s.DefaultListableBeanFactory     : Returning cached instance of singleton bean 'org.springframework.transaction.config.internalTransactionAdvisor'
2017-10-26 07:47:02.203 DEBUG 12192 --- [    Test worker] o.s.b.f.s.DefaultListableBeanFactory     : Returning cached instance of singleton bean 'org.springframework.transaction.config.internalTransactionAdvisor'
2017-10-26 07:47:02.204 DEBUG 12192 --- [    Test worker] o.s.b.f.s.DefaultListableBeanFactory     : Finished creating instance of bean 'org.springframework.boot.autoconfigure.jdbc.DataSourceInitializerInvoker'
2017-10-26 07:47:02.204 DEBUG 12192 --- [    Test worker] o.s.b.f.s.DefaultListableBeanFactory     : Finished creating instance of bean 'dataSource'
2017-10-26 07:47:02.205 DEBUG 12192 --- [    Test worker] o.s.b.f.s.DefaultListableBeanFactory     : Creating shared instance of singleton bean 'spring.jpa-org.springframework.boot.autoconfigure.orm.jpa.JpaProperties'
2017-10-26 07:47:02.205 DEBUG 12192 --- [    Test worker] o.s.b.f.s.DefaultListableBeanFactory     : Creating instance of bean 'spring.jpa-org.springframework.boot.autoconfigure.orm.jpa.JpaProperties'
2017-10-26 07:47:02.205 DEBUG 12192 --- [    Test worker] o.s.b.f.s.DefaultListableBeanFactory     : Returning cached instance of singleton bean 'org.springframework.transaction.config.internalTransactionAdvisor'
2017-10-26 07:47:02.207 DEBUG 12192 --- [    Test worker] o.s.b.f.s.DefaultListableBeanFactory     : Eagerly caching bean 'spring.jpa-org.springframework.boot.autoconfigure.orm.jpa.JpaProperties' to allow for resolving potential circular references
2017-10-26 07:47:02.212 DEBUG 12192 --- [    Test worker] o.s.b.f.s.DefaultListableBeanFactory     : Returning cached instance of singleton bean 'org.springframework.transaction.config.internalTransactionAdvisor'
2017-10-26 07:47:02.213 DEBUG 12192 --- [    Test worker] o.s.b.f.s.DefaultListableBeanFactory     : Returning cached instance of singleton bean 'org.springframework.transaction.config.internalTransactionAdvisor'
2017-10-26 07:47:02.213 DEBUG 12192 --- [    Test worker] o.s.b.f.s.DefaultListableBeanFactory     : Finished creating instance of bean 'spring.jpa-org.springframework.boot.autoconfigure.orm.jpa.JpaProperties'
2017-10-26 07:47:02.213 DEBUG 12192 --- [    Test worker] o.s.b.f.s.DefaultListableBeanFactory     : Autowiring by type from bean name 'org.springframework.boot.autoconfigure.orm.jpa.HibernateJpaConfiguration' via constructor to bean named 'dataSource'
2017-10-26 07:47:02.213 DEBUG 12192 --- [    Test worker] o.s.b.f.s.DefaultListableBeanFactory     : Autowiring by type from bean name 'org.springframework.boot.autoconfigure.orm.jpa.HibernateJpaConfiguration' via constructor to bean named 'spring.jpa-org.springframework.boot.autoconfigure.orm.jpa.JpaProperties'
2017-10-26 07:47:02.216 DEBUG 12192 --- [    Test worker] o.s.b.f.s.DefaultListableBeanFactory     : Creating shared instance of singleton bean 'platformTransactionManagerCustomizers'
2017-10-26 07:47:02.216 DEBUG 12192 --- [    Test worker] o.s.b.f.s.DefaultListableBeanFactory     : Creating instance of bean 'platformTransactionManagerCustomizers'
2017-10-26 07:47:02.216 DEBUG 12192 --- [    Test worker] o.s.b.f.s.DefaultListableBeanFactory     : Returning cached instance of singleton bean 'org.springframework.transaction.config.internalTransactionAdvisor'
2017-10-26 07:47:02.216 DEBUG 12192 --- [    Test worker] o.s.b.f.s.DefaultListableBeanFactory     : Creating shared instance of singleton bean 'org.springframework.boot.autoconfigure.transaction.TransactionAutoConfiguration'
2017-10-26 07:47:02.216 DEBUG 12192 --- [    Test worker] o.s.b.f.s.DefaultListableBeanFactory     : Creating instance of bean 'org.springframework.boot.autoconfigure.transaction.TransactionAutoConfiguration'
2017-10-26 07:47:02.216 DEBUG 12192 --- [    Test worker] o.s.b.f.s.DefaultListableBeanFactory     : Returning cached instance of singleton bean 'org.springframework.transaction.config.internalTransactionAdvisor'
2017-10-26 07:47:02.217 DEBUG 12192 --- [    Test worker] o.s.b.f.s.DefaultListableBeanFactory     : Eagerly caching bean 'org.springframework.boot.autoconfigure.transaction.TransactionAutoConfiguration' to allow for resolving potential circular references
2017-10-26 07:47:02.221 DEBUG 12192 --- [    Test worker] o.s.b.f.s.DefaultListableBeanFactory     : Returning cached instance of singleton bean 'org.springframework.transaction.config.internalTransactionAdvisor'
2017-10-26 07:47:02.221 DEBUG 12192 --- [    Test worker] o.s.b.f.s.DefaultListableBeanFactory     : Returning cached instance of singleton bean 'org.springframework.transaction.config.internalTransactionAdvisor'
2017-10-26 07:47:02.223 DEBUG 12192 --- [    Test worker] o.s.b.f.s.DefaultListableBeanFactory     : Finished creating instance of bean 'org.springframework.boot.autoconfigure.transaction.TransactionAutoConfiguration'
2017-10-26 07:47:02.233 DEBUG 12192 --- [    Test worker] o.s.b.f.s.DefaultListableBeanFactory     : Creating shared instance of singleton bean 'spring.transaction-org.springframework.boot.autoconfigure.transaction.TransactionProperties'
2017-10-26 07:47:02.233 DEBUG 12192 --- [    Test worker] o.s.b.f.s.DefaultListableBeanFactory     : Creating instance of bean 'spring.transaction-org.springframework.boot.autoconfigure.transaction.TransactionProperties'
2017-10-26 07:47:02.233 DEBUG 12192 --- [    Test worker] o.s.b.f.s.DefaultListableBeanFactory     : Returning cached instance of singleton bean 'org.springframework.transaction.config.internalTransactionAdvisor'
2017-10-26 07:47:02.234 DEBUG 12192 --- [    Test worker] o.s.b.f.s.DefaultListableBeanFactory     : Eagerly caching bean 'spring.transaction-org.springframework.boot.autoconfigure.transaction.TransactionProperties' to allow for resolving potential circular references
2017-10-26 07:47:02.238 DEBUG 12192 --- [    Test worker] o.s.b.f.s.DefaultListableBeanFactory     : Returning cached instance of singleton bean 'org.springframework.transaction.config.internalTransactionAdvisor'
2017-10-26 07:47:02.238 DEBUG 12192 --- [    Test worker] o.s.b.f.s.DefaultListableBeanFactory     : Returning cached instance of singleton bean 'org.springframework.transaction.config.internalTransactionAdvisor'
2017-10-26 07:47:02.239 DEBUG 12192 --- [    Test worker] o.s.b.f.s.DefaultListableBeanFactory     : Finished creating instance of bean 'spring.transaction-org.springframework.boot.autoconfigure.transaction.TransactionProperties'
2017-10-26 07:47:02.250 DEBUG 12192 --- [    Test worker] o.s.b.f.s.DefaultListableBeanFactory     : Eagerly caching bean 'platformTransactionManagerCustomizers' to allow for resolving potential circular references
2017-10-26 07:47:02.252 DEBUG 12192 --- [    Test worker] o.s.b.f.s.DefaultListableBeanFactory     : Returning cached instance of singleton bean 'org.springframework.transaction.config.internalTransactionAdvisor'
2017-10-26 07:47:02.252 DEBUG 12192 --- [    Test worker] o.s.b.f.s.DefaultListableBeanFactory     : Returning cached instance of singleton bean 'org.springframework.transaction.config.internalTransactionAdvisor'
2017-10-26 07:47:02.252 DEBUG 12192 --- [    Test worker] o.s.b.f.s.DefaultListableBeanFactory     : Finished creating instance of bean 'platformTransactionManagerCustomizers'
2017-10-26 07:47:02.255 DEBUG 12192 --- [    Test worker] o.s.b.f.s.DefaultListableBeanFactory     : Eagerly caching bean 'org.springframework.boot.autoconfigure.orm.jpa.HibernateJpaConfiguration' to allow for resolving potential circular references
2017-10-26 07:47:02.266 DEBUG 12192 --- [    Test worker] o.s.b.f.s.DefaultListableBeanFactory     : Returning cached instance of singleton bean 'org.springframework.transaction.config.internalTransactionAdvisor'
2017-10-26 07:47:02.266 DEBUG 12192 --- [    Test worker] o.s.b.f.s.DefaultListableBeanFactory     : Returning cached instance of singleton bean 'org.springframework.transaction.config.internalTransactionAdvisor'
2017-10-26 07:47:02.268 DEBUG 12192 --- [    Test worker] o.s.b.f.s.DefaultListableBeanFactory     : Finished creating instance of bean 'org.springframework.boot.autoconfigure.orm.jpa.HibernateJpaConfiguration'
2017-10-26 07:47:02.269 DEBUG 12192 --- [    Test worker] o.s.b.f.s.DefaultListableBeanFactory     : Creating shared instance of singleton bean 'entityManagerFactoryBuilder'
2017-10-26 07:47:02.269 DEBUG 12192 --- [    Test worker] o.s.b.f.s.DefaultListableBeanFactory     : Creating instance of bean 'entityManagerFactoryBuilder'
2017-10-26 07:47:02.269 DEBUG 12192 --- [    Test worker] o.s.b.f.s.DefaultListableBeanFactory     : Returning cached instance of singleton bean 'org.springframework.transaction.config.internalTransactionAdvisor'
2017-10-26 07:47:02.269 DEBUG 12192 --- [    Test worker] o.s.b.f.s.DefaultListableBeanFactory     : Returning cached instance of singleton bean 'org.springframework.boot.autoconfigure.orm.jpa.HibernateJpaConfiguration'
2017-10-26 07:47:02.270 DEBUG 12192 --- [    Test worker] o.s.b.f.s.DefaultListableBeanFactory     : Creating shared instance of singleton bean 'jpaVendorAdapter'
2017-10-26 07:47:02.270 DEBUG 12192 --- [    Test worker] o.s.b.f.s.DefaultListableBeanFactory     : Creating instance of bean 'jpaVendorAdapter'
2017-10-26 07:47:02.270 DEBUG 12192 --- [    Test worker] o.s.b.f.s.DefaultListableBeanFactory     : Returning cached instance of singleton bean 'org.springframework.transaction.config.internalTransactionAdvisor'
2017-10-26 07:47:02.270 DEBUG 12192 --- [    Test worker] o.s.b.f.s.DefaultListableBeanFactory     : Returning cached instance of singleton bean 'org.springframework.boot.autoconfigure.orm.jpa.HibernateJpaConfiguration'
2017-10-26 07:47:02.309 DEBUG 12192 --- [    Test worker] o.s.jdbc.datasource.DataSourceUtils      : Fetching JDBC Connection from DataSource
2017-10-26 07:47:02.310  INFO 12192 --- [    Test worker] com.zaxxer.hikari.HikariDataSource       : testdb - Starting...
2017-10-26 07:47:02.543  INFO 12192 --- [    Test worker] com.zaxxer.hikari.HikariDataSource       : testdb - Start completed.
2017-10-26 07:47:02.551 DEBUG 12192 --- [    Test worker] o.s.jdbc.datasource.DataSourceUtils      : Returning JDBC Connection to DataSource
2017-10-26 07:47:02.555 DEBUG 12192 --- [    Test worker] o.s.b.f.s.DefaultListableBeanFactory     : Eagerly caching bean 'jpaVendorAdapter' to allow for resolving potential circular references
2017-10-26 07:47:02.559 DEBUG 12192 --- [    Test worker] o.s.b.f.s.DefaultListableBeanFactory     : Returning cached instance of singleton bean 'org.springframework.transaction.config.internalTransactionAdvisor'
2017-10-26 07:47:02.559 DEBUG 12192 --- [    Test worker] o.s.b.f.s.DefaultListableBeanFactory     : Returning cached instance of singleton bean 'org.springframework.transaction.config.internalTransactionAdvisor'
2017-10-26 07:47:02.561 DEBUG 12192 --- [    Test worker] o.s.b.f.s.DefaultListableBeanFactory     : Finished creating instance of bean 'jpaVendorAdapter'
2017-10-26 07:47:02.561 DEBUG 12192 --- [    Test worker] o.s.b.f.s.DefaultListableBeanFactory     : Autowiring by type from bean name 'entityManagerFactoryBuilder' via factory method to bean named 'jpaVendorAdapter'
2017-10-26 07:47:02.563 DEBUG 12192 --- [    Test worker] o.s.b.f.s.DefaultListableBeanFactory     : Eagerly caching bean 'entityManagerFactoryBuilder' to allow for resolving potential circular references
2017-10-26 07:47:02.565 DEBUG 12192 --- [    Test worker] o.s.b.f.s.DefaultListableBeanFactory     : Returning cached instance of singleton bean 'org.springframework.transaction.config.internalTransactionAdvisor'
2017-10-26 07:47:02.565 DEBUG 12192 --- [    Test worker] o.s.b.f.s.DefaultListableBeanFactory     : Returning cached instance of singleton bean 'org.springframework.transaction.config.internalTransactionAdvisor'
2017-10-26 07:47:02.565 DEBUG 12192 --- [    Test worker] o.s.b.f.s.DefaultListableBeanFactory     : Finished creating instance of bean 'entityManagerFactoryBuilder'
2017-10-26 07:47:02.565 DEBUG 12192 --- [    Test worker] o.s.b.f.s.DefaultListableBeanFactory     : Autowiring by type from bean name 'entityManagerFactory' via factory method to bean named 'entityManagerFactoryBuilder'
2017-10-26 07:47:02.572 DEBUG 12192 --- [    Test worker] o.s.jdbc.datasource.DataSourceUtils      : Fetching JDBC Connection from DataSource
2017-10-26 07:47:02.577 DEBUG 12192 --- [    Test worker] o.s.jdbc.datasource.DataSourceUtils      : Returning JDBC Connection to DataSource
2017-10-26 07:47:02.580 DEBUG 12192 --- [    Test worker] o.s.b.f.s.DefaultListableBeanFactory     : Creating shared instance of singleton bean 'org.springframework.boot.autoconfigure.domain.EntityScanPackages'
2017-10-26 07:47:02.580 DEBUG 12192 --- [    Test worker] o.s.b.f.s.DefaultListableBeanFactory     : Creating instance of bean 'org.springframework.boot.autoconfigure.domain.EntityScanPackages'
2017-10-26 07:47:02.580 DEBUG 12192 --- [    Test worker] o.s.b.f.s.DefaultListableBeanFactory     : Returning cached instance of singleton bean 'org.springframework.transaction.config.internalTransactionAdvisor'
2017-10-26 07:47:02.580 DEBUG 12192 --- [    Test worker] o.s.b.f.s.DefaultListableBeanFactory     : Eagerly caching bean 'org.springframework.boot.autoconfigure.domain.EntityScanPackages' to allow for resolving potential circular references
2017-10-26 07:47:02.582 DEBUG 12192 --- [    Test worker] o.s.b.f.s.DefaultListableBeanFactory     : Returning cached instance of singleton bean 'org.springframework.transaction.config.internalTransactionAdvisor'
2017-10-26 07:47:02.582 DEBUG 12192 --- [    Test worker] o.s.b.f.s.DefaultListableBeanFactory     : Returning cached instance of singleton bean 'org.springframework.transaction.config.internalTransactionAdvisor'
2017-10-26 07:47:02.583 DEBUG 12192 --- [    Test worker] o.s.b.f.s.DefaultListableBeanFactory     : Finished creating instance of bean 'org.springframework.boot.autoconfigure.domain.EntityScanPackages'
2017-10-26 07:47:02.596 DEBUG 12192 --- [    Test worker] o.s.b.f.s.DefaultListableBeanFactory     : Eagerly caching bean 'entityManagerFactory' to allow for resolving potential circular references
2017-10-26 07:47:02.607 DEBUG 12192 --- [    Test worker] o.s.b.f.s.DefaultListableBeanFactory     : Invoking afterPropertiesSet() on bean with name 'entityManagerFactory'
2017-10-26 07:47:02.613 DEBUG 12192 --- [    Test worker] .i.s.PathMatchingResourcePatternResolver : Resolved classpath location [META-INF/persistence.xml] to resources []
2017-10-26 07:47:02.614 DEBUG 12192 --- [    Test worker] .i.s.PathMatchingResourcePatternResolver : Resolved classpath location [com/ceiba/dominio/] to resources [URL [file:/C:/Users/david.hoyos/eclipse-workspace/Proyectoparqueadero/build/classes/java/main/com/ceiba/dominio/]]
2017-10-26 07:47:02.614 DEBUG 12192 --- [    Test worker] .i.s.PathMatchingResourcePatternResolver : Looking for matching resources in directory tree [C:\Users\david.hoyos\eclipse-workspace\Proyectoparqueadero\build\classes\java\main\com\ceiba\dominio]
2017-10-26 07:47:02.615 DEBUG 12192 --- [    Test worker] .i.s.PathMatchingResourcePatternResolver : Searching directory [C:\Users\david.hoyos\eclipse-workspace\Proyectoparqueadero\build\classes\java\main\com\ceiba\dominio] for files matching pattern [C:/Users/david.hoyos/eclipse-workspace/Proyectoparqueadero/build/classes/java/main/com/ceiba/dominio/**/*.class]
2017-10-26 07:47:02.616 DEBUG 12192 --- [    Test worker] .i.s.PathMatchingResourcePatternResolver : Resolved location pattern [classpath*:com/ceiba/dominio/**/*.class] to resources [file [C:\Users\david.hoyos\eclipse-workspace\Proyectoparqueadero\build\classes\java\main\com\ceiba\dominio\Detallefactura.class], file [C:\Users\david.hoyos\eclipse-workspace\Proyectoparqueadero\build\classes\java\main\com\ceiba\dominio\factura.class], file [C:\Users\david.hoyos\eclipse-workspace\Proyectoparqueadero\build\classes\java\main\com\ceiba\dominio\Slot.class], file [C:\Users\david.hoyos\eclipse-workspace\Proyectoparqueadero\build\classes\java\main\com\ceiba\dominio\Usuario.class], file [C:\Users\david.hoyos\eclipse-workspace\Proyectoparqueadero\build\classes\java\main\com\ceiba\dominio\vehiculo.class]]
2017-10-26 07:47:02.618  INFO 12192 --- [    Test worker] j.LocalContainerEntityManagerFactoryBean : Building JPA container EntityManagerFactory for persistence unit 'default'
2017-10-26 07:47:02.647  INFO 12192 --- [    Test worker] o.hibernate.jpa.internal.util.LogHelper  : HHH000204: Processing PersistenceUnitInfo [
	name: default
	...]
2017-10-26 07:47:02.771  INFO 12192 --- [    Test worker] org.hibernate.Version                    : HHH000412: Hibernate Core {5.2.11.Final}
2017-10-26 07:47:02.773  INFO 12192 --- [    Test worker] org.hibernate.cfg.Environment            : HHH000206: hibernate.properties not found
2017-10-26 07:47:02.840  INFO 12192 --- [    Test worker] o.hibernate.annotations.common.Version   : HCANN000001: Hibernate Commons Annotations {5.0.1.Final}
2017-10-26 07:47:03.044  INFO 12192 --- [    Test worker] org.hibernate.dialect.Dialect            : HHH000400: Using dialect: org.hibernate.dialect.H2Dialect
2017-10-26 07:47:03.770  INFO 12192 --- [    Test worker] o.h.t.schema.internal.SchemaCreatorImpl  : HHH000476: Executing import script 'org.hibernate.tool.schema.internal.exec.ScriptSourceInputNonExistentImpl@3db0e360'
2017-10-26 07:47:03.778  INFO 12192 --- [    Test worker] o.h.h.i.QueryTranslatorFactoryInitiator  : HHH000397: Using ASTQueryTranslatorFactory
2017-10-26 07:47:03.939  INFO 12192 --- [    Test worker] j.LocalContainerEntityManagerFactoryBean : Initialized JPA EntityManagerFactory for persistence unit 'default'
2017-10-26 07:47:03.941 DEBUG 12192 --- [    Test worker] o.s.b.f.s.DefaultListableBeanFactory     : Returning cached instance of singleton bean 'org.springframework.transaction.config.internalTransactionAdvisor'
2017-10-26 07:47:03.941 DEBUG 12192 --- [    Test worker] o.s.b.f.s.DefaultListableBeanFactory     : Returning cached instance of singleton bean 'org.springframework.transaction.config.internalTransactionAdvisor'
2017-10-26 07:47:03.947 DEBUG 12192 --- [    Test worker] o.s.b.f.s.DefaultListableBeanFactory     : Finished creating instance of bean 'entityManagerFactory'
2017-10-26 07:47:03.947 DEBUG 12192 --- [    Test worker] o.s.b.f.s.DefaultListableBeanFactory     : Pre-instantiating singletons in org.springframework.beans.factory.support.DefaultListableBeanFactory@62ed0406: defining beans [org.springframework.boot.test.mock.mockito.MockitoPostProcessor$SpyPostProcessor,org.springframework.boot.test.mock.mockito.MockitoPostProcessor,org.springframework.context.annotation.internalConfigurationAnnotationProcessor,org.springframework.context.annotation.internalAutowiredAnnotationProcessor,org.springframework.context.annotation.internalRequiredAnnotationProcessor,org.springframework.context.annotation.internalCommonAnnotationProcessor,org.springframework.context.annotation.internalPersistenceAnnotationProcessor,org.springframework.context.event.internalEventListenerProcessor,org.springframework.context.event.internalEventListenerFactory,proyectoparqueaderoApplication,org.springframework.boot.autoconfigure.internalCachingMetadataReaderFactory,vehiculocontroller,persistenciasistema,persistenciaVehiculo,vigilante,org.springframework.boot.autoconfigure.AutoConfigurationPackages,org.springframework.boot.autoconfigure.domain.EntityScanPackages,org.springframework.boot.autoconfigure.context.PropertyPlaceholderAutoConfiguration,org.springframework.boot.autoconfigure.condition.BeanTypeRegistry,propertySourcesPlaceholderConfigurer,org.springframework.boot.autoconfigure.jackson.JacksonAutoConfiguration$Jackson2ObjectMapperBuilderCustomizerConfiguration,standardJacksonObjectMapperBuilderCustomizer,spring.jackson-org.springframework.boot.autoconfigure.jackson.JacksonProperties,org.springframework.boot.context.properties.ConfigurationPropertiesBindingPostProcessor,org.springframework.boot.context.properties.ConfigurationPropertiesBindingPostProcessor.store,org.springframework.boot.autoconfigure.jackson.JacksonAutoConfiguration$JacksonObjectMapperBuilderConfiguration,jacksonObjectMapperBuilder,org.springframework.boot.autoconfigure.jackson.JacksonAutoConfiguration$ParameterNamesModuleConfiguration,parameterNamesModule,org.springframework.boot.autoconfigure.jackson.JacksonAutoConfiguration$JacksonObjectMapperConfiguration,jacksonObjectMapper,org.springframework.boot.autoconfigure.jackson.JacksonAutoConfiguration,jsonComponentModule,org.springframework.boot.autoconfigure.websocket.servlet.WebSocketServletAutoConfiguration$TomcatWebSocketConfiguration,websocketContainerCustomizer,org.springframework.boot.autoconfigure.websocket.servlet.WebSocketServletAutoConfiguration,org.springframework.boot.autoconfigure.web.servlet.ServletWebServerFactoryAutoConfiguration$EmbeddedTomcat,tomcatServletWebServerFactory,org.springframework.boot.autoconfigure.web.servlet.ServletWebServerFactoryAutoConfiguration,serverPropertiesWebServerFactoryCustomizer,server-org.springframework.boot.autoconfigure.web.ServerProperties,webServerFactoryCustomizerBeanPostProcessor,errorPageRegistrarBeanPostProcessor,org.springframework.boot.autoconfigure.web.servlet.DispatcherServletAutoConfiguration$DispatcherServletConfiguration,dispatcherServlet,spring.mvc-org.springframework.boot.autoconfigure.web.servlet.WebMvcProperties,org.springframework.boot.autoconfigure.web.servlet.DispatcherServletAutoConfiguration$DispatcherServletRegistrationConfiguration,dispatcherServletRegistration,org.springframework.boot.autoconfigure.web.servlet.DispatcherServletAutoConfiguration,org.springframework.boot.autoconfigure.http.codec.CodecsAutoConfiguration$JacksonCodecConfiguration,jacksonCodecCustomizer,org.springframework.boot.autoconfigure.http.codec.CodecsAutoConfiguration,org.springframework.boot.autoconfigure.validation.ValidationAutoConfiguration,defaultValidator,methodValidationPostProcessor,org.springframework.boot.autoconfigure.web.servlet.error.ErrorMvcAutoConfiguration$WhitelabelErrorViewConfiguration,error,beanNameViewResolver,org.springframework.boot.autoconfigure.web.servlet.error.ErrorMvcAutoConfiguration$DefaultErrorViewResolverConfiguration,conventionErrorViewResolver,org.springframework.boot.autoconfigure.web.servlet.error.ErrorMvcAutoConfiguration,errorAttributes,basicErrorController,errorPageCustomizer,preserveErrorControllerTargetClassPostProcessor,spring.resources-org.springframework.boot.autoconfigure.web.ResourceProperties,org.springframework.boot.autoconfigure.web.servlet.WebMvcAutoConfiguration$EnableWebMvcConfiguration,requestMappingHandlerAdapter,requestMappingHandlerMapping,mvcValidator,mvcContentNegotiationManager,mvcPathMatcher,mvcUrlPathHelper,viewControllerHandlerMapping,beanNameHandlerMapping,resourceHandlerMapping,mvcResourceUrlProvider,defaultServletHandlerMapping,mvcConversionService,mvcUriComponentsContributor,httpRequestHandlerAdapter,simpleControllerHandlerAdapter,handlerExceptionResolver,mvcViewResolver,mvcHandlerMappingIntrospector,org.springframework.boot.autoconfigure.web.servlet.WebMvcAutoConfiguration$WebMvcAutoConfigurationAdapter$FaviconConfiguration,faviconHandlerMapping,faviconRequestHandler,org.springframework.boot.autoconfigure.web.servlet.WebMvcAutoConfiguration$WebMvcAutoConfigurationAdapter,defaultViewResolver,viewResolver,welcomePageHandlerMapping,requestContextFilter,org.springframework.boot.autoconfigure.web.servlet.WebMvcAutoConfiguration,hiddenHttpMethodFilter,httpPutFormContentFilter,org.springframework.boot.autoconfigure.aop.AopAutoConfiguration$CglibAutoProxyConfiguration,org.springframework.aop.config.internalAutoProxyCreator,org.springframework.boot.autoconfigure.aop.AopAutoConfiguration,org.springframework.boot.autoconfigure.transaction.jta.JtaAutoConfiguration,spring.jta-org.springframework.boot.autoconfigure.transaction.jta.JtaProperties,org.springframework.boot.autoconfigure.jdbc.DataSourceConfiguration$Hikari,dataSource,org.springframework.boot.autoconfigure.jdbc.DataSourceAutoConfiguration$PooledDataSourceConfiguration,org.springframework.boot.autoconfigure.jdbc.metadata.DataSourcePoolMetadataProvidersConfiguration$HikariPoolDataSourceMetadataProviderConfiguration,hikariPoolDataSourceMetadataProvider,org.springframework.boot.autoconfigure.jdbc.metadata.DataSourcePoolMetadataProvidersConfiguration,org.springframework.boot.autoconfigure.jdbc.DataSourceInitializerInvoker,org.springframework.boot.autoconfigure.jdbc.DataSourceInitializationConfiguration,dataSourceInitializerPostProcessor,org.springframework.boot.autoconfigure.jdbc.DataSourceAutoConfiguration,spring.datasource-org.springframework.boot.autoconfigure.jdbc.DataSourceProperties,org.springframework.boot.autoconfigure.orm.jpa.JpaBaseConfiguration$JpaWebConfiguration$JpaWebMvcConfiguration,openEntityManagerInViewInterceptor,org.springframework.boot.autoconfigure.orm.jpa.JpaBaseConfiguration$JpaWebConfiguration,org.springframework.boot.autoconfigure.orm.jpa.HibernateJpaConfiguration,transactionManager,jpaVendorAdapter,entityManagerFactoryBuilder,entityManagerFactory,spring.jpa-org.springframework.boot.autoconfigure.orm.jpa.JpaProperties,dataSourceInitializedPublisher,org.springframework.boot.autoconfigure.orm.jpa.HibernateJpaAutoConfiguration,org.springframework.boot.autoconfigure.context.ConfigurationPropertiesAutoConfiguration,org.springframework.boot.autoconfigure.dao.PersistenceExceptionTranslationAutoConfiguration,persistenceExceptionTranslationPostProcessor,org.springframework.boot.autoconfigure.data.jpa.JpaRepositoriesAutoConfiguration,emBeanDefinitionRegistrarPostProcessor,jpaMappingContext,jpaContext,org.springframework.boot.autoconfigure.http.HttpMessageConvertersAutoConfiguration$StringHttpMessageConverterConfiguration,stringHttpMessageConverter,spring.http.encoding-org.springframework.boot.autoconfigure.http.HttpEncodingProperties,org.springframework.boot.autoconfigure.http.JacksonHttpMessageConvertersConfiguration$MappingJackson2HttpMessageConverterConfiguration,mappingJackson2HttpMessageConverter,org.springframework.boot.autoconfigure.http.JacksonHttpMessageConvertersConfiguration,org.springframework.boot.autoconfigure.http.HttpMessageConvertersAutoConfiguration,messageConverters,org.springframework.data.web.config.SpringDataWebConfiguration,pageableResolver,sortResolver,org.springframework.data.web.config.SpringDataJacksonConfiguration,jacksonGeoModule,org.springframework.boot.autoconfigure.data.web.SpringDataWebAutoConfiguration,pageableCustomizer,sortCustomizer,spring.data.web-org.springframework.boot.autoconfigure.data.web.SpringDataWebProperties,org.springframework.boot.autoconfigure.h2.H2ConsoleAutoConfiguration,h2Console,spring.h2.console-org.springframework.boot.autoconfigure.h2.H2ConsoleProperties,org.springframework.boot.autoconfigure.info.ProjectInfoAutoConfiguration,spring.info-org.springframework.boot.autoconfigure.info.ProjectInfoProperties,org.springframework.boot.autoconfigure.jdbc.JdbcTemplateAutoConfiguration$JdbcTemplateConfiguration,jdbcTemplate,org.springframework.boot.autoconfigure.jdbc.JdbcTemplateAutoConfiguration$NamedParameterJdbcTemplateConfiguration,namedParameterJdbcTemplate,org.springframework.boot.autoconfigure.jdbc.JdbcTemplateAutoConfiguration,spring.jdbc-org.springframework.boot.autoconfigure.jdbc.JdbcProperties,org.springframework.boot.autoconfigure.jdbc.DataSourceTransactionManagerAutoConfiguration$DataSourceTransactionManagerConfiguration,org.springframework.boot.autoconfigure.jdbc.DataSourceTransactionManagerAutoConfiguration,org.springframework.transaction.annotation.ProxyTransactionManagementConfiguration,org.springframework.transaction.config.internalTransactionAdvisor,transactionAttributeSource,transactionInterceptor,org.springframework.transaction.config.internalTransactionalEventListenerFactory,org.springframework.boot.autoconfigure.transaction.TransactionAutoConfiguration$EnableTransactionManagementConfiguration$CglibAutoProxyConfiguration,org.springframework.boot.autoconfigure.transaction.TransactionAutoConfiguration$EnableTransactionManagementConfiguration,org.springframework.boot.autoconfigure.transaction.TransactionAutoConfiguration$TransactionTemplateConfiguration,transactionTemplate,org.springframework.boot.autoconfigure.transaction.TransactionAutoConfiguration,platformTransactionManagerCustomizers,spring.transaction-org.springframework.boot.autoconfigure.transaction.TransactionProperties,org.springframework.boot.autoconfigure.web.client.RestTemplateAutoConfiguration,restTemplateBuilder,org.springframework.boot.autoconfigure.web.servlet.HttpEncodingAutoConfiguration,characterEncodingFilter,localeCharsetMappingsCustomizer,org.springframework.boot.autoconfigure.web.servlet.MultipartAutoConfiguration,multipartConfigElement,multipartResolver,spring.servlet.multipart-org.springframework.boot.autoconfigure.web.servlet.MultipartProperties,org.springframework.orm.jpa.SharedEntityManagerCreator#0]; root of factory hierarchy
2017-10-26 07:47:03.947 DEBUG 12192 --- [    Test worker] o.s.b.f.s.DefaultListableBeanFactory     : Returning cached instance of singleton bean 'org.springframework.boot.test.mock.mockito.MockitoPostProcessor$SpyPostProcessor'
2017-10-26 07:47:03.947 DEBUG 12192 --- [    Test worker] o.s.b.f.s.DefaultListableBeanFactory     : Returning cached instance of singleton bean 'org.springframework.boot.test.mock.mockito.MockitoPostProcessor'
2017-10-26 07:47:03.947 DEBUG 12192 --- [    Test worker] o.s.b.f.s.DefaultListableBeanFactory     : Returning cached instance of singleton bean 'org.springframework.context.annotation.internalConfigurationAnnotationProcessor'
2017-10-26 07:47:03.948 DEBUG 12192 --- [    Test worker] o.s.b.f.s.DefaultListableBeanFactory     : Returning cached instance of singleton bean 'org.springframework.context.annotation.internalAutowiredAnnotationProcessor'
2017-10-26 07:47:03.948 DEBUG 12192 --- [    Test worker] o.s.b.f.s.DefaultListableBeanFactory     : Returning cached instance of singleton bean 'org.springframework.context.annotation.internalRequiredAnnotationProcessor'
2017-10-26 07:47:03.948 DEBUG 12192 --- [    Test worker] o.s.b.f.s.DefaultListableBeanFactory     : Returning cached instance of singleton bean 'org.springframework.context.annotation.internalCommonAnnotationProcessor'
2017-10-26 07:47:03.948 DEBUG 12192 --- [    Test worker] o.s.b.f.s.DefaultListableBeanFactory     : Returning cached instance of singleton bean 'org.springframework.context.annotation.internalPersistenceAnnotationProcessor'
2017-10-26 07:47:03.948 DEBUG 12192 --- [    Test worker] o.s.b.f.s.DefaultListableBeanFactory     : Creating shared instance of singleton bean 'org.springframework.context.event.internalEventListenerProcessor'
2017-10-26 07:47:03.948 DEBUG 12192 --- [    Test worker] o.s.b.f.s.DefaultListableBeanFactory     : Creating instance of bean 'org.springframework.context.event.internalEventListenerProcessor'
2017-10-26 07:47:03.948 DEBUG 12192 --- [    Test worker] o.s.b.f.s.DefaultListableBeanFactory     : Returning cached instance of singleton bean 'org.springframework.transaction.config.internalTransactionAdvisor'
2017-10-26 07:47:03.950 DEBUG 12192 --- [    Test worker] o.s.b.f.s.DefaultListableBeanFactory     : Eagerly caching bean 'org.springframework.context.event.internalEventListenerProcessor' to allow for resolving potential circular references
2017-10-26 07:47:03.953 DEBUG 12192 --- [    Test worker] o.s.b.f.s.DefaultListableBeanFactory     : Returning cached instance of singleton bean 'org.springframework.transaction.config.internalTransactionAdvisor'
2017-10-26 07:47:03.953 DEBUG 12192 --- [    Test worker] o.s.b.f.s.DefaultListableBeanFactory     : Returning cached instance of singleton bean 'org.springframework.transaction.config.internalTransactionAdvisor'
2017-10-26 07:47:03.953 DEBUG 12192 --- [    Test worker] o.s.b.f.s.DefaultListableBeanFactory     : Finished creating instance of bean 'org.springframework.context.event.internalEventListenerProcessor'
2017-10-26 07:47:03.953 DEBUG 12192 --- [    Test worker] o.s.b.f.s.DefaultListableBeanFactory     : Creating shared instance of singleton bean 'org.springframework.context.event.internalEventListenerFactory'
2017-10-26 07:47:03.953 DEBUG 12192 --- [    Test worker] o.s.b.f.s.DefaultListableBeanFactory     : Creating instance of bean 'org.springframework.context.event.internalEventListenerFactory'
2017-10-26 07:47:03.953 DEBUG 12192 --- [    Test worker] o.s.b.f.s.DefaultListableBeanFactory     : Returning cached instance of singleton bean 'org.springframework.transaction.config.internalTransactionAdvisor'
2017-10-26 07:47:03.954 DEBUG 12192 --- [    Test worker] o.s.b.f.s.DefaultListableBeanFactory     : Eagerly caching bean 'org.springframework.context.event.internalEventListenerFactory' to allow for resolving potential circular references
2017-10-26 07:47:03.956 DEBUG 12192 --- [    Test worker] o.s.b.f.s.DefaultListableBeanFactory     : Returning cached instance of singleton bean 'org.springframework.transaction.config.internalTransactionAdvisor'
2017-10-26 07:47:03.957 DEBUG 12192 --- [    Test worker] o.s.b.f.s.DefaultListableBeanFactory     : Returning cached instance of singleton bean 'org.springframework.transaction.config.internalTransactionAdvisor'
2017-10-26 07:47:03.957 DEBUG 12192 --- [    Test worker] o.s.b.f.s.DefaultListableBeanFactory     : Finished creating instance of bean 'org.springframework.context.event.internalEventListenerFactory'
2017-10-26 07:47:03.957 DEBUG 12192 --- [    Test worker] o.s.b.f.s.DefaultListableBeanFactory     : Creating shared instance of singleton bean 'proyectoparqueaderoApplication'
2017-10-26 07:47:03.957 DEBUG 12192 --- [    Test worker] o.s.b.f.s.DefaultListableBeanFactory     : Creating instance of bean 'proyectoparqueaderoApplication'
2017-10-26 07:47:03.957 DEBUG 12192 --- [    Test worker] o.s.b.f.s.DefaultListableBeanFactory     : Returning cached instance of singleton bean 'org.springframework.transaction.config.internalTransactionAdvisor'
2017-10-26 07:47:03.958 DEBUG 12192 --- [    Test worker] o.s.b.f.s.DefaultListableBeanFactory     : Eagerly caching bean 'proyectoparqueaderoApplication' to allow for resolving potential circular references
2017-10-26 07:47:03.962 DEBUG 12192 --- [    Test worker] o.s.b.f.s.DefaultListableBeanFactory     : Returning cached instance of singleton bean 'org.springframework.transaction.config.internalTransactionAdvisor'
2017-10-26 07:47:03.962 DEBUG 12192 --- [    Test worker] o.s.b.f.s.DefaultListableBeanFactory     : Returning cached instance of singleton bean 'org.springframework.transaction.config.internalTransactionAdvisor'
2017-10-26 07:47:03.963 DEBUG 12192 --- [    Test worker] o.s.b.f.s.DefaultListableBeanFactory     : Finished creating instance of bean 'proyectoparqueaderoApplication'
2017-10-26 07:47:03.963 DEBUG 12192 --- [    Test worker] o.s.b.f.s.DefaultListableBeanFactory     : Returning cached instance of singleton bean 'org.springframework.boot.autoconfigure.internalCachingMetadataReaderFactory'
2017-10-26 07:47:03.964 DEBUG 12192 --- [    Test worker] o.s.b.f.s.DefaultListableBeanFactory     : Creating shared instance of singleton bean 'vehiculocontroller'
2017-10-26 07:47:03.964 DEBUG 12192 --- [    Test worker] o.s.b.f.s.DefaultListableBeanFactory     : Creating instance of bean 'vehiculocontroller'
2017-10-26 07:47:03.964 DEBUG 12192 --- [    Test worker] o.s.b.f.s.DefaultListableBeanFactory     : Returning cached instance of singleton bean 'org.springframework.transaction.config.internalTransactionAdvisor'
2017-10-26 07:47:03.966 DEBUG 12192 --- [    Test worker] o.s.b.f.annotation.InjectionMetadata     : Registered injected element on class [com.ceiba.restservice.vehiculocontroller]: AutowiredFieldElement for com.ceiba.servicio.servicioControlflujoVehiculo com.ceiba.restservice.vehiculocontroller.Serviciocontrolflujovehiculo
2017-10-26 07:47:03.966 DEBUG 12192 --- [    Test worker] o.s.b.f.s.DefaultListableBeanFactory     : Eagerly caching bean 'vehiculocontroller' to allow for resolving potential circular references
2017-10-26 07:47:03.967 DEBUG 12192 --- [    Test worker] o.s.b.f.annotation.InjectionMetadata     : Processing injected element of bean 'vehiculocontroller': AutowiredFieldElement for com.ceiba.servicio.servicioControlflujoVehiculo com.ceiba.restservice.vehiculocontroller.Serviciocontrolflujovehiculo
2017-10-26 07:47:03.968 DEBUG 12192 --- [    Test worker] o.s.core.annotation.AnnotationUtils      : Failed to meta-introspect annotation [interface org.springframework.beans.factory.annotation.Autowired]: java.lang.IllegalArgumentException: Annotation must not be null
2017-10-26 07:47:03.970 DEBUG 12192 --- [    Test worker] o.s.b.f.s.DefaultListableBeanFactory     : Creating shared instance of singleton bean 'vigilante'
2017-10-26 07:47:03.970 DEBUG 12192 --- [    Test worker] o.s.b.f.s.DefaultListableBeanFactory     : Creating instance of bean 'vigilante'
2017-10-26 07:47:03.970 DEBUG 12192 --- [    Test worker] o.s.b.f.s.DefaultListableBeanFactory     : Returning cached instance of singleton bean 'org.springframework.transaction.config.internalTransactionAdvisor'
2017-10-26 07:47:03.970 DEBUG 12192 --- [    Test worker] o.s.b.f.annotation.InjectionMetadata     : Registered injected element on class [com.ceiba.servicio.vigilante]: AutowiredFieldElement for com.ceiba.repositorio.repositorioVehiculo com.ceiba.servicio.vigilante.Repositoriovehiculo
2017-10-26 07:47:03.970 DEBUG 12192 --- [    Test worker] o.s.b.f.s.DefaultListableBeanFactory     : Eagerly caching bean 'vigilante' to allow for resolving potential circular references
2017-10-26 07:47:03.972 DEBUG 12192 --- [    Test worker] o.s.b.f.annotation.InjectionMetadata     : Processing injected element of bean 'vigilante': AutowiredFieldElement for com.ceiba.repositorio.repositorioVehiculo com.ceiba.servicio.vigilante.Repositoriovehiculo
2017-10-26 07:47:03.972 DEBUG 12192 --- [    Test worker] o.s.core.annotation.AnnotationUtils      : Failed to meta-introspect annotation [interface org.springframework.beans.factory.annotation.Autowired]: java.lang.IllegalArgumentException: Annotation must not be null
2017-10-26 07:47:03.973 DEBUG 12192 --- [    Test worker] o.s.b.f.s.DefaultListableBeanFactory     : Creating shared instance of singleton bean 'persistenciaVehiculo'
2017-10-26 07:47:03.973 DEBUG 12192 --- [    Test worker] o.s.b.f.s.DefaultListableBeanFactory     : Creating instance of bean 'persistenciaVehiculo'
2017-10-26 07:47:03.973 DEBUG 12192 --- [    Test worker] o.s.b.f.s.DefaultListableBeanFactory     : Returning cached instance of singleton bean 'org.springframework.transaction.config.internalTransactionAdvisor'
2017-10-26 07:47:03.974 DEBUG 12192 --- [    Test worker] o.s.b.f.annotation.InjectionMetadata     : Registered injected element on class [com.ceiba.repositorio.persistenciaVehiculo]: AutowiredFieldElement for com.ceiba.repositorio.jpa.configuracionjpa com.ceiba.repositorio.persistenciaVehiculo.Configuracionjpa
2017-10-26 07:47:03.974 DEBUG 12192 --- [    Test worker] o.s.b.f.s.DefaultListableBeanFactory     : Eagerly caching bean 'persistenciaVehiculo' to allow for resolving potential circular references
2017-10-26 07:47:03.975 DEBUG 12192 --- [    Test worker] o.s.b.f.annotation.InjectionMetadata     : Processing injected element of bean 'persistenciaVehiculo': AutowiredFieldElement for com.ceiba.repositorio.jpa.configuracionjpa com.ceiba.repositorio.persistenciaVehiculo.Configuracionjpa
2017-10-26 07:47:03.975 DEBUG 12192 --- [    Test worker] o.s.core.annotation.AnnotationUtils      : Failed to meta-introspect annotation [interface org.springframework.beans.factory.annotation.Autowired]: java.lang.IllegalArgumentException: Annotation must not be null
2017-10-26 07:47:03.976 DEBUG 12192 --- [    Test worker] o.s.b.f.s.DefaultListableBeanFactory     : Creating shared instance of singleton bean 'persistenciasistema'
2017-10-26 07:47:03.976 DEBUG 12192 --- [    Test worker] o.s.b.f.s.DefaultListableBeanFactory     : Creating instance of bean 'persistenciasistema'
2017-10-26 07:47:03.976 DEBUG 12192 --- [    Test worker] o.s.b.f.s.DefaultListableBeanFactory     : Returning cached instance of singleton bean 'org.springframework.transaction.config.internalTransactionAdvisor'
2017-10-26 07:47:03.978 DEBUG 12192 --- [    Test worker] o.s.b.f.annotation.InjectionMetadata     : Registered injected element on class [com.ceiba.repositorio.jpa.persistenciasistema]: PersistenceElement for private javax.persistence.EntityManager com.ceiba.repositorio.jpa.persistenciasistema.Entitymanager
2017-10-26 07:47:03.978 DEBUG 12192 --- [    Test worker] o.s.b.f.s.DefaultListableBeanFactory     : Eagerly caching bean 'persistenciasistema' to allow for resolving potential circular references
2017-10-26 07:47:03.980 DEBUG 12192 --- [    Test worker] o.s.b.f.annotation.InjectionMetadata     : Processing injected element of bean 'persistenciasistema': PersistenceElement for private javax.persistence.EntityManager com.ceiba.repositorio.jpa.persistenciasistema.Entitymanager
2017-10-26 07:47:03.981 DEBUG 12192 --- [    Test worker] o.s.b.f.s.DefaultListableBeanFactory     : Returning cached instance of singleton bean 'entityManagerFactory'
2017-10-26 07:47:03.981 DEBUG 12192 --- [    Test worker] o.s.b.f.s.DefaultListableBeanFactory     : Returning cached instance of singleton bean 'org.springframework.transaction.config.internalTransactionAdvisor'
2017-10-26 07:47:03.981 DEBUG 12192 --- [    Test worker] o.s.b.f.s.DefaultListableBeanFactory     : Returning cached instance of singleton bean 'org.springframework.transaction.config.internalTransactionAdvisor'
2017-10-26 07:47:03.985 DEBUG 12192 --- [    Test worker] o.s.jdbc.datasource.DataSourceUtils      : Fetching JDBC Connection from DataSource
2017-10-26 07:47:03.985 DEBUG 12192 --- [    Test worker] o.s.jdbc.datasource.DataSourceUtils      : Returning JDBC Connection to DataSource
2017-10-26 07:47:03.986 DEBUG 12192 --- [    Test worker] o.s.b.f.s.DefaultListableBeanFactory     : Returning cached instance of singleton bean 'org.springframework.boot.autoconfigure.jdbc.DataSourceInitializerInvoker'
2017-10-26 07:47:03.987 DEBUG 12192 --- [    Test worker] .i.s.PathMatchingResourcePatternResolver : Resolved classpath location [data-h2.sql] to resources []
2017-10-26 07:47:03.987 DEBUG 12192 --- [    Test worker] .i.s.PathMatchingResourcePatternResolver : Resolved classpath location [data.sql] to resources [URL [file:/C:/Users/david.hoyos/eclipse-workspace/Proyectoparqueadero/build/resources/main/data.sql]]
2017-10-26 07:47:03.990 DEBUG 12192 --- [    Test worker] o.s.jdbc.datasource.DataSourceUtils      : Fetching JDBC Connection from DataSource
2017-10-26 07:47:03.994  INFO 12192 --- [    Test worker] o.s.jdbc.datasource.init.ScriptUtils     : Executing SQL script from URL [file:/C:/Users/david.hoyos/eclipse-workspace/Proyectoparqueadero/build/resources/main/data.sql]
2017-10-26 07:47:03.998 DEBUG 12192 --- [    Test worker] o.s.jdbc.datasource.init.ScriptUtils     : 1 returned as update count for SQL: INSERT INTO vehiculo (idvehiculo,Matricula,Cilindraje,Marca,fechaentrada,tipo) VALUES(1, 'CRT903', '200CC','FERRARI','02/03/2017','carro')
2017-10-26 07:47:03.998  INFO 12192 --- [    Test worker] o.s.jdbc.datasource.init.ScriptUtils     : Executed SQL script from URL [file:/C:/Users/david.hoyos/eclipse-workspace/Proyectoparqueadero/build/resources/main/data.sql] in 4 ms.
2017-10-26 07:47:03.998 DEBUG 12192 --- [    Test worker] o.s.jdbc.datasource.DataSourceUtils      : Returning JDBC Connection to DataSource
2017-10-26 07:47:04.008 DEBUG 12192 --- [    Test worker] o.s.b.f.s.DefaultListableBeanFactory     : Returning cached instance of singleton bean 'org.springframework.transaction.config.internalTransactionAdvisor'
2017-10-26 07:47:04.008 DEBUG 12192 --- [    Test worker] o.s.b.f.s.DefaultListableBeanFactory     : Returning cached instance of singleton bean 'org.springframework.transaction.config.internalTransactionAdvisor'
2017-10-26 07:47:04.010 DEBUG 12192 --- [    Test worker] t.a.AnnotationTransactionAttributeSource : Adding transactional method 'com.ceiba.repositorio.jpa.persistenciasistema.GetEntityManager' with attribute: PROPAGATION_REQUIRED,ISOLATION_DEFAULT
2017-10-26 07:47:04.016 DEBUG 12192 --- [    Test worker] a.AnnotationAwareAspectJAutoProxyCreator : Creating implicit proxy for bean 'persistenciasistema' with 0 common interceptors and 1 specific interceptors
2017-10-26 07:47:04.019 DEBUG 12192 --- [    Test worker] o.s.aop.framework.CglibAopProxy          : Creating CGLIB proxy: target source is SingletonTargetSource for target object [com.ceiba.repositorio.jpa.persistenciasistema@7d27ceec]
2017-10-26 07:47:04.030 DEBUG 12192 --- [    Test worker] t.a.AnnotationTransactionAttributeSource : Adding transactional method 'com.ceiba.repositorio.jpa.persistenciasistema.GetEntityManager' with attribute: PROPAGATION_REQUIRED,ISOLATION_DEFAULT
2017-10-26 07:47:04.030 DEBUG 12192 --- [    Test worker] o.s.aop.framework.CglibAopProxy          : Unable to apply any optimizations to advised method: public javax.persistence.EntityManager com.ceiba.repositorio.jpa.persistenciasistema.GetEntityManager()
2017-10-26 07:47:04.030 DEBUG 12192 --- [    Test worker] o.s.aop.framework.CglibAopProxy          : Found 'equals' method: public boolean java.lang.Object.equals(java.lang.Object)
2017-10-26 07:47:04.031 DEBUG 12192 --- [    Test worker] o.s.aop.framework.CglibAopProxy          : Unable to apply any optimizations to advised method: public java.lang.String java.lang.Object.toString()
2017-10-26 07:47:04.031 DEBUG 12192 --- [    Test worker] o.s.aop.framework.CglibAopProxy          : Found 'hashCode' method: public native int java.lang.Object.hashCode()
2017-10-26 07:47:04.031 DEBUG 12192 --- [    Test worker] o.s.aop.framework.CglibAopProxy          : Unable to apply any optimizations to advised method: protected native java.lang.Object java.lang.Object.clone() throws java.lang.CloneNotSupportedException
2017-10-26 07:47:04.031 DEBUG 12192 --- [    Test worker] o.s.aop.framework.CglibAopProxy          : Method is declared on Advised interface: public abstract int org.springframework.aop.framework.Advised.indexOf(org.aopalliance.aop.Advice)
2017-10-26 07:47:04.031 DEBUG 12192 --- [    Test worker] o.s.aop.framework.CglibAopProxy          : Method is declared on Advised interface: public abstract int org.springframework.aop.framework.Advised.indexOf(org.springframework.aop.Advisor)
2017-10-26 07:47:04.031 DEBUG 12192 --- [    Test worker] o.s.aop.framework.CglibAopProxy          : Method is declared on Advised interface: public abstract boolean org.springframework.aop.framework.Advised.isFrozen()
2017-10-26 07:47:04.031 DEBUG 12192 --- [    Test worker] o.s.aop.framework.CglibAopProxy          : Method is declared on Advised interface: public abstract java.lang.Class[] org.springframework.aop.framework.Advised.getProxiedInterfaces()
2017-10-26 07:47:04.031 DEBUG 12192 --- [    Test worker] o.s.aop.framework.CglibAopProxy          : Method is declared on Advised interface: public abstract boolean org.springframework.aop.framework.Advised.isProxyTargetClass()
2017-10-26 07:47:04.031 DEBUG 12192 --- [    Test worker] o.s.aop.framework.CglibAopProxy          : Method is declared on Advised interface: public abstract boolean org.springframework.aop.framework.Advised.isInterfaceProxied(java.lang.Class)
2017-10-26 07:47:04.031 DEBUG 12192 --- [    Test worker] o.s.aop.framework.CglibAopProxy          : Method is declared on Advised interface: public abstract java.lang.String org.springframework.aop.framework.Advised.toProxyConfigString()
2017-10-26 07:47:04.031 DEBUG 12192 --- [    Test worker] o.s.aop.framework.CglibAopProxy          : Method is declared on Advised interface: public abstract void org.springframework.aop.framework.Advised.addAdvisor(int,org.springframework.aop.Advisor) throws org.springframework.aop.framework.AopConfigException
2017-10-26 07:47:04.031 DEBUG 12192 --- [    Test worker] o.s.aop.framework.CglibAopProxy          : Method is declared on Advised interface: public abstract void org.springframework.aop.framework.Advised.addAdvisor(org.springframework.aop.Advisor) throws org.springframework.aop.framework.AopConfigException
2017-10-26 07:47:04.031 DEBUG 12192 --- [    Test worker] o.s.aop.framework.CglibAopProxy          : Method is declared on Advised interface: public abstract void org.springframework.aop.framework.Advised.addAdvice(int,org.aopalliance.aop.Advice) throws org.springframework.aop.framework.AopConfigException
2017-10-26 07:47:04.031 DEBUG 12192 --- [    Test worker] o.s.aop.framework.CglibAopProxy          : Method is declared on Advised interface: public abstract void org.springframework.aop.framework.Advised.addAdvice(org.aopalliance.aop.Advice) throws org.springframework.aop.framework.AopConfigException
2017-10-26 07:47:04.031 DEBUG 12192 --- [    Test worker] o.s.aop.framework.CglibAopProxy          : Method is declared on Advised interface: public abstract void org.springframework.aop.framework.Advised.setTargetSource(org.springframework.aop.TargetSource)
2017-10-26 07:47:04.031 DEBUG 12192 --- [    Test worker] o.s.aop.framework.CglibAopProxy          : Method is declared on Advised interface: public abstract boolean org.springframework.aop.framework.Advised.removeAdvice(org.aopalliance.aop.Advice)
2017-10-26 07:47:04.031 DEBUG 12192 --- [    Test worker] o.s.aop.framework.CglibAopProxy          : Method is declared on Advised interface: public abstract org.springframework.aop.TargetSource org.springframework.aop.framework.Advised.getTargetSource()
2017-10-26 07:47:04.031 DEBUG 12192 --- [    Test worker] o.s.aop.framework.CglibAopProxy          : Method is declared on Advised interface: public abstract org.springframework.aop.Advisor[] org.springframework.aop.framework.Advised.getAdvisors()
2017-10-26 07:47:04.031 DEBUG 12192 --- [    Test worker] o.s.aop.framework.CglibAopProxy          : Method is declared on Advised interface: public abstract void org.springframework.aop.framework.Advised.setPreFiltered(boolean)
2017-10-26 07:47:04.031 DEBUG 12192 --- [    Test worker] o.s.aop.framework.CglibAopProxy          : Method is declared on Advised interface: public abstract boolean org.springframework.aop.framework.Advised.isPreFiltered()
2017-10-26 07:47:04.031 DEBUG 12192 --- [    Test worker] o.s.aop.framework.CglibAopProxy          : Method is declared on Advised interface: public abstract boolean org.springframework.aop.framework.Advised.removeAdvisor(org.springframework.aop.Advisor)
2017-10-26 07:47:04.031 DEBUG 12192 --- [    Test worker] o.s.aop.framework.CglibAopProxy          : Method is declared on Advised interface: public abstract void org.springframework.aop.framework.Advised.removeAdvisor(int) throws org.springframework.aop.framework.AopConfigException
2017-10-26 07:47:04.031 DEBUG 12192 --- [    Test worker] o.s.aop.framework.CglibAopProxy          : Method is declared on Advised interface: public abstract boolean org.springframework.aop.framework.Advised.replaceAdvisor(org.springframework.aop.Advisor,org.springframework.aop.Advisor) throws org.springframework.aop.framework.AopConfigException
2017-10-26 07:47:04.031 DEBUG 12192 --- [    Test worker] o.s.aop.framework.CglibAopProxy          : Method is declared on Advised interface: public abstract void org.springframework.aop.framework.Advised.setExposeProxy(boolean)
2017-10-26 07:47:04.031 DEBUG 12192 --- [    Test worker] o.s.aop.framework.CglibAopProxy          : Method is declared on Advised interface: public abstract boolean org.springframework.aop.framework.Advised.isExposeProxy()
2017-10-26 07:47:04.032 DEBUG 12192 --- [    Test worker] o.s.aop.framework.CglibAopProxy          : Method is declared on Advised interface: public abstract java.lang.Class org.springframework.aop.TargetClassAware.getTargetClass()
2017-10-26 07:47:04.045 DEBUG 12192 --- [    Test worker] o.s.b.f.s.DefaultListableBeanFactory     : Finished creating instance of bean 'persistenciasistema'
2017-10-26 07:47:04.045 DEBUG 12192 --- [    Test worker] f.a.AutowiredAnnotationBeanPostProcessor : Autowiring by type from bean name 'persistenciaVehiculo' to bean named 'persistenciasistema'
2017-10-26 07:47:04.045 DEBUG 12192 --- [    Test worker] o.s.b.f.s.DefaultListableBeanFactory     : Returning cached instance of singleton bean 'org.springframework.transaction.config.internalTransactionAdvisor'
2017-10-26 07:47:04.045 DEBUG 12192 --- [    Test worker] o.s.b.f.s.DefaultListableBeanFactory     : Returning cached instance of singleton bean 'org.springframework.transaction.config.internalTransactionAdvisor'
2017-10-26 07:47:04.046 DEBUG 12192 --- [    Test worker] o.s.b.f.s.DefaultListableBeanFactory     : Finished creating instance of bean 'persistenciaVehiculo'
2017-10-26 07:47:04.046 DEBUG 12192 --- [    Test worker] f.a.AutowiredAnnotationBeanPostProcessor : Autowiring by type from bean name 'vigilante' to bean named 'persistenciaVehiculo'
2017-10-26 07:47:04.046 DEBUG 12192 --- [    Test worker] o.s.b.f.s.DefaultListableBeanFactory     : Returning cached instance of singleton bean 'org.springframework.transaction.config.internalTransactionAdvisor'
2017-10-26 07:47:04.046 DEBUG 12192 --- [    Test worker] o.s.b.f.s.DefaultListableBeanFactory     : Returning cached instance of singleton bean 'org.springframework.transaction.config.internalTransactionAdvisor'
2017-10-26 07:47:04.046 DEBUG 12192 --- [    Test worker] o.s.b.f.s.DefaultListableBeanFactory     : Finished creating instance of bean 'vigilante'
2017-10-26 07:47:04.046 DEBUG 12192 --- [    Test worker] f.a.AutowiredAnnotationBeanPostProcessor : Autowiring by type from bean name 'vehiculocontroller' to bean named 'vigilante'
2017-10-26 07:47:04.047 DEBUG 12192 --- [    Test worker] o.s.b.f.s.DefaultListableBeanFactory     : Returning cached instance of singleton bean 'org.springframework.transaction.config.internalTransactionAdvisor'
2017-10-26 07:47:04.047 DEBUG 12192 --- [    Test worker] o.s.b.f.s.DefaultListableBeanFactory     : Returning cached instance of singleton bean 'org.springframework.transaction.config.internalTransactionAdvisor'
2017-10-26 07:47:04.047 DEBUG 12192 --- [    Test worker] o.s.b.f.s.DefaultListableBeanFactory     : Finished creating instance of bean 'vehiculocontroller'
2017-10-26 07:47:04.047 DEBUG 12192 --- [    Test worker] o.s.b.f.s.DefaultListableBeanFactory     : Returning cached instance of singleton bean 'persistenciasistema'
2017-10-26 07:47:04.047 DEBUG 12192 --- [    Test worker] o.s.b.f.s.DefaultListableBeanFactory     : Returning cached instance of singleton bean 'persistenciaVehiculo'
2017-10-26 07:47:04.047 DEBUG 12192 --- [    Test worker] o.s.b.f.s.DefaultListableBeanFactory     : Returning cached instance of singleton bean 'vigilante'
2017-10-26 07:47:04.047 DEBUG 12192 --- [    Test worker] o.s.b.f.s.DefaultListableBeanFactory     : Returning cached instance of singleton bean 'org.springframework.boot.autoconfigure.AutoConfigurationPackages'
2017-10-26 07:47:04.047 DEBUG 12192 --- [    Test worker] o.s.b.f.s.DefaultListableBeanFactory     : Returning cached instance of singleton bean 'org.springframework.boot.autoconfigure.domain.EntityScanPackages'
2017-10-26 07:47:04.047 DEBUG 12192 --- [    Test worker] o.s.b.f.s.DefaultListableBeanFactory     : Creating shared instance of singleton bean 'org.springframework.boot.autoconfigure.context.PropertyPlaceholderAutoConfiguration'
2017-10-26 07:47:04.047 DEBUG 12192 --- [    Test worker] o.s.b.f.s.DefaultListableBeanFactory     : Creating instance of bean 'org.springframework.boot.autoconfigure.context.PropertyPlaceholderAutoConfiguration'
2017-10-26 07:47:04.047 DEBUG 12192 --- [    Test worker] o.s.b.f.s.DefaultListableBeanFactory     : Returning cached instance of singleton bean 'org.springframework.transaction.config.internalTransactionAdvisor'
2017-10-26 07:47:04.048 DEBUG 12192 --- [    Test worker] o.s.b.f.s.DefaultListableBeanFactory     : Eagerly caching bean 'org.springframework.boot.autoconfigure.context.PropertyPlaceholderAutoConfiguration' to allow for resolving potential circular references
2017-10-26 07:47:04.050 DEBUG 12192 --- [    Test worker] o.s.b.f.s.DefaultListableBeanFactory     : Returning cached instance of singleton bean 'org.springframework.transaction.config.internalTransactionAdvisor'
2017-10-26 07:47:04.051 DEBUG 12192 --- [    Test worker] o.s.b.f.s.DefaultListableBeanFactory     : Returning cached instance of singleton bean 'org.springframework.transaction.config.internalTransactionAdvisor'
2017-10-26 07:47:04.051 DEBUG 12192 --- [    Test worker] o.s.b.f.s.DefaultListableBeanFactory     : Finished creating instance of bean 'org.springframework.boot.autoconfigure.context.PropertyPlaceholderAutoConfiguration'
2017-10-26 07:47:04.051 DEBUG 12192 --- [    Test worker] o.s.b.f.s.DefaultListableBeanFactory     : Returning cached instance of singleton bean 'org.springframework.boot.autoconfigure.condition.BeanTypeRegistry'
2017-10-26 07:47:04.051 DEBUG 12192 --- [    Test worker] o.s.b.f.s.DefaultListableBeanFactory     : Returning cached instance of singleton bean 'propertySourcesPlaceholderConfigurer'
2017-10-26 07:47:04.051 DEBUG 12192 --- [    Test worker] o.s.b.f.s.DefaultListableBeanFactory     : Creating shared instance of singleton bean 'org.springframework.boot.autoconfigure.jackson.JacksonAutoConfiguration$Jackson2ObjectMapperBuilderCustomizerConfiguration'
2017-10-26 07:47:04.051 DEBUG 12192 --- [    Test worker] o.s.b.f.s.DefaultListableBeanFactory     : Creating instance of bean 'org.springframework.boot.autoconfigure.jackson.JacksonAutoConfiguration$Jackson2ObjectMapperBuilderCustomizerConfiguration'
2017-10-26 07:47:04.051 DEBUG 12192 --- [    Test worker] o.s.b.f.s.DefaultListableBeanFactory     : Returning cached instance of singleton bean 'org.springframework.transaction.config.internalTransactionAdvisor'
2017-10-26 07:47:04.052 DEBUG 12192 --- [    Test worker] o.s.b.f.s.DefaultListableBeanFactory     : Eagerly caching bean 'org.springframework.boot.autoconfigure.jackson.JacksonAutoConfiguration$Jackson2ObjectMapperBuilderCustomizerConfiguration' to allow for resolving potential circular references
2017-10-26 07:47:04.055 DEBUG 12192 --- [    Test worker] o.s.b.f.s.DefaultListableBeanFactory     : Returning cached instance of singleton bean 'org.springframework.transaction.config.internalTransactionAdvisor'
2017-10-26 07:47:04.055 DEBUG 12192 --- [    Test worker] o.s.b.f.s.DefaultListableBeanFactory     : Returning cached instance of singleton bean 'org.springframework.transaction.config.internalTransactionAdvisor'
2017-10-26 07:47:04.055 DEBUG 12192 --- [    Test worker] o.s.b.f.s.DefaultListableBeanFactory     : Finished creating instance of bean 'org.springframework.boot.autoconfigure.jackson.JacksonAutoConfiguration$Jackson2ObjectMapperBuilderCustomizerConfiguration'
2017-10-26 07:47:04.056 DEBUG 12192 --- [    Test worker] o.s.b.f.s.DefaultListableBeanFactory     : Creating shared instance of singleton bean 'standardJacksonObjectMapperBuilderCustomizer'
2017-10-26 07:47:04.056 DEBUG 12192 --- [    Test worker] o.s.b.f.s.DefaultListableBeanFactory     : Creating instance of bean 'standardJacksonObjectMapperBuilderCustomizer'
2017-10-26 07:47:04.056 DEBUG 12192 --- [    Test worker] o.s.b.f.s.DefaultListableBeanFactory     : Returning cached instance of singleton bean 'org.springframework.transaction.config.internalTransactionAdvisor'
2017-10-26 07:47:04.056 DEBUG 12192 --- [    Test worker] o.s.b.f.s.DefaultListableBeanFactory     : Returning cached instance of singleton bean 'org.springframework.boot.autoconfigure.jackson.JacksonAutoConfiguration$Jackson2ObjectMapperBuilderCustomizerConfiguration'
2017-10-26 07:47:04.059 DEBUG 12192 --- [    Test worker] o.s.b.f.s.DefaultListableBeanFactory     : Creating shared instance of singleton bean 'spring.jackson-org.springframework.boot.autoconfigure.jackson.JacksonProperties'
2017-10-26 07:47:04.060 DEBUG 12192 --- [    Test worker] o.s.b.f.s.DefaultListableBeanFactory     : Creating instance of bean 'spring.jackson-org.springframework.boot.autoconfigure.jackson.JacksonProperties'
2017-10-26 07:47:04.060 DEBUG 12192 --- [    Test worker] o.s.b.f.s.DefaultListableBeanFactory     : Returning cached instance of singleton bean 'org.springframework.transaction.config.internalTransactionAdvisor'
2017-10-26 07:47:04.060 DEBUG 12192 --- [    Test worker] o.s.b.f.s.DefaultListableBeanFactory     : Eagerly caching bean 'spring.jackson-org.springframework.boot.autoconfigure.jackson.JacksonProperties' to allow for resolving potential circular references
2017-10-26 07:47:04.064 DEBUG 12192 --- [    Test worker] o.s.b.f.s.DefaultListableBeanFactory     : Returning cached instance of singleton bean 'org.springframework.transaction.config.internalTransactionAdvisor'
2017-10-26 07:47:04.064 DEBUG 12192 --- [    Test worker] o.s.b.f.s.DefaultListableBeanFactory     : Returning cached instance of singleton bean 'org.springframework.transaction.config.internalTransactionAdvisor'
2017-10-26 07:47:04.064 DEBUG 12192 --- [    Test worker] o.s.b.f.s.DefaultListableBeanFactory     : Finished creating instance of bean 'spring.jackson-org.springframework.boot.autoconfigure.jackson.JacksonProperties'
2017-10-26 07:47:04.065 DEBUG 12192 --- [    Test worker] o.s.b.f.s.DefaultListableBeanFactory     : Autowiring by type from bean name 'standardJacksonObjectMapperBuilderCustomizer' via factory method to bean named 'org.springframework.web.context.support.GenericWebApplicationContext@739e2a40'
2017-10-26 07:47:04.065 DEBUG 12192 --- [    Test worker] o.s.b.f.s.DefaultListableBeanFactory     : Autowiring by type from bean name 'standardJacksonObjectMapperBuilderCustomizer' via factory method to bean named 'spring.jackson-org.springframework.boot.autoconfigure.jackson.JacksonProperties'
2017-10-26 07:47:04.071 DEBUG 12192 --- [    Test worker] o.s.b.f.s.DefaultListableBeanFactory     : Eagerly caching bean 'standardJacksonObjectMapperBuilderCustomizer' to allow for resolving potential circular references
2017-10-26 07:47:04.074 DEBUG 12192 --- [    Test worker] o.s.b.f.s.DefaultListableBeanFactory     : Returning cached instance of singleton bean 'org.springframework.transaction.config.internalTransactionAdvisor'
2017-10-26 07:47:04.074 DEBUG 12192 --- [    Test worker] o.s.b.f.s.DefaultListableBeanFactory     : Returning cached instance of singleton bean 'org.springframework.transaction.config.internalTransactionAdvisor'
2017-10-26 07:47:04.074 DEBUG 12192 --- [    Test worker] o.s.b.f.s.DefaultListableBeanFactory     : Finished creating instance of bean 'standardJacksonObjectMapperBuilderCustomizer'
2017-10-26 07:47:04.074 DEBUG 12192 --- [    Test worker] o.s.b.f.s.DefaultListableBeanFactory     : Returning cached instance of singleton bean 'spring.jackson-org.springframework.boot.autoconfigure.jackson.JacksonProperties'
2017-10-26 07:47:04.074 DEBUG 12192 --- [    Test worker] o.s.b.f.s.DefaultListableBeanFactory     : Returning cached instance of singleton bean 'org.springframework.boot.context.properties.ConfigurationPropertiesBindingPostProcessor'
2017-10-26 07:47:04.075 DEBUG 12192 --- [    Test worker] o.s.b.f.s.DefaultListableBeanFactory     : Returning cached instance of singleton bean 'org.springframework.boot.context.properties.ConfigurationPropertiesBindingPostProcessor.store'
2017-10-26 07:47:04.075 DEBUG 12192 --- [    Test worker] o.s.b.f.s.DefaultListableBeanFactory     : Creating shared instance of singleton bean 'org.springframework.boot.autoconfigure.jackson.JacksonAutoConfiguration$JacksonObjectMapperBuilderConfiguration'
2017-10-26 07:47:04.075 DEBUG 12192 --- [    Test worker] o.s.b.f.s.DefaultListableBeanFactory     : Creating instance of bean 'org.springframework.boot.autoconfigure.jackson.JacksonAutoConfiguration$JacksonObjectMapperBuilderConfiguration'
2017-10-26 07:47:04.075 DEBUG 12192 --- [    Test worker] o.s.b.f.s.DefaultListableBeanFactory     : Returning cached instance of singleton bean 'org.springframework.transaction.config.internalTransactionAdvisor'
2017-10-26 07:47:04.075 DEBUG 12192 --- [    Test worker] ocalVariableTableParameterNameDiscoverer : Cannot find '.class' file for class [class org.springframework.boot.autoconfigure.jackson.JacksonAutoConfiguration$JacksonObjectMapperBuilderConfiguration$$EnhancerBySpringCGLIB$$560b545e] - unable to determine constructor/method parameter names
2017-10-26 07:47:04.075 DEBUG 12192 --- [    Test worker] o.s.b.f.s.DefaultListableBeanFactory     : Autowiring by type from bean name 'org.springframework.boot.autoconfigure.jackson.JacksonAutoConfiguration$JacksonObjectMapperBuilderConfiguration' via constructor to bean named 'org.springframework.web.context.support.GenericWebApplicationContext@739e2a40'
2017-10-26 07:47:04.076 DEBUG 12192 --- [    Test worker] o.s.b.f.s.DefaultListableBeanFactory     : Eagerly caching bean 'org.springframework.boot.autoconfigure.jackson.JacksonAutoConfiguration$JacksonObjectMapperBuilderConfiguration' to allow for resolving potential circular references
2017-10-26 07:47:04.079 DEBUG 12192 --- [    Test worker] o.s.b.f.s.DefaultListableBeanFactory     : Returning cached instance of singleton bean 'org.springframework.transaction.config.internalTransactionAdvisor'
2017-10-26 07:47:04.080 DEBUG 12192 --- [    Test worker] o.s.b.f.s.DefaultListableBeanFactory     : Returning cached instance of singleton bean 'org.springframework.transaction.config.internalTransactionAdvisor'
2017-10-26 07:47:04.081 DEBUG 12192 --- [    Test worker] o.s.b.f.s.DefaultListableBeanFactory     : Finished creating instance of bean 'org.springframework.boot.autoconfigure.jackson.JacksonAutoConfiguration$JacksonObjectMapperBuilderConfiguration'
2017-10-26 07:47:04.081 DEBUG 12192 --- [    Test worker] o.s.b.f.s.DefaultListableBeanFactory     : Creating shared instance of singleton bean 'jacksonObjectMapperBuilder'
2017-10-26 07:47:04.081 DEBUG 12192 --- [    Test worker] o.s.b.f.s.DefaultListableBeanFactory     : Creating instance of bean 'jacksonObjectMapperBuilder'
2017-10-26 07:47:04.081 DEBUG 12192 --- [    Test worker] o.s.b.f.s.DefaultListableBeanFactory     : Returning cached instance of singleton bean 'org.springframework.transaction.config.internalTransactionAdvisor'
2017-10-26 07:47:04.081 DEBUG 12192 --- [    Test worker] o.s.b.f.s.DefaultListableBeanFactory     : Returning cached instance of singleton bean 'org.springframework.boot.autoconfigure.jackson.JacksonAutoConfiguration$JacksonObjectMapperBuilderConfiguration'
2017-10-26 07:47:04.083 DEBUG 12192 --- [    Test worker] o.s.b.f.s.DefaultListableBeanFactory     : Returning cached instance of singleton bean 'standardJacksonObjectMapperBuilderCustomizer'
2017-10-26 07:47:04.084 DEBUG 12192 --- [    Test worker] o.s.b.f.s.DefaultListableBeanFactory     : Autowiring by type from bean name 'jacksonObjectMapperBuilder' via factory method to bean named 'standardJacksonObjectMapperBuilderCustomizer'
2017-10-26 07:47:04.089 DEBUG 12192 --- [    Test worker] o.s.b.f.s.DefaultListableBeanFactory     : Creating shared instance of singleton bean 'parameterNamesModule'
2017-10-26 07:47:04.089 DEBUG 12192 --- [    Test worker] o.s.b.f.s.DefaultListableBeanFactory     : Creating instance of bean 'parameterNamesModule'
2017-10-26 07:47:04.089 DEBUG 12192 --- [    Test worker] o.s.b.f.s.DefaultListableBeanFactory     : Returning cached instance of singleton bean 'org.springframework.transaction.config.internalTransactionAdvisor'
2017-10-26 07:47:04.090 DEBUG 12192 --- [    Test worker] o.s.b.f.s.DefaultListableBeanFactory     : Creating shared instance of singleton bean 'org.springframework.boot.autoconfigure.jackson.JacksonAutoConfiguration$ParameterNamesModuleConfiguration'
2017-10-26 07:47:04.090 DEBUG 12192 --- [    Test worker] o.s.b.f.s.DefaultListableBeanFactory     : Creating instance of bean 'org.springframework.boot.autoconfigure.jackson.JacksonAutoConfiguration$ParameterNamesModuleConfiguration'
2017-10-26 07:47:04.090 DEBUG 12192 --- [    Test worker] o.s.b.f.s.DefaultListableBeanFactory     : Returning cached instance of singleton bean 'org.springframework.transaction.config.internalTransactionAdvisor'
2017-10-26 07:47:04.090 DEBUG 12192 --- [    Test worker] o.s.b.f.s.DefaultListableBeanFactory     : Eagerly caching bean 'org.springframework.boot.autoconfigure.jackson.JacksonAutoConfiguration$ParameterNamesModuleConfiguration' to allow for resolving potential circular references
2017-10-26 07:47:04.093 DEBUG 12192 --- [    Test worker] o.s.b.f.s.DefaultListableBeanFactory     : Returning cached instance of singleton bean 'org.springframework.transaction.config.internalTransactionAdvisor'
2017-10-26 07:47:04.093 DEBUG 12192 --- [    Test worker] o.s.b.f.s.DefaultListableBeanFactory     : Returning cached instance of singleton bean 'org.springframework.transaction.config.internalTransactionAdvisor'
2017-10-26 07:47:04.094 DEBUG 12192 --- [    Test worker] o.s.b.f.s.DefaultListableBeanFactory     : Finished creating instance of bean 'org.springframework.boot.autoconfigure.jackson.JacksonAutoConfiguration$ParameterNamesModuleConfiguration'
2017-10-26 07:47:04.103 DEBUG 12192 --- [    Test worker] o.s.b.f.s.DefaultListableBeanFactory     : Eagerly caching bean 'parameterNamesModule' to allow for resolving potential circular references
2017-10-26 07:47:04.113 DEBUG 12192 --- [    Test worker] o.s.b.f.s.DefaultListableBeanFactory     : Returning cached instance of singleton bean 'org.springframework.transaction.config.internalTransactionAdvisor'
2017-10-26 07:47:04.113 DEBUG 12192 --- [    Test worker] o.s.b.f.s.DefaultListableBeanFactory     : Returning cached instance of singleton bean 'org.springframework.transaction.config.internalTransactionAdvisor'
2017-10-26 07:47:04.114 DEBUG 12192 --- [    Test worker] o.s.b.f.s.DefaultListableBeanFactory     : Finished creating instance of bean 'parameterNamesModule'
2017-10-26 07:47:04.115 DEBUG 12192 --- [    Test worker] o.s.b.f.s.DefaultListableBeanFactory     : Creating shared instance of singleton bean 'jsonComponentModule'
2017-10-26 07:47:04.115 DEBUG 12192 --- [    Test worker] o.s.b.f.s.DefaultListableBeanFactory     : Creating instance of bean 'jsonComponentModule'
2017-10-26 07:47:04.115 DEBUG 12192 --- [    Test worker] o.s.b.f.s.DefaultListableBeanFactory     : Returning cached instance of singleton bean 'org.springframework.transaction.config.internalTransactionAdvisor'
2017-10-26 07:47:04.115 DEBUG 12192 --- [    Test worker] o.s.b.f.s.DefaultListableBeanFactory     : Creating shared instance of singleton bean 'org.springframework.boot.autoconfigure.jackson.JacksonAutoConfiguration'
2017-10-26 07:47:04.115 DEBUG 12192 --- [    Test worker] o.s.b.f.s.DefaultListableBeanFactory     : Creating instance of bean 'org.springframework.boot.autoconfigure.jackson.JacksonAutoConfiguration'
2017-10-26 07:47:04.115 DEBUG 12192 --- [    Test worker] o.s.b.f.s.DefaultListableBeanFactory     : Returning cached instance of singleton bean 'org.springframework.transaction.config.internalTransactionAdvisor'
2017-10-26 07:47:04.115 DEBUG 12192 --- [    Test worker] o.s.b.f.s.DefaultListableBeanFactory     : Eagerly caching bean 'org.springframework.boot.autoconfigure.jackson.JacksonAutoConfiguration' to allow for resolving potential circular references
2017-10-26 07:47:04.118 DEBUG 12192 --- [    Test worker] o.s.b.f.s.DefaultListableBeanFactory     : Returning cached instance of singleton bean 'org.springframework.transaction.config.internalTransactionAdvisor'
2017-10-26 07:47:04.118 DEBUG 12192 --- [    Test worker] o.s.b.f.s.DefaultListableBeanFactory     : Returning cached instance of singleton bean 'org.springframework.transaction.config.internalTransactionAdvisor'
2017-10-26 07:47:04.119 DEBUG 12192 --- [    Test worker] o.s.b.f.s.DefaultListableBeanFactory     : Finished creating instance of bean 'org.springframework.boot.autoconfigure.jackson.JacksonAutoConfiguration'
2017-10-26 07:47:04.125 DEBUG 12192 --- [    Test worker] .s.c.a.CommonAnnotationBeanPostProcessor : Found init method on class [org.springframework.boot.jackson.JsonComponentModule]: public void org.springframework.boot.jackson.JsonComponentModule.registerJsonComponents()
2017-10-26 07:47:04.125 DEBUG 12192 --- [    Test worker] .s.c.a.CommonAnnotationBeanPostProcessor : Registered init method on class [org.springframework.boot.jackson.JsonComponentModule]: org.springframework.beans.factory.annotation.InitDestroyAnnotationBeanPostProcessor$LifecycleElement@65126ba1
2017-10-26 07:47:04.125 DEBUG 12192 --- [    Test worker] o.s.b.f.s.DefaultListableBeanFactory     : Eagerly caching bean 'jsonComponentModule' to allow for resolving potential circular references
2017-10-26 07:47:04.129 DEBUG 12192 --- [    Test worker] .s.c.a.CommonAnnotationBeanPostProcessor : Invoking init method on bean 'jsonComponentModule': public void org.springframework.boot.jackson.JsonComponentModule.registerJsonComponents()
2017-10-26 07:47:04.132 DEBUG 12192 --- [    Test worker] o.s.b.f.s.DefaultListableBeanFactory     : Returning cached instance of singleton bean 'org.springframework.transaction.config.internalTransactionAdvisor'
2017-10-26 07:47:04.133 DEBUG 12192 --- [    Test worker] o.s.b.f.s.DefaultListableBeanFactory     : Returning cached instance of singleton bean 'org.springframework.transaction.config.internalTransactionAdvisor'
2017-10-26 07:47:04.134 DEBUG 12192 --- [    Test worker] o.s.b.f.s.DefaultListableBeanFactory     : Finished creating instance of bean 'jsonComponentModule'
2017-10-26 07:47:04.134 DEBUG 12192 --- [    Test worker] o.s.b.f.s.DefaultListableBeanFactory     : Creating shared instance of singleton bean 'jacksonGeoModule'
2017-10-26 07:47:04.134 DEBUG 12192 --- [    Test worker] o.s.b.f.s.DefaultListableBeanFactory     : Creating instance of bean 'jacksonGeoModule'
2017-10-26 07:47:04.134 DEBUG 12192 --- [    Test worker] o.s.b.f.s.DefaultListableBeanFactory     : Returning cached instance of singleton bean 'org.springframework.transaction.config.internalTransactionAdvisor'
2017-10-26 07:47:04.134 DEBUG 12192 --- [    Test worker] o.s.b.f.s.DefaultListableBeanFactory     : Creating shared instance of singleton bean 'org.springframework.data.web.config.SpringDataJacksonConfiguration'
2017-10-26 07:47:04.134 DEBUG 12192 --- [    Test worker] o.s.b.f.s.DefaultListableBeanFactory     : Creating instance of bean 'org.springframework.data.web.config.SpringDataJacksonConfiguration'
2017-10-26 07:47:04.134 DEBUG 12192 --- [    Test worker] o.s.b.f.s.DefaultListableBeanFactory     : Returning cached instance of singleton bean 'org.springframework.transaction.config.internalTransactionAdvisor'
2017-10-26 07:47:04.135 DEBUG 12192 --- [    Test worker] o.s.b.f.s.DefaultListableBeanFactory     : Eagerly caching bean 'org.springframework.data.web.config.SpringDataJacksonConfiguration' to allow for resolving potential circular references
2017-10-26 07:47:04.137 DEBUG 12192 --- [    Test worker] o.s.b.f.s.DefaultListableBeanFactory     : Returning cached instance of singleton bean 'org.springframework.transaction.config.internalTransactionAdvisor'
2017-10-26 07:47:04.137 DEBUG 12192 --- [    Test worker] o.s.b.f.s.DefaultListableBeanFactory     : Returning cached instance of singleton bean 'org.springframework.transaction.config.internalTransactionAdvisor'
2017-10-26 07:47:04.137 DEBUG 12192 --- [    Test worker] o.s.b.f.s.DefaultListableBeanFactory     : Finished creating instance of bean 'org.springframework.data.web.config.SpringDataJacksonConfiguration'
2017-10-26 07:47:04.144 DEBUG 12192 --- [    Test worker] o.s.b.f.s.DefaultListableBeanFactory     : Eagerly caching bean 'jacksonGeoModule' to allow for resolving potential circular references
2017-10-26 07:47:04.148 DEBUG 12192 --- [    Test worker] o.s.b.f.s.DefaultListableBeanFactory     : Returning cached instance of singleton bean 'org.springframework.transaction.config.internalTransactionAdvisor'
2017-10-26 07:47:04.149 DEBUG 12192 --- [    Test worker] o.s.b.f.s.DefaultListableBeanFactory     : Returning cached instance of singleton bean 'org.springframework.transaction.config.internalTransactionAdvisor'
2017-10-26 07:47:04.151 DEBUG 12192 --- [    Test worker] o.s.b.f.s.DefaultListableBeanFactory     : Finished creating instance of bean 'jacksonGeoModule'
2017-10-26 07:47:04.153 DEBUG 12192 --- [    Test worker] o.s.b.f.s.DefaultListableBeanFactory     : Eagerly caching bean 'jacksonObjectMapperBuilder' to allow for resolving potential circular references
2017-10-26 07:47:04.156 DEBUG 12192 --- [    Test worker] o.s.b.f.s.DefaultListableBeanFactory     : Returning cached instance of singleton bean 'org.springframework.transaction.config.internalTransactionAdvisor'
2017-10-26 07:47:04.156 DEBUG 12192 --- [    Test worker] o.s.b.f.s.DefaultListableBeanFactory     : Returning cached instance of singleton bean 'org.springframework.transaction.config.internalTransactionAdvisor'
2017-10-26 07:47:04.157 DEBUG 12192 --- [    Test worker] o.s.b.f.s.DefaultListableBeanFactory     : Finished creating instance of bean 'jacksonObjectMapperBuilder'
2017-10-26 07:47:04.157 DEBUG 12192 --- [    Test worker] o.s.b.f.s.DefaultListableBeanFactory     : Returning cached instance of singleton bean 'org.springframework.boot.autoconfigure.jackson.JacksonAutoConfiguration$ParameterNamesModuleConfiguration'
2017-10-26 07:47:04.157 DEBUG 12192 --- [    Test worker] o.s.b.f.s.DefaultListableBeanFactory     : Returning cached instance of singleton bean 'parameterNamesModule'
2017-10-26 07:47:04.157 DEBUG 12192 --- [    Test worker] o.s.b.f.s.DefaultListableBeanFactory     : Creating shared instance of singleton bean 'org.springframework.boot.autoconfigure.jackson.JacksonAutoConfiguration$JacksonObjectMapperConfiguration'
2017-10-26 07:47:04.157 DEBUG 12192 --- [    Test worker] o.s.b.f.s.DefaultListableBeanFactory     : Creating instance of bean 'org.springframework.boot.autoconfigure.jackson.JacksonAutoConfiguration$JacksonObjectMapperConfiguration'
2017-10-26 07:47:04.157 DEBUG 12192 --- [    Test worker] o.s.b.f.s.DefaultListableBeanFactory     : Returning cached instance of singleton bean 'org.springframework.transaction.config.internalTransactionAdvisor'
2017-10-26 07:47:04.158 DEBUG 12192 --- [    Test worker] o.s.b.f.s.DefaultListableBeanFactory     : Eagerly caching bean 'org.springframework.boot.autoconfigure.jackson.JacksonAutoConfiguration$JacksonObjectMapperConfiguration' to allow for resolving potential circular references
2017-10-26 07:47:04.162 DEBUG 12192 --- [    Test worker] o.s.b.f.s.DefaultListableBeanFactory     : Returning cached instance of singleton bean 'org.springframework.transaction.config.internalTransactionAdvisor'
2017-10-26 07:47:04.162 DEBUG 12192 --- [    Test worker] o.s.b.f.s.DefaultListableBeanFactory     : Returning cached instance of singleton bean 'org.springframework.transaction.config.internalTransactionAdvisor'
2017-10-26 07:47:04.163 DEBUG 12192 --- [    Test worker] o.s.b.f.s.DefaultListableBeanFactory     : Finished creating instance of bean 'org.springframework.boot.autoconfigure.jackson.JacksonAutoConfiguration$JacksonObjectMapperConfiguration'
2017-10-26 07:47:04.163 DEBUG 12192 --- [    Test worker] o.s.b.f.s.DefaultListableBeanFactory     : Creating shared instance of singleton bean 'jacksonObjectMapper'
2017-10-26 07:47:04.163 DEBUG 12192 --- [    Test worker] o.s.b.f.s.DefaultListableBeanFactory     : Creating instance of bean 'jacksonObjectMapper'
2017-10-26 07:47:04.163 DEBUG 12192 --- [    Test worker] o.s.b.f.s.DefaultListableBeanFactory     : Returning cached instance of singleton bean 'org.springframework.transaction.config.internalTransactionAdvisor'
2017-10-26 07:47:04.163 DEBUG 12192 --- [    Test worker] o.s.b.f.s.DefaultListableBeanFactory     : Returning cached instance of singleton bean 'org.springframework.boot.autoconfigure.jackson.JacksonAutoConfiguration$JacksonObjectMapperConfiguration'
2017-10-26 07:47:04.165 DEBUG 12192 --- [    Test worker] o.s.b.f.s.DefaultListableBeanFactory     : Returning cached instance of singleton bean 'jacksonObjectMapperBuilder'
2017-10-26 07:47:04.165 DEBUG 12192 --- [    Test worker] o.s.b.f.s.DefaultListableBeanFactory     : Autowiring by type from bean name 'jacksonObjectMapper' via factory method to bean named 'jacksonObjectMapperBuilder'
2017-10-26 07:47:04.202 DEBUG 12192 --- [    Test worker] o.s.b.f.s.DefaultListableBeanFactory     : Eagerly caching bean 'jacksonObjectMapper' to allow for resolving potential circular references
2017-10-26 07:47:04.216 DEBUG 12192 --- [    Test worker] o.s.b.f.s.DefaultListableBeanFactory     : Returning cached instance of singleton bean 'org.springframework.transaction.config.internalTransactionAdvisor'
2017-10-26 07:47:04.216 DEBUG 12192 --- [    Test worker] o.s.b.f.s.DefaultListableBeanFactory     : Returning cached instance of singleton bean 'org.springframework.transaction.config.internalTransactionAdvisor'
2017-10-26 07:47:04.228 DEBUG 12192 --- [    Test worker] o.s.b.f.s.DefaultListableBeanFactory     : Finished creating instance of bean 'jacksonObjectMapper'
2017-10-26 07:47:04.228 DEBUG 12192 --- [    Test worker] o.s.b.f.s.DefaultListableBeanFactory     : Returning cached instance of singleton bean 'org.springframework.boot.autoconfigure.jackson.JacksonAutoConfiguration'
2017-10-26 07:47:04.228 DEBUG 12192 --- [    Test worker] o.s.b.f.s.DefaultListableBeanFactory     : Returning cached instance of singleton bean 'jsonComponentModule'
2017-10-26 07:47:04.228 DEBUG 12192 --- [    Test worker] o.s.b.f.s.DefaultListableBeanFactory     : Creating shared instance of singleton bean 'org.springframework.boot.autoconfigure.websocket.servlet.WebSocketServletAutoConfiguration$TomcatWebSocketConfiguration'
2017-10-26 07:47:04.228 DEBUG 12192 --- [    Test worker] o.s.b.f.s.DefaultListableBeanFactory     : Creating instance of bean 'org.springframework.boot.autoconfigure.websocket.servlet.WebSocketServletAutoConfiguration$TomcatWebSocketConfiguration'
2017-10-26 07:47:04.228 DEBUG 12192 --- [    Test worker] o.s.b.f.s.DefaultListableBeanFactory     : Returning cached instance of singleton bean 'org.springframework.transaction.config.internalTransactionAdvisor'
2017-10-26 07:47:04.229 DEBUG 12192 --- [    Test worker] o.s.b.f.s.DefaultListableBeanFactory     : Eagerly caching bean 'org.springframework.boot.autoconfigure.websocket.servlet.WebSocketServletAutoConfiguration$TomcatWebSocketConfiguration' to allow for resolving potential circular references
2017-10-26 07:47:04.232 DEBUG 12192 --- [    Test worker] o.s.b.f.s.DefaultListableBeanFactory     : Returning cached instance of singleton bean 'org.springframework.transaction.config.internalTransactionAdvisor'
2017-10-26 07:47:04.232 DEBUG 12192 --- [    Test worker] o.s.b.f.s.DefaultListableBeanFactory     : Returning cached instance of singleton bean 'org.springframework.transaction.config.internalTransactionAdvisor'
2017-10-26 07:47:04.232 DEBUG 12192 --- [    Test worker] o.s.b.f.s.DefaultListableBeanFactory     : Finished creating instance of bean 'org.springframework.boot.autoconfigure.websocket.servlet.WebSocketServletAutoConfiguration$TomcatWebSocketConfiguration'
2017-10-26 07:47:04.233 DEBUG 12192 --- [    Test worker] o.s.b.f.s.DefaultListableBeanFactory     : Creating shared instance of singleton bean 'websocketContainerCustomizer'
2017-10-26 07:47:04.233 DEBUG 12192 --- [    Test worker] o.s.b.f.s.DefaultListableBeanFactory     : Creating instance of bean 'websocketContainerCustomizer'
2017-10-26 07:47:04.233 DEBUG 12192 --- [    Test worker] o.s.b.f.s.DefaultListableBeanFactory     : Returning cached instance of singleton bean 'org.springframework.transaction.config.internalTransactionAdvisor'
2017-10-26 07:47:04.233 DEBUG 12192 --- [    Test worker] o.s.b.f.s.DefaultListableBeanFactory     : Returning cached instance of singleton bean 'org.springframework.boot.autoconfigure.websocket.servlet.WebSocketServletAutoConfiguration$TomcatWebSocketConfiguration'
2017-10-26 07:47:04.240 DEBUG 12192 --- [    Test worker] o.s.b.f.s.DefaultListableBeanFactory     : Eagerly caching bean 'websocketContainerCustomizer' to allow for resolving potential circular references
2017-10-26 07:47:04.242 DEBUG 12192 --- [    Test worker] o.s.b.f.s.DefaultListableBeanFactory     : Returning cached instance of singleton bean 'org.springframework.transaction.config.internalTransactionAdvisor'
2017-10-26 07:47:04.242 DEBUG 12192 --- [    Test worker] o.s.b.f.s.DefaultListableBeanFactory     : Returning cached instance of singleton bean 'org.springframework.transaction.config.internalTransactionAdvisor'
2017-10-26 07:47:04.243 DEBUG 12192 --- [    Test worker] o.s.b.f.s.DefaultListableBeanFactory     : Finished creating instance of bean 'websocketContainerCustomizer'
2017-10-26 07:47:04.243 DEBUG 12192 --- [    Test worker] o.s.b.f.s.DefaultListableBeanFactory     : Creating shared instance of singleton bean 'org.springframework.boot.autoconfigure.websocket.servlet.WebSocketServletAutoConfiguration'
2017-10-26 07:47:04.243 DEBUG 12192 --- [    Test worker] o.s.b.f.s.DefaultListableBeanFactory     : Creating instance of bean 'org.springframework.boot.autoconfigure.websocket.servlet.WebSocketServletAutoConfiguration'
2017-10-26 07:47:04.243 DEBUG 12192 --- [    Test worker] o.s.b.f.s.DefaultListableBeanFactory     : Returning cached instance of singleton bean 'org.springframework.transaction.config.internalTransactionAdvisor'
2017-10-26 07:47:04.243 DEBUG 12192 --- [    Test worker] o.s.b.f.s.DefaultListableBeanFactory     : Eagerly caching bean 'org.springframework.boot.autoconfigure.websocket.servlet.WebSocketServletAutoConfiguration' to allow for resolving potential circular references
2017-10-26 07:47:04.246 DEBUG 12192 --- [    Test worker] o.s.b.f.s.DefaultListableBeanFactory     : Returning cached instance of singleton bean 'org.springframework.transaction.config.internalTransactionAdvisor'
2017-10-26 07:47:04.246 DEBUG 12192 --- [    Test worker] o.s.b.f.s.DefaultListableBeanFactory     : Returning cached instance of singleton bean 'org.springframework.transaction.config.internalTransactionAdvisor'
2017-10-26 07:47:04.246 DEBUG 12192 --- [    Test worker] o.s.b.f.s.DefaultListableBeanFactory     : Finished creating instance of bean 'org.springframework.boot.autoconfigure.websocket.servlet.WebSocketServletAutoConfiguration'
2017-10-26 07:47:04.246 DEBUG 12192 --- [    Test worker] o.s.b.f.s.DefaultListableBeanFactory     : Creating shared instance of singleton bean 'org.springframework.boot.autoconfigure.web.servlet.ServletWebServerFactoryAutoConfiguration$EmbeddedTomcat'
2017-10-26 07:47:04.246 DEBUG 12192 --- [    Test worker] o.s.b.f.s.DefaultListableBeanFactory     : Creating instance of bean 'org.springframework.boot.autoconfigure.web.servlet.ServletWebServerFactoryAutoConfiguration$EmbeddedTomcat'
2017-10-26 07:47:04.246 DEBUG 12192 --- [    Test worker] o.s.b.f.s.DefaultListableBeanFactory     : Returning cached instance of singleton bean 'org.springframework.transaction.config.internalTransactionAdvisor'
2017-10-26 07:47:04.247 DEBUG 12192 --- [    Test worker] o.s.b.f.s.DefaultListableBeanFactory     : Eagerly caching bean 'org.springframework.boot.autoconfigure.web.servlet.ServletWebServerFactoryAutoConfiguration$EmbeddedTomcat' to allow for resolving potential circular references
2017-10-26 07:47:04.250 DEBUG 12192 --- [    Test worker] o.s.b.f.s.DefaultListableBeanFactory     : Returning cached instance of singleton bean 'org.springframework.transaction.config.internalTransactionAdvisor'
2017-10-26 07:47:04.250 DEBUG 12192 --- [    Test worker] o.s.b.f.s.DefaultListableBeanFactory     : Returning cached instance of singleton bean 'org.springframework.transaction.config.internalTransactionAdvisor'
2017-10-26 07:47:04.250 DEBUG 12192 --- [    Test worker] o.s.b.f.s.DefaultListableBeanFactory     : Finished creating instance of bean 'org.springframework.boot.autoconfigure.web.servlet.ServletWebServerFactoryAutoConfiguration$EmbeddedTomcat'
2017-10-26 07:47:04.250 DEBUG 12192 --- [    Test worker] o.s.b.f.s.DefaultListableBeanFactory     : Creating shared instance of singleton bean 'tomcatServletWebServerFactory'
2017-10-26 07:47:04.250 DEBUG 12192 --- [    Test worker] o.s.b.f.s.DefaultListableBeanFactory     : Creating instance of bean 'tomcatServletWebServerFactory'
2017-10-26 07:47:04.251 DEBUG 12192 --- [    Test worker] o.s.b.f.s.DefaultListableBeanFactory     : Returning cached instance of singleton bean 'org.springframework.transaction.config.internalTransactionAdvisor'
2017-10-26 07:47:04.251 DEBUG 12192 --- [    Test worker] o.s.b.f.s.DefaultListableBeanFactory     : Returning cached instance of singleton bean 'org.springframework.boot.autoconfigure.web.servlet.ServletWebServerFactoryAutoConfiguration$EmbeddedTomcat'
2017-10-26 07:47:04.284 DEBUG 12192 --- [    Test worker] o.s.b.f.s.DefaultListableBeanFactory     : Eagerly caching bean 'tomcatServletWebServerFactory' to allow for resolving potential circular references
2017-10-26 07:47:04.294 DEBUG 12192 --- [    Test worker] o.s.b.f.s.DefaultListableBeanFactory     : Returning cached instance of singleton bean 'websocketContainerCustomizer'
2017-10-26 07:47:04.294 DEBUG 12192 --- [    Test worker] o.s.b.f.s.DefaultListableBeanFactory     : Creating shared instance of singleton bean 'serverPropertiesWebServerFactoryCustomizer'
2017-10-26 07:47:04.294 DEBUG 12192 --- [    Test worker] o.s.b.f.s.DefaultListableBeanFactory     : Creating instance of bean 'serverPropertiesWebServerFactoryCustomizer'
2017-10-26 07:47:04.294 DEBUG 12192 --- [    Test worker] o.s.b.f.s.DefaultListableBeanFactory     : Returning cached instance of singleton bean 'org.springframework.transaction.config.internalTransactionAdvisor'
2017-10-26 07:47:04.294 DEBUG 12192 --- [    Test worker] o.s.b.f.s.DefaultListableBeanFactory     : Creating shared instance of singleton bean 'org.springframework.boot.autoconfigure.web.servlet.ServletWebServerFactoryAutoConfiguration'
2017-10-26 07:47:04.294 DEBUG 12192 --- [    Test worker] o.s.b.f.s.DefaultListableBeanFactory     : Creating instance of bean 'org.springframework.boot.autoconfigure.web.servlet.ServletWebServerFactoryAutoConfiguration'
2017-10-26 07:47:04.294 DEBUG 12192 --- [    Test worker] o.s.b.f.s.DefaultListableBeanFactory     : Returning cached instance of singleton bean 'org.springframework.transaction.config.internalTransactionAdvisor'
2017-10-26 07:47:04.295 DEBUG 12192 --- [    Test worker] o.s.b.f.s.DefaultListableBeanFactory     : Eagerly caching bean 'org.springframework.boot.autoconfigure.web.servlet.ServletWebServerFactoryAutoConfiguration' to allow for resolving potential circular references
2017-10-26 07:47:04.297 DEBUG 12192 --- [    Test worker] o.s.b.f.s.DefaultListableBeanFactory     : Returning cached instance of singleton bean 'org.springframework.transaction.config.internalTransactionAdvisor'
2017-10-26 07:47:04.298 DEBUG 12192 --- [    Test worker] o.s.b.f.s.DefaultListableBeanFactory     : Returning cached instance of singleton bean 'org.springframework.transaction.config.internalTransactionAdvisor'
2017-10-26 07:47:04.299 DEBUG 12192 --- [    Test worker] o.s.b.f.s.DefaultListableBeanFactory     : Finished creating instance of bean 'org.springframework.boot.autoconfigure.web.servlet.ServletWebServerFactoryAutoConfiguration'
2017-10-26 07:47:04.300 DEBUG 12192 --- [    Test worker] o.s.b.f.s.DefaultListableBeanFactory     : Creating shared instance of singleton bean 'server-org.springframework.boot.autoconfigure.web.ServerProperties'
2017-10-26 07:47:04.300 DEBUG 12192 --- [    Test worker] o.s.b.f.s.DefaultListableBeanFactory     : Creating instance of bean 'server-org.springframework.boot.autoconfigure.web.ServerProperties'
2017-10-26 07:47:04.300 DEBUG 12192 --- [    Test worker] o.s.b.f.s.DefaultListableBeanFactory     : Returning cached instance of singleton bean 'org.springframework.transaction.config.internalTransactionAdvisor'
2017-10-26 07:47:04.305 DEBUG 12192 --- [    Test worker] o.s.b.f.s.DefaultListableBeanFactory     : Eagerly caching bean 'server-org.springframework.boot.autoconfigure.web.ServerProperties' to allow for resolving potential circular references
2017-10-26 07:47:04.313 DEBUG 12192 --- [    Test worker] o.s.b.f.s.DefaultListableBeanFactory     : Returning cached instance of singleton bean 'org.springframework.transaction.config.internalTransactionAdvisor'
2017-10-26 07:47:04.313 DEBUG 12192 --- [    Test worker] o.s.b.f.s.DefaultListableBeanFactory     : Returning cached instance of singleton bean 'org.springframework.transaction.config.internalTransactionAdvisor'
2017-10-26 07:47:04.314 DEBUG 12192 --- [    Test worker] o.s.b.f.s.DefaultListableBeanFactory     : Finished creating instance of bean 'server-org.springframework.boot.autoconfigure.web.ServerProperties'
2017-10-26 07:47:04.314 DEBUG 12192 --- [    Test worker] o.s.b.f.s.DefaultListableBeanFactory     : Autowiring by type from bean name 'serverPropertiesWebServerFactoryCustomizer' via factory method to bean named 'server-org.springframework.boot.autoconfigure.web.ServerProperties'
2017-10-26 07:47:04.319 DEBUG 12192 --- [    Test worker] o.s.b.f.s.DefaultListableBeanFactory     : Eagerly caching bean 'serverPropertiesWebServerFactoryCustomizer' to allow for resolving potential circular references
2017-10-26 07:47:04.323 DEBUG 12192 --- [    Test worker] o.s.b.f.s.DefaultListableBeanFactory     : Returning cached instance of singleton bean 'org.springframework.transaction.config.internalTransactionAdvisor'
2017-10-26 07:47:04.323 DEBUG 12192 --- [    Test worker] o.s.b.f.s.DefaultListableBeanFactory     : Returning cached instance of singleton bean 'org.springframework.transaction.config.internalTransactionAdvisor'
2017-10-26 07:47:04.323 DEBUG 12192 --- [    Test worker] o.s.b.f.s.DefaultListableBeanFactory     : Finished creating instance of bean 'serverPropertiesWebServerFactoryCustomizer'
2017-10-26 07:47:04.323 DEBUG 12192 --- [    Test worker] o.s.b.f.s.DefaultListableBeanFactory     : Creating shared instance of singleton bean 'localeCharsetMappingsCustomizer'
2017-10-26 07:47:04.323 DEBUG 12192 --- [    Test worker] o.s.b.f.s.DefaultListableBeanFactory     : Creating instance of bean 'localeCharsetMappingsCustomizer'
2017-10-26 07:47:04.323 DEBUG 12192 --- [    Test worker] o.s.b.f.s.DefaultListableBeanFactory     : Returning cached instance of singleton bean 'org.springframework.transaction.config.internalTransactionAdvisor'
2017-10-26 07:47:04.324 DEBUG 12192 --- [    Test worker] o.s.b.f.s.DefaultListableBeanFactory     : Creating shared instance of singleton bean 'org.springframework.boot.autoconfigure.web.servlet.HttpEncodingAutoConfiguration'
2017-10-26 07:47:04.324 DEBUG 12192 --- [    Test worker] o.s.b.f.s.DefaultListableBeanFactory     : Creating instance of bean 'org.springframework.boot.autoconfigure.web.servlet.HttpEncodingAutoConfiguration'
2017-10-26 07:47:04.324 DEBUG 12192 --- [    Test worker] o.s.b.f.s.DefaultListableBeanFactory     : Returning cached instance of singleton bean 'org.springframework.transaction.config.internalTransactionAdvisor'
2017-10-26 07:47:04.324 DEBUG 12192 --- [    Test worker] ocalVariableTableParameterNameDiscoverer : Cannot find '.class' file for class [class org.springframework.boot.autoconfigure.web.servlet.HttpEncodingAutoConfiguration$$EnhancerBySpringCGLIB$$1b7fc956] - unable to determine constructor/method parameter names
2017-10-26 07:47:04.325 DEBUG 12192 --- [    Test worker] o.s.b.f.s.DefaultListableBeanFactory     : Creating shared instance of singleton bean 'spring.http.encoding-org.springframework.boot.autoconfigure.http.HttpEncodingProperties'
2017-10-26 07:47:04.325 DEBUG 12192 --- [    Test worker] o.s.b.f.s.DefaultListableBeanFactory     : Creating instance of bean 'spring.http.encoding-org.springframework.boot.autoconfigure.http.HttpEncodingProperties'
2017-10-26 07:47:04.325 DEBUG 12192 --- [    Test worker] o.s.b.f.s.DefaultListableBeanFactory     : Returning cached instance of singleton bean 'org.springframework.transaction.config.internalTransactionAdvisor'
2017-10-26 07:47:04.326 DEBUG 12192 --- [    Test worker] o.s.b.f.s.DefaultListableBeanFactory     : Eagerly caching bean 'spring.http.encoding-org.springframework.boot.autoconfigure.http.HttpEncodingProperties' to allow for resolving potential circular references
2017-10-26 07:47:04.330 DEBUG 12192 --- [    Test worker] o.s.b.f.s.DefaultListableBeanFactory     : Returning cached instance of singleton bean 'org.springframework.transaction.config.internalTransactionAdvisor'
2017-10-26 07:47:04.330 DEBUG 12192 --- [    Test worker] o.s.b.f.s.DefaultListableBeanFactory     : Returning cached instance of singleton bean 'org.springframework.transaction.config.internalTransactionAdvisor'
2017-10-26 07:47:04.331 DEBUG 12192 --- [    Test worker] o.s.b.f.s.DefaultListableBeanFactory     : Finished creating instance of bean 'spring.http.encoding-org.springframework.boot.autoconfigure.http.HttpEncodingProperties'
2017-10-26 07:47:04.331 DEBUG 12192 --- [    Test worker] o.s.b.f.s.DefaultListableBeanFactory     : Autowiring by type from bean name 'org.springframework.boot.autoconfigure.web.servlet.HttpEncodingAutoConfiguration' via constructor to bean named 'spring.http.encoding-org.springframework.boot.autoconfigure.http.HttpEncodingProperties'
2017-10-26 07:47:04.331 DEBUG 12192 --- [    Test worker] o.s.b.f.s.DefaultListableBeanFactory     : Eagerly caching bean 'org.springframework.boot.autoconfigure.web.servlet.HttpEncodingAutoConfiguration' to allow for resolving potential circular references
2017-10-26 07:47:04.334 DEBUG 12192 --- [    Test worker] o.s.b.f.s.DefaultListableBeanFactory     : Returning cached instance of singleton bean 'org.springframework.transaction.config.internalTransactionAdvisor'
2017-10-26 07:47:04.334 DEBUG 12192 --- [    Test worker] o.s.b.f.s.DefaultListableBeanFactory     : Returning cached instance of singleton bean 'org.springframework.transaction.config.internalTransactionAdvisor'
2017-10-26 07:47:04.335 DEBUG 12192 --- [    Test worker] o.s.b.f.s.DefaultListableBeanFactory     : Finished creating instance of bean 'org.springframework.boot.autoconfigure.web.servlet.HttpEncodingAutoConfiguration'
2017-10-26 07:47:04.340 DEBUG 12192 --- [    Test worker] o.s.b.f.s.DefaultListableBeanFactory     : Eagerly caching bean 'localeCharsetMappingsCustomizer' to allow for resolving potential circular references
2017-10-26 07:47:04.343 DEBUG 12192 --- [    Test worker] o.s.b.f.s.DefaultListableBeanFactory     : Returning cached instance of singleton bean 'org.springframework.transaction.config.internalTransactionAdvisor'
2017-10-26 07:47:04.344 DEBUG 12192 --- [    Test worker] o.s.b.f.s.DefaultListableBeanFactory     : Returning cached instance of singleton bean 'org.springframework.transaction.config.internalTransactionAdvisor'
2017-10-26 07:47:04.344 DEBUG 12192 --- [    Test worker] o.s.b.f.s.DefaultListableBeanFactory     : Finished creating instance of bean 'localeCharsetMappingsCustomizer'
2017-10-26 07:47:04.352 DEBUG 12192 --- [    Test worker] o.s.b.f.s.DefaultListableBeanFactory     : Creating shared instance of singleton bean 'errorPageCustomizer'
2017-10-26 07:47:04.352 DEBUG 12192 --- [    Test worker] o.s.b.f.s.DefaultListableBeanFactory     : Creating instance of bean 'errorPageCustomizer'
2017-10-26 07:47:04.352 DEBUG 12192 --- [    Test worker] o.s.b.f.s.DefaultListableBeanFactory     : Returning cached instance of singleton bean 'org.springframework.transaction.config.internalTransactionAdvisor'
2017-10-26 07:47:04.352 DEBUG 12192 --- [    Test worker] o.s.b.f.s.DefaultListableBeanFactory     : Creating shared instance of singleton bean 'org.springframework.boot.autoconfigure.web.servlet.error.ErrorMvcAutoConfiguration'
2017-10-26 07:47:04.352 DEBUG 12192 --- [    Test worker] o.s.b.f.s.DefaultListableBeanFactory     : Creating instance of bean 'org.springframework.boot.autoconfigure.web.servlet.error.ErrorMvcAutoConfiguration'
2017-10-26 07:47:04.353 DEBUG 12192 --- [    Test worker] o.s.b.f.s.DefaultListableBeanFactory     : Returning cached instance of singleton bean 'org.springframework.transaction.config.internalTransactionAdvisor'
2017-10-26 07:47:04.353 DEBUG 12192 --- [    Test worker] ocalVariableTableParameterNameDiscoverer : Cannot find '.class' file for class [class org.springframework.boot.autoconfigure.web.servlet.error.ErrorMvcAutoConfiguration$$EnhancerBySpringCGLIB$$73d71839] - unable to determine constructor/method parameter names
2017-10-26 07:47:04.353 DEBUG 12192 --- [    Test worker] o.s.b.f.s.DefaultListableBeanFactory     : Returning cached instance of singleton bean 'server-org.springframework.boot.autoconfigure.web.ServerProperties'
2017-10-26 07:47:04.353 DEBUG 12192 --- [    Test worker] o.s.b.f.s.DefaultListableBeanFactory     : Autowiring by type from bean name 'org.springframework.boot.autoconfigure.web.servlet.error.ErrorMvcAutoConfiguration' via constructor to bean named 'server-org.springframework.boot.autoconfigure.web.ServerProperties'
2017-10-26 07:47:04.354 DEBUG 12192 --- [    Test worker] o.s.b.f.s.DefaultListableBeanFactory     : Creating shared instance of singleton bean 'conventionErrorViewResolver'
2017-10-26 07:47:04.354 DEBUG 12192 --- [    Test worker] o.s.b.f.s.DefaultListableBeanFactory     : Creating instance of bean 'conventionErrorViewResolver'
2017-10-26 07:47:04.354 DEBUG 12192 --- [    Test worker] o.s.b.f.s.DefaultListableBeanFactory     : Returning cached instance of singleton bean 'org.springframework.transaction.config.internalTransactionAdvisor'
2017-10-26 07:47:04.355 DEBUG 12192 --- [    Test worker] o.s.b.f.s.DefaultListableBeanFactory     : Creating shared instance of singleton bean 'org.springframework.boot.autoconfigure.web.servlet.error.ErrorMvcAutoConfiguration$DefaultErrorViewResolverConfiguration'
2017-10-26 07:47:04.355 DEBUG 12192 --- [    Test worker] o.s.b.f.s.DefaultListableBeanFactory     : Creating instance of bean 'org.springframework.boot.autoconfigure.web.servlet.error.ErrorMvcAutoConfiguration$DefaultErrorViewResolverConfiguration'
2017-10-26 07:47:04.355 DEBUG 12192 --- [    Test worker] o.s.b.f.s.DefaultListableBeanFactory     : Returning cached instance of singleton bean 'org.springframework.transaction.config.internalTransactionAdvisor'
2017-10-26 07:47:04.355 DEBUG 12192 --- [    Test worker] ocalVariableTableParameterNameDiscoverer : Cannot find '.class' file for class [class org.springframework.boot.autoconfigure.web.servlet.error.ErrorMvcAutoConfiguration$DefaultErrorViewResolverConfiguration$$EnhancerBySpringCGLIB$$886becd9] - unable to determine constructor/method parameter names
2017-10-26 07:47:04.356 DEBUG 12192 --- [    Test worker] o.s.b.f.s.DefaultListableBeanFactory     : Creating shared instance of singleton bean 'spring.resources-org.springframework.boot.autoconfigure.web.ResourceProperties'
2017-10-26 07:47:04.356 DEBUG 12192 --- [    Test worker] o.s.b.f.s.DefaultListableBeanFactory     : Creating instance of bean 'spring.resources-org.springframework.boot.autoconfigure.web.ResourceProperties'
2017-10-26 07:47:04.356 DEBUG 12192 --- [    Test worker] o.s.b.f.s.DefaultListableBeanFactory     : Returning cached instance of singleton bean 'org.springframework.transaction.config.internalTransactionAdvisor'
2017-10-26 07:47:04.358 DEBUG 12192 --- [    Test worker] o.s.b.f.s.DefaultListableBeanFactory     : Eagerly caching bean 'spring.resources-org.springframework.boot.autoconfigure.web.ResourceProperties' to allow for resolving potential circular references
2017-10-26 07:47:04.363 DEBUG 12192 --- [    Test worker] o.s.b.f.s.DefaultListableBeanFactory     : Returning cached instance of singleton bean 'org.springframework.transaction.config.internalTransactionAdvisor'
2017-10-26 07:47:04.363 DEBUG 12192 --- [    Test worker] o.s.b.f.s.DefaultListableBeanFactory     : Returning cached instance of singleton bean 'org.springframework.transaction.config.internalTransactionAdvisor'
2017-10-26 07:47:04.364 DEBUG 12192 --- [    Test worker] o.s.b.f.s.DefaultListableBeanFactory     : Finished creating instance of bean 'spring.resources-org.springframework.boot.autoconfigure.web.ResourceProperties'
2017-10-26 07:47:04.364 DEBUG 12192 --- [    Test worker] o.s.b.f.s.DefaultListableBeanFactory     : Autowiring by type from bean name 'org.springframework.boot.autoconfigure.web.servlet.error.ErrorMvcAutoConfiguration$DefaultErrorViewResolverConfiguration' via constructor to bean named 'org.springframework.web.context.support.GenericWebApplicationContext@739e2a40'
2017-10-26 07:47:04.364 DEBUG 12192 --- [    Test worker] o.s.b.f.s.DefaultListableBeanFactory     : Autowiring by type from bean name 'org.springframework.boot.autoconfigure.web.servlet.error.ErrorMvcAutoConfiguration$DefaultErrorViewResolverConfiguration' via constructor to bean named 'spring.resources-org.springframework.boot.autoconfigure.web.ResourceProperties'
2017-10-26 07:47:04.364 DEBUG 12192 --- [    Test worker] o.s.b.f.s.DefaultListableBeanFactory     : Eagerly caching bean 'org.springframework.boot.autoconfigure.web.servlet.error.ErrorMvcAutoConfiguration$DefaultErrorViewResolverConfiguration' to allow for resolving potential circular references
2017-10-26 07:47:04.367 DEBUG 12192 --- [    Test worker] o.s.b.f.s.DefaultListableBeanFactory     : Returning cached instance of singleton bean 'org.springframework.transaction.config.internalTransactionAdvisor'
2017-10-26 07:47:04.367 DEBUG 12192 --- [    Test worker] o.s.b.f.s.DefaultListableBeanFactory     : Returning cached instance of singleton bean 'org.springframework.transaction.config.internalTransactionAdvisor'
2017-10-26 07:47:04.368 DEBUG 12192 --- [    Test worker] o.s.b.f.s.DefaultListableBeanFactory     : Finished creating instance of bean 'org.springframework.boot.autoconfigure.web.servlet.error.ErrorMvcAutoConfiguration$DefaultErrorViewResolverConfiguration'
2017-10-26 07:47:04.376 DEBUG 12192 --- [    Test worker] o.s.b.f.s.DefaultListableBeanFactory     : Eagerly caching bean 'conventionErrorViewResolver' to allow for resolving potential circular references
2017-10-26 07:47:04.380 DEBUG 12192 --- [    Test worker] o.s.b.f.s.DefaultListableBeanFactory     : Returning cached instance of singleton bean 'org.springframework.transaction.config.internalTransactionAdvisor'
2017-10-26 07:47:04.380 DEBUG 12192 --- [    Test worker] o.s.b.f.s.DefaultListableBeanFactory     : Returning cached instance of singleton bean 'org.springframework.transaction.config.internalTransactionAdvisor'
2017-10-26 07:47:04.380 DEBUG 12192 --- [    Test worker] o.s.b.f.s.DefaultListableBeanFactory     : Finished creating instance of bean 'conventionErrorViewResolver'
2017-10-26 07:47:04.381 DEBUG 12192 --- [    Test worker] o.s.b.f.s.DefaultListableBeanFactory     : Eagerly caching bean 'org.springframework.boot.autoconfigure.web.servlet.error.ErrorMvcAutoConfiguration' to allow for resolving potential circular references
2017-10-26 07:47:04.384 DEBUG 12192 --- [    Test worker] o.s.b.f.s.DefaultListableBeanFactory     : Returning cached instance of singleton bean 'org.springframework.transaction.config.internalTransactionAdvisor'
2017-10-26 07:47:04.384 DEBUG 12192 --- [    Test worker] o.s.b.f.s.DefaultListableBeanFactory     : Returning cached instance of singleton bean 'org.springframework.transaction.config.internalTransactionAdvisor'
2017-10-26 07:47:04.386 DEBUG 12192 --- [    Test worker] o.s.b.f.s.DefaultListableBeanFactory     : Finished creating instance of bean 'org.springframework.boot.autoconfigure.web.servlet.error.ErrorMvcAutoConfiguration'
2017-10-26 07:47:04.391 DEBUG 12192 --- [    Test worker] o.s.b.f.s.DefaultListableBeanFactory     : Eagerly caching bean 'errorPageCustomizer' to allow for resolving potential circular references
2017-10-26 07:47:04.394 DEBUG 12192 --- [    Test worker] o.s.b.f.s.DefaultListableBeanFactory     : Returning cached instance of singleton bean 'org.springframework.transaction.config.internalTransactionAdvisor'
2017-10-26 07:47:04.394 DEBUG 12192 --- [    Test worker] o.s.b.f.s.DefaultListableBeanFactory     : Returning cached instance of singleton bean 'org.springframework.transaction.config.internalTransactionAdvisor'
2017-10-26 07:47:04.394 DEBUG 12192 --- [    Test worker] o.s.b.f.s.DefaultListableBeanFactory     : Finished creating instance of bean 'errorPageCustomizer'
2017-10-26 07:47:04.395 DEBUG 12192 --- [    Test worker] o.s.b.f.s.DefaultListableBeanFactory     : Returning cached instance of singleton bean 'org.springframework.transaction.config.internalTransactionAdvisor'
2017-10-26 07:47:04.395 DEBUG 12192 --- [    Test worker] o.s.b.f.s.DefaultListableBeanFactory     : Returning cached instance of singleton bean 'org.springframework.transaction.config.internalTransactionAdvisor'
2017-10-26 07:47:04.398 DEBUG 12192 --- [    Test worker] o.s.b.f.s.DefaultListableBeanFactory     : Finished creating instance of bean 'tomcatServletWebServerFactory'
2017-10-26 07:47:04.399 DEBUG 12192 --- [    Test worker] o.s.b.f.s.DefaultListableBeanFactory     : Returning cached instance of singleton bean 'org.springframework.boot.autoconfigure.web.servlet.ServletWebServerFactoryAutoConfiguration'
2017-10-26 07:47:04.399 DEBUG 12192 --- [    Test worker] o.s.b.f.s.DefaultListableBeanFactory     : Returning cached instance of singleton bean 'serverPropertiesWebServerFactoryCustomizer'
2017-10-26 07:47:04.399 DEBUG 12192 --- [    Test worker] o.s.b.f.s.DefaultListableBeanFactory     : Returning cached instance of singleton bean 'server-org.springframework.boot.autoconfigure.web.ServerProperties'
2017-10-26 07:47:04.399 DEBUG 12192 --- [    Test worker] o.s.b.f.s.DefaultListableBeanFactory     : Returning cached instance of singleton bean 'webServerFactoryCustomizerBeanPostProcessor'
2017-10-26 07:47:04.399 DEBUG 12192 --- [    Test worker] o.s.b.f.s.DefaultListableBeanFactory     : Returning cached instance of singleton bean 'errorPageRegistrarBeanPostProcessor'
2017-10-26 07:47:04.399 DEBUG 12192 --- [    Test worker] o.s.b.f.s.DefaultListableBeanFactory     : Creating shared instance of singleton bean 'org.springframework.boot.autoconfigure.web.servlet.DispatcherServletAutoConfiguration$DispatcherServletConfiguration'
2017-10-26 07:47:04.399 DEBUG 12192 --- [    Test worker] o.s.b.f.s.DefaultListableBeanFactory     : Creating instance of bean 'org.springframework.boot.autoconfigure.web.servlet.DispatcherServletAutoConfiguration$DispatcherServletConfiguration'
2017-10-26 07:47:04.399 DEBUG 12192 --- [    Test worker] o.s.b.f.s.DefaultListableBeanFactory     : Returning cached instance of singleton bean 'org.springframework.transaction.config.internalTransactionAdvisor'
2017-10-26 07:47:04.400 DEBUG 12192 --- [    Test worker] ocalVariableTableParameterNameDiscoverer : Cannot find '.class' file for class [class org.springframework.boot.autoconfigure.web.servlet.DispatcherServletAutoConfiguration$DispatcherServletConfiguration$$EnhancerBySpringCGLIB$$982aa27d] - unable to determine constructor/method parameter names
2017-10-26 07:47:04.401 DEBUG 12192 --- [    Test worker] o.s.b.f.s.DefaultListableBeanFactory     : Creating shared instance of singleton bean 'spring.mvc-org.springframework.boot.autoconfigure.web.servlet.WebMvcProperties'
2017-10-26 07:47:04.401 DEBUG 12192 --- [    Test worker] o.s.b.f.s.DefaultListableBeanFactory     : Creating instance of bean 'spring.mvc-org.springframework.boot.autoconfigure.web.servlet.WebMvcProperties'
2017-10-26 07:47:04.401 DEBUG 12192 --- [    Test worker] o.s.b.f.s.DefaultListableBeanFactory     : Returning cached instance of singleton bean 'org.springframework.transaction.config.internalTransactionAdvisor'
2017-10-26 07:47:04.401 DEBUG 12192 --- [    Test worker] o.s.b.f.s.DefaultListableBeanFactory     : Eagerly caching bean 'spring.mvc-org.springframework.boot.autoconfigure.web.servlet.WebMvcProperties' to allow for resolving potential circular references
2017-10-26 07:47:04.405 DEBUG 12192 --- [    Test worker] o.s.b.f.s.DefaultListableBeanFactory     : Returning cached instance of singleton bean 'org.springframework.transaction.config.internalTransactionAdvisor'
2017-10-26 07:47:04.405 DEBUG 12192 --- [    Test worker] o.s.b.f.s.DefaultListableBeanFactory     : Returning cached instance of singleton bean 'org.springframework.transaction.config.internalTransactionAdvisor'
2017-10-26 07:47:04.406 DEBUG 12192 --- [    Test worker] o.s.b.f.s.DefaultListableBeanFactory     : Finished creating instance of bean 'spring.mvc-org.springframework.boot.autoconfigure.web.servlet.WebMvcProperties'
2017-10-26 07:47:04.406 DEBUG 12192 --- [    Test worker] o.s.b.f.s.DefaultListableBeanFactory     : Autowiring by type from bean name 'org.springframework.boot.autoconfigure.web.servlet.DispatcherServletAutoConfiguration$DispatcherServletConfiguration' via constructor to bean named 'spring.mvc-org.springframework.boot.autoconfigure.web.servlet.WebMvcProperties'
2017-10-26 07:47:04.407 DEBUG 12192 --- [    Test worker] o.s.b.f.s.DefaultListableBeanFactory     : Eagerly caching bean 'org.springframework.boot.autoconfigure.web.servlet.DispatcherServletAutoConfiguration$DispatcherServletConfiguration' to allow for resolving potential circular references
2017-10-26 07:47:04.409 DEBUG 12192 --- [    Test worker] o.s.b.f.s.DefaultListableBeanFactory     : Returning cached instance of singleton bean 'org.springframework.transaction.config.internalTransactionAdvisor'
2017-10-26 07:47:04.410 DEBUG 12192 --- [    Test worker] o.s.b.f.s.DefaultListableBeanFactory     : Returning cached instance of singleton bean 'org.springframework.transaction.config.internalTransactionAdvisor'
2017-10-26 07:47:04.411 DEBUG 12192 --- [    Test worker] o.s.b.f.s.DefaultListableBeanFactory     : Finished creating instance of bean 'org.springframework.boot.autoconfigure.web.servlet.DispatcherServletAutoConfiguration$DispatcherServletConfiguration'
2017-10-26 07:47:04.411 DEBUG 12192 --- [    Test worker] o.s.b.f.s.DefaultListableBeanFactory     : Creating shared instance of singleton bean 'dispatcherServlet'
2017-10-26 07:47:04.411 DEBUG 12192 --- [    Test worker] o.s.b.f.s.DefaultListableBeanFactory     : Creating instance of bean 'dispatcherServlet'
2017-10-26 07:47:04.411 DEBUG 12192 --- [    Test worker] o.s.b.f.s.DefaultListableBeanFactory     : Returning cached instance of singleton bean 'org.springframework.transaction.config.internalTransactionAdvisor'
2017-10-26 07:47:04.411 DEBUG 12192 --- [    Test worker] o.s.b.f.s.DefaultListableBeanFactory     : Returning cached instance of singleton bean 'org.springframework.boot.autoconfigure.web.servlet.DispatcherServletAutoConfiguration$DispatcherServletConfiguration'
2017-10-26 07:47:04.434 DEBUG 12192 --- [    Test worker] o.s.b.f.s.DefaultListableBeanFactory     : Eagerly caching bean 'dispatcherServlet' to allow for resolving potential circular references
2017-10-26 07:47:04.444 DEBUG 12192 --- [    Test worker] o.s.b.f.s.DefaultListableBeanFactory     : Returning cached instance of singleton bean 'org.springframework.transaction.config.internalTransactionAdvisor'
2017-10-26 07:47:04.444 DEBUG 12192 --- [    Test worker] o.s.b.f.s.DefaultListableBeanFactory     : Returning cached instance of singleton bean 'org.springframework.transaction.config.internalTransactionAdvisor'
2017-10-26 07:47:04.449 DEBUG 12192 --- [    Test worker] o.s.b.f.s.DefaultListableBeanFactory     : Finished creating instance of bean 'dispatcherServlet'
2017-10-26 07:47:04.449 DEBUG 12192 --- [    Test worker] o.s.b.f.s.DefaultListableBeanFactory     : Returning cached instance of singleton bean 'spring.mvc-org.springframework.boot.autoconfigure.web.servlet.WebMvcProperties'
2017-10-26 07:47:04.449 DEBUG 12192 --- [    Test worker] o.s.b.f.s.DefaultListableBeanFactory     : Creating shared instance of singleton bean 'org.springframework.boot.autoconfigure.web.servlet.DispatcherServletAutoConfiguration$DispatcherServletRegistrationConfiguration'
2017-10-26 07:47:04.449 DEBUG 12192 --- [    Test worker] o.s.b.f.s.DefaultListableBeanFactory     : Creating instance of bean 'org.springframework.boot.autoconfigure.web.servlet.DispatcherServletAutoConfiguration$DispatcherServletRegistrationConfiguration'
2017-10-26 07:47:04.449 DEBUG 12192 --- [    Test worker] o.s.b.f.s.DefaultListableBeanFactory     : Returning cached instance of singleton bean 'org.springframework.transaction.config.internalTransactionAdvisor'
2017-10-26 07:47:04.450 DEBUG 12192 --- [    Test worker] ocalVariableTableParameterNameDiscoverer : Cannot find '.class' file for class [class org.springframework.boot.autoconfigure.web.servlet.DispatcherServletAutoConfiguration$DispatcherServletRegistrationConfiguration$$EnhancerBySpringCGLIB$$fa323724] - unable to determine constructor/method parameter names
2017-10-26 07:47:04.450 DEBUG 12192 --- [    Test worker] o.s.b.f.s.DefaultListableBeanFactory     : Returning cached instance of singleton bean 'server-org.springframework.boot.autoconfigure.web.ServerProperties'
2017-10-26 07:47:04.450 DEBUG 12192 --- [    Test worker] o.s.b.f.s.DefaultListableBeanFactory     : Returning cached instance of singleton bean 'spring.mvc-org.springframework.boot.autoconfigure.web.servlet.WebMvcProperties'
2017-10-26 07:47:04.450 DEBUG 12192 --- [    Test worker] o.s.b.f.s.DefaultListableBeanFactory     : Autowiring by type from bean name 'org.springframework.boot.autoconfigure.web.servlet.DispatcherServletAutoConfiguration$DispatcherServletRegistrationConfiguration' via constructor to bean named 'server-org.springframework.boot.autoconfigure.web.ServerProperties'
2017-10-26 07:47:04.450 DEBUG 12192 --- [    Test worker] o.s.b.f.s.DefaultListableBeanFactory     : Autowiring by type from bean name 'org.springframework.boot.autoconfigure.web.servlet.DispatcherServletAutoConfiguration$DispatcherServletRegistrationConfiguration' via constructor to bean named 'spring.mvc-org.springframework.boot.autoconfigure.web.servlet.WebMvcProperties'
2017-10-26 07:47:04.451 DEBUG 12192 --- [    Test worker] o.s.b.f.s.DefaultListableBeanFactory     : Creating shared instance of singleton bean 'multipartConfigElement'
2017-10-26 07:47:04.451 DEBUG 12192 --- [    Test worker] o.s.b.f.s.DefaultListableBeanFactory     : Creating instance of bean 'multipartConfigElement'
2017-10-26 07:47:04.452 DEBUG 12192 --- [    Test worker] o.s.b.f.s.DefaultListableBeanFactory     : Returning cached instance of singleton bean 'org.springframework.transaction.config.internalTransactionAdvisor'
2017-10-26 07:47:04.452 DEBUG 12192 --- [    Test worker] o.s.b.f.s.DefaultListableBeanFactory     : Creating shared instance of singleton bean 'org.springframework.boot.autoconfigure.web.servlet.MultipartAutoConfiguration'
2017-10-26 07:47:04.452 DEBUG 12192 --- [    Test worker] o.s.b.f.s.DefaultListableBeanFactory     : Creating instance of bean 'org.springframework.boot.autoconfigure.web.servlet.MultipartAutoConfiguration'
2017-10-26 07:47:04.452 DEBUG 12192 --- [    Test worker] o.s.b.f.s.DefaultListableBeanFactory     : Returning cached instance of singleton bean 'org.springframework.transaction.config.internalTransactionAdvisor'
2017-10-26 07:47:04.452 DEBUG 12192 --- [    Test worker] ocalVariableTableParameterNameDiscoverer : Cannot find '.class' file for class [class org.springframework.boot.autoconfigure.web.servlet.MultipartAutoConfiguration$$EnhancerBySpringCGLIB$$8a705163] - unable to determine constructor/method parameter names
2017-10-26 07:47:04.453 DEBUG 12192 --- [    Test worker] o.s.b.f.s.DefaultListableBeanFactory     : Creating shared instance of singleton bean 'spring.servlet.multipart-org.springframework.boot.autoconfigure.web.servlet.MultipartProperties'
2017-10-26 07:47:04.453 DEBUG 12192 --- [    Test worker] o.s.b.f.s.DefaultListableBeanFactory     : Creating instance of bean 'spring.servlet.multipart-org.springframework.boot.autoconfigure.web.servlet.MultipartProperties'
2017-10-26 07:47:04.453 DEBUG 12192 --- [    Test worker] o.s.b.f.s.DefaultListableBeanFactory     : Returning cached instance of singleton bean 'org.springframework.transaction.config.internalTransactionAdvisor'
2017-10-26 07:47:04.454 DEBUG 12192 --- [    Test worker] o.s.b.f.s.DefaultListableBeanFactory     : Eagerly caching bean 'spring.servlet.multipart-org.springframework.boot.autoconfigure.web.servlet.MultipartProperties' to allow for resolving potential circular references
2017-10-26 07:47:04.456 DEBUG 12192 --- [    Test worker] o.s.b.f.s.DefaultListableBeanFactory     : Returning cached instance of singleton bean 'org.springframework.transaction.config.internalTransactionAdvisor'
2017-10-26 07:47:04.456 DEBUG 12192 --- [    Test worker] o.s.b.f.s.DefaultListableBeanFactory     : Returning cached instance of singleton bean 'org.springframework.transaction.config.internalTransactionAdvisor'
2017-10-26 07:47:04.457 DEBUG 12192 --- [    Test worker] o.s.b.f.s.DefaultListableBeanFactory     : Finished creating instance of bean 'spring.servlet.multipart-org.springframework.boot.autoconfigure.web.servlet.MultipartProperties'
2017-10-26 07:47:04.457 DEBUG 12192 --- [    Test worker] o.s.b.f.s.DefaultListableBeanFactory     : Autowiring by type from bean name 'org.springframework.boot.autoconfigure.web.servlet.MultipartAutoConfiguration' via constructor to bean named 'spring.servlet.multipart-org.springframework.boot.autoconfigure.web.servlet.MultipartProperties'
2017-10-26 07:47:04.457 DEBUG 12192 --- [    Test worker] o.s.b.f.s.DefaultListableBeanFactory     : Eagerly caching bean 'org.springframework.boot.autoconfigure.web.servlet.MultipartAutoConfiguration' to allow for resolving potential circular references
2017-10-26 07:47:04.461 DEBUG 12192 --- [    Test worker] o.s.b.f.s.DefaultListableBeanFactory     : Returning cached instance of singleton bean 'org.springframework.transaction.config.internalTransactionAdvisor'
2017-10-26 07:47:04.461 DEBUG 12192 --- [    Test worker] o.s.b.f.s.DefaultListableBeanFactory     : Returning cached instance of singleton bean 'org.springframework.transaction.config.internalTransactionAdvisor'
2017-10-26 07:47:04.462 DEBUG 12192 --- [    Test worker] o.s.b.f.s.DefaultListableBeanFactory     : Finished creating instance of bean 'org.springframework.boot.autoconfigure.web.servlet.MultipartAutoConfiguration'
2017-10-26 07:47:04.468 DEBUG 12192 --- [    Test worker] o.s.b.f.s.DefaultListableBeanFactory     : Eagerly caching bean 'multipartConfigElement' to allow for resolving potential circular references
2017-10-26 07:47:04.470 DEBUG 12192 --- [    Test worker] o.s.b.f.s.DefaultListableBeanFactory     : Returning cached instance of singleton bean 'org.springframework.transaction.config.internalTransactionAdvisor'
2017-10-26 07:47:04.470 DEBUG 12192 --- [    Test worker] o.s.b.f.s.DefaultListableBeanFactory     : Returning cached instance of singleton bean 'org.springframework.transaction.config.internalTransactionAdvisor'
2017-10-26 07:47:04.471 DEBUG 12192 --- [    Test worker] o.s.b.f.s.DefaultListableBeanFactory     : Finished creating instance of bean 'multipartConfigElement'
2017-10-26 07:47:04.471 DEBUG 12192 --- [    Test worker] o.s.b.f.s.DefaultListableBeanFactory     : Eagerly caching bean 'org.springframework.boot.autoconfigure.web.servlet.DispatcherServletAutoConfiguration$DispatcherServletRegistrationConfiguration' to allow for resolving potential circular references
2017-10-26 07:47:04.475 DEBUG 12192 --- [    Test worker] o.s.b.f.s.DefaultListableBeanFactory     : Returning cached instance of singleton bean 'org.springframework.transaction.config.internalTransactionAdvisor'
2017-10-26 07:47:04.475 DEBUG 12192 --- [    Test worker] o.s.b.f.s.DefaultListableBeanFactory     : Returning cached instance of singleton bean 'org.springframework.transaction.config.internalTransactionAdvisor'
2017-10-26 07:47:04.476 DEBUG 12192 --- [    Test worker] o.s.b.f.s.DefaultListableBeanFactory     : Finished creating instance of bean 'org.springframework.boot.autoconfigure.web.servlet.DispatcherServletAutoConfiguration$DispatcherServletRegistrationConfiguration'
2017-10-26 07:47:04.476 DEBUG 12192 --- [    Test worker] o.s.b.f.s.DefaultListableBeanFactory     : Creating shared instance of singleton bean 'dispatcherServletRegistration'
2017-10-26 07:47:04.476 DEBUG 12192 --- [    Test worker] o.s.b.f.s.DefaultListableBeanFactory     : Creating instance of bean 'dispatcherServletRegistration'
2017-10-26 07:47:04.476 DEBUG 12192 --- [    Test worker] o.s.b.f.s.DefaultListableBeanFactory     : Returning cached instance of singleton bean 'org.springframework.transaction.config.internalTransactionAdvisor'
2017-10-26 07:47:04.476 DEBUG 12192 --- [    Test worker] o.s.b.f.s.DefaultListableBeanFactory     : Returning cached instance of singleton bean 'org.springframework.boot.autoconfigure.web.servlet.DispatcherServletAutoConfiguration$DispatcherServletRegistrationConfiguration'
2017-10-26 07:47:04.477 DEBUG 12192 --- [    Test worker] o.s.b.f.s.DefaultListableBeanFactory     : Returning cached instance of singleton bean 'dispatcherServlet'
2017-10-26 07:47:04.477 DEBUG 12192 --- [    Test worker] o.s.b.f.s.DefaultListableBeanFactory     : Autowiring by type from bean name 'dispatcherServletRegistration' via factory method to bean named 'dispatcherServlet'
2017-10-26 07:47:04.483 DEBUG 12192 --- [    Test worker] o.s.b.f.s.DefaultListableBeanFactory     : Eagerly caching bean 'dispatcherServletRegistration' to allow for resolving potential circular references
2017-10-26 07:47:04.487 DEBUG 12192 --- [    Test worker] o.s.b.f.s.DefaultListableBeanFactory     : Returning cached instance of singleton bean 'org.springframework.transaction.config.internalTransactionAdvisor'
2017-10-26 07:47:04.487 DEBUG 12192 --- [    Test worker] o.s.b.f.s.DefaultListableBeanFactory     : Returning cached instance of singleton bean 'org.springframework.transaction.config.internalTransactionAdvisor'
2017-10-26 07:47:04.488 DEBUG 12192 --- [    Test worker] o.s.b.f.s.DefaultListableBeanFactory     : Finished creating instance of bean 'dispatcherServletRegistration'
2017-10-26 07:47:04.488 DEBUG 12192 --- [    Test worker] o.s.b.f.s.DefaultListableBeanFactory     : Creating shared instance of singleton bean 'org.springframework.boot.autoconfigure.web.servlet.DispatcherServletAutoConfiguration'
2017-10-26 07:47:04.488 DEBUG 12192 --- [    Test worker] o.s.b.f.s.DefaultListableBeanFactory     : Creating instance of bean 'org.springframework.boot.autoconfigure.web.servlet.DispatcherServletAutoConfiguration'
2017-10-26 07:47:04.488 DEBUG 12192 --- [    Test worker] o.s.b.f.s.DefaultListableBeanFactory     : Returning cached instance of singleton bean 'org.springframework.transaction.config.internalTransactionAdvisor'
2017-10-26 07:47:04.488 DEBUG 12192 --- [    Test worker] o.s.b.f.s.DefaultListableBeanFactory     : Eagerly caching bean 'org.springframework.boot.autoconfigure.web.servlet.DispatcherServletAutoConfiguration' to allow for resolving potential circular references
2017-10-26 07:47:04.491 DEBUG 12192 --- [    Test worker] o.s.b.f.s.DefaultListableBeanFactory     : Returning cached instance of singleton bean 'org.springframework.transaction.config.internalTransactionAdvisor'
2017-10-26 07:47:04.491 DEBUG 12192 --- [    Test worker] o.s.b.f.s.DefaultListableBeanFactory     : Returning cached instance of singleton bean 'org.springframework.transaction.config.internalTransactionAdvisor'
2017-10-26 07:47:04.492 DEBUG 12192 --- [    Test worker] o.s.b.f.s.DefaultListableBeanFactory     : Finished creating instance of bean 'org.springframework.boot.autoconfigure.web.servlet.DispatcherServletAutoConfiguration'
2017-10-26 07:47:04.492 DEBUG 12192 --- [    Test worker] o.s.b.f.s.DefaultListableBeanFactory     : Creating shared instance of singleton bean 'org.springframework.boot.autoconfigure.http.codec.CodecsAutoConfiguration$JacksonCodecConfiguration'
2017-10-26 07:47:04.492 DEBUG 12192 --- [    Test worker] o.s.b.f.s.DefaultListableBeanFactory     : Creating instance of bean 'org.springframework.boot.autoconfigure.http.codec.CodecsAutoConfiguration$JacksonCodecConfiguration'
2017-10-26 07:47:04.492 DEBUG 12192 --- [    Test worker] o.s.b.f.s.DefaultListableBeanFactory     : Returning cached instance of singleton bean 'org.springframework.transaction.config.internalTransactionAdvisor'
2017-10-26 07:47:04.492 DEBUG 12192 --- [    Test worker] o.s.b.f.s.DefaultListableBeanFactory     : Eagerly caching bean 'org.springframework.boot.autoconfigure.http.codec.CodecsAutoConfiguration$JacksonCodecConfiguration' to allow for resolving potential circular references
2017-10-26 07:47:04.495 DEBUG 12192 --- [    Test worker] o.s.b.f.s.DefaultListableBeanFactory     : Returning cached instance of singleton bean 'org.springframework.transaction.config.internalTransactionAdvisor'
2017-10-26 07:47:04.495 DEBUG 12192 --- [    Test worker] o.s.b.f.s.DefaultListableBeanFactory     : Returning cached instance of singleton bean 'org.springframework.transaction.config.internalTransactionAdvisor'
2017-10-26 07:47:04.496 DEBUG 12192 --- [    Test worker] o.s.b.f.s.DefaultListableBeanFactory     : Finished creating instance of bean 'org.springframework.boot.autoconfigure.http.codec.CodecsAutoConfiguration$JacksonCodecConfiguration'
2017-10-26 07:47:04.496 DEBUG 12192 --- [    Test worker] o.s.b.f.s.DefaultListableBeanFactory     : Creating shared instance of singleton bean 'jacksonCodecCustomizer'
2017-10-26 07:47:04.496 DEBUG 12192 --- [    Test worker] o.s.b.f.s.DefaultListableBeanFactory     : Creating instance of bean 'jacksonCodecCustomizer'
2017-10-26 07:47:04.496 DEBUG 12192 --- [    Test worker] o.s.b.f.s.DefaultListableBeanFactory     : Returning cached instance of singleton bean 'org.springframework.transaction.config.internalTransactionAdvisor'
2017-10-26 07:47:04.496 DEBUG 12192 --- [    Test worker] o.s.b.f.s.DefaultListableBeanFactory     : Returning cached instance of singleton bean 'org.springframework.boot.autoconfigure.http.codec.CodecsAutoConfiguration$JacksonCodecConfiguration'
2017-10-26 07:47:04.497 DEBUG 12192 --- [    Test worker] o.s.b.f.s.DefaultListableBeanFactory     : Returning cached instance of singleton bean 'jacksonObjectMapper'
2017-10-26 07:47:04.497 DEBUG 12192 --- [    Test worker] o.s.b.f.s.DefaultListableBeanFactory     : Autowiring by type from bean name 'jacksonCodecCustomizer' via factory method to bean named 'jacksonObjectMapper'
2017-10-26 07:47:04.502 DEBUG 12192 --- [    Test worker] o.s.b.f.s.DefaultListableBeanFactory     : Eagerly caching bean 'jacksonCodecCustomizer' to allow for resolving potential circular references
2017-10-26 07:47:04.504 DEBUG 12192 --- [    Test worker] o.s.b.f.s.DefaultListableBeanFactory     : Returning cached instance of singleton bean 'org.springframework.transaction.config.internalTransactionAdvisor'
2017-10-26 07:47:04.504 DEBUG 12192 --- [    Test worker] o.s.b.f.s.DefaultListableBeanFactory     : Returning cached instance of singleton bean 'org.springframework.transaction.config.internalTransactionAdvisor'
2017-10-26 07:47:04.504 DEBUG 12192 --- [    Test worker] o.s.b.f.s.DefaultListableBeanFactory     : Finished creating instance of bean 'jacksonCodecCustomizer'
2017-10-26 07:47:04.504 DEBUG 12192 --- [    Test worker] o.s.b.f.s.DefaultListableBeanFactory     : Creating shared instance of singleton bean 'org.springframework.boot.autoconfigure.http.codec.CodecsAutoConfiguration'
2017-10-26 07:47:04.504 DEBUG 12192 --- [    Test worker] o.s.b.f.s.DefaultListableBeanFactory     : Creating instance of bean 'org.springframework.boot.autoconfigure.http.codec.CodecsAutoConfiguration'
2017-10-26 07:47:04.504 DEBUG 12192 --- [    Test worker] o.s.b.f.s.DefaultListableBeanFactory     : Returning cached instance of singleton bean 'org.springframework.transaction.config.internalTransactionAdvisor'
2017-10-26 07:47:04.505 DEBUG 12192 --- [    Test worker] o.s.b.f.s.DefaultListableBeanFactory     : Eagerly caching bean 'org.springframework.boot.autoconfigure.http.codec.CodecsAutoConfiguration' to allow for resolving potential circular references
2017-10-26 07:47:04.508 DEBUG 12192 --- [    Test worker] o.s.b.f.s.DefaultListableBeanFactory     : Returning cached instance of singleton bean 'org.springframework.transaction.config.internalTransactionAdvisor'
2017-10-26 07:47:04.508 DEBUG 12192 --- [    Test worker] o.s.b.f.s.DefaultListableBeanFactory     : Returning cached instance of singleton bean 'org.springframework.transaction.config.internalTransactionAdvisor'
2017-10-26 07:47:04.509 DEBUG 12192 --- [    Test worker] o.s.b.f.s.DefaultListableBeanFactory     : Finished creating instance of bean 'org.springframework.boot.autoconfigure.http.codec.CodecsAutoConfiguration'
2017-10-26 07:47:04.509 DEBUG 12192 --- [    Test worker] o.s.b.f.s.DefaultListableBeanFactory     : Creating shared instance of singleton bean 'org.springframework.boot.autoconfigure.validation.ValidationAutoConfiguration'
2017-10-26 07:47:04.509 DEBUG 12192 --- [    Test worker] o.s.b.f.s.DefaultListableBeanFactory     : Creating instance of bean 'org.springframework.boot.autoconfigure.validation.ValidationAutoConfiguration'
2017-10-26 07:47:04.509 DEBUG 12192 --- [    Test worker] o.s.b.f.s.DefaultListableBeanFactory     : Returning cached instance of singleton bean 'org.springframework.transaction.config.internalTransactionAdvisor'
2017-10-26 07:47:04.510 DEBUG 12192 --- [    Test worker] o.s.b.f.s.DefaultListableBeanFactory     : Eagerly caching bean 'org.springframework.boot.autoconfigure.validation.ValidationAutoConfiguration' to allow for resolving potential circular references
2017-10-26 07:47:04.512 DEBUG 12192 --- [    Test worker] o.s.b.f.s.DefaultListableBeanFactory     : Returning cached instance of singleton bean 'org.springframework.transaction.config.internalTransactionAdvisor'
2017-10-26 07:47:04.513 DEBUG 12192 --- [    Test worker] o.s.b.f.s.DefaultListableBeanFactory     : Returning cached instance of singleton bean 'org.springframework.transaction.config.internalTransactionAdvisor'
2017-10-26 07:47:04.514 DEBUG 12192 --- [    Test worker] o.s.b.f.s.DefaultListableBeanFactory     : Finished creating instance of bean 'org.springframework.boot.autoconfigure.validation.ValidationAutoConfiguration'
2017-10-26 07:47:04.514 DEBUG 12192 --- [    Test worker] o.s.b.f.s.DefaultListableBeanFactory     : Creating shared instance of singleton bean 'defaultValidator'
2017-10-26 07:47:04.514 DEBUG 12192 --- [    Test worker] o.s.b.f.s.DefaultListableBeanFactory     : Creating instance of bean 'defaultValidator'
2017-10-26 07:47:04.514 DEBUG 12192 --- [    Test worker] o.s.b.f.s.DefaultListableBeanFactory     : Returning cached instance of singleton bean 'org.springframework.transaction.config.internalTransactionAdvisor'
2017-10-26 07:47:04.516 DEBUG 12192 --- [    Test worker] o.s.b.f.s.DefaultListableBeanFactory     : Eagerly caching bean 'defaultValidator' to allow for resolving potential circular references
2017-10-26 07:47:04.522 DEBUG 12192 --- [    Test worker] o.s.b.f.s.DefaultListableBeanFactory     : Invoking afterPropertiesSet() on bean with name 'defaultValidator'
2017-10-26 07:47:04.534 DEBUG 12192 --- [    Test worker] o.s.b.f.s.DefaultListableBeanFactory     : Returning cached instance of singleton bean 'org.springframework.transaction.config.internalTransactionAdvisor'
2017-10-26 07:47:04.534 DEBUG 12192 --- [    Test worker] o.s.b.f.s.DefaultListableBeanFactory     : Returning cached instance of singleton bean 'org.springframework.transaction.config.internalTransactionAdvisor'
2017-10-26 07:47:04.535 DEBUG 12192 --- [    Test worker] o.s.b.f.s.DefaultListableBeanFactory     : Finished creating instance of bean 'defaultValidator'
2017-10-26 07:47:04.535 DEBUG 12192 --- [    Test worker] o.s.b.f.s.DefaultListableBeanFactory     : Returning cached instance of singleton bean 'methodValidationPostProcessor'
2017-10-26 07:47:04.535 DEBUG 12192 --- [    Test worker] o.s.b.f.s.DefaultListableBeanFactory     : Creating shared instance of singleton bean 'org.springframework.boot.autoconfigure.web.servlet.error.ErrorMvcAutoConfiguration$WhitelabelErrorViewConfiguration'
2017-10-26 07:47:04.535 DEBUG 12192 --- [    Test worker] o.s.b.f.s.DefaultListableBeanFactory     : Creating instance of bean 'org.springframework.boot.autoconfigure.web.servlet.error.ErrorMvcAutoConfiguration$WhitelabelErrorViewConfiguration'
2017-10-26 07:47:04.536 DEBUG 12192 --- [    Test worker] o.s.b.f.s.DefaultListableBeanFactory     : Returning cached instance of singleton bean 'org.springframework.transaction.config.internalTransactionAdvisor'
2017-10-26 07:47:04.538 DEBUG 12192 --- [    Test worker] o.s.b.f.s.DefaultListableBeanFactory     : Eagerly caching bean 'org.springframework.boot.autoconfigure.web.servlet.error.ErrorMvcAutoConfiguration$WhitelabelErrorViewConfiguration' to allow for resolving potential circular references
2017-10-26 07:47:04.540 DEBUG 12192 --- [    Test worker] o.s.b.f.s.DefaultListableBeanFactory     : Returning cached instance of singleton bean 'org.springframework.transaction.config.internalTransactionAdvisor'
2017-10-26 07:47:04.540 DEBUG 12192 --- [    Test worker] o.s.b.f.s.DefaultListableBeanFactory     : Returning cached instance of singleton bean 'org.springframework.transaction.config.internalTransactionAdvisor'
2017-10-26 07:47:04.541 DEBUG 12192 --- [    Test worker] o.s.b.f.s.DefaultListableBeanFactory     : Finished creating instance of bean 'org.springframework.boot.autoconfigure.web.servlet.error.ErrorMvcAutoConfiguration$WhitelabelErrorViewConfiguration'
2017-10-26 07:47:04.541 DEBUG 12192 --- [    Test worker] o.s.b.f.s.DefaultListableBeanFactory     : Creating shared instance of singleton bean 'error'
2017-10-26 07:47:04.541 DEBUG 12192 --- [    Test worker] o.s.b.f.s.DefaultListableBeanFactory     : Creating instance of bean 'error'
2017-10-26 07:47:04.542 DEBUG 12192 --- [    Test worker] o.s.b.f.s.DefaultListableBeanFactory     : Returning cached instance of singleton bean 'org.springframework.transaction.config.internalTransactionAdvisor'
2017-10-26 07:47:04.542 DEBUG 12192 --- [    Test worker] o.s.b.f.s.DefaultListableBeanFactory     : Returning cached instance of singleton bean 'org.springframework.boot.autoconfigure.web.servlet.error.ErrorMvcAutoConfiguration$WhitelabelErrorViewConfiguration'
2017-10-26 07:47:04.545 DEBUG 12192 --- [    Test worker] o.s.b.f.s.DefaultListableBeanFactory     : Eagerly caching bean 'error' to allow for resolving potential circular references
2017-10-26 07:47:04.548 DEBUG 12192 --- [    Test worker] o.s.b.f.s.DefaultListableBeanFactory     : Returning cached instance of singleton bean 'org.springframework.transaction.config.internalTransactionAdvisor'
2017-10-26 07:47:04.548 DEBUG 12192 --- [    Test worker] o.s.b.f.s.DefaultListableBeanFactory     : Returning cached instance of singleton bean 'org.springframework.transaction.config.internalTransactionAdvisor'
2017-10-26 07:47:04.548 DEBUG 12192 --- [    Test worker] o.s.b.f.s.DefaultListableBeanFactory     : Finished creating instance of bean 'error'
2017-10-26 07:47:04.548 DEBUG 12192 --- [    Test worker] o.s.b.f.s.DefaultListableBeanFactory     : Creating shared instance of singleton bean 'beanNameViewResolver'
2017-10-26 07:47:04.548 DEBUG 12192 --- [    Test worker] o.s.b.f.s.DefaultListableBeanFactory     : Creating instance of bean 'beanNameViewResolver'
2017-10-26 07:47:04.548 DEBUG 12192 --- [    Test worker] o.s.b.f.s.DefaultListableBeanFactory     : Returning cached instance of singleton bean 'org.springframework.transaction.config.internalTransactionAdvisor'
2017-10-26 07:47:04.548 DEBUG 12192 --- [    Test worker] o.s.b.f.s.DefaultListableBeanFactory     : Returning cached instance of singleton bean 'org.springframework.boot.autoconfigure.web.servlet.error.ErrorMvcAutoConfiguration$WhitelabelErrorViewConfiguration'
2017-10-26 07:47:04.550 DEBUG 12192 --- [    Test worker] o.s.b.f.s.DefaultListableBeanFactory     : Eagerly caching bean 'beanNameViewResolver' to allow for resolving potential circular references
2017-10-26 07:47:04.555 DEBUG 12192 --- [    Test worker] o.s.b.f.s.DefaultListableBeanFactory     : Returning cached instance of singleton bean 'org.springframework.transaction.config.internalTransactionAdvisor'
2017-10-26 07:47:04.555 DEBUG 12192 --- [    Test worker] o.s.b.f.s.DefaultListableBeanFactory     : Returning cached instance of singleton bean 'org.springframework.transaction.config.internalTransactionAdvisor'
2017-10-26 07:47:04.556 DEBUG 12192 --- [    Test worker] o.s.b.f.s.DefaultListableBeanFactory     : Finished creating instance of bean 'beanNameViewResolver'
2017-10-26 07:47:04.556 DEBUG 12192 --- [    Test worker] o.s.b.f.s.DefaultListableBeanFactory     : Returning cached instance of singleton bean 'org.springframework.boot.autoconfigure.web.servlet.error.ErrorMvcAutoConfiguration$DefaultErrorViewResolverConfiguration'
2017-10-26 07:47:04.556 DEBUG 12192 --- [    Test worker] o.s.b.f.s.DefaultListableBeanFactory     : Returning cached instance of singleton bean 'conventionErrorViewResolver'
2017-10-26 07:47:04.556 DEBUG 12192 --- [    Test worker] o.s.b.f.s.DefaultListableBeanFactory     : Returning cached instance of singleton bean 'org.springframework.boot.autoconfigure.web.servlet.error.ErrorMvcAutoConfiguration'
2017-10-26 07:47:04.556 DEBUG 12192 --- [    Test worker] o.s.b.f.s.DefaultListableBeanFactory     : Creating shared instance of singleton bean 'errorAttributes'
2017-10-26 07:47:04.556 DEBUG 12192 --- [    Test worker] o.s.b.f.s.DefaultListableBeanFactory     : Creating instance of bean 'errorAttributes'
2017-10-26 07:47:04.556 DEBUG 12192 --- [    Test worker] o.s.b.f.s.DefaultListableBeanFactory     : Returning cached instance of singleton bean 'org.springframework.transaction.config.internalTransactionAdvisor'
2017-10-26 07:47:04.556 DEBUG 12192 --- [    Test worker] o.s.b.f.s.DefaultListableBeanFactory     : Returning cached instance of singleton bean 'org.springframework.boot.autoconfigure.web.servlet.error.ErrorMvcAutoConfiguration'
2017-10-26 07:47:04.557 DEBUG 12192 --- [    Test worker] o.s.b.f.s.DefaultListableBeanFactory     : Eagerly caching bean 'errorAttributes' to allow for resolving potential circular references
2017-10-26 07:47:04.561 DEBUG 12192 --- [    Test worker] o.s.b.f.s.DefaultListableBeanFactory     : Returning cached instance of singleton bean 'org.springframework.transaction.config.internalTransactionAdvisor'
2017-10-26 07:47:04.561 DEBUG 12192 --- [    Test worker] o.s.b.f.s.DefaultListableBeanFactory     : Returning cached instance of singleton bean 'org.springframework.transaction.config.internalTransactionAdvisor'
2017-10-26 07:47:04.562 DEBUG 12192 --- [    Test worker] o.s.b.f.s.DefaultListableBeanFactory     : Finished creating instance of bean 'errorAttributes'
2017-10-26 07:47:04.562 DEBUG 12192 --- [    Test worker] o.s.b.f.s.DefaultListableBeanFactory     : Creating shared instance of singleton bean 'basicErrorController'
2017-10-26 07:47:04.562 DEBUG 12192 --- [    Test worker] o.s.b.f.s.DefaultListableBeanFactory     : Creating instance of bean 'basicErrorController'
2017-10-26 07:47:04.562 DEBUG 12192 --- [    Test worker] o.s.b.f.s.DefaultListableBeanFactory     : Returning cached instance of singleton bean 'org.springframework.transaction.config.internalTransactionAdvisor'
2017-10-26 07:47:04.562 DEBUG 12192 --- [    Test worker] o.s.b.f.s.DefaultListableBeanFactory     : Returning cached instance of singleton bean 'org.springframework.boot.autoconfigure.web.servlet.error.ErrorMvcAutoConfiguration'
2017-10-26 07:47:04.563 DEBUG 12192 --- [    Test worker] o.s.b.f.s.DefaultListableBeanFactory     : Returning cached instance of singleton bean 'errorAttributes'
2017-10-26 07:47:04.564 DEBUG 12192 --- [    Test worker] o.s.b.f.s.DefaultListableBeanFactory     : Autowiring by type from bean name 'basicErrorController' via factory method to bean named 'errorAttributes'
2017-10-26 07:47:04.567 DEBUG 12192 --- [    Test worker] o.s.b.f.s.DefaultListableBeanFactory     : Eagerly caching bean 'basicErrorController' to allow for resolving potential circular references
2017-10-26 07:47:04.570 DEBUG 12192 --- [    Test worker] o.s.b.f.s.DefaultListableBeanFactory     : Returning cached instance of singleton bean 'org.springframework.transaction.config.internalTransactionAdvisor'
2017-10-26 07:47:04.570 DEBUG 12192 --- [    Test worker] o.s.b.f.s.DefaultListableBeanFactory     : Returning cached instance of singleton bean 'org.springframework.transaction.config.internalTransactionAdvisor'
2017-10-26 07:47:04.571 DEBUG 12192 --- [    Test worker] o.s.b.f.s.DefaultListableBeanFactory     : Finished creating instance of bean 'basicErrorController'
2017-10-26 07:47:04.571 DEBUG 12192 --- [    Test worker] o.s.b.f.s.DefaultListableBeanFactory     : Returning cached instance of singleton bean 'errorPageCustomizer'
2017-10-26 07:47:04.571 DEBUG 12192 --- [    Test worker] o.s.b.f.s.DefaultListableBeanFactory     : Returning cached instance of singleton bean 'preserveErrorControllerTargetClassPostProcessor'
2017-10-26 07:47:04.571 DEBUG 12192 --- [    Test worker] o.s.b.f.s.DefaultListableBeanFactory     : Returning cached instance of singleton bean 'spring.resources-org.springframework.boot.autoconfigure.web.ResourceProperties'
2017-10-26 07:47:04.571 DEBUG 12192 --- [    Test worker] o.s.b.f.s.DefaultListableBeanFactory     : Creating shared instance of singleton bean 'org.springframework.boot.autoconfigure.web.servlet.WebMvcAutoConfiguration$EnableWebMvcConfiguration'
2017-10-26 07:47:04.571 DEBUG 12192 --- [    Test worker] o.s.b.f.s.DefaultListableBeanFactory     : Creating instance of bean 'org.springframework.boot.autoconfigure.web.servlet.WebMvcAutoConfiguration$EnableWebMvcConfiguration'
2017-10-26 07:47:04.571 DEBUG 12192 --- [    Test worker] o.s.b.f.s.DefaultListableBeanFactory     : Returning cached instance of singleton bean 'org.springframework.transaction.config.internalTransactionAdvisor'
2017-10-26 07:47:04.572 DEBUG 12192 --- [    Test worker] ocalVariableTableParameterNameDiscoverer : Cannot find '.class' file for class [class org.springframework.boot.autoconfigure.web.servlet.WebMvcAutoConfiguration$EnableWebMvcConfiguration$$EnhancerBySpringCGLIB$$b3186334] - unable to determine constructor/method parameter names
2017-10-26 07:47:04.573 DEBUG 12192 --- [    Test worker] o.s.b.f.s.DefaultListableBeanFactory     : Autowiring by type from bean name 'org.springframework.boot.autoconfigure.web.servlet.WebMvcAutoConfiguration$EnableWebMvcConfiguration' via constructor to bean named 'org.springframework.beans.factory.support.DefaultListableBeanFactory@62ed0406'
2017-10-26 07:47:04.573 DEBUG 12192 --- [    Test worker] o.s.b.f.s.DefaultListableBeanFactory     : Returning cached instance of singleton bean 'spring.mvc-org.springframework.boot.autoconfigure.web.servlet.WebMvcProperties'
2017-10-26 07:47:04.580 DEBUG 12192 --- [    Test worker] o.s.b.f.annotation.InjectionMetadata     : Registered injected element on class [org.springframework.boot.autoconfigure.web.servlet.WebMvcAutoConfiguration$EnableWebMvcConfiguration$$EnhancerBySpringCGLIB$$b3186334]: AutowiredMethodElement for public void org.springframework.web.servlet.config.annotation.DelegatingWebMvcConfiguration.setConfigurers(java.util.List)
2017-10-26 07:47:04.580 DEBUG 12192 --- [    Test worker] o.s.b.f.s.DefaultListableBeanFactory     : Eagerly caching bean 'org.springframework.boot.autoconfigure.web.servlet.WebMvcAutoConfiguration$EnableWebMvcConfiguration' to allow for resolving potential circular references
2017-10-26 07:47:04.581 DEBUG 12192 --- [    Test worker] o.s.b.f.annotation.InjectionMetadata     : Processing injected element of bean 'org.springframework.boot.autoconfigure.web.servlet.WebMvcAutoConfiguration$EnableWebMvcConfiguration': AutowiredMethodElement for public void org.springframework.web.servlet.config.annotation.DelegatingWebMvcConfiguration.setConfigurers(java.util.List)
2017-10-26 07:47:04.582 DEBUG 12192 --- [    Test worker] o.s.b.f.s.DefaultListableBeanFactory     : Creating shared instance of singleton bean 'org.springframework.boot.autoconfigure.web.servlet.WebMvcAutoConfiguration$WebMvcAutoConfigurationAdapter'
2017-10-26 07:47:04.582 DEBUG 12192 --- [    Test worker] o.s.b.f.s.DefaultListableBeanFactory     : Creating instance of bean 'org.springframework.boot.autoconfigure.web.servlet.WebMvcAutoConfiguration$WebMvcAutoConfigurationAdapter'
2017-10-26 07:47:04.582 DEBUG 12192 --- [    Test worker] o.s.b.f.s.DefaultListableBeanFactory     : Returning cached instance of singleton bean 'org.springframework.transaction.config.internalTransactionAdvisor'
2017-10-26 07:47:04.582 DEBUG 12192 --- [    Test worker] ocalVariableTableParameterNameDiscoverer : Cannot find '.class' file for class [class org.springframework.boot.autoconfigure.web.servlet.WebMvcAutoConfiguration$WebMvcAutoConfigurationAdapter$$EnhancerBySpringCGLIB$$551c2e19] - unable to determine constructor/method parameter names
2017-10-26 07:47:04.583 DEBUG 12192 --- [    Test worker] o.s.b.f.s.DefaultListableBeanFactory     : Returning cached instance of singleton bean 'spring.resources-org.springframework.boot.autoconfigure.web.ResourceProperties'
2017-10-26 07:47:04.583 DEBUG 12192 --- [    Test worker] o.s.b.f.s.DefaultListableBeanFactory     : Returning cached instance of singleton bean 'spring.mvc-org.springframework.boot.autoconfigure.web.servlet.WebMvcProperties'
2017-10-26 07:47:04.583 DEBUG 12192 --- [    Test worker] o.s.aop.framework.CglibAopProxy          : Creating CGLIB proxy: target source is org.springframework.context.annotation.ContextAnnotationAutowireCandidateResolver$1@3b060c59
2017-10-26 07:47:04.585 DEBUG 12192 --- [    Test worker] o.s.aop.framework.CglibAopProxy          : Unable to apply any optimizations to advised method: public java.util.Iterator org.springframework.boot.autoconfigure.http.HttpMessageConverters.iterator()
2017-10-26 07:47:04.585 DEBUG 12192 --- [    Test worker] o.s.aop.framework.CglibAopProxy          : Unable to apply any optimizations to advised method: public java.util.List org.springframework.boot.autoconfigure.http.HttpMessageConverters.getConverters()
2017-10-26 07:47:04.585 DEBUG 12192 --- [    Test worker] o.s.aop.framework.CglibAopProxy          : Unable to apply any optimizations to advised method: protected java.util.List org.springframework.boot.autoconfigure.http.HttpMessageConverters.postProcessPartConverters(java.util.List)
2017-10-26 07:47:04.585 DEBUG 12192 --- [    Test worker] o.s.aop.framework.CglibAopProxy          : Unable to apply any optimizations to advised method: protected java.util.List org.springframework.boot.autoconfigure.http.HttpMessageConverters.postProcessConverters(java.util.List)
2017-10-26 07:47:04.585 DEBUG 12192 --- [    Test worker] o.s.aop.framework.CglibAopProxy          : Found 'equals' method: public boolean java.lang.Object.equals(java.lang.Object)
2017-10-26 07:47:04.585 DEBUG 12192 --- [    Test worker] o.s.aop.framework.CglibAopProxy          : Unable to apply any optimizations to advised method: public java.lang.String java.lang.Object.toString()
2017-10-26 07:47:04.585 DEBUG 12192 --- [    Test worker] o.s.aop.framework.CglibAopProxy          : Found 'hashCode' method: public native int java.lang.Object.hashCode()
2017-10-26 07:47:04.585 DEBUG 12192 --- [    Test worker] o.s.aop.framework.CglibAopProxy          : Unable to apply any optimizations to advised method: protected native java.lang.Object java.lang.Object.clone() throws java.lang.CloneNotSupportedException
2017-10-26 07:47:04.585 DEBUG 12192 --- [    Test worker] o.s.aop.framework.CglibAopProxy          : Unable to apply any optimizations to advised method: public default java.util.Spliterator java.lang.Iterable.spliterator()
2017-10-26 07:47:04.585 DEBUG 12192 --- [    Test worker] o.s.aop.framework.CglibAopProxy          : Unable to apply any optimizations to advised method: public default void java.lang.Iterable.forEach(java.util.function.Consumer)
2017-10-26 07:47:04.585 DEBUG 12192 --- [    Test worker] o.s.aop.framework.CglibAopProxy          : Method is declared on Advised interface: public abstract int org.springframework.aop.framework.Advised.indexOf(org.aopalliance.aop.Advice)
2017-10-26 07:47:04.585 DEBUG 12192 --- [    Test worker] o.s.aop.framework.CglibAopProxy          : Method is declared on Advised interface: public abstract int org.springframework.aop.framework.Advised.indexOf(org.springframework.aop.Advisor)
2017-10-26 07:47:04.586 DEBUG 12192 --- [    Test worker] o.s.aop.framework.CglibAopProxy          : Method is declared on Advised interface: public abstract boolean org.springframework.aop.framework.Advised.isFrozen()
2017-10-26 07:47:04.586 DEBUG 12192 --- [    Test worker] o.s.aop.framework.CglibAopProxy          : Method is declared on Advised interface: public abstract java.lang.Class[] org.springframework.aop.framework.Advised.getProxiedInterfaces()
2017-10-26 07:47:04.586 DEBUG 12192 --- [    Test worker] o.s.aop.framework.CglibAopProxy          : Method is declared on Advised interface: public abstract boolean org.springframework.aop.framework.Advised.isProxyTargetClass()
2017-10-26 07:47:04.586 DEBUG 12192 --- [    Test worker] o.s.aop.framework.CglibAopProxy          : Method is declared on Advised interface: public abstract boolean org.springframework.aop.framework.Advised.isInterfaceProxied(java.lang.Class)
2017-10-26 07:47:04.586 DEBUG 12192 --- [    Test worker] o.s.aop.framework.CglibAopProxy          : Method is declared on Advised interface: public abstract java.lang.String org.springframework.aop.framework.Advised.toProxyConfigString()
2017-10-26 07:47:04.586 DEBUG 12192 --- [    Test worker] o.s.aop.framework.CglibAopProxy          : Method is declared on Advised interface: public abstract void org.springframework.aop.framework.Advised.addAdvisor(int,org.springframework.aop.Advisor) throws org.springframework.aop.framework.AopConfigException
2017-10-26 07:47:04.586 DEBUG 12192 --- [    Test worker] o.s.aop.framework.CglibAopProxy          : Method is declared on Advised interface: public abstract void org.springframework.aop.framework.Advised.addAdvisor(org.springframework.aop.Advisor) throws org.springframework.aop.framework.AopConfigException
2017-10-26 07:47:04.586 DEBUG 12192 --- [    Test worker] o.s.aop.framework.CglibAopProxy          : Method is declared on Advised interface: public abstract void org.springframework.aop.framework.Advised.addAdvice(int,org.aopalliance.aop.Advice) throws org.springframework.aop.framework.AopConfigException
2017-10-26 07:47:04.586 DEBUG 12192 --- [    Test worker] o.s.aop.framework.CglibAopProxy          : Method is declared on Advised interface: public abstract void org.springframework.aop.framework.Advised.addAdvice(org.aopalliance.aop.Advice) throws org.springframework.aop.framework.AopConfigException
2017-10-26 07:47:04.586 DEBUG 12192 --- [    Test worker] o.s.aop.framework.CglibAopProxy          : Method is declared on Advised interface: public abstract void org.springframework.aop.framework.Advised.setTargetSource(org.springframework.aop.TargetSource)
2017-10-26 07:47:04.586 DEBUG 12192 --- [    Test worker] o.s.aop.framework.CglibAopProxy          : Method is declared on Advised interface: public abstract boolean org.springframework.aop.framework.Advised.removeAdvice(org.aopalliance.aop.Advice)
2017-10-26 07:47:04.586 DEBUG 12192 --- [    Test worker] o.s.aop.framework.CglibAopProxy          : Method is declared on Advised interface: public abstract org.springframework.aop.TargetSource org.springframework.aop.framework.Advised.getTargetSource()
2017-10-26 07:47:04.586 DEBUG 12192 --- [    Test worker] o.s.aop.framework.CglibAopProxy          : Method is declared on Advised interface: public abstract org.springframework.aop.Advisor[] org.springframework.aop.framework.Advised.getAdvisors()
2017-10-26 07:47:04.586 DEBUG 12192 --- [    Test worker] o.s.aop.framework.CglibAopProxy          : Method is declared on Advised interface: public abstract void org.springframework.aop.framework.Advised.setPreFiltered(boolean)
2017-10-26 07:47:04.586 DEBUG 12192 --- [    Test worker] o.s.aop.framework.CglibAopProxy          : Method is declared on Advised interface: public abstract boolean org.springframework.aop.framework.Advised.isPreFiltered()
2017-10-26 07:47:04.586 DEBUG 12192 --- [    Test worker] o.s.aop.framework.CglibAopProxy          : Method is declared on Advised interface: public abstract boolean org.springframework.aop.framework.Advised.removeAdvisor(org.springframework.aop.Advisor)
2017-10-26 07:47:04.586 DEBUG 12192 --- [    Test worker] o.s.aop.framework.CglibAopProxy          : Method is declared on Advised interface: public abstract void org.springframework.aop.framework.Advised.removeAdvisor(int) throws org.springframework.aop.framework.AopConfigException
2017-10-26 07:47:04.586 DEBUG 12192 --- [    Test worker] o.s.aop.framework.CglibAopProxy          : Method is declared on Advised interface: public abstract boolean org.springframework.aop.framework.Advised.replaceAdvisor(org.springframework.aop.Advisor,org.springframework.aop.Advisor) throws org.springframework.aop.framework.AopConfigException
2017-10-26 07:47:04.586 DEBUG 12192 --- [    Test worker] o.s.aop.framework.CglibAopProxy          : Method is declared on Advised interface: public abstract void org.springframework.aop.framework.Advised.setExposeProxy(boolean)
2017-10-26 07:47:04.586 DEBUG 12192 --- [    Test worker] o.s.aop.framework.CglibAopProxy          : Method is declared on Advised interface: public abstract boolean org.springframework.aop.framework.Advised.isExposeProxy()
2017-10-26 07:47:04.586 DEBUG 12192 --- [    Test worker] o.s.aop.framework.CglibAopProxy          : Method is declared on Advised interface: public abstract java.lang.Class org.springframework.aop.TargetClassAware.getTargetClass()
2017-10-26 07:47:04.599 DEBUG 12192 --- [    Test worker] o.s.b.f.s.DefaultListableBeanFactory     : Autowiring by type from bean name 'org.springframework.boot.autoconfigure.web.servlet.WebMvcAutoConfiguration$WebMvcAutoConfigurationAdapter' via constructor to bean named 'spring.resources-org.springframework.boot.autoconfigure.web.ResourceProperties'
2017-10-26 07:47:04.600 DEBUG 12192 --- [    Test worker] o.s.b.f.s.DefaultListableBeanFactory     : Autowiring by type from bean name 'org.springframework.boot.autoconfigure.web.servlet.WebMvcAutoConfiguration$WebMvcAutoConfigurationAdapter' via constructor to bean named 'spring.mvc-org.springframework.boot.autoconfigure.web.servlet.WebMvcProperties'
2017-10-26 07:47:04.600 DEBUG 12192 --- [    Test worker] o.s.b.f.s.DefaultListableBeanFactory     : Autowiring by type from bean name 'org.springframework.boot.autoconfigure.web.servlet.WebMvcAutoConfiguration$WebMvcAutoConfigurationAdapter' via constructor to bean named 'org.springframework.beans.factory.support.DefaultListableBeanFactory@62ed0406'
2017-10-26 07:47:04.601 DEBUG 12192 --- [    Test worker] o.s.b.f.s.DefaultListableBeanFactory     : Eagerly caching bean 'org.springframework.boot.autoconfigure.web.servlet.WebMvcAutoConfiguration$WebMvcAutoConfigurationAdapter' to allow for resolving potential circular references
2017-10-26 07:47:04.606 DEBUG 12192 --- [    Test worker] o.s.b.f.s.DefaultListableBeanFactory     : Returning cached instance of singleton bean 'org.springframework.transaction.config.internalTransactionAdvisor'
2017-10-26 07:47:04.606 DEBUG 12192 --- [    Test worker] o.s.b.f.s.DefaultListableBeanFactory     : Returning cached instance of singleton bean 'org.springframework.transaction.config.internalTransactionAdvisor'
2017-10-26 07:47:04.611 DEBUG 12192 --- [    Test worker] o.s.b.f.s.DefaultListableBeanFactory     : Finished creating instance of bean 'org.springframework.boot.autoconfigure.web.servlet.WebMvcAutoConfiguration$WebMvcAutoConfigurationAdapter'
2017-10-26 07:47:04.611 DEBUG 12192 --- [    Test worker] o.s.b.f.s.DefaultListableBeanFactory     : Creating shared instance of singleton bean 'org.springframework.boot.autoconfigure.orm.jpa.JpaBaseConfiguration$JpaWebConfiguration$JpaWebMvcConfiguration'
2017-10-26 07:47:04.611 DEBUG 12192 --- [    Test worker] o.s.b.f.s.DefaultListableBeanFactory     : Creating instance of bean 'org.springframework.boot.autoconfigure.orm.jpa.JpaBaseConfiguration$JpaWebConfiguration$JpaWebMvcConfiguration'
2017-10-26 07:47:04.611 DEBUG 12192 --- [    Test worker] o.s.b.f.s.DefaultListableBeanFactory     : Returning cached instance of singleton bean 'org.springframework.transaction.config.internalTransactionAdvisor'
2017-10-26 07:47:04.612 DEBUG 12192 --- [    Test worker] o.s.b.f.s.DefaultListableBeanFactory     : Eagerly caching bean 'org.springframework.boot.autoconfigure.orm.jpa.JpaBaseConfiguration$JpaWebConfiguration$JpaWebMvcConfiguration' to allow for resolving potential circular references
2017-10-26 07:47:04.617 DEBUG 12192 --- [    Test worker] o.s.b.f.s.DefaultListableBeanFactory     : Returning cached instance of singleton bean 'org.springframework.transaction.config.internalTransactionAdvisor'
2017-10-26 07:47:04.617 DEBUG 12192 --- [    Test worker] o.s.b.f.s.DefaultListableBeanFactory     : Returning cached instance of singleton bean 'org.springframework.transaction.config.internalTransactionAdvisor'
2017-10-26 07:47:04.619 DEBUG 12192 --- [    Test worker] o.s.b.f.s.DefaultListableBeanFactory     : Finished creating instance of bean 'org.springframework.boot.autoconfigure.orm.jpa.JpaBaseConfiguration$JpaWebConfiguration$JpaWebMvcConfiguration'
2017-10-26 07:47:04.619 DEBUG 12192 --- [    Test worker] o.s.b.f.s.DefaultListableBeanFactory     : Creating shared instance of singleton bean 'org.springframework.data.web.config.SpringDataWebConfiguration'
2017-10-26 07:47:04.619 DEBUG 12192 --- [    Test worker] o.s.b.f.s.DefaultListableBeanFactory     : Creating instance of bean 'org.springframework.data.web.config.SpringDataWebConfiguration'
2017-10-26 07:47:04.619 DEBUG 12192 --- [    Test worker] o.s.b.f.s.DefaultListableBeanFactory     : Returning cached instance of singleton bean 'org.springframework.transaction.config.internalTransactionAdvisor'
2017-10-26 07:47:04.620 DEBUG 12192 --- [    Test worker] ocalVariableTableParameterNameDiscoverer : Cannot find '.class' file for class [class org.springframework.data.web.config.SpringDataWebConfiguration$$EnhancerBySpringCGLIB$$a98f4107] - unable to determine constructor/method parameter names
2017-10-26 07:47:04.620 DEBUG 12192 --- [    Test worker] o.s.b.f.s.DefaultListableBeanFactory     : Autowiring by type from bean name 'org.springframework.data.web.config.SpringDataWebConfiguration' via constructor to bean named 'org.springframework.web.context.support.GenericWebApplicationContext@739e2a40'
2017-10-26 07:47:04.621 DEBUG 12192 --- [    Test worker] o.s.b.f.annotation.InjectionMetadata     : Registered injected element on class [org.springframework.data.web.config.SpringDataWebConfiguration$$EnhancerBySpringCGLIB$$a98f4107]: AutowiredFieldElement for private java.util.Optional org.springframework.data.web.config.SpringDataWebConfiguration.pageableResolverCustomizer
2017-10-26 07:47:04.621 DEBUG 12192 --- [    Test worker] o.s.b.f.annotation.InjectionMetadata     : Registered injected element on class [org.springframework.data.web.config.SpringDataWebConfiguration$$EnhancerBySpringCGLIB$$a98f4107]: AutowiredFieldElement for private java.util.Optional org.springframework.data.web.config.SpringDataWebConfiguration.sortResolverCustomizer
2017-10-26 07:47:04.621 DEBUG 12192 --- [    Test worker] o.s.b.f.s.DefaultListableBeanFactory     : Eagerly caching bean 'org.springframework.data.web.config.SpringDataWebConfiguration' to allow for resolving potential circular references
2017-10-26 07:47:04.627 DEBUG 12192 --- [    Test worker] o.s.b.f.annotation.InjectionMetadata     : Processing injected element of bean 'org.springframework.data.web.config.SpringDataWebConfiguration': AutowiredFieldElement for private java.util.Optional org.springframework.data.web.config.SpringDataWebConfiguration.pageableResolverCustomizer
2017-10-26 07:47:04.629 DEBUG 12192 --- [    Test worker] o.s.b.f.s.DefaultListableBeanFactory     : Creating shared instance of singleton bean 'pageableCustomizer'
2017-10-26 07:47:04.629 DEBUG 12192 --- [    Test worker] o.s.b.f.s.DefaultListableBeanFactory     : Creating instance of bean 'pageableCustomizer'
2017-10-26 07:47:04.629 DEBUG 12192 --- [    Test worker] o.s.b.f.s.DefaultListableBeanFactory     : Returning cached instance of singleton bean 'org.springframework.transaction.config.internalTransactionAdvisor'
2017-10-26 07:47:04.629 DEBUG 12192 --- [    Test worker] o.s.b.f.s.DefaultListableBeanFactory     : Creating shared instance of singleton bean 'org.springframework.boot.autoconfigure.data.web.SpringDataWebAutoConfiguration'
2017-10-26 07:47:04.629 DEBUG 12192 --- [    Test worker] o.s.b.f.s.DefaultListableBeanFactory     : Creating instance of bean 'org.springframework.boot.autoconfigure.data.web.SpringDataWebAutoConfiguration'
2017-10-26 07:47:04.630 DEBUG 12192 --- [    Test worker] o.s.b.f.s.DefaultListableBeanFactory     : Returning cached instance of singleton bean 'org.springframework.transaction.config.internalTransactionAdvisor'
2017-10-26 07:47:04.630 DEBUG 12192 --- [    Test worker] ocalVariableTableParameterNameDiscoverer : Cannot find '.class' file for class [class org.springframework.boot.autoconfigure.data.web.SpringDataWebAutoConfiguration$$EnhancerBySpringCGLIB$$33c1c8d5] - unable to determine constructor/method parameter names
2017-10-26 07:47:04.631 DEBUG 12192 --- [    Test worker] o.s.b.f.s.DefaultListableBeanFactory     : Creating shared instance of singleton bean 'spring.data.web-org.springframework.boot.autoconfigure.data.web.SpringDataWebProperties'
2017-10-26 07:47:04.631 DEBUG 12192 --- [    Test worker] o.s.b.f.s.DefaultListableBeanFactory     : Creating instance of bean 'spring.data.web-org.springframework.boot.autoconfigure.data.web.SpringDataWebProperties'
2017-10-26 07:47:04.631 DEBUG 12192 --- [    Test worker] o.s.b.f.s.DefaultListableBeanFactory     : Returning cached instance of singleton bean 'org.springframework.transaction.config.internalTransactionAdvisor'
2017-10-26 07:47:04.632 DEBUG 12192 --- [    Test worker] o.s.b.f.s.DefaultListableBeanFactory     : Eagerly caching bean 'spring.data.web-org.springframework.boot.autoconfigure.data.web.SpringDataWebProperties' to allow for resolving potential circular references
2017-10-26 07:47:04.635 DEBUG 12192 --- [    Test worker] o.s.b.f.s.DefaultListableBeanFactory     : Returning cached instance of singleton bean 'org.springframework.transaction.config.internalTransactionAdvisor'
2017-10-26 07:47:04.635 DEBUG 12192 --- [    Test worker] o.s.b.f.s.DefaultListableBeanFactory     : Returning cached instance of singleton bean 'org.springframework.transaction.config.internalTransactionAdvisor'
2017-10-26 07:47:04.635 DEBUG 12192 --- [    Test worker] o.s.b.f.s.DefaultListableBeanFactory     : Finished creating instance of bean 'spring.data.web-org.springframework.boot.autoconfigure.data.web.SpringDataWebProperties'
2017-10-26 07:47:04.635 DEBUG 12192 --- [    Test worker] o.s.b.f.s.DefaultListableBeanFactory     : Autowiring by type from bean name 'org.springframework.boot.autoconfigure.data.web.SpringDataWebAutoConfiguration' via constructor to bean named 'spring.data.web-org.springframework.boot.autoconfigure.data.web.SpringDataWebProperties'
2017-10-26 07:47:04.636 DEBUG 12192 --- [    Test worker] o.s.b.f.s.DefaultListableBeanFactory     : Eagerly caching bean 'org.springframework.boot.autoconfigure.data.web.SpringDataWebAutoConfiguration' to allow for resolving potential circular references
2017-10-26 07:47:04.639 DEBUG 12192 --- [    Test worker] o.s.b.f.s.DefaultListableBeanFactory     : Returning cached instance of singleton bean 'org.springframework.transaction.config.internalTransactionAdvisor'
2017-10-26 07:47:04.639 DEBUG 12192 --- [    Test worker] o.s.b.f.s.DefaultListableBeanFactory     : Returning cached instance of singleton bean 'org.springframework.transaction.config.internalTransactionAdvisor'
2017-10-26 07:47:04.641 DEBUG 12192 --- [    Test worker] o.s.b.f.s.DefaultListableBeanFactory     : Finished creating instance of bean 'org.springframework.boot.autoconfigure.data.web.SpringDataWebAutoConfiguration'
2017-10-26 07:47:04.646 DEBUG 12192 --- [    Test worker] o.s.b.f.s.DefaultListableBeanFactory     : Eagerly caching bean 'pageableCustomizer' to allow for resolving potential circular references
2017-10-26 07:47:04.648 DEBUG 12192 --- [    Test worker] o.s.b.f.s.DefaultListableBeanFactory     : Returning cached instance of singleton bean 'org.springframework.transaction.config.internalTransactionAdvisor'
2017-10-26 07:47:04.648 DEBUG 12192 --- [    Test worker] o.s.b.f.s.DefaultListableBeanFactory     : Returning cached instance of singleton bean 'org.springframework.transaction.config.internalTransactionAdvisor'
2017-10-26 07:47:04.648 DEBUG 12192 --- [    Test worker] o.s.b.f.s.DefaultListableBeanFactory     : Finished creating instance of bean 'pageableCustomizer'
2017-10-26 07:47:04.648 DEBUG 12192 --- [    Test worker] o.s.b.f.annotation.InjectionMetadata     : Processing injected element of bean 'org.springframework.data.web.config.SpringDataWebConfiguration': AutowiredFieldElement for private java.util.Optional org.springframework.data.web.config.SpringDataWebConfiguration.sortResolverCustomizer
2017-10-26 07:47:04.650 DEBUG 12192 --- [    Test worker] o.s.b.f.s.DefaultListableBeanFactory     : Creating shared instance of singleton bean 'sortCustomizer'
2017-10-26 07:47:04.650 DEBUG 12192 --- [    Test worker] o.s.b.f.s.DefaultListableBeanFactory     : Creating instance of bean 'sortCustomizer'
2017-10-26 07:47:04.650 DEBUG 12192 --- [    Test worker] o.s.b.f.s.DefaultListableBeanFactory     : Returning cached instance of singleton bean 'org.springframework.transaction.config.internalTransactionAdvisor'
2017-10-26 07:47:04.650 DEBUG 12192 --- [    Test worker] o.s.b.f.s.DefaultListableBeanFactory     : Returning cached instance of singleton bean 'org.springframework.boot.autoconfigure.data.web.SpringDataWebAutoConfiguration'
2017-10-26 07:47:04.651 DEBUG 12192 --- [    Test worker] o.s.b.f.s.DefaultListableBeanFactory     : Eagerly caching bean 'sortCustomizer' to allow for resolving potential circular references
2017-10-26 07:47:04.653 DEBUG 12192 --- [    Test worker] o.s.b.f.s.DefaultListableBeanFactory     : Returning cached instance of singleton bean 'org.springframework.transaction.config.internalTransactionAdvisor'
2017-10-26 07:47:04.654 DEBUG 12192 --- [    Test worker] o.s.b.f.s.DefaultListableBeanFactory     : Returning cached instance of singleton bean 'org.springframework.transaction.config.internalTransactionAdvisor'
2017-10-26 07:47:04.654 DEBUG 12192 --- [    Test worker] o.s.b.f.s.DefaultListableBeanFactory     : Finished creating instance of bean 'sortCustomizer'
2017-10-26 07:47:04.654 DEBUG 12192 --- [    Test worker] o.s.b.f.s.DefaultListableBeanFactory     : Returning cached instance of singleton bean 'org.springframework.transaction.config.internalTransactionAdvisor'
2017-10-26 07:47:04.654 DEBUG 12192 --- [    Test worker] o.s.b.f.s.DefaultListableBeanFactory     : Returning cached instance of singleton bean 'org.springframework.transaction.config.internalTransactionAdvisor'
2017-10-26 07:47:04.656 DEBUG 12192 --- [    Test worker] o.s.b.f.s.DefaultListableBeanFactory     : Finished creating instance of bean 'org.springframework.data.web.config.SpringDataWebConfiguration'
2017-10-26 07:47:04.657 DEBUG 12192 --- [    Test worker] f.a.AutowiredAnnotationBeanPostProcessor : Autowiring by type from bean name 'org.springframework.boot.autoconfigure.web.servlet.WebMvcAutoConfiguration$EnableWebMvcConfiguration' to bean named 'org.springframework.boot.autoconfigure.web.servlet.WebMvcAutoConfiguration$WebMvcAutoConfigurationAdapter'
2017-10-26 07:47:04.657 DEBUG 12192 --- [    Test worker] f.a.AutowiredAnnotationBeanPostProcessor : Autowiring by type from bean name 'org.springframework.boot.autoconfigure.web.servlet.WebMvcAutoConfiguration$EnableWebMvcConfiguration' to bean named 'org.springframework.boot.autoconfigure.orm.jpa.JpaBaseConfiguration$JpaWebConfiguration$JpaWebMvcConfiguration'
2017-10-26 07:47:04.657 DEBUG 12192 --- [    Test worker] f.a.AutowiredAnnotationBeanPostProcessor : Autowiring by type from bean name 'org.springframework.boot.autoconfigure.web.servlet.WebMvcAutoConfiguration$EnableWebMvcConfiguration' to bean named 'org.springframework.data.web.config.SpringDataWebConfiguration'
2017-10-26 07:47:04.657 DEBUG 12192 --- [    Test worker] o.s.b.f.s.DefaultListableBeanFactory     : Returning cached instance of singleton bean 'org.springframework.transaction.config.internalTransactionAdvisor'
2017-10-26 07:47:04.657 DEBUG 12192 --- [    Test worker] o.s.b.f.s.DefaultListableBeanFactory     : Returning cached instance of singleton bean 'org.springframework.transaction.config.internalTransactionAdvisor'
2017-10-26 07:47:04.661 DEBUG 12192 --- [    Test worker] o.s.b.f.s.DefaultListableBeanFactory     : Finished creating instance of bean 'org.springframework.boot.autoconfigure.web.servlet.WebMvcAutoConfiguration$EnableWebMvcConfiguration'
2017-10-26 07:47:04.661 DEBUG 12192 --- [    Test worker] o.s.b.f.s.DefaultListableBeanFactory     : Creating shared instance of singleton bean 'requestMappingHandlerAdapter'
2017-10-26 07:47:04.661 DEBUG 12192 --- [    Test worker] o.s.b.f.s.DefaultListableBeanFactory     : Creating instance of bean 'requestMappingHandlerAdapter'
2017-10-26 07:47:04.661 DEBUG 12192 --- [    Test worker] o.s.b.f.s.DefaultListableBeanFactory     : Returning cached instance of singleton bean 'org.springframework.transaction.config.internalTransactionAdvisor'
2017-10-26 07:47:04.661 DEBUG 12192 --- [    Test worker] o.s.b.f.s.DefaultListableBeanFactory     : Returning cached instance of singleton bean 'org.springframework.boot.autoconfigure.web.servlet.WebMvcAutoConfiguration$EnableWebMvcConfiguration'
2017-10-26 07:47:04.689 DEBUG 12192 --- [    Test worker] o.s.b.f.s.DefaultListableBeanFactory     : Creating shared instance of singleton bean 'mvcContentNegotiationManager'
2017-10-26 07:47:04.690 DEBUG 12192 --- [    Test worker] o.s.b.f.s.DefaultListableBeanFactory     : Creating instance of bean 'mvcContentNegotiationManager'
2017-10-26 07:47:04.690 DEBUG 12192 --- [    Test worker] o.s.b.f.s.DefaultListableBeanFactory     : Returning cached instance of singleton bean 'org.springframework.transaction.config.internalTransactionAdvisor'
2017-10-26 07:47:04.690 DEBUG 12192 --- [    Test worker] o.s.b.f.s.DefaultListableBeanFactory     : Returning cached instance of singleton bean 'org.springframework.boot.autoconfigure.web.servlet.WebMvcAutoConfiguration$EnableWebMvcConfiguration'
2017-10-26 07:47:04.696 DEBUG 12192 --- [    Test worker] o.s.b.f.s.DefaultListableBeanFactory     : Eagerly caching bean 'mvcContentNegotiationManager' to allow for resolving potential circular references
2017-10-26 07:47:04.698 DEBUG 12192 --- [    Test worker] o.s.b.f.s.DefaultListableBeanFactory     : Returning cached instance of singleton bean 'org.springframework.transaction.config.internalTransactionAdvisor'
2017-10-26 07:47:04.699 DEBUG 12192 --- [    Test worker] o.s.b.f.s.DefaultListableBeanFactory     : Returning cached instance of singleton bean 'org.springframework.transaction.config.internalTransactionAdvisor'
2017-10-26 07:47:04.699 DEBUG 12192 --- [    Test worker] o.s.b.f.s.DefaultListableBeanFactory     : Finished creating instance of bean 'mvcContentNegotiationManager'
2017-10-26 07:47:04.700 DEBUG 12192 --- [    Test worker] o.s.b.f.s.DefaultListableBeanFactory     : Creating shared instance of singleton bean 'messageConverters'
2017-10-26 07:47:04.700 DEBUG 12192 --- [    Test worker] o.s.b.f.s.DefaultListableBeanFactory     : Creating instance of bean 'messageConverters'
2017-10-26 07:47:04.700 DEBUG 12192 --- [    Test worker] o.s.b.f.s.DefaultListableBeanFactory     : Returning cached instance of singleton bean 'org.springframework.transaction.config.internalTransactionAdvisor'
2017-10-26 07:47:04.700 DEBUG 12192 --- [    Test worker] o.s.b.f.s.DefaultListableBeanFactory     : Creating shared instance of singleton bean 'org.springframework.boot.autoconfigure.http.HttpMessageConvertersAutoConfiguration'
2017-10-26 07:47:04.700 DEBUG 12192 --- [    Test worker] o.s.b.f.s.DefaultListableBeanFactory     : Creating instance of bean 'org.springframework.boot.autoconfigure.http.HttpMessageConvertersAutoConfiguration'
2017-10-26 07:47:04.700 DEBUG 12192 --- [    Test worker] o.s.b.f.s.DefaultListableBeanFactory     : Returning cached instance of singleton bean 'org.springframework.transaction.config.internalTransactionAdvisor'
2017-10-26 07:47:04.701 DEBUG 12192 --- [    Test worker] ocalVariableTableParameterNameDiscoverer : Cannot find '.class' file for class [class org.springframework.boot.autoconfigure.http.HttpMessageConvertersAutoConfiguration$$EnhancerBySpringCGLIB$$625ede48] - unable to determine constructor/method parameter names
2017-10-26 07:47:04.703 DEBUG 12192 --- [    Test worker] o.s.b.f.s.DefaultListableBeanFactory     : Creating shared instance of singleton bean 'stringHttpMessageConverter'
2017-10-26 07:47:04.703 DEBUG 12192 --- [    Test worker] o.s.b.f.s.DefaultListableBeanFactory     : Creating instance of bean 'stringHttpMessageConverter'
2017-10-26 07:47:04.703 DEBUG 12192 --- [    Test worker] o.s.b.f.s.DefaultListableBeanFactory     : Returning cached instance of singleton bean 'org.springframework.transaction.config.internalTransactionAdvisor'
2017-10-26 07:47:04.703 DEBUG 12192 --- [    Test worker] o.s.b.f.s.DefaultListableBeanFactory     : Creating shared instance of singleton bean 'org.springframework.boot.autoconfigure.http.HttpMessageConvertersAutoConfiguration$StringHttpMessageConverterConfiguration'
2017-10-26 07:47:04.703 DEBUG 12192 --- [    Test worker] o.s.b.f.s.DefaultListableBeanFactory     : Creating instance of bean 'org.springframework.boot.autoconfigure.http.HttpMessageConvertersAutoConfiguration$StringHttpMessageConverterConfiguration'
2017-10-26 07:47:04.703 DEBUG 12192 --- [    Test worker] o.s.b.f.s.DefaultListableBeanFactory     : Returning cached instance of singleton bean 'org.springframework.transaction.config.internalTransactionAdvisor'
2017-10-26 07:47:04.704 DEBUG 12192 --- [    Test worker] ocalVariableTableParameterNameDiscoverer : Cannot find '.class' file for class [class org.springframework.boot.autoconfigure.http.HttpMessageConvertersAutoConfiguration$StringHttpMessageConverterConfiguration$$EnhancerBySpringCGLIB$$956ca4e8] - unable to determine constructor/method parameter names
2017-10-26 07:47:04.704 DEBUG 12192 --- [    Test worker] o.s.b.f.s.DefaultListableBeanFactory     : Returning cached instance of singleton bean 'spring.http.encoding-org.springframework.boot.autoconfigure.http.HttpEncodingProperties'
2017-10-26 07:47:04.704 DEBUG 12192 --- [    Test worker] o.s.b.f.s.DefaultListableBeanFactory     : Autowiring by type from bean name 'org.springframework.boot.autoconfigure.http.HttpMessageConvertersAutoConfiguration$StringHttpMessageConverterConfiguration' via constructor to bean named 'spring.http.encoding-org.springframework.boot.autoconfigure.http.HttpEncodingProperties'
2017-10-26 07:47:04.705 DEBUG 12192 --- [    Test worker] o.s.b.f.s.DefaultListableBeanFactory     : Eagerly caching bean 'org.springframework.boot.autoconfigure.http.HttpMessageConvertersAutoConfiguration$StringHttpMessageConverterConfiguration' to allow for resolving potential circular references
2017-10-26 07:47:04.709 DEBUG 12192 --- [    Test worker] o.s.b.f.s.DefaultListableBeanFactory     : Returning cached instance of singleton bean 'org.springframework.transaction.config.internalTransactionAdvisor'
2017-10-26 07:47:04.709 DEBUG 12192 --- [    Test worker] o.s.b.f.s.DefaultListableBeanFactory     : Returning cached instance of singleton bean 'org.springframework.transaction.config.internalTransactionAdvisor'
2017-10-26 07:47:04.710 DEBUG 12192 --- [    Test worker] o.s.b.f.s.DefaultListableBeanFactory     : Finished creating instance of bean 'org.springframework.boot.autoconfigure.http.HttpMessageConvertersAutoConfiguration$StringHttpMessageConverterConfiguration'
2017-10-26 07:47:04.719 DEBUG 12192 --- [    Test worker] o.s.b.f.s.DefaultListableBeanFactory     : Eagerly caching bean 'stringHttpMessageConverter' to allow for resolving potential circular references
2017-10-26 07:47:04.723 DEBUG 12192 --- [    Test worker] o.s.b.f.s.DefaultListableBeanFactory     : Returning cached instance of singleton bean 'org.springframework.transaction.config.internalTransactionAdvisor'
2017-10-26 07:47:04.723 DEBUG 12192 --- [    Test worker] o.s.b.f.s.DefaultListableBeanFactory     : Returning cached instance of singleton bean 'org.springframework.transaction.config.internalTransactionAdvisor'
2017-10-26 07:47:04.723 DEBUG 12192 --- [    Test worker] o.s.b.f.s.DefaultListableBeanFactory     : Finished creating instance of bean 'stringHttpMessageConverter'
2017-10-26 07:47:04.725 DEBUG 12192 --- [    Test worker] o.s.b.f.s.DefaultListableBeanFactory     : Creating shared instance of singleton bean 'mappingJackson2HttpMessageConverter'
2017-10-26 07:47:04.725 DEBUG 12192 --- [    Test worker] o.s.b.f.s.DefaultListableBeanFactory     : Creating instance of bean 'mappingJackson2HttpMessageConverter'
2017-10-26 07:47:04.725 DEBUG 12192 --- [    Test worker] o.s.b.f.s.DefaultListableBeanFactory     : Returning cached instance of singleton bean 'org.springframework.transaction.config.internalTransactionAdvisor'
2017-10-26 07:47:04.725 DEBUG 12192 --- [    Test worker] o.s.b.f.s.DefaultListableBeanFactory     : Creating shared instance of singleton bean 'org.springframework.boot.autoconfigure.http.JacksonHttpMessageConvertersConfiguration$MappingJackson2HttpMessageConverterConfiguration'
2017-10-26 07:47:04.725 DEBUG 12192 --- [    Test worker] o.s.b.f.s.DefaultListableBeanFactory     : Creating instance of bean 'org.springframework.boot.autoconfigure.http.JacksonHttpMessageConvertersConfiguration$MappingJackson2HttpMessageConverterConfiguration'
2017-10-26 07:47:04.725 DEBUG 12192 --- [    Test worker] o.s.b.f.s.DefaultListableBeanFactory     : Returning cached instance of singleton bean 'org.springframework.transaction.config.internalTransactionAdvisor'
2017-10-26 07:47:04.726 DEBUG 12192 --- [    Test worker] o.s.b.f.s.DefaultListableBeanFactory     : Eagerly caching bean 'org.springframework.boot.autoconfigure.http.JacksonHttpMessageConvertersConfiguration$MappingJackson2HttpMessageConverterConfiguration' to allow for resolving potential circular references
2017-10-26 07:47:04.729 DEBUG 12192 --- [    Test worker] o.s.b.f.s.DefaultListableBeanFactory     : Returning cached instance of singleton bean 'org.springframework.transaction.config.internalTransactionAdvisor'
2017-10-26 07:47:04.729 DEBUG 12192 --- [    Test worker] o.s.b.f.s.DefaultListableBeanFactory     : Returning cached instance of singleton bean 'org.springframework.transaction.config.internalTransactionAdvisor'
2017-10-26 07:47:04.730 DEBUG 12192 --- [    Test worker] o.s.b.f.s.DefaultListableBeanFactory     : Finished creating instance of bean 'org.springframework.boot.autoconfigure.http.JacksonHttpMessageConvertersConfiguration$MappingJackson2HttpMessageConverterConfiguration'
2017-10-26 07:47:04.730 DEBUG 12192 --- [    Test worker] o.s.b.f.s.DefaultListableBeanFactory     : Returning cached instance of singleton bean 'jacksonObjectMapper'
2017-10-26 07:47:04.730 DEBUG 12192 --- [    Test worker] o.s.b.f.s.DefaultListableBeanFactory     : Autowiring by type from bean name 'mappingJackson2HttpMessageConverter' via factory method to bean named 'jacksonObjectMapper'
2017-10-26 07:47:04.735 DEBUG 12192 --- [    Test worker] o.s.b.f.s.DefaultListableBeanFactory     : Eagerly caching bean 'mappingJackson2HttpMessageConverter' to allow for resolving potential circular references
2017-10-26 07:47:04.740 DEBUG 12192 --- [    Test worker] o.s.b.f.s.DefaultListableBeanFactory     : Returning cached instance of singleton bean 'org.springframework.transaction.config.internalTransactionAdvisor'
2017-10-26 07:47:04.740 DEBUG 12192 --- [    Test worker] o.s.b.f.s.DefaultListableBeanFactory     : Returning cached instance of singleton bean 'org.springframework.transaction.config.internalTransactionAdvisor'
2017-10-26 07:47:04.742 DEBUG 12192 --- [    Test worker] o.s.b.f.s.DefaultListableBeanFactory     : Finished creating instance of bean 'mappingJackson2HttpMessageConverter'
2017-10-26 07:47:04.742 DEBUG 12192 --- [    Test worker] o.s.b.f.s.DefaultListableBeanFactory     : Eagerly caching bean 'org.springframework.boot.autoconfigure.http.HttpMessageConvertersAutoConfiguration' to allow for resolving potential circular references
2017-10-26 07:47:04.745 DEBUG 12192 --- [    Test worker] o.s.b.f.s.DefaultListableBeanFactory     : Returning cached instance of singleton bean 'org.springframework.transaction.config.internalTransactionAdvisor'
2017-10-26 07:47:04.745 DEBUG 12192 --- [    Test worker] o.s.b.f.s.DefaultListableBeanFactory     : Returning cached instance of singleton bean 'org.springframework.transaction.config.internalTransactionAdvisor'
2017-10-26 07:47:04.746 DEBUG 12192 --- [    Test worker] o.s.b.f.s.DefaultListableBeanFactory     : Finished creating instance of bean 'org.springframework.boot.autoconfigure.http.HttpMessageConvertersAutoConfiguration'
2017-10-26 07:47:04.756 DEBUG 12192 --- [    Test worker] o.s.b.f.s.DefaultListableBeanFactory     : Eagerly caching bean 'messageConverters' to allow for resolving potential circular references
2017-10-26 07:47:04.758 DEBUG 12192 --- [    Test worker] o.s.b.f.s.DefaultListableBeanFactory     : Returning cached instance of singleton bean 'org.springframework.transaction.config.internalTransactionAdvisor'
2017-10-26 07:47:04.758 DEBUG 12192 --- [    Test worker] o.s.b.f.s.DefaultListableBeanFactory     : Returning cached instance of singleton bean 'org.springframework.transaction.config.internalTransactionAdvisor'
2017-10-26 07:47:04.759 DEBUG 12192 --- [    Test worker] o.s.b.f.s.DefaultListableBeanFactory     : Finished creating instance of bean 'messageConverters'
2017-10-26 07:47:04.773 DEBUG 12192 --- [    Test worker] o.s.b.f.s.DefaultListableBeanFactory     : Returning cached instance of singleton bean 'jacksonObjectMapper'
2017-10-26 07:47:04.835 DEBUG 12192 --- [    Test worker] o.s.b.f.s.DefaultListableBeanFactory     : Creating shared instance of singleton bean 'mvcConversionService'
2017-10-26 07:47:04.835 DEBUG 12192 --- [    Test worker] o.s.b.f.s.DefaultListableBeanFactory     : Creating instance of bean 'mvcConversionService'
2017-10-26 07:47:04.835 DEBUG 12192 --- [    Test worker] o.s.b.f.s.DefaultListableBeanFactory     : Returning cached instance of singleton bean 'org.springframework.transaction.config.internalTransactionAdvisor'
2017-10-26 07:47:04.835 DEBUG 12192 --- [    Test worker] o.s.b.f.s.DefaultListableBeanFactory     : Returning cached instance of singleton bean 'org.springframework.boot.autoconfigure.web.servlet.WebMvcAutoConfiguration$EnableWebMvcConfiguration'
2017-10-26 07:47:04.854 DEBUG 12192 --- [    Test worker] o.s.b.f.s.DefaultListableBeanFactory     : Eagerly caching bean 'mvcConversionService' to allow for resolving potential circular references
2017-10-26 07:47:04.860 DEBUG 12192 --- [    Test worker] o.s.b.f.s.DefaultListableBeanFactory     : Returning cached instance of singleton bean 'org.springframework.transaction.config.internalTransactionAdvisor'
2017-10-26 07:47:04.860 DEBUG 12192 --- [    Test worker] o.s.b.f.s.DefaultListableBeanFactory     : Returning cached instance of singleton bean 'org.springframework.transaction.config.internalTransactionAdvisor'
2017-10-26 07:47:04.863 DEBUG 12192 --- [    Test worker] o.s.b.f.s.DefaultListableBeanFactory     : Finished creating instance of bean 'mvcConversionService'
2017-10-26 07:47:04.864 DEBUG 12192 --- [    Test worker] o.s.b.f.s.DefaultListableBeanFactory     : Creating shared instance of singleton bean 'mvcValidator'
2017-10-26 07:47:04.864 DEBUG 12192 --- [    Test worker] o.s.b.f.s.DefaultListableBeanFactory     : Creating instance of bean 'mvcValidator'
2017-10-26 07:47:04.864 DEBUG 12192 --- [    Test worker] o.s.b.f.s.DefaultListableBeanFactory     : Returning cached instance of singleton bean 'org.springframework.transaction.config.internalTransactionAdvisor'
2017-10-26 07:47:04.864 DEBUG 12192 --- [    Test worker] o.s.b.f.s.DefaultListableBeanFactory     : Returning cached instance of singleton bean 'org.springframework.boot.autoconfigure.web.servlet.WebMvcAutoConfiguration$EnableWebMvcConfiguration'
2017-10-26 07:47:04.867 DEBUG 12192 --- [    Test worker] o.s.b.f.s.DefaultListableBeanFactory     : Returning cached instance of singleton bean 'defaultValidator'
2017-10-26 07:47:04.867 DEBUG 12192 --- [    Test worker] o.s.b.f.s.DefaultListableBeanFactory     : Eagerly caching bean 'mvcValidator' to allow for resolving potential circular references
2017-10-26 07:47:04.872 DEBUG 12192 --- [    Test worker] o.s.b.f.s.DefaultListableBeanFactory     : Invoking afterPropertiesSet() on bean with name 'mvcValidator'
2017-10-26 07:47:04.872 DEBUG 12192 --- [    Test worker] o.s.b.f.s.DefaultListableBeanFactory     : Returning cached instance of singleton bean 'org.springframework.transaction.config.internalTransactionAdvisor'
2017-10-26 07:47:04.872 DEBUG 12192 --- [    Test worker] o.s.b.f.s.DefaultListableBeanFactory     : Returning cached instance of singleton bean 'org.springframework.transaction.config.internalTransactionAdvisor'
2017-10-26 07:47:04.872 DEBUG 12192 --- [    Test worker] o.s.b.f.s.DefaultListableBeanFactory     : Finished creating instance of bean 'mvcValidator'
2017-10-26 07:47:04.873 DEBUG 12192 --- [    Test worker] o.s.b.f.s.DefaultListableBeanFactory     : Creating shared instance of singleton bean 'sortResolver'
2017-10-26 07:47:04.873 DEBUG 12192 --- [    Test worker] o.s.b.f.s.DefaultListableBeanFactory     : Creating instance of bean 'sortResolver'
2017-10-26 07:47:04.873 DEBUG 12192 --- [    Test worker] o.s.b.f.s.DefaultListableBeanFactory     : Returning cached instance of singleton bean 'org.springframework.transaction.config.internalTransactionAdvisor'
2017-10-26 07:47:04.873 DEBUG 12192 --- [    Test worker] o.s.b.f.s.DefaultListableBeanFactory     : Returning cached instance of singleton bean 'org.springframework.data.web.config.SpringDataWebConfiguration'
2017-10-26 07:47:04.885 DEBUG 12192 --- [    Test worker] o.s.b.f.s.DefaultListableBeanFactory     : Eagerly caching bean 'sortResolver' to allow for resolving potential circular references
2017-10-26 07:47:04.887 DEBUG 12192 --- [    Test worker] o.s.b.f.s.DefaultListableBeanFactory     : Returning cached instance of singleton bean 'org.springframework.transaction.config.internalTransactionAdvisor'
2017-10-26 07:47:04.887 DEBUG 12192 --- [    Test worker] o.s.b.f.s.DefaultListableBeanFactory     : Returning cached instance of singleton bean 'org.springframework.transaction.config.internalTransactionAdvisor'
2017-10-26 07:47:04.888 DEBUG 12192 --- [    Test worker] o.s.b.f.s.DefaultListableBeanFactory     : Finished creating instance of bean 'sortResolver'
2017-10-26 07:47:04.888 DEBUG 12192 --- [    Test worker] o.s.b.f.s.DefaultListableBeanFactory     : Creating shared instance of singleton bean 'pageableResolver'
2017-10-26 07:47:04.888 DEBUG 12192 --- [    Test worker] o.s.b.f.s.DefaultListableBeanFactory     : Creating instance of bean 'pageableResolver'
2017-10-26 07:47:04.888 DEBUG 12192 --- [    Test worker] o.s.b.f.s.DefaultListableBeanFactory     : Returning cached instance of singleton bean 'org.springframework.transaction.config.internalTransactionAdvisor'
2017-10-26 07:47:04.889 DEBUG 12192 --- [    Test worker] o.s.b.f.s.DefaultListableBeanFactory     : Returning cached instance of singleton bean 'org.springframework.data.web.config.SpringDataWebConfiguration'
2017-10-26 07:47:04.891 DEBUG 12192 --- [    Test worker] o.s.b.f.s.DefaultListableBeanFactory     : Returning cached instance of singleton bean 'sortResolver'
2017-10-26 07:47:04.892 DEBUG 12192 --- [    Test worker] o.s.b.f.s.DefaultListableBeanFactory     : Eagerly caching bean 'pageableResolver' to allow for resolving potential circular references
2017-10-26 07:47:04.894 DEBUG 12192 --- [    Test worker] o.s.b.f.s.DefaultListableBeanFactory     : Returning cached instance of singleton bean 'org.springframework.transaction.config.internalTransactionAdvisor'
2017-10-26 07:47:04.895 DEBUG 12192 --- [    Test worker] o.s.b.f.s.DefaultListableBeanFactory     : Returning cached instance of singleton bean 'org.springframework.transaction.config.internalTransactionAdvisor'
2017-10-26 07:47:04.896 DEBUG 12192 --- [    Test worker] o.s.b.f.s.DefaultListableBeanFactory     : Finished creating instance of bean 'pageableResolver'
2017-10-26 07:47:04.899 DEBUG 12192 --- [    Test worker] o.s.b.f.s.DefaultListableBeanFactory     : Returning cached instance of singleton bean 'mvcConversionService'
2017-10-26 07:47:04.909 DEBUG 12192 --- [    Test worker] o.s.b.f.s.DefaultListableBeanFactory     : Eagerly caching bean 'requestMappingHandlerAdapter' to allow for resolving potential circular references
2017-10-26 07:47:04.919 DEBUG 12192 --- [    Test worker] o.s.b.f.s.DefaultListableBeanFactory     : Invoking afterPropertiesSet() on bean with name 'requestMappingHandlerAdapter'
2017-10-26 07:47:04.919  INFO 12192 --- [    Test worker] s.w.s.m.m.a.RequestMappingHandlerAdapter : Looking for @ControllerAdvice: org.springframework.web.context.support.GenericWebApplicationContext@739e2a40: startup date [Thu Oct 26 07:46:59 COT 2017]; root of context hierarchy
2017-10-26 07:47:04.968 DEBUG 12192 --- [    Test worker] o.s.b.f.s.DefaultListableBeanFactory     : Returning cached instance of singleton bean 'org.springframework.transaction.config.internalTransactionAdvisor'
2017-10-26 07:47:04.969 DEBUG 12192 --- [    Test worker] o.s.b.f.s.DefaultListableBeanFactory     : Returning cached instance of singleton bean 'org.springframework.transaction.config.internalTransactionAdvisor'
2017-10-26 07:47:04.975 DEBUG 12192 --- [    Test worker] o.s.b.f.s.DefaultListableBeanFactory     : Finished creating instance of bean 'requestMappingHandlerAdapter'
2017-10-26 07:47:04.975 DEBUG 12192 --- [    Test worker] o.s.b.f.s.DefaultListableBeanFactory     : Creating shared instance of singleton bean 'requestMappingHandlerMapping'
2017-10-26 07:47:04.975 DEBUG 12192 --- [    Test worker] o.s.b.f.s.DefaultListableBeanFactory     : Creating instance of bean 'requestMappingHandlerMapping'
2017-10-26 07:47:04.975 DEBUG 12192 --- [    Test worker] o.s.b.f.s.DefaultListableBeanFactory     : Returning cached instance of singleton bean 'org.springframework.transaction.config.internalTransactionAdvisor'
2017-10-26 07:47:04.975 DEBUG 12192 --- [    Test worker] o.s.b.f.s.DefaultListableBeanFactory     : Returning cached instance of singleton bean 'org.springframework.boot.autoconfigure.web.servlet.WebMvcAutoConfiguration$EnableWebMvcConfiguration'
2017-10-26 07:47:04.988 DEBUG 12192 --- [    Test worker] o.s.b.f.s.DefaultListableBeanFactory     : Creating shared instance of singleton bean 'openEntityManagerInViewInterceptor'
2017-10-26 07:47:04.988 DEBUG 12192 --- [    Test worker] o.s.b.f.s.DefaultListableBeanFactory     : Creating instance of bean 'openEntityManagerInViewInterceptor'
2017-10-26 07:47:04.989 DEBUG 12192 --- [    Test worker] o.s.b.f.s.DefaultListableBeanFactory     : Returning cached instance of singleton bean 'org.springframework.transaction.config.internalTransactionAdvisor'
2017-10-26 07:47:04.989 DEBUG 12192 --- [    Test worker] o.s.b.f.s.DefaultListableBeanFactory     : Returning cached instance of singleton bean 'org.springframework.boot.autoconfigure.orm.jpa.JpaBaseConfiguration$JpaWebConfiguration$JpaWebMvcConfiguration'
2017-10-26 07:47:04.997 DEBUG 12192 --- [    Test worker] o.s.b.f.s.DefaultListableBeanFactory     : Eagerly caching bean 'openEntityManagerInViewInterceptor' to allow for resolving potential circular references
2017-10-26 07:47:05.005 DEBUG 12192 --- [    Test worker] o.s.b.f.s.DefaultListableBeanFactory     : Returning cached instance of singleton bean 'entityManagerFactory'
2017-10-26 07:47:05.005 DEBUG 12192 --- [    Test worker] o.s.b.f.s.DefaultListableBeanFactory     : Returning cached instance of singleton bean 'org.springframework.transaction.config.internalTransactionAdvisor'
2017-10-26 07:47:05.005 DEBUG 12192 --- [    Test worker] o.s.b.f.s.DefaultListableBeanFactory     : Returning cached instance of singleton bean 'org.springframework.transaction.config.internalTransactionAdvisor'
2017-10-26 07:47:05.006 DEBUG 12192 --- [    Test worker] o.s.b.f.s.DefaultListableBeanFactory     : Finished creating instance of bean 'openEntityManagerInViewInterceptor'
2017-10-26 07:47:05.009 DEBUG 12192 --- [    Test worker] o.s.b.f.s.DefaultListableBeanFactory     : Returning cached instance of singleton bean 'mvcConversionService'
2017-10-26 07:47:05.010 DEBUG 12192 --- [    Test worker] o.s.b.f.s.DefaultListableBeanFactory     : Creating shared instance of singleton bean 'mvcResourceUrlProvider'
2017-10-26 07:47:05.010 DEBUG 12192 --- [    Test worker] o.s.b.f.s.DefaultListableBeanFactory     : Creating instance of bean 'mvcResourceUrlProvider'
2017-10-26 07:47:05.010 DEBUG 12192 --- [    Test worker] o.s.b.f.s.DefaultListableBeanFactory     : Returning cached instance of singleton bean 'org.springframework.transaction.config.internalTransactionAdvisor'
2017-10-26 07:47:05.010 DEBUG 12192 --- [    Test worker] o.s.b.f.s.DefaultListableBeanFactory     : Returning cached instance of singleton bean 'org.springframework.boot.autoconfigure.web.servlet.WebMvcAutoConfiguration$EnableWebMvcConfiguration'
2017-10-26 07:47:05.012 DEBUG 12192 --- [    Test worker] o.s.b.f.s.DefaultListableBeanFactory     : Eagerly caching bean 'mvcResourceUrlProvider' to allow for resolving potential circular references
2017-10-26 07:47:05.014 DEBUG 12192 --- [    Test worker] o.s.b.f.s.DefaultListableBeanFactory     : Returning cached instance of singleton bean 'org.springframework.transaction.config.internalTransactionAdvisor'
2017-10-26 07:47:05.014 DEBUG 12192 --- [    Test worker] o.s.b.f.s.DefaultListableBeanFactory     : Returning cached instance of singleton bean 'org.springframework.transaction.config.internalTransactionAdvisor'
2017-10-26 07:47:05.015 DEBUG 12192 --- [    Test worker] o.s.b.f.s.DefaultListableBeanFactory     : Finished creating instance of bean 'mvcResourceUrlProvider'
2017-10-26 07:47:05.018 DEBUG 12192 --- [    Test worker] o.s.b.f.s.DefaultListableBeanFactory     : Returning cached instance of singleton bean 'mvcContentNegotiationManager'
2017-10-26 07:47:05.025 DEBUG 12192 --- [    Test worker] o.s.b.f.s.DefaultListableBeanFactory     : Eagerly caching bean 'requestMappingHandlerMapping' to allow for resolving potential circular references
2017-10-26 07:47:05.037 DEBUG 12192 --- [    Test worker] o.s.b.f.s.DefaultListableBeanFactory     : Invoking afterPropertiesSet() on bean with name 'requestMappingHandlerMapping'
2017-10-26 07:47:05.037 DEBUG 12192 --- [    Test worker] s.w.s.m.m.a.RequestMappingHandlerMapping : Looking for request mappings in application context: org.springframework.web.context.support.GenericWebApplicationContext@739e2a40: startup date [Thu Oct 26 07:46:59 COT 2017]; root of context hierarchy
2017-10-26 07:47:05.054 DEBUG 12192 --- [    Test worker] s.w.s.m.m.a.RequestMappingHandlerMapping : 1 request handler methods found on class com.ceiba.restservice.vehiculocontroller: {public java.util.List com.ceiba.restservice.vehiculocontroller.getvehiculoslist()={[/vehiculo],methods=[GET]}}
2017-10-26 07:47:05.054  INFO 12192 --- [    Test worker] s.w.s.m.m.a.RequestMappingHandlerMapping : Mapped "{[/vehiculo],methods=[GET]}" onto public java.util.List<com.ceiba.dominio.vehiculo> com.ceiba.restservice.vehiculocontroller.getvehiculoslist()
2017-10-26 07:47:05.058 DEBUG 12192 --- [    Test worker] o.s.c.e.PropertySourcesPropertyResolver  : Could not find key 'error.path:/error' in any property source
2017-10-26 07:47:05.058 DEBUG 12192 --- [    Test worker] o.s.c.e.PropertySourcesPropertyResolver  : Could not find key 'error.path:/error' in any property source
2017-10-26 07:47:05.059 DEBUG 12192 --- [    Test worker] o.s.c.e.PropertySourcesPropertyResolver  : Could not find key 'error.path' in any property source
2017-10-26 07:47:05.059 DEBUG 12192 --- [    Test worker] o.s.c.e.PropertySourcesPropertyResolver  : Could not find key 'error.path' in any property source
2017-10-26 07:47:05.059 DEBUG 12192 --- [    Test worker] o.s.c.e.PropertySourcesPropertyResolver  : Could not find key 'server.error.path:/error' in any property source
2017-10-26 07:47:05.059 DEBUG 12192 --- [    Test worker] o.s.c.e.PropertySourcesPropertyResolver  : Could not find key 'server.error.path:/error' in any property source
2017-10-26 07:47:05.059 DEBUG 12192 --- [    Test worker] o.s.c.e.PropertySourcesPropertyResolver  : Could not find key 'server.error.path' in any property source
2017-10-26 07:47:05.059 DEBUG 12192 --- [    Test worker] o.s.c.e.PropertySourcesPropertyResolver  : Could not find key 'server.error.path' in any property source
2017-10-26 07:47:05.060 DEBUG 12192 --- [    Test worker] o.s.c.e.PropertySourcesPropertyResolver  : Could not find key 'error.path:/error' in any property source
2017-10-26 07:47:05.060 DEBUG 12192 --- [    Test worker] o.s.c.e.PropertySourcesPropertyResolver  : Could not find key 'error.path:/error' in any property source
2017-10-26 07:47:05.060 DEBUG 12192 --- [    Test worker] o.s.c.e.PropertySourcesPropertyResolver  : Could not find key 'error.path' in any property source
2017-10-26 07:47:05.060 DEBUG 12192 --- [    Test worker] o.s.c.e.PropertySourcesPropertyResolver  : Could not find key 'error.path' in any property source
2017-10-26 07:47:05.060 DEBUG 12192 --- [    Test worker] o.s.c.e.PropertySourcesPropertyResolver  : Could not find key 'server.error.path:/error' in any property source
2017-10-26 07:47:05.060 DEBUG 12192 --- [    Test worker] o.s.c.e.PropertySourcesPropertyResolver  : Could not find key 'server.error.path:/error' in any property source
2017-10-26 07:47:05.060 DEBUG 12192 --- [    Test worker] o.s.c.e.PropertySourcesPropertyResolver  : Could not find key 'server.error.path' in any property source
2017-10-26 07:47:05.060 DEBUG 12192 --- [    Test worker] o.s.c.e.PropertySourcesPropertyResolver  : Could not find key 'server.error.path' in any property source
2017-10-26 07:47:05.061 DEBUG 12192 --- [    Test worker] s.w.s.m.m.a.RequestMappingHandlerMapping : 2 request handler methods found on class org.springframework.boot.autoconfigure.web.servlet.error.BasicErrorController: {public org.springframework.http.ResponseEntity org.springframework.boot.autoconfigure.web.servlet.error.BasicErrorController.error(javax.servlet.http.HttpServletRequest)={[/error]}, public org.springframework.web.servlet.ModelAndView org.springframework.boot.autoconfigure.web.servlet.error.BasicErrorController.errorHtml(javax.servlet.http.HttpServletRequest,javax.servlet.http.HttpServletResponse)={[/error],produces=[text/html]}}
2017-10-26 07:47:05.061  INFO 12192 --- [    Test worker] s.w.s.m.m.a.RequestMappingHandlerMapping : Mapped "{[/error]}" onto public org.springframework.http.ResponseEntity<java.util.Map<java.lang.String, java.lang.Object>> org.springframework.boot.autoconfigure.web.servlet.error.BasicErrorController.error(javax.servlet.http.HttpServletRequest)
2017-10-26 07:47:05.062  INFO 12192 --- [    Test worker] s.w.s.m.m.a.RequestMappingHandlerMapping : Mapped "{[/error],produces=[text/html]}" onto public org.springframework.web.servlet.ModelAndView org.springframework.boot.autoconfigure.web.servlet.error.BasicErrorController.errorHtml(javax.servlet.http.HttpServletRequest,javax.servlet.http.HttpServletResponse)
2017-10-26 07:47:05.066 DEBUG 12192 --- [    Test worker] o.s.b.f.s.DefaultListableBeanFactory     : Returning cached instance of singleton bean 'org.springframework.transaction.config.internalTransactionAdvisor'
2017-10-26 07:47:05.066 DEBUG 12192 --- [    Test worker] o.s.b.f.s.DefaultListableBeanFactory     : Returning cached instance of singleton bean 'org.springframework.transaction.config.internalTransactionAdvisor'
2017-10-26 07:47:05.071 DEBUG 12192 --- [    Test worker] o.s.b.f.s.DefaultListableBeanFactory     : Finished creating instance of bean 'requestMappingHandlerMapping'
2017-10-26 07:47:05.071 DEBUG 12192 --- [    Test worker] o.s.b.f.s.DefaultListableBeanFactory     : Returning cached instance of singleton bean 'mvcValidator'
2017-10-26 07:47:05.071 DEBUG 12192 --- [    Test worker] o.s.b.f.s.DefaultListableBeanFactory     : Returning cached instance of singleton bean 'mvcContentNegotiationManager'
2017-10-26 07:47:05.071 DEBUG 12192 --- [    Test worker] o.s.b.f.s.DefaultListableBeanFactory     : Creating shared instance of singleton bean 'mvcPathMatcher'
2017-10-26 07:47:05.071 DEBUG 12192 --- [    Test worker] o.s.b.f.s.DefaultListableBeanFactory     : Creating instance of bean 'mvcPathMatcher'
2017-10-26 07:47:05.072 DEBUG 12192 --- [    Test worker] o.s.b.f.s.DefaultListableBeanFactory     : Returning cached instance of singleton bean 'org.springframework.transaction.config.internalTransactionAdvisor'
2017-10-26 07:47:05.072 DEBUG 12192 --- [    Test worker] o.s.b.f.s.DefaultListableBeanFactory     : Returning cached instance of singleton bean 'org.springframework.boot.autoconfigure.web.servlet.WebMvcAutoConfiguration$EnableWebMvcConfiguration'
2017-10-26 07:47:05.073 DEBUG 12192 --- [    Test worker] o.s.b.f.s.DefaultListableBeanFactory     : Eagerly caching bean 'mvcPathMatcher' to allow for resolving potential circular references
2017-10-26 07:47:05.076 DEBUG 12192 --- [    Test worker] o.s.b.f.s.DefaultListableBeanFactory     : Returning cached instance of singleton bean 'org.springframework.transaction.config.internalTransactionAdvisor'
2017-10-26 07:47:05.076 DEBUG 12192 --- [    Test worker] o.s.b.f.s.DefaultListableBeanFactory     : Returning cached instance of singleton bean 'org.springframework.transaction.config.internalTransactionAdvisor'
2017-10-26 07:47:05.076 DEBUG 12192 --- [    Test worker] o.s.b.f.s.DefaultListableBeanFactory     : Finished creating instance of bean 'mvcPathMatcher'
2017-10-26 07:47:05.077 DEBUG 12192 --- [    Test worker] o.s.b.f.s.DefaultListableBeanFactory     : Creating shared instance of singleton bean 'mvcUrlPathHelper'
2017-10-26 07:47:05.077 DEBUG 12192 --- [    Test worker] o.s.b.f.s.DefaultListableBeanFactory     : Creating instance of bean 'mvcUrlPathHelper'
2017-10-26 07:47:05.077 DEBUG 12192 --- [    Test worker] o.s.b.f.s.DefaultListableBeanFactory     : Returning cached instance of singleton bean 'org.springframework.transaction.config.internalTransactionAdvisor'
2017-10-26 07:47:05.077 DEBUG 12192 --- [    Test worker] o.s.b.f.s.DefaultListableBeanFactory     : Returning cached instance of singleton bean 'org.springframework.boot.autoconfigure.web.servlet.WebMvcAutoConfiguration$EnableWebMvcConfiguration'
2017-10-26 07:47:05.078 DEBUG 12192 --- [    Test worker] o.s.b.f.s.DefaultListableBeanFactory     : Eagerly caching bean 'mvcUrlPathHelper' to allow for resolving potential circular references
2017-10-26 07:47:05.080 DEBUG 12192 --- [    Test worker] o.s.b.f.s.DefaultListableBeanFactory     : Returning cached instance of singleton bean 'org.springframework.transaction.config.internalTransactionAdvisor'
2017-10-26 07:47:05.080 DEBUG 12192 --- [    Test worker] o.s.b.f.s.DefaultListableBeanFactory     : Returning cached instance of singleton bean 'org.springframework.transaction.config.internalTransactionAdvisor'
2017-10-26 07:47:05.080 DEBUG 12192 --- [    Test worker] o.s.b.f.s.DefaultListableBeanFactory     : Finished creating instance of bean 'mvcUrlPathHelper'
2017-10-26 07:47:05.080 DEBUG 12192 --- [    Test worker] o.s.b.f.s.DefaultListableBeanFactory     : Creating shared instance of singleton bean 'viewControllerHandlerMapping'
2017-10-26 07:47:05.080 DEBUG 12192 --- [    Test worker] o.s.b.f.s.DefaultListableBeanFactory     : Creating instance of bean 'viewControllerHandlerMapping'
2017-10-26 07:47:05.080 DEBUG 12192 --- [    Test worker] o.s.b.f.s.DefaultListableBeanFactory     : Returning cached instance of singleton bean 'org.springframework.transaction.config.internalTransactionAdvisor'
2017-10-26 07:47:05.081 DEBUG 12192 --- [    Test worker] o.s.b.f.s.DefaultListableBeanFactory     : Returning cached instance of singleton bean 'org.springframework.boot.autoconfigure.web.servlet.WebMvcAutoConfiguration$EnableWebMvcConfiguration'
2017-10-26 07:47:05.081 DEBUG 12192 --- [    Test worker] o.s.b.f.s.DefaultListableBeanFactory     : Returning cached instance of singleton bean 'mvcPathMatcher'
2017-10-26 07:47:05.081 DEBUG 12192 --- [    Test worker] o.s.b.f.s.DefaultListableBeanFactory     : Returning cached instance of singleton bean 'mvcUrlPathHelper'
2017-10-26 07:47:05.082 DEBUG 12192 --- [    Test worker] o.s.b.f.s.DefaultListableBeanFactory     : Eagerly caching bean 'viewControllerHandlerMapping' to allow for resolving potential circular references
2017-10-26 07:47:05.090 DEBUG 12192 --- [    Test worker] o.s.b.f.s.DefaultListableBeanFactory     : Returning cached instance of singleton bean 'org.springframework.transaction.config.internalTransactionAdvisor'
2017-10-26 07:47:05.091 DEBUG 12192 --- [    Test worker] o.s.b.f.s.DefaultListableBeanFactory     : Returning cached instance of singleton bean 'org.springframework.transaction.config.internalTransactionAdvisor'
2017-10-26 07:47:05.094 DEBUG 12192 --- [    Test worker] o.s.b.f.s.DefaultListableBeanFactory     : Finished creating instance of bean 'viewControllerHandlerMapping'
2017-10-26 07:47:05.094 DEBUG 12192 --- [    Test worker] o.s.b.f.s.DefaultListableBeanFactory     : Creating shared instance of singleton bean 'beanNameHandlerMapping'
2017-10-26 07:47:05.094 DEBUG 12192 --- [    Test worker] o.s.b.f.s.DefaultListableBeanFactory     : Creating instance of bean 'beanNameHandlerMapping'
2017-10-26 07:47:05.095 DEBUG 12192 --- [    Test worker] o.s.b.f.s.DefaultListableBeanFactory     : Returning cached instance of singleton bean 'org.springframework.transaction.config.internalTransactionAdvisor'
2017-10-26 07:47:05.095 DEBUG 12192 --- [    Test worker] o.s.b.f.s.DefaultListableBeanFactory     : Returning cached instance of singleton bean 'org.springframework.boot.autoconfigure.web.servlet.WebMvcAutoConfiguration$EnableWebMvcConfiguration'
2017-10-26 07:47:05.097 DEBUG 12192 --- [    Test worker] o.s.b.f.s.DefaultListableBeanFactory     : Eagerly caching bean 'beanNameHandlerMapping' to allow for resolving potential circular references
2017-10-26 07:47:05.108 DEBUG 12192 --- [    Test worker] o.s.w.s.h.BeanNameUrlHandlerMapping      : Looking for URL mappings in application context: org.springframework.web.context.support.GenericWebApplicationContext@739e2a40: startup date [Thu Oct 26 07:46:59 COT 2017]; root of context hierarchy
2017-10-26 07:47:05.108 DEBUG 12192 --- [    Test worker] o.s.w.s.h.BeanNameUrlHandlerMapping      : Rejected bean name 'org.springframework.boot.test.mock.mockito.MockitoPostProcessor$SpyPostProcessor': no URL paths identified
2017-10-26 07:47:05.108 DEBUG 12192 --- [    Test worker] o.s.w.s.h.BeanNameUrlHandlerMapping      : Rejected bean name 'org.springframework.boot.test.mock.mockito.MockitoPostProcessor': no URL paths identified
2017-10-26 07:47:05.108 DEBUG 12192 --- [    Test worker] o.s.w.s.h.BeanNameUrlHandlerMapping      : Rejected bean name 'org.springframework.context.annotation.internalConfigurationAnnotationProcessor': no URL paths identified
2017-10-26 07:47:05.108 DEBUG 12192 --- [    Test worker] o.s.w.s.h.BeanNameUrlHandlerMapping      : Rejected bean name 'org.springframework.context.annotation.internalAutowiredAnnotationProcessor': no URL paths identified
2017-10-26 07:47:05.108 DEBUG 12192 --- [    Test worker] o.s.w.s.h.BeanNameUrlHandlerMapping      : Rejected bean name 'org.springframework.context.annotation.internalRequiredAnnotationProcessor': no URL paths identified
2017-10-26 07:47:05.108 DEBUG 12192 --- [    Test worker] o.s.w.s.h.BeanNameUrlHandlerMapping      : Rejected bean name 'org.springframework.context.annotation.internalCommonAnnotationProcessor': no URL paths identified
2017-10-26 07:47:05.108 DEBUG 12192 --- [    Test worker] o.s.w.s.h.BeanNameUrlHandlerMapping      : Rejected bean name 'org.springframework.context.annotation.internalPersistenceAnnotationProcessor': no URL paths identified
2017-10-26 07:47:05.108 DEBUG 12192 --- [    Test worker] o.s.w.s.h.BeanNameUrlHandlerMapping      : Rejected bean name 'org.springframework.context.event.internalEventListenerProcessor': no URL paths identified
2017-10-26 07:47:05.108 DEBUG 12192 --- [    Test worker] o.s.w.s.h.BeanNameUrlHandlerMapping      : Rejected bean name 'org.springframework.context.event.internalEventListenerFactory': no URL paths identified
2017-10-26 07:47:05.108 DEBUG 12192 --- [    Test worker] o.s.w.s.h.BeanNameUrlHandlerMapping      : Rejected bean name 'proyectoparqueaderoApplication': no URL paths identified
2017-10-26 07:47:05.108 DEBUG 12192 --- [    Test worker] o.s.w.s.h.BeanNameUrlHandlerMapping      : Rejected bean name 'org.springframework.boot.autoconfigure.internalCachingMetadataReaderFactory': no URL paths identified
2017-10-26 07:47:05.108 DEBUG 12192 --- [    Test worker] o.s.w.s.h.BeanNameUrlHandlerMapping      : Rejected bean name 'vehiculocontroller': no URL paths identified
2017-10-26 07:47:05.108 DEBUG 12192 --- [    Test worker] o.s.w.s.h.BeanNameUrlHandlerMapping      : Rejected bean name 'persistenciasistema': no URL paths identified
2017-10-26 07:47:05.108 DEBUG 12192 --- [    Test worker] o.s.w.s.h.BeanNameUrlHandlerMapping      : Rejected bean name 'persistenciaVehiculo': no URL paths identified
2017-10-26 07:47:05.108 DEBUG 12192 --- [    Test worker] o.s.w.s.h.BeanNameUrlHandlerMapping      : Rejected bean name 'vigilante': no URL paths identified
2017-10-26 07:47:05.108 DEBUG 12192 --- [    Test worker] o.s.w.s.h.BeanNameUrlHandlerMapping      : Rejected bean name 'org.springframework.boot.autoconfigure.AutoConfigurationPackages': no URL paths identified
2017-10-26 07:47:05.108 DEBUG 12192 --- [    Test worker] o.s.w.s.h.BeanNameUrlHandlerMapping      : Rejected bean name 'org.springframework.boot.autoconfigure.domain.EntityScanPackages': no URL paths identified
2017-10-26 07:47:05.109 DEBUG 12192 --- [    Test worker] o.s.w.s.h.BeanNameUrlHandlerMapping      : Rejected bean name 'org.springframework.boot.autoconfigure.context.PropertyPlaceholderAutoConfiguration': no URL paths identified
2017-10-26 07:47:05.109 DEBUG 12192 --- [    Test worker] o.s.w.s.h.BeanNameUrlHandlerMapping      : Rejected bean name 'org.springframework.boot.autoconfigure.condition.BeanTypeRegistry': no URL paths identified
2017-10-26 07:47:05.109 DEBUG 12192 --- [    Test worker] o.s.w.s.h.BeanNameUrlHandlerMapping      : Rejected bean name 'propertySourcesPlaceholderConfigurer': no URL paths identified
2017-10-26 07:47:05.109 DEBUG 12192 --- [    Test worker] o.s.w.s.h.BeanNameUrlHandlerMapping      : Rejected bean name 'org.springframework.boot.autoconfigure.jackson.JacksonAutoConfiguration$Jackson2ObjectMapperBuilderCustomizerConfiguration': no URL paths identified
2017-10-26 07:47:05.109 DEBUG 12192 --- [    Test worker] o.s.w.s.h.BeanNameUrlHandlerMapping      : Rejected bean name 'standardJacksonObjectMapperBuilderCustomizer': no URL paths identified
2017-10-26 07:47:05.109 DEBUG 12192 --- [    Test worker] o.s.w.s.h.BeanNameUrlHandlerMapping      : Rejected bean name 'spring.jackson-org.springframework.boot.autoconfigure.jackson.JacksonProperties': no URL paths identified
2017-10-26 07:47:05.109 DEBUG 12192 --- [    Test worker] o.s.w.s.h.BeanNameUrlHandlerMapping      : Rejected bean name 'org.springframework.boot.context.properties.ConfigurationPropertiesBindingPostProcessor': no URL paths identified
2017-10-26 07:47:05.109 DEBUG 12192 --- [    Test worker] o.s.w.s.h.BeanNameUrlHandlerMapping      : Rejected bean name 'org.springframework.boot.context.properties.ConfigurationPropertiesBindingPostProcessor.store': no URL paths identified
2017-10-26 07:47:05.109 DEBUG 12192 --- [    Test worker] o.s.w.s.h.BeanNameUrlHandlerMapping      : Rejected bean name 'org.springframework.boot.autoconfigure.jackson.JacksonAutoConfiguration$JacksonObjectMapperBuilderConfiguration': no URL paths identified
2017-10-26 07:47:05.109 DEBUG 12192 --- [    Test worker] o.s.w.s.h.BeanNameUrlHandlerMapping      : Rejected bean name 'jacksonObjectMapperBuilder': no URL paths identified
2017-10-26 07:47:05.109 DEBUG 12192 --- [    Test worker] o.s.w.s.h.BeanNameUrlHandlerMapping      : Rejected bean name 'org.springframework.boot.autoconfigure.jackson.JacksonAutoConfiguration$ParameterNamesModuleConfiguration': no URL paths identified
2017-10-26 07:47:05.109 DEBUG 12192 --- [    Test worker] o.s.w.s.h.BeanNameUrlHandlerMapping      : Rejected bean name 'parameterNamesModule': no URL paths identified
2017-10-26 07:47:05.109 DEBUG 12192 --- [    Test worker] o.s.w.s.h.BeanNameUrlHandlerMapping      : Rejected bean name 'org.springframework.boot.autoconfigure.jackson.JacksonAutoConfiguration$JacksonObjectMapperConfiguration': no URL paths identified
2017-10-26 07:47:05.109 DEBUG 12192 --- [    Test worker] o.s.w.s.h.BeanNameUrlHandlerMapping      : Rejected bean name 'jacksonObjectMapper': no URL paths identified
2017-10-26 07:47:05.109 DEBUG 12192 --- [    Test worker] o.s.w.s.h.BeanNameUrlHandlerMapping      : Rejected bean name 'org.springframework.boot.autoconfigure.jackson.JacksonAutoConfiguration': no URL paths identified
2017-10-26 07:47:05.109 DEBUG 12192 --- [    Test worker] o.s.w.s.h.BeanNameUrlHandlerMapping      : Rejected bean name 'jsonComponentModule': no URL paths identified
2017-10-26 07:47:05.109 DEBUG 12192 --- [    Test worker] o.s.w.s.h.BeanNameUrlHandlerMapping      : Rejected bean name 'org.springframework.boot.autoconfigure.websocket.servlet.WebSocketServletAutoConfiguration$TomcatWebSocketConfiguration': no URL paths identified
2017-10-26 07:47:05.109 DEBUG 12192 --- [    Test worker] o.s.w.s.h.BeanNameUrlHandlerMapping      : Rejected bean name 'websocketContainerCustomizer': no URL paths identified
2017-10-26 07:47:05.109 DEBUG 12192 --- [    Test worker] o.s.w.s.h.BeanNameUrlHandlerMapping      : Rejected bean name 'org.springframework.boot.autoconfigure.websocket.servlet.WebSocketServletAutoConfiguration': no URL paths identified
2017-10-26 07:47:05.109 DEBUG 12192 --- [    Test worker] o.s.w.s.h.BeanNameUrlHandlerMapping      : Rejected bean name 'org.springframework.boot.autoconfigure.web.servlet.ServletWebServerFactoryAutoConfiguration$EmbeddedTomcat': no URL paths identified
2017-10-26 07:47:05.109 DEBUG 12192 --- [    Test worker] o.s.w.s.h.BeanNameUrlHandlerMapping      : Rejected bean name 'tomcatServletWebServerFactory': no URL paths identified
2017-10-26 07:47:05.109 DEBUG 12192 --- [    Test worker] o.s.w.s.h.BeanNameUrlHandlerMapping      : Rejected bean name 'org.springframework.boot.autoconfigure.web.servlet.ServletWebServerFactoryAutoConfiguration': no URL paths identified
2017-10-26 07:47:05.109 DEBUG 12192 --- [    Test worker] o.s.w.s.h.BeanNameUrlHandlerMapping      : Rejected bean name 'serverPropertiesWebServerFactoryCustomizer': no URL paths identified
2017-10-26 07:47:05.109 DEBUG 12192 --- [    Test worker] o.s.w.s.h.BeanNameUrlHandlerMapping      : Rejected bean name 'server-org.springframework.boot.autoconfigure.web.ServerProperties': no URL paths identified
2017-10-26 07:47:05.110 DEBUG 12192 --- [    Test worker] o.s.w.s.h.BeanNameUrlHandlerMapping      : Rejected bean name 'webServerFactoryCustomizerBeanPostProcessor': no URL paths identified
2017-10-26 07:47:05.110 DEBUG 12192 --- [    Test worker] o.s.w.s.h.BeanNameUrlHandlerMapping      : Rejected bean name 'errorPageRegistrarBeanPostProcessor': no URL paths identified
2017-10-26 07:47:05.110 DEBUG 12192 --- [    Test worker] o.s.w.s.h.BeanNameUrlHandlerMapping      : Rejected bean name 'org.springframework.boot.autoconfigure.web.servlet.DispatcherServletAutoConfiguration$DispatcherServletConfiguration': no URL paths identified
2017-10-26 07:47:05.110 DEBUG 12192 --- [    Test worker] o.s.w.s.h.BeanNameUrlHandlerMapping      : Rejected bean name 'dispatcherServlet': no URL paths identified
2017-10-26 07:47:05.110 DEBUG 12192 --- [    Test worker] o.s.w.s.h.BeanNameUrlHandlerMapping      : Rejected bean name 'spring.mvc-org.springframework.boot.autoconfigure.web.servlet.WebMvcProperties': no URL paths identified
2017-10-26 07:47:05.110 DEBUG 12192 --- [    Test worker] o.s.w.s.h.BeanNameUrlHandlerMapping      : Rejected bean name 'org.springframework.boot.autoconfigure.web.servlet.DispatcherServletAutoConfiguration$DispatcherServletRegistrationConfiguration': no URL paths identified
2017-10-26 07:47:05.110 DEBUG 12192 --- [    Test worker] o.s.w.s.h.BeanNameUrlHandlerMapping      : Rejected bean name 'dispatcherServletRegistration': no URL paths identified
2017-10-26 07:47:05.110 DEBUG 12192 --- [    Test worker] o.s.w.s.h.BeanNameUrlHandlerMapping      : Rejected bean name 'org.springframework.boot.autoconfigure.web.servlet.DispatcherServletAutoConfiguration': no URL paths identified
2017-10-26 07:47:05.110 DEBUG 12192 --- [    Test worker] o.s.w.s.h.BeanNameUrlHandlerMapping      : Rejected bean name 'org.springframework.boot.autoconfigure.http.codec.CodecsAutoConfiguration$JacksonCodecConfiguration': no URL paths identified
2017-10-26 07:47:05.110 DEBUG 12192 --- [    Test worker] o.s.w.s.h.BeanNameUrlHandlerMapping      : Rejected bean name 'jacksonCodecCustomizer': no URL paths identified
2017-10-26 07:47:05.110 DEBUG 12192 --- [    Test worker] o.s.w.s.h.BeanNameUrlHandlerMapping      : Rejected bean name 'org.springframework.boot.autoconfigure.http.codec.CodecsAutoConfiguration': no URL paths identified
2017-10-26 07:47:05.110 DEBUG 12192 --- [    Test worker] o.s.w.s.h.BeanNameUrlHandlerMapping      : Rejected bean name 'org.springframework.boot.autoconfigure.validation.ValidationAutoConfiguration': no URL paths identified
2017-10-26 07:47:05.110 DEBUG 12192 --- [    Test worker] o.s.w.s.h.BeanNameUrlHandlerMapping      : Rejected bean name 'defaultValidator': no URL paths identified
2017-10-26 07:47:05.110 DEBUG 12192 --- [    Test worker] o.s.w.s.h.BeanNameUrlHandlerMapping      : Rejected bean name 'methodValidationPostProcessor': no URL paths identified
2017-10-26 07:47:05.110 DEBUG 12192 --- [    Test worker] o.s.w.s.h.BeanNameUrlHandlerMapping      : Rejected bean name 'org.springframework.boot.autoconfigure.web.servlet.error.ErrorMvcAutoConfiguration$WhitelabelErrorViewConfiguration': no URL paths identified
2017-10-26 07:47:05.110 DEBUG 12192 --- [    Test worker] o.s.w.s.h.BeanNameUrlHandlerMapping      : Rejected bean name 'error': no URL paths identified
2017-10-26 07:47:05.110 DEBUG 12192 --- [    Test worker] o.s.w.s.h.BeanNameUrlHandlerMapping      : Rejected bean name 'beanNameViewResolver': no URL paths identified
2017-10-26 07:47:05.110 DEBUG 12192 --- [    Test worker] o.s.w.s.h.BeanNameUrlHandlerMapping      : Rejected bean name 'org.springframework.boot.autoconfigure.web.servlet.error.ErrorMvcAutoConfiguration$DefaultErrorViewResolverConfiguration': no URL paths identified
2017-10-26 07:47:05.110 DEBUG 12192 --- [    Test worker] o.s.w.s.h.BeanNameUrlHandlerMapping      : Rejected bean name 'conventionErrorViewResolver': no URL paths identified
2017-10-26 07:47:05.110 DEBUG 12192 --- [    Test worker] o.s.w.s.h.BeanNameUrlHandlerMapping      : Rejected bean name 'org.springframework.boot.autoconfigure.web.servlet.error.ErrorMvcAutoConfiguration': no URL paths identified
2017-10-26 07:47:05.110 DEBUG 12192 --- [    Test worker] o.s.w.s.h.BeanNameUrlHandlerMapping      : Rejected bean name 'errorAttributes': no URL paths identified
2017-10-26 07:47:05.110 DEBUG 12192 --- [    Test worker] o.s.w.s.h.BeanNameUrlHandlerMapping      : Rejected bean name 'basicErrorController': no URL paths identified
2017-10-26 07:47:05.110 DEBUG 12192 --- [    Test worker] o.s.w.s.h.BeanNameUrlHandlerMapping      : Rejected bean name 'errorPageCustomizer': no URL paths identified
2017-10-26 07:47:05.110 DEBUG 12192 --- [    Test worker] o.s.w.s.h.BeanNameUrlHandlerMapping      : Rejected bean name 'preserveErrorControllerTargetClassPostProcessor': no URL paths identified
2017-10-26 07:47:05.110 DEBUG 12192 --- [    Test worker] o.s.w.s.h.BeanNameUrlHandlerMapping      : Rejected bean name 'spring.resources-org.springframework.boot.autoconfigure.web.ResourceProperties': no URL paths identified
2017-10-26 07:47:05.110 DEBUG 12192 --- [    Test worker] o.s.w.s.h.BeanNameUrlHandlerMapping      : Rejected bean name 'org.springframework.boot.autoconfigure.web.servlet.WebMvcAutoConfiguration$EnableWebMvcConfiguration': no URL paths identified
2017-10-26 07:47:05.110 DEBUG 12192 --- [    Test worker] o.s.w.s.h.BeanNameUrlHandlerMapping      : Rejected bean name 'requestMappingHandlerAdapter': no URL paths identified
2017-10-26 07:47:05.110 DEBUG 12192 --- [    Test worker] o.s.w.s.h.BeanNameUrlHandlerMapping      : Rejected bean name 'requestMappingHandlerMapping': no URL paths identified
2017-10-26 07:47:05.110 DEBUG 12192 --- [    Test worker] o.s.w.s.h.BeanNameUrlHandlerMapping      : Rejected bean name 'mvcValidator': no URL paths identified
2017-10-26 07:47:05.110 DEBUG 12192 --- [    Test worker] o.s.w.s.h.BeanNameUrlHandlerMapping      : Rejected bean name 'mvcContentNegotiationManager': no URL paths identified
2017-10-26 07:47:05.111 DEBUG 12192 --- [    Test worker] o.s.w.s.h.BeanNameUrlHandlerMapping      : Rejected bean name 'mvcPathMatcher': no URL paths identified
2017-10-26 07:47:05.111 DEBUG 12192 --- [    Test worker] o.s.w.s.h.BeanNameUrlHandlerMapping      : Rejected bean name 'mvcUrlPathHelper': no URL paths identified
2017-10-26 07:47:05.111 DEBUG 12192 --- [    Test worker] o.s.w.s.h.BeanNameUrlHandlerMapping      : Rejected bean name 'viewControllerHandlerMapping': no URL paths identified
2017-10-26 07:47:05.111 DEBUG 12192 --- [    Test worker] o.s.w.s.h.BeanNameUrlHandlerMapping      : Rejected bean name 'beanNameHandlerMapping': no URL paths identified
2017-10-26 07:47:05.111 DEBUG 12192 --- [    Test worker] o.s.w.s.h.BeanNameUrlHandlerMapping      : Rejected bean name 'resourceHandlerMapping': no URL paths identified
2017-10-26 07:47:05.111 DEBUG 12192 --- [    Test worker] o.s.w.s.h.BeanNameUrlHandlerMapping      : Rejected bean name 'mvcResourceUrlProvider': no URL paths identified
2017-10-26 07:47:05.111 DEBUG 12192 --- [    Test worker] o.s.w.s.h.BeanNameUrlHandlerMapping      : Rejected bean name 'defaultServletHandlerMapping': no URL paths identified
2017-10-26 07:47:05.111 DEBUG 12192 --- [    Test worker] o.s.w.s.h.BeanNameUrlHandlerMapping      : Rejected bean name 'mvcConversionService': no URL paths identified
2017-10-26 07:47:05.111 DEBUG 12192 --- [    Test worker] o.s.w.s.h.BeanNameUrlHandlerMapping      : Rejected bean name 'mvcUriComponentsContributor': no URL paths identified
2017-10-26 07:47:05.111 DEBUG 12192 --- [    Test worker] o.s.w.s.h.BeanNameUrlHandlerMapping      : Rejected bean name 'httpRequestHandlerAdapter': no URL paths identified
2017-10-26 07:47:05.111 DEBUG 12192 --- [    Test worker] o.s.w.s.h.BeanNameUrlHandlerMapping      : Rejected bean name 'simpleControllerHandlerAdapter': no URL paths identified
2017-10-26 07:47:05.111 DEBUG 12192 --- [    Test worker] o.s.w.s.h.BeanNameUrlHandlerMapping      : Rejected bean name 'handlerExceptionResolver': no URL paths identified
2017-10-26 07:47:05.111 DEBUG 12192 --- [    Test worker] o.s.w.s.h.BeanNameUrlHandlerMapping      : Rejected bean name 'mvcViewResolver': no URL paths identified
2017-10-26 07:47:05.111 DEBUG 12192 --- [    Test worker] o.s.w.s.h.BeanNameUrlHandlerMapping      : Rejected bean name 'mvcHandlerMappingIntrospector': no URL paths identified
2017-10-26 07:47:05.111 DEBUG 12192 --- [    Test worker] o.s.w.s.h.BeanNameUrlHandlerMapping      : Rejected bean name 'org.springframework.boot.autoconfigure.web.servlet.WebMvcAutoConfiguration$WebMvcAutoConfigurationAdapter$FaviconConfiguration': no URL paths identified
2017-10-26 07:47:05.111 DEBUG 12192 --- [    Test worker] o.s.w.s.h.BeanNameUrlHandlerMapping      : Rejected bean name 'faviconHandlerMapping': no URL paths identified
2017-10-26 07:47:05.111 DEBUG 12192 --- [    Test worker] o.s.w.s.h.BeanNameUrlHandlerMapping      : Rejected bean name 'faviconRequestHandler': no URL paths identified
2017-10-26 07:47:05.111 DEBUG 12192 --- [    Test worker] o.s.w.s.h.BeanNameUrlHandlerMapping      : Rejected bean name 'org.springframework.boot.autoconfigure.web.servlet.WebMvcAutoConfiguration$WebMvcAutoConfigurationAdapter': no URL paths identified
2017-10-26 07:47:05.111 DEBUG 12192 --- [    Test worker] o.s.w.s.h.BeanNameUrlHandlerMapping      : Rejected bean name 'defaultViewResolver': no URL paths identified
2017-10-26 07:47:05.111 DEBUG 12192 --- [    Test worker] o.s.w.s.h.BeanNameUrlHandlerMapping      : Rejected bean name 'viewResolver': no URL paths identified
2017-10-26 07:47:05.112 DEBUG 12192 --- [    Test worker] o.s.w.s.h.BeanNameUrlHandlerMapping      : Rejected bean name 'welcomePageHandlerMapping': no URL paths identified
2017-10-26 07:47:05.112 DEBUG 12192 --- [    Test worker] o.s.w.s.h.BeanNameUrlHandlerMapping      : Rejected bean name 'requestContextFilter': no URL paths identified
2017-10-26 07:47:05.112 DEBUG 12192 --- [    Test worker] o.s.w.s.h.BeanNameUrlHandlerMapping      : Rejected bean name 'org.springframework.boot.autoconfigure.web.servlet.WebMvcAutoConfiguration': no URL paths identified
2017-10-26 07:47:05.112 DEBUG 12192 --- [    Test worker] o.s.w.s.h.BeanNameUrlHandlerMapping      : Rejected bean name 'hiddenHttpMethodFilter': no URL paths identified
2017-10-26 07:47:05.112 DEBUG 12192 --- [    Test worker] o.s.w.s.h.BeanNameUrlHandlerMapping      : Rejected bean name 'httpPutFormContentFilter': no URL paths identified
2017-10-26 07:47:05.112 DEBUG 12192 --- [    Test worker] o.s.w.s.h.BeanNameUrlHandlerMapping      : Rejected bean name 'org.springframework.boot.autoconfigure.aop.AopAutoConfiguration$CglibAutoProxyConfiguration': no URL paths identified
2017-10-26 07:47:05.112 DEBUG 12192 --- [    Test worker] o.s.w.s.h.BeanNameUrlHandlerMapping      : Rejected bean name 'org.springframework.aop.config.internalAutoProxyCreator': no URL paths identified
2017-10-26 07:47:05.112 DEBUG 12192 --- [    Test worker] o.s.w.s.h.BeanNameUrlHandlerMapping      : Rejected bean name 'org.springframework.boot.autoconfigure.aop.AopAutoConfiguration': no URL paths identified
2017-10-26 07:47:05.112 DEBUG 12192 --- [    Test worker] o.s.w.s.h.BeanNameUrlHandlerMapping      : Rejected bean name 'org.springframework.boot.autoconfigure.transaction.jta.JtaAutoConfiguration': no URL paths identified
2017-10-26 07:47:05.112 DEBUG 12192 --- [    Test worker] o.s.w.s.h.BeanNameUrlHandlerMapping      : Rejected bean name 'spring.jta-org.springframework.boot.autoconfigure.transaction.jta.JtaProperties': no URL paths identified
2017-10-26 07:47:05.112 DEBUG 12192 --- [    Test worker] o.s.w.s.h.BeanNameUrlHandlerMapping      : Rejected bean name 'org.springframework.boot.autoconfigure.jdbc.DataSourceConfiguration$Hikari': no URL paths identified
2017-10-26 07:47:05.112 DEBUG 12192 --- [    Test worker] o.s.w.s.h.BeanNameUrlHandlerMapping      : Rejected bean name 'dataSource': no URL paths identified
2017-10-26 07:47:05.112 DEBUG 12192 --- [    Test worker] o.s.w.s.h.BeanNameUrlHandlerMapping      : Rejected bean name 'org.springframework.boot.autoconfigure.jdbc.DataSourceAutoConfiguration$PooledDataSourceConfiguration': no URL paths identified
2017-10-26 07:47:05.112 DEBUG 12192 --- [    Test worker] o.s.w.s.h.BeanNameUrlHandlerMapping      : Rejected bean name 'org.springframework.boot.autoconfigure.jdbc.metadata.DataSourcePoolMetadataProvidersConfiguration$HikariPoolDataSourceMetadataProviderConfiguration': no URL paths identified
2017-10-26 07:47:05.112 DEBUG 12192 --- [    Test worker] o.s.w.s.h.BeanNameUrlHandlerMapping      : Rejected bean name 'hikariPoolDataSourceMetadataProvider': no URL paths identified
2017-10-26 07:47:05.112 DEBUG 12192 --- [    Test worker] o.s.w.s.h.BeanNameUrlHandlerMapping      : Rejected bean name 'org.springframework.boot.autoconfigure.jdbc.metadata.DataSourcePoolMetadataProvidersConfiguration': no URL paths identified
2017-10-26 07:47:05.112 DEBUG 12192 --- [    Test worker] o.s.w.s.h.BeanNameUrlHandlerMapping      : Rejected bean name 'org.springframework.boot.autoconfigure.jdbc.DataSourceInitializerInvoker': no URL paths identified
2017-10-26 07:47:05.112 DEBUG 12192 --- [    Test worker] o.s.w.s.h.BeanNameUrlHandlerMapping      : Rejected bean name 'org.springframework.boot.autoconfigure.jdbc.DataSourceInitializationConfiguration': no URL paths identified
2017-10-26 07:47:05.112 DEBUG 12192 --- [    Test worker] o.s.w.s.h.BeanNameUrlHandlerMapping      : Rejected bean name 'dataSourceInitializerPostProcessor': no URL paths identified
2017-10-26 07:47:05.112 DEBUG 12192 --- [    Test worker] o.s.w.s.h.BeanNameUrlHandlerMapping      : Rejected bean name 'org.springframework.boot.autoconfigure.jdbc.DataSourceAutoConfiguration': no URL paths identified
2017-10-26 07:47:05.112 DEBUG 12192 --- [    Test worker] o.s.w.s.h.BeanNameUrlHandlerMapping      : Rejected bean name 'spring.datasource-org.springframework.boot.autoconfigure.jdbc.DataSourceProperties': no URL paths identified
2017-10-26 07:47:05.112 DEBUG 12192 --- [    Test worker] o.s.w.s.h.BeanNameUrlHandlerMapping      : Rejected bean name 'org.springframework.boot.autoconfigure.orm.jpa.JpaBaseConfiguration$JpaWebConfiguration$JpaWebMvcConfiguration': no URL paths identified
2017-10-26 07:47:05.112 DEBUG 12192 --- [    Test worker] o.s.w.s.h.BeanNameUrlHandlerMapping      : Rejected bean name 'openEntityManagerInViewInterceptor': no URL paths identified
2017-10-26 07:47:05.112 DEBUG 12192 --- [    Test worker] o.s.w.s.h.BeanNameUrlHandlerMapping      : Rejected bean name 'org.springframework.boot.autoconfigure.orm.jpa.JpaBaseConfiguration$JpaWebConfiguration': no URL paths identified
2017-10-26 07:47:05.112 DEBUG 12192 --- [    Test worker] o.s.w.s.h.BeanNameUrlHandlerMapping      : Rejected bean name 'org.springframework.boot.autoconfigure.orm.jpa.HibernateJpaConfiguration': no URL paths identified
2017-10-26 07:47:05.112 DEBUG 12192 --- [    Test worker] o.s.w.s.h.BeanNameUrlHandlerMapping      : Rejected bean name 'transactionManager': no URL paths identified
2017-10-26 07:47:05.112 DEBUG 12192 --- [    Test worker] o.s.w.s.h.BeanNameUrlHandlerMapping      : Rejected bean name 'jpaVendorAdapter': no URL paths identified
2017-10-26 07:47:05.112 DEBUG 12192 --- [    Test worker] o.s.w.s.h.BeanNameUrlHandlerMapping      : Rejected bean name 'entityManagerFactoryBuilder': no URL paths identified
2017-10-26 07:47:05.112 DEBUG 12192 --- [    Test worker] o.s.w.s.h.BeanNameUrlHandlerMapping      : Rejected bean name 'entityManagerFactory': no URL paths identified
2017-10-26 07:47:05.112 DEBUG 12192 --- [    Test worker] o.s.w.s.h.BeanNameUrlHandlerMapping      : Rejected bean name 'spring.jpa-org.springframework.boot.autoconfigure.orm.jpa.JpaProperties': no URL paths identified
2017-10-26 07:47:05.113 DEBUG 12192 --- [    Test worker] o.s.w.s.h.BeanNameUrlHandlerMapping      : Rejected bean name 'dataSourceInitializedPublisher': no URL paths identified
2017-10-26 07:47:05.113 DEBUG 12192 --- [    Test worker] o.s.w.s.h.BeanNameUrlHandlerMapping      : Rejected bean name 'org.springframework.boot.autoconfigure.orm.jpa.HibernateJpaAutoConfiguration': no URL paths identified
2017-10-26 07:47:05.113 DEBUG 12192 --- [    Test worker] o.s.w.s.h.BeanNameUrlHandlerMapping      : Rejected bean name 'org.springframework.boot.autoconfigure.context.ConfigurationPropertiesAutoConfiguration': no URL paths identified
2017-10-26 07:47:05.113 DEBUG 12192 --- [    Test worker] o.s.w.s.h.BeanNameUrlHandlerMapping      : Rejected bean name 'org.springframework.boot.autoconfigure.dao.PersistenceExceptionTranslationAutoConfiguration': no URL paths identified
2017-10-26 07:47:05.113 DEBUG 12192 --- [    Test worker] o.s.w.s.h.BeanNameUrlHandlerMapping      : Rejected bean name 'persistenceExceptionTranslationPostProcessor': no URL paths identified
2017-10-26 07:47:05.113 DEBUG 12192 --- [    Test worker] o.s.w.s.h.BeanNameUrlHandlerMapping      : Rejected bean name 'org.springframework.boot.autoconfigure.data.jpa.JpaRepositoriesAutoConfiguration': no URL paths identified
2017-10-26 07:47:05.113 DEBUG 12192 --- [    Test worker] o.s.w.s.h.BeanNameUrlHandlerMapping      : Rejected bean name 'emBeanDefinitionRegistrarPostProcessor': no URL paths identified
2017-10-26 07:47:05.113 DEBUG 12192 --- [    Test worker] o.s.w.s.h.BeanNameUrlHandlerMapping      : Rejected bean name 'jpaMappingContext': no URL paths identified
2017-10-26 07:47:05.113 DEBUG 12192 --- [    Test worker] o.s.w.s.h.BeanNameUrlHandlerMapping      : Rejected bean name 'jpaContext': no URL paths identified
2017-10-26 07:47:05.113 DEBUG 12192 --- [    Test worker] o.s.w.s.h.BeanNameUrlHandlerMapping      : Rejected bean name 'org.springframework.boot.autoconfigure.http.HttpMessageConvertersAutoConfiguration$StringHttpMessageConverterConfiguration': no URL paths identified
2017-10-26 07:47:05.113 DEBUG 12192 --- [    Test worker] o.s.w.s.h.BeanNameUrlHandlerMapping      : Rejected bean name 'stringHttpMessageConverter': no URL paths identified
2017-10-26 07:47:05.113 DEBUG 12192 --- [    Test worker] o.s.w.s.h.BeanNameUrlHandlerMapping      : Rejected bean name 'spring.http.encoding-org.springframework.boot.autoconfigure.http.HttpEncodingProperties': no URL paths identified
2017-10-26 07:47:05.113 DEBUG 12192 --- [    Test worker] o.s.w.s.h.BeanNameUrlHandlerMapping      : Rejected bean name 'org.springframework.boot.autoconfigure.http.JacksonHttpMessageConvertersConfiguration$MappingJackson2HttpMessageConverterConfiguration': no URL paths identified
2017-10-26 07:47:05.113 DEBUG 12192 --- [    Test worker] o.s.w.s.h.BeanNameUrlHandlerMapping      : Rejected bean name 'mappingJackson2HttpMessageConverter': no URL paths identified
2017-10-26 07:47:05.113 DEBUG 12192 --- [    Test worker] o.s.w.s.h.BeanNameUrlHandlerMapping      : Rejected bean name 'org.springframework.boot.autoconfigure.http.JacksonHttpMessageConvertersConfiguration': no URL paths identified
2017-10-26 07:47:05.113 DEBUG 12192 --- [    Test worker] o.s.w.s.h.BeanNameUrlHandlerMapping      : Rejected bean name 'org.springframework.boot.autoconfigure.http.HttpMessageConvertersAutoConfiguration': no URL paths identified
2017-10-26 07:47:05.113 DEBUG 12192 --- [    Test worker] o.s.w.s.h.BeanNameUrlHandlerMapping      : Rejected bean name 'messageConverters': no URL paths identified
2017-10-26 07:47:05.114 DEBUG 12192 --- [    Test worker] o.s.w.s.h.BeanNameUrlHandlerMapping      : Rejected bean name 'org.springframework.data.web.config.SpringDataWebConfiguration': no URL paths identified
2017-10-26 07:47:05.114 DEBUG 12192 --- [    Test worker] o.s.w.s.h.BeanNameUrlHandlerMapping      : Rejected bean name 'pageableResolver': no URL paths identified
2017-10-26 07:47:05.114 DEBUG 12192 --- [    Test worker] o.s.w.s.h.BeanNameUrlHandlerMapping      : Rejected bean name 'sortResolver': no URL paths identified
2017-10-26 07:47:05.114 DEBUG 12192 --- [    Test worker] o.s.w.s.h.BeanNameUrlHandlerMapping      : Rejected bean name 'org.springframework.data.web.config.SpringDataJacksonConfiguration': no URL paths identified
2017-10-26 07:47:05.114 DEBUG 12192 --- [    Test worker] o.s.w.s.h.BeanNameUrlHandlerMapping      : Rejected bean name 'jacksonGeoModule': no URL paths identified
2017-10-26 07:47:05.114 DEBUG 12192 --- [    Test worker] o.s.w.s.h.BeanNameUrlHandlerMapping      : Rejected bean name 'org.springframework.boot.autoconfigure.data.web.SpringDataWebAutoConfiguration': no URL paths identified
2017-10-26 07:47:05.114 DEBUG 12192 --- [    Test worker] o.s.w.s.h.BeanNameUrlHandlerMapping      : Rejected bean name 'pageableCustomizer': no URL paths identified
2017-10-26 07:47:05.114 DEBUG 12192 --- [    Test worker] o.s.w.s.h.BeanNameUrlHandlerMapping      : Rejected bean name 'sortCustomizer': no URL paths identified
2017-10-26 07:47:05.114 DEBUG 12192 --- [    Test worker] o.s.w.s.h.BeanNameUrlHandlerMapping      : Rejected bean name 'spring.data.web-org.springframework.boot.autoconfigure.data.web.SpringDataWebProperties': no URL paths identified
2017-10-26 07:47:05.114 DEBUG 12192 --- [    Test worker] o.s.w.s.h.BeanNameUrlHandlerMapping      : Rejected bean name 'org.springframework.boot.autoconfigure.h2.H2ConsoleAutoConfiguration': no URL paths identified
2017-10-26 07:47:05.114 DEBUG 12192 --- [    Test worker] o.s.w.s.h.BeanNameUrlHandlerMapping      : Rejected bean name 'h2Console': no URL paths identified
2017-10-26 07:47:05.114 DEBUG 12192 --- [    Test worker] o.s.w.s.h.BeanNameUrlHandlerMapping      : Rejected bean name 'spring.h2.console-org.springframework.boot.autoconfigure.h2.H2ConsoleProperties': no URL paths identified
2017-10-26 07:47:05.114 DEBUG 12192 --- [    Test worker] o.s.w.s.h.BeanNameUrlHandlerMapping      : Rejected bean name 'org.springframework.boot.autoconfigure.info.ProjectInfoAutoConfiguration': no URL paths identified
2017-10-26 07:47:05.114 DEBUG 12192 --- [    Test worker] o.s.w.s.h.BeanNameUrlHandlerMapping      : Rejected bean name 'spring.info-org.springframework.boot.autoconfigure.info.ProjectInfoProperties': no URL paths identified
2017-10-26 07:47:05.114 DEBUG 12192 --- [    Test worker] o.s.w.s.h.BeanNameUrlHandlerMapping      : Rejected bean name 'org.springframework.boot.autoconfigure.jdbc.JdbcTemplateAutoConfiguration$JdbcTemplateConfiguration': no URL paths identified
2017-10-26 07:47:05.115 DEBUG 12192 --- [    Test worker] o.s.w.s.h.BeanNameUrlHandlerMapping      : Rejected bean name 'jdbcTemplate': no URL paths identified
2017-10-26 07:47:05.115 DEBUG 12192 --- [    Test worker] o.s.w.s.h.BeanNameUrlHandlerMapping      : Rejected bean name 'org.springframework.boot.autoconfigure.jdbc.JdbcTemplateAutoConfiguration$NamedParameterJdbcTemplateConfiguration': no URL paths identified
2017-10-26 07:47:05.115 DEBUG 12192 --- [    Test worker] o.s.w.s.h.BeanNameUrlHandlerMapping      : Rejected bean name 'namedParameterJdbcTemplate': no URL paths identified
2017-10-26 07:47:05.115 DEBUG 12192 --- [    Test worker] o.s.w.s.h.BeanNameUrlHandlerMapping      : Rejected bean name 'org.springframework.boot.autoconfigure.jdbc.JdbcTemplateAutoConfiguration': no URL paths identified
2017-10-26 07:47:05.115 DEBUG 12192 --- [    Test worker] o.s.w.s.h.BeanNameUrlHandlerMapping      : Rejected bean name 'spring.jdbc-org.springframework.boot.autoconfigure.jdbc.JdbcProperties': no URL paths identified
2017-10-26 07:47:05.115 DEBUG 12192 --- [    Test worker] o.s.w.s.h.BeanNameUrlHandlerMapping      : Rejected bean name 'org.springframework.boot.autoconfigure.jdbc.DataSourceTransactionManagerAutoConfiguration$DataSourceTransactionManagerConfiguration': no URL paths identified
2017-10-26 07:47:05.115 DEBUG 12192 --- [    Test worker] o.s.w.s.h.BeanNameUrlHandlerMapping      : Rejected bean name 'org.springframework.boot.autoconfigure.jdbc.DataSourceTransactionManagerAutoConfiguration': no URL paths identified
2017-10-26 07:47:05.115 DEBUG 12192 --- [    Test worker] o.s.w.s.h.BeanNameUrlHandlerMapping      : Rejected bean name 'org.springframework.transaction.annotation.ProxyTransactionManagementConfiguration': no URL paths identified
2017-10-26 07:47:05.115 DEBUG 12192 --- [    Test worker] o.s.w.s.h.BeanNameUrlHandlerMapping      : Rejected bean name 'org.springframework.transaction.config.internalTransactionAdvisor': no URL paths identified
2017-10-26 07:47:05.115 DEBUG 12192 --- [    Test worker] o.s.w.s.h.BeanNameUrlHandlerMapping      : Rejected bean name 'transactionAttributeSource': no URL paths identified
2017-10-26 07:47:05.115 DEBUG 12192 --- [    Test worker] o.s.w.s.h.BeanNameUrlHandlerMapping      : Rejected bean name 'transactionInterceptor': no URL paths identified
2017-10-26 07:47:05.115 DEBUG 12192 --- [    Test worker] o.s.w.s.h.BeanNameUrlHandlerMapping      : Rejected bean name 'org.springframework.transaction.config.internalTransactionalEventListenerFactory': no URL paths identified
2017-10-26 07:47:05.115 DEBUG 12192 --- [    Test worker] o.s.w.s.h.BeanNameUrlHandlerMapping      : Rejected bean name 'org.springframework.boot.autoconfigure.transaction.TransactionAutoConfiguration$EnableTransactionManagementConfiguration$CglibAutoProxyConfiguration': no URL paths identified
2017-10-26 07:47:05.115 DEBUG 12192 --- [    Test worker] o.s.w.s.h.BeanNameUrlHandlerMapping      : Rejected bean name 'org.springframework.boot.autoconfigure.transaction.TransactionAutoConfiguration$EnableTransactionManagementConfiguration': no URL paths identified
2017-10-26 07:47:05.115 DEBUG 12192 --- [    Test worker] o.s.w.s.h.BeanNameUrlHandlerMapping      : Rejected bean name 'org.springframework.boot.autoconfigure.transaction.TransactionAutoConfiguration$TransactionTemplateConfiguration': no URL paths identified
2017-10-26 07:47:05.115 DEBUG 12192 --- [    Test worker] o.s.w.s.h.BeanNameUrlHandlerMapping      : Rejected bean name 'transactionTemplate': no URL paths identified
2017-10-26 07:47:05.115 DEBUG 12192 --- [    Test worker] o.s.w.s.h.BeanNameUrlHandlerMapping      : Rejected bean name 'org.springframework.boot.autoconfigure.transaction.TransactionAutoConfiguration': no URL paths identified
2017-10-26 07:47:05.116 DEBUG 12192 --- [    Test worker] o.s.w.s.h.BeanNameUrlHandlerMapping      : Rejected bean name 'platformTransactionManagerCustomizers': no URL paths identified
2017-10-26 07:47:05.116 DEBUG 12192 --- [    Test worker] o.s.w.s.h.BeanNameUrlHandlerMapping      : Rejected bean name 'spring.transaction-org.springframework.boot.autoconfigure.transaction.TransactionProperties': no URL paths identified
2017-10-26 07:47:05.116 DEBUG 12192 --- [    Test worker] o.s.w.s.h.BeanNameUrlHandlerMapping      : Rejected bean name 'org.springframework.boot.autoconfigure.web.client.RestTemplateAutoConfiguration': no URL paths identified
2017-10-26 07:47:05.116 DEBUG 12192 --- [    Test worker] o.s.w.s.h.BeanNameUrlHandlerMapping      : Rejected bean name 'restTemplateBuilder': no URL paths identified
2017-10-26 07:47:05.116 DEBUG 12192 --- [    Test worker] o.s.w.s.h.BeanNameUrlHandlerMapping      : Rejected bean name 'org.springframework.boot.autoconfigure.web.servlet.HttpEncodingAutoConfiguration': no URL paths identified
2017-10-26 07:47:05.116 DEBUG 12192 --- [    Test worker] o.s.w.s.h.BeanNameUrlHandlerMapping      : Rejected bean name 'characterEncodingFilter': no URL paths identified
2017-10-26 07:47:05.116 DEBUG 12192 --- [    Test worker] o.s.w.s.h.BeanNameUrlHandlerMapping      : Rejected bean name 'localeCharsetMappingsCustomizer': no URL paths identified
2017-10-26 07:47:05.116 DEBUG 12192 --- [    Test worker] o.s.w.s.h.BeanNameUrlHandlerMapping      : Rejected bean name 'org.springframework.boot.autoconfigure.web.servlet.MultipartAutoConfiguration': no URL paths identified
2017-10-26 07:47:05.116 DEBUG 12192 --- [    Test worker] o.s.w.s.h.BeanNameUrlHandlerMapping      : Rejected bean name 'multipartConfigElement': no URL paths identified
2017-10-26 07:47:05.116 DEBUG 12192 --- [    Test worker] o.s.w.s.h.BeanNameUrlHandlerMapping      : Rejected bean name 'multipartResolver': no URL paths identified
2017-10-26 07:47:05.116 DEBUG 12192 --- [    Test worker] o.s.w.s.h.BeanNameUrlHandlerMapping      : Rejected bean name 'spring.servlet.multipart-org.springframework.boot.autoconfigure.web.servlet.MultipartProperties': no URL paths identified
2017-10-26 07:47:05.116 DEBUG 12192 --- [    Test worker] o.s.w.s.h.BeanNameUrlHandlerMapping      : Rejected bean name 'org.springframework.orm.jpa.SharedEntityManagerCreator#0': no URL paths identified
2017-10-26 07:47:05.116 DEBUG 12192 --- [    Test worker] o.s.w.s.h.BeanNameUrlHandlerMapping      : Rejected bean name 'autoConfigurationReport': no URL paths identified
2017-10-26 07:47:05.116 DEBUG 12192 --- [    Test worker] o.s.w.s.h.BeanNameUrlHandlerMapping      : Rejected bean name 'org.springframework.boot.test.autoconfigure.properties.PropertyMappingContextCustomizer$PropertyMappingCheckBeanPostProcessor': no URL paths identified
2017-10-26 07:47:05.116 DEBUG 12192 --- [    Test worker] o.s.w.s.h.BeanNameUrlHandlerMapping      : Rejected bean name 'org.springframework.boot.test.context.filter.TestTypeExcludeFilter': no URL paths identified
2017-10-26 07:47:05.116 DEBUG 12192 --- [    Test worker] o.s.w.s.h.BeanNameUrlHandlerMapping      : Rejected bean name 'springApplicationArguments': no URL paths identified
2017-10-26 07:47:05.116 DEBUG 12192 --- [    Test worker] o.s.w.s.h.BeanNameUrlHandlerMapping      : Rejected bean name 'springBootBanner': no URL paths identified
2017-10-26 07:47:05.116 DEBUG 12192 --- [    Test worker] o.s.w.s.h.BeanNameUrlHandlerMapping      : Rejected bean name 'springBootLoggingSystem': no URL paths identified
2017-10-26 07:47:05.117 DEBUG 12192 --- [    Test worker] o.s.w.s.h.BeanNameUrlHandlerMapping      : Rejected bean name 'environment': no URL paths identified
2017-10-26 07:47:05.117 DEBUG 12192 --- [    Test worker] o.s.w.s.h.BeanNameUrlHandlerMapping      : Rejected bean name 'systemProperties': no URL paths identified
2017-10-26 07:47:05.117 DEBUG 12192 --- [    Test worker] o.s.w.s.h.BeanNameUrlHandlerMapping      : Rejected bean name 'systemEnvironment': no URL paths identified
2017-10-26 07:47:05.117 DEBUG 12192 --- [    Test worker] o.s.w.s.h.BeanNameUrlHandlerMapping      : Rejected bean name 'servletContext': no URL paths identified
2017-10-26 07:47:05.117 DEBUG 12192 --- [    Test worker] o.s.w.s.h.BeanNameUrlHandlerMapping      : Rejected bean name 'contextParameters': no URL paths identified
2017-10-26 07:47:05.117 DEBUG 12192 --- [    Test worker] o.s.w.s.h.BeanNameUrlHandlerMapping      : Rejected bean name 'contextAttributes': no URL paths identified
2017-10-26 07:47:05.117 DEBUG 12192 --- [    Test worker] o.s.w.s.h.BeanNameUrlHandlerMapping      : Rejected bean name 'org.springframework.context.annotation.ConfigurationClassPostProcessor.importRegistry': no URL paths identified
2017-10-26 07:47:05.117 DEBUG 12192 --- [    Test worker] o.s.w.s.h.BeanNameUrlHandlerMapping      : Rejected bean name 'org.springframework.boot.test.mock.mockito.MockitoBeans': no URL paths identified
2017-10-26 07:47:05.117 DEBUG 12192 --- [    Test worker] o.s.w.s.h.BeanNameUrlHandlerMapping      : Rejected bean name 'messageSource': no URL paths identified
2017-10-26 07:47:05.117 DEBUG 12192 --- [    Test worker] o.s.w.s.h.BeanNameUrlHandlerMapping      : Rejected bean name 'applicationEventMulticaster': no URL paths identified
2017-10-26 07:47:05.117 DEBUG 12192 --- [    Test worker] o.s.b.f.s.DefaultListableBeanFactory     : Returning cached instance of singleton bean 'org.springframework.transaction.config.internalTransactionAdvisor'
2017-10-26 07:47:05.117 DEBUG 12192 --- [    Test worker] o.s.b.f.s.DefaultListableBeanFactory     : Returning cached instance of singleton bean 'org.springframework.transaction.config.internalTransactionAdvisor'
2017-10-26 07:47:05.123 DEBUG 12192 --- [    Test worker] o.s.b.f.s.DefaultListableBeanFactory     : Finished creating instance of bean 'beanNameHandlerMapping'
2017-10-26 07:47:05.124 DEBUG 12192 --- [    Test worker] o.s.b.f.s.DefaultListableBeanFactory     : Creating shared instance of singleton bean 'resourceHandlerMapping'
2017-10-26 07:47:05.124 DEBUG 12192 --- [    Test worker] o.s.b.f.s.DefaultListableBeanFactory     : Creating instance of bean 'resourceHandlerMapping'
2017-10-26 07:47:05.124 DEBUG 12192 --- [    Test worker] o.s.b.f.s.DefaultListableBeanFactory     : Returning cached instance of singleton bean 'org.springframework.transaction.config.internalTransactionAdvisor'
2017-10-26 07:47:05.124 DEBUG 12192 --- [    Test worker] o.s.b.f.s.DefaultListableBeanFactory     : Returning cached instance of singleton bean 'org.springframework.boot.autoconfigure.web.servlet.WebMvcAutoConfiguration$EnableWebMvcConfiguration'
2017-10-26 07:47:05.125 DEBUG 12192 --- [    Test worker] o.s.b.f.s.DefaultListableBeanFactory     : Returning cached instance of singleton bean 'mvcContentNegotiationManager'
2017-10-26 07:47:05.130 DEBUG 12192 --- [    Test worker] o.s.b.f.s.DefaultListableBeanFactory     : Returning cached instance of singleton bean 'mvcPathMatcher'
2017-10-26 07:47:05.131 DEBUG 12192 --- [    Test worker] o.s.b.f.s.DefaultListableBeanFactory     : Returning cached instance of singleton bean 'mvcUrlPathHelper'
2017-10-26 07:47:05.131 DEBUG 12192 --- [    Test worker] o.s.b.f.s.DefaultListableBeanFactory     : Returning cached instance of singleton bean 'mvcResourceUrlProvider'
2017-10-26 07:47:05.132 DEBUG 12192 --- [    Test worker] o.s.b.f.s.DefaultListableBeanFactory     : Eagerly caching bean 'resourceHandlerMapping' to allow for resolving potential circular references
2017-10-26 07:47:05.143  INFO 12192 --- [    Test worker] o.s.w.s.handler.SimpleUrlHandlerMapping  : Mapped URL path [/webjars/**] onto handler of type [class org.springframework.web.servlet.resource.ResourceHttpRequestHandler]
2017-10-26 07:47:05.143  INFO 12192 --- [    Test worker] o.s.w.s.handler.SimpleUrlHandlerMapping  : Mapped URL path [/**] onto handler of type [class org.springframework.web.servlet.resource.ResourceHttpRequestHandler]
2017-10-26 07:47:05.143 DEBUG 12192 --- [    Test worker] o.s.b.f.s.DefaultListableBeanFactory     : Returning cached instance of singleton bean 'org.springframework.transaction.config.internalTransactionAdvisor'
2017-10-26 07:47:05.143 DEBUG 12192 --- [    Test worker] o.s.b.f.s.DefaultListableBeanFactory     : Returning cached instance of singleton bean 'org.springframework.transaction.config.internalTransactionAdvisor'
2017-10-26 07:47:05.150 DEBUG 12192 --- [    Test worker] o.s.b.f.s.DefaultListableBeanFactory     : Finished creating instance of bean 'resourceHandlerMapping'
2017-10-26 07:47:05.150 DEBUG 12192 --- [    Test worker] o.s.b.f.s.DefaultListableBeanFactory     : Returning cached instance of singleton bean 'mvcResourceUrlProvider'
2017-10-26 07:47:05.150 DEBUG 12192 --- [    Test worker] o.s.b.f.s.DefaultListableBeanFactory     : Creating shared instance of singleton bean 'defaultServletHandlerMapping'
2017-10-26 07:47:05.150 DEBUG 12192 --- [    Test worker] o.s.b.f.s.DefaultListableBeanFactory     : Creating instance of bean 'defaultServletHandlerMapping'
2017-10-26 07:47:05.150 DEBUG 12192 --- [    Test worker] o.s.b.f.s.DefaultListableBeanFactory     : Returning cached instance of singleton bean 'org.springframework.transaction.config.internalTransactionAdvisor'
2017-10-26 07:47:05.150 DEBUG 12192 --- [    Test worker] o.s.b.f.s.DefaultListableBeanFactory     : Returning cached instance of singleton bean 'org.springframework.boot.autoconfigure.web.servlet.WebMvcAutoConfiguration$EnableWebMvcConfiguration'
2017-10-26 07:47:05.152 DEBUG 12192 --- [    Test worker] o.s.b.f.s.DefaultListableBeanFactory     : Eagerly caching bean 'defaultServletHandlerMapping' to allow for resolving potential circular references
2017-10-26 07:47:05.153 DEBUG 12192 --- [    Test worker] o.s.b.f.s.DefaultListableBeanFactory     : Returning cached instance of singleton bean 'org.springframework.transaction.config.internalTransactionAdvisor'
2017-10-26 07:47:05.153 DEBUG 12192 --- [    Test worker] o.s.b.f.s.DefaultListableBeanFactory     : Returning cached instance of singleton bean 'org.springframework.transaction.config.internalTransactionAdvisor'
2017-10-26 07:47:05.153 DEBUG 12192 --- [    Test worker] o.s.b.f.s.DefaultListableBeanFactory     : Finished creating instance of bean 'defaultServletHandlerMapping'
2017-10-26 07:47:05.153 DEBUG 12192 --- [    Test worker] o.s.b.f.s.DefaultListableBeanFactory     : Returning cached instance of singleton bean 'mvcConversionService'
2017-10-26 07:47:05.154 DEBUG 12192 --- [    Test worker] o.s.b.f.s.DefaultListableBeanFactory     : Creating shared instance of singleton bean 'mvcUriComponentsContributor'
2017-10-26 07:47:05.154 DEBUG 12192 --- [    Test worker] o.s.b.f.s.DefaultListableBeanFactory     : Creating instance of bean 'mvcUriComponentsContributor'
2017-10-26 07:47:05.154 DEBUG 12192 --- [    Test worker] o.s.b.f.s.DefaultListableBeanFactory     : Returning cached instance of singleton bean 'org.springframework.transaction.config.internalTransactionAdvisor'
2017-10-26 07:47:05.154 DEBUG 12192 --- [    Test worker] o.s.b.f.s.DefaultListableBeanFactory     : Returning cached instance of singleton bean 'org.springframework.boot.autoconfigure.web.servlet.WebMvcAutoConfiguration$EnableWebMvcConfiguration'
2017-10-26 07:47:05.155 DEBUG 12192 --- [    Test worker] o.s.b.f.s.DefaultListableBeanFactory     : Returning cached instance of singleton bean 'requestMappingHandlerAdapter'
2017-10-26 07:47:05.155 DEBUG 12192 --- [    Test worker] o.s.b.f.s.DefaultListableBeanFactory     : Returning cached instance of singleton bean 'mvcConversionService'
2017-10-26 07:47:05.158 DEBUG 12192 --- [    Test worker] o.s.b.f.s.DefaultListableBeanFactory     : Eagerly caching bean 'mvcUriComponentsContributor' to allow for resolving potential circular references
2017-10-26 07:47:05.161 DEBUG 12192 --- [    Test worker] o.s.b.f.s.DefaultListableBeanFactory     : Returning cached instance of singleton bean 'org.springframework.transaction.config.internalTransactionAdvisor'
2017-10-26 07:47:05.162 DEBUG 12192 --- [    Test worker] o.s.b.f.s.DefaultListableBeanFactory     : Returning cached instance of singleton bean 'org.springframework.transaction.config.internalTransactionAdvisor'
2017-10-26 07:47:05.162 DEBUG 12192 --- [    Test worker] o.s.b.f.s.DefaultListableBeanFactory     : Finished creating instance of bean 'mvcUriComponentsContributor'
2017-10-26 07:47:05.162 DEBUG 12192 --- [    Test worker] o.s.b.f.s.DefaultListableBeanFactory     : Creating shared instance of singleton bean 'httpRequestHandlerAdapter'
2017-10-26 07:47:05.162 DEBUG 12192 --- [    Test worker] o.s.b.f.s.DefaultListableBeanFactory     : Creating instance of bean 'httpRequestHandlerAdapter'
2017-10-26 07:47:05.162 DEBUG 12192 --- [    Test worker] o.s.b.f.s.DefaultListableBeanFactory     : Returning cached instance of singleton bean 'org.springframework.transaction.config.internalTransactionAdvisor'
2017-10-26 07:47:05.163 DEBUG 12192 --- [    Test worker] o.s.b.f.s.DefaultListableBeanFactory     : Returning cached instance of singleton bean 'org.springframework.boot.autoconfigure.web.servlet.WebMvcAutoConfiguration$EnableWebMvcConfiguration'
2017-10-26 07:47:05.163 DEBUG 12192 --- [    Test worker] o.s.b.f.s.DefaultListableBeanFactory     : Eagerly caching bean 'httpRequestHandlerAdapter' to allow for resolving potential circular references
2017-10-26 07:47:05.166 DEBUG 12192 --- [    Test worker] o.s.b.f.s.DefaultListableBeanFactory     : Returning cached instance of singleton bean 'org.springframework.transaction.config.internalTransactionAdvisor'
2017-10-26 07:47:05.166 DEBUG 12192 --- [    Test worker] o.s.b.f.s.DefaultListableBeanFactory     : Returning cached instance of singleton bean 'org.springframework.transaction.config.internalTransactionAdvisor'
2017-10-26 07:47:05.167 DEBUG 12192 --- [    Test worker] o.s.b.f.s.DefaultListableBeanFactory     : Finished creating instance of bean 'httpRequestHandlerAdapter'
2017-10-26 07:47:05.167 DEBUG 12192 --- [    Test worker] o.s.b.f.s.DefaultListableBeanFactory     : Creating shared instance of singleton bean 'simpleControllerHandlerAdapter'
2017-10-26 07:47:05.167 DEBUG 12192 --- [    Test worker] o.s.b.f.s.DefaultListableBeanFactory     : Creating instance of bean 'simpleControllerHandlerAdapter'
2017-10-26 07:47:05.167 DEBUG 12192 --- [    Test worker] o.s.b.f.s.DefaultListableBeanFactory     : Returning cached instance of singleton bean 'org.springframework.transaction.config.internalTransactionAdvisor'
2017-10-26 07:47:05.167 DEBUG 12192 --- [    Test worker] o.s.b.f.s.DefaultListableBeanFactory     : Returning cached instance of singleton bean 'org.springframework.boot.autoconfigure.web.servlet.WebMvcAutoConfiguration$EnableWebMvcConfiguration'
2017-10-26 07:47:05.168 DEBUG 12192 --- [    Test worker] o.s.b.f.s.DefaultListableBeanFactory     : Eagerly caching bean 'simpleControllerHandlerAdapter' to allow for resolving potential circular references
2017-10-26 07:47:05.171 DEBUG 12192 --- [    Test worker] o.s.b.f.s.DefaultListableBeanFactory     : Returning cached instance of singleton bean 'org.springframework.transaction.config.internalTransactionAdvisor'
2017-10-26 07:47:05.171 DEBUG 12192 --- [    Test worker] o.s.b.f.s.DefaultListableBeanFactory     : Returning cached instance of singleton bean 'org.springframework.transaction.config.internalTransactionAdvisor'
2017-10-26 07:47:05.171 DEBUG 12192 --- [    Test worker] o.s.b.f.s.DefaultListableBeanFactory     : Finished creating instance of bean 'simpleControllerHandlerAdapter'
2017-10-26 07:47:05.171 DEBUG 12192 --- [    Test worker] o.s.b.f.s.DefaultListableBeanFactory     : Creating shared instance of singleton bean 'handlerExceptionResolver'
2017-10-26 07:47:05.171 DEBUG 12192 --- [    Test worker] o.s.b.f.s.DefaultListableBeanFactory     : Creating instance of bean 'handlerExceptionResolver'
2017-10-26 07:47:05.171 DEBUG 12192 --- [    Test worker] o.s.b.f.s.DefaultListableBeanFactory     : Returning cached instance of singleton bean 'org.springframework.transaction.config.internalTransactionAdvisor'
2017-10-26 07:47:05.172 DEBUG 12192 --- [    Test worker] o.s.b.f.s.DefaultListableBeanFactory     : Returning cached instance of singleton bean 'org.springframework.boot.autoconfigure.web.servlet.WebMvcAutoConfiguration$EnableWebMvcConfiguration'
2017-10-26 07:47:05.176 DEBUG 12192 --- [    Test worker] o.s.b.f.s.DefaultListableBeanFactory     : Returning cached instance of singleton bean 'mvcContentNegotiationManager'
2017-10-26 07:47:05.176 DEBUG 12192 --- [    Test worker] .m.m.a.ExceptionHandlerExceptionResolver : Looking for exception mappings: org.springframework.web.context.support.GenericWebApplicationContext@739e2a40: startup date [Thu Oct 26 07:46:59 COT 2017]; root of context hierarchy
2017-10-26 07:47:05.187 DEBUG 12192 --- [    Test worker] o.s.b.f.s.DefaultListableBeanFactory     : Eagerly caching bean 'handlerExceptionResolver' to allow for resolving potential circular references
2017-10-26 07:47:05.191 DEBUG 12192 --- [    Test worker] o.s.b.f.s.DefaultListableBeanFactory     : Returning cached instance of singleton bean 'org.springframework.transaction.config.internalTransactionAdvisor'
2017-10-26 07:47:05.191 DEBUG 12192 --- [    Test worker] o.s.b.f.s.DefaultListableBeanFactory     : Returning cached instance of singleton bean 'org.springframework.transaction.config.internalTransactionAdvisor'
2017-10-26 07:47:05.192 DEBUG 12192 --- [    Test worker] o.s.b.f.s.DefaultListableBeanFactory     : Finished creating instance of bean 'handlerExceptionResolver'
2017-10-26 07:47:05.192 DEBUG 12192 --- [    Test worker] o.s.b.f.s.DefaultListableBeanFactory     : Creating shared instance of singleton bean 'mvcViewResolver'
2017-10-26 07:47:05.192 DEBUG 12192 --- [    Test worker] o.s.b.f.s.DefaultListableBeanFactory     : Creating instance of bean 'mvcViewResolver'
2017-10-26 07:47:05.192 DEBUG 12192 --- [    Test worker] o.s.b.f.s.DefaultListableBeanFactory     : Returning cached instance of singleton bean 'org.springframework.transaction.config.internalTransactionAdvisor'
2017-10-26 07:47:05.192 DEBUG 12192 --- [    Test worker] o.s.b.f.s.DefaultListableBeanFactory     : Returning cached instance of singleton bean 'org.springframework.boot.autoconfigure.web.servlet.WebMvcAutoConfiguration$EnableWebMvcConfiguration'
2017-10-26 07:47:05.196 DEBUG 12192 --- [    Test worker] o.s.b.f.s.DefaultListableBeanFactory     : Returning cached instance of singleton bean 'mvcContentNegotiationManager'
2017-10-26 07:47:05.199 DEBUG 12192 --- [    Test worker] o.s.b.f.s.DefaultListableBeanFactory     : Eagerly caching bean 'mvcViewResolver' to allow for resolving potential circular references
2017-10-26 07:47:05.205 DEBUG 12192 --- [    Test worker] o.s.b.f.s.DefaultListableBeanFactory     : Invoking afterPropertiesSet() on bean with name 'mvcViewResolver'
2017-10-26 07:47:05.205 DEBUG 12192 --- [    Test worker] o.s.b.f.s.DefaultListableBeanFactory     : Returning cached instance of singleton bean 'org.springframework.transaction.config.internalTransactionAdvisor'
2017-10-26 07:47:05.205 DEBUG 12192 --- [    Test worker] o.s.b.f.s.DefaultListableBeanFactory     : Returning cached instance of singleton bean 'org.springframework.transaction.config.internalTransactionAdvisor'
2017-10-26 07:47:05.206 DEBUG 12192 --- [    Test worker] o.s.b.f.s.DefaultListableBeanFactory     : Finished creating instance of bean 'mvcViewResolver'
2017-10-26 07:47:05.206 DEBUG 12192 --- [    Test worker] o.s.b.f.s.DefaultListableBeanFactory     : Creating shared instance of singleton bean 'org.springframework.boot.autoconfigure.web.servlet.WebMvcAutoConfiguration$WebMvcAutoConfigurationAdapter$FaviconConfiguration'
2017-10-26 07:47:05.206 DEBUG 12192 --- [    Test worker] o.s.b.f.s.DefaultListableBeanFactory     : Creating instance of bean 'org.springframework.boot.autoconfigure.web.servlet.WebMvcAutoConfiguration$WebMvcAutoConfigurationAdapter$FaviconConfiguration'
2017-10-26 07:47:05.206 DEBUG 12192 --- [    Test worker] o.s.b.f.s.DefaultListableBeanFactory     : Returning cached instance of singleton bean 'org.springframework.transaction.config.internalTransactionAdvisor'
2017-10-26 07:47:05.207 DEBUG 12192 --- [    Test worker] ocalVariableTableParameterNameDiscoverer : Cannot find '.class' file for class [class org.springframework.boot.autoconfigure.web.servlet.WebMvcAutoConfiguration$WebMvcAutoConfigurationAdapter$FaviconConfiguration$$EnhancerBySpringCGLIB$$1159365f] - unable to determine constructor/method parameter names
2017-10-26 07:47:05.208 DEBUG 12192 --- [    Test worker] o.s.b.f.s.DefaultListableBeanFactory     : Returning cached instance of singleton bean 'spring.resources-org.springframework.boot.autoconfigure.web.ResourceProperties'
2017-10-26 07:47:05.208 DEBUG 12192 --- [    Test worker] o.s.b.f.s.DefaultListableBeanFactory     : Autowiring by type from bean name 'org.springframework.boot.autoconfigure.web.servlet.WebMvcAutoConfiguration$WebMvcAutoConfigurationAdapter$FaviconConfiguration' via constructor to bean named 'spring.resources-org.springframework.boot.autoconfigure.web.ResourceProperties'
2017-10-26 07:47:05.208 DEBUG 12192 --- [    Test worker] o.s.b.f.s.DefaultListableBeanFactory     : Eagerly caching bean 'org.springframework.boot.autoconfigure.web.servlet.WebMvcAutoConfiguration$WebMvcAutoConfigurationAdapter$FaviconConfiguration' to allow for resolving potential circular references
2017-10-26 07:47:05.213 DEBUG 12192 --- [    Test worker] o.s.b.f.s.DefaultListableBeanFactory     : Returning cached instance of singleton bean 'org.springframework.transaction.config.internalTransactionAdvisor'
2017-10-26 07:47:05.213 DEBUG 12192 --- [    Test worker] o.s.b.f.s.DefaultListableBeanFactory     : Returning cached instance of singleton bean 'org.springframework.transaction.config.internalTransactionAdvisor'
2017-10-26 07:47:05.215 DEBUG 12192 --- [    Test worker] o.s.b.f.s.DefaultListableBeanFactory     : Finished creating instance of bean 'org.springframework.boot.autoconfigure.web.servlet.WebMvcAutoConfiguration$WebMvcAutoConfigurationAdapter$FaviconConfiguration'
2017-10-26 07:47:05.215 DEBUG 12192 --- [    Test worker] o.s.b.f.s.DefaultListableBeanFactory     : Creating shared instance of singleton bean 'faviconHandlerMapping'
2017-10-26 07:47:05.215 DEBUG 12192 --- [    Test worker] o.s.b.f.s.DefaultListableBeanFactory     : Creating instance of bean 'faviconHandlerMapping'
2017-10-26 07:47:05.215 DEBUG 12192 --- [    Test worker] o.s.b.f.s.DefaultListableBeanFactory     : Returning cached instance of singleton bean 'org.springframework.transaction.config.internalTransactionAdvisor'
2017-10-26 07:47:05.215 DEBUG 12192 --- [    Test worker] o.s.b.f.s.DefaultListableBeanFactory     : Returning cached instance of singleton bean 'org.springframework.boot.autoconfigure.web.servlet.WebMvcAutoConfiguration$WebMvcAutoConfigurationAdapter$FaviconConfiguration'
2017-10-26 07:47:05.220 DEBUG 12192 --- [    Test worker] o.s.b.f.s.DefaultListableBeanFactory     : Creating shared instance of singleton bean 'faviconRequestHandler'
2017-10-26 07:47:05.221 DEBUG 12192 --- [    Test worker] o.s.b.f.s.DefaultListableBeanFactory     : Creating instance of bean 'faviconRequestHandler'
2017-10-26 07:47:05.221 DEBUG 12192 --- [    Test worker] o.s.b.f.s.DefaultListableBeanFactory     : Returning cached instance of singleton bean 'org.springframework.transaction.config.internalTransactionAdvisor'
2017-10-26 07:47:05.221 DEBUG 12192 --- [    Test worker] o.s.b.f.s.DefaultListableBeanFactory     : Returning cached instance of singleton bean 'org.springframework.boot.autoconfigure.web.servlet.WebMvcAutoConfiguration$WebMvcAutoConfigurationAdapter$FaviconConfiguration'
2017-10-26 07:47:05.224 DEBUG 12192 --- [    Test worker] o.s.b.f.s.DefaultListableBeanFactory     : Eagerly caching bean 'faviconRequestHandler' to allow for resolving potential circular references
2017-10-26 07:47:05.233 DEBUG 12192 --- [    Test worker] o.s.b.f.s.DefaultListableBeanFactory     : Invoking afterPropertiesSet() on bean with name 'faviconRequestHandler'
2017-10-26 07:47:05.233 DEBUG 12192 --- [    Test worker] o.s.b.f.s.DefaultListableBeanFactory     : Returning cached instance of singleton bean 'org.springframework.transaction.config.internalTransactionAdvisor'
2017-10-26 07:47:05.233 DEBUG 12192 --- [    Test worker] o.s.b.f.s.DefaultListableBeanFactory     : Returning cached instance of singleton bean 'org.springframework.transaction.config.internalTransactionAdvisor'
2017-10-26 07:47:05.243 DEBUG 12192 --- [    Test worker] o.s.b.f.s.DefaultListableBeanFactory     : Finished creating instance of bean 'faviconRequestHandler'
2017-10-26 07:47:05.245 DEBUG 12192 --- [    Test worker] o.s.b.f.s.DefaultListableBeanFactory     : Eagerly caching bean 'faviconHandlerMapping' to allow for resolving potential circular references
2017-10-26 07:47:05.246  INFO 12192 --- [    Test worker] o.s.w.s.handler.SimpleUrlHandlerMapping  : Mapped URL path [/**/favicon.ico] onto handler of type [class org.springframework.web.servlet.resource.ResourceHttpRequestHandler]
2017-10-26 07:47:05.246 DEBUG 12192 --- [    Test worker] o.s.b.f.s.DefaultListableBeanFactory     : Returning cached instance of singleton bean 'org.springframework.transaction.config.internalTransactionAdvisor'
2017-10-26 07:47:05.246 DEBUG 12192 --- [    Test worker] o.s.b.f.s.DefaultListableBeanFactory     : Returning cached instance of singleton bean 'org.springframework.transaction.config.internalTransactionAdvisor'
2017-10-26 07:47:05.246 DEBUG 12192 --- [    Test worker] o.s.b.f.s.DefaultListableBeanFactory     : Finished creating instance of bean 'faviconHandlerMapping'
2017-10-26 07:47:05.247 DEBUG 12192 --- [    Test worker] o.s.b.f.s.DefaultListableBeanFactory     : Returning cached instance of singleton bean 'faviconRequestHandler'
2017-10-26 07:47:05.247 DEBUG 12192 --- [    Test worker] o.s.b.f.s.DefaultListableBeanFactory     : Returning cached instance of singleton bean 'org.springframework.boot.autoconfigure.web.servlet.WebMvcAutoConfiguration$WebMvcAutoConfigurationAdapter'
2017-10-26 07:47:05.247 DEBUG 12192 --- [    Test worker] o.s.b.f.s.DefaultListableBeanFactory     : Creating shared instance of singleton bean 'defaultViewResolver'
2017-10-26 07:47:05.247 DEBUG 12192 --- [    Test worker] o.s.b.f.s.DefaultListableBeanFactory     : Creating instance of bean 'defaultViewResolver'
2017-10-26 07:47:05.247 DEBUG 12192 --- [    Test worker] o.s.b.f.s.DefaultListableBeanFactory     : Returning cached instance of singleton bean 'org.springframework.transaction.config.internalTransactionAdvisor'
2017-10-26 07:47:05.247 DEBUG 12192 --- [    Test worker] o.s.b.f.s.DefaultListableBeanFactory     : Returning cached instance of singleton bean 'org.springframework.boot.autoconfigure.web.servlet.WebMvcAutoConfiguration$WebMvcAutoConfigurationAdapter'
2017-10-26 07:47:05.268 DEBUG 12192 --- [    Test worker] o.s.b.f.s.DefaultListableBeanFactory     : Eagerly caching bean 'defaultViewResolver' to allow for resolving potential circular references
2017-10-26 07:47:05.278 DEBUG 12192 --- [    Test worker] o.s.b.f.s.DefaultListableBeanFactory     : Returning cached instance of singleton bean 'org.springframework.transaction.config.internalTransactionAdvisor'
2017-10-26 07:47:05.278 DEBUG 12192 --- [    Test worker] o.s.b.f.s.DefaultListableBeanFactory     : Returning cached instance of singleton bean 'org.springframework.transaction.config.internalTransactionAdvisor'
2017-10-26 07:47:05.282 DEBUG 12192 --- [    Test worker] o.s.b.f.s.DefaultListableBeanFactory     : Finished creating instance of bean 'defaultViewResolver'
2017-10-26 07:47:05.282 DEBUG 12192 --- [    Test worker] o.s.b.f.s.DefaultListableBeanFactory     : Creating shared instance of singleton bean 'viewResolver'
2017-10-26 07:47:05.282 DEBUG 12192 --- [    Test worker] o.s.b.f.s.DefaultListableBeanFactory     : Creating instance of bean 'viewResolver'
2017-10-26 07:47:05.282 DEBUG 12192 --- [    Test worker] o.s.b.f.s.DefaultListableBeanFactory     : Returning cached instance of singleton bean 'org.springframework.transaction.config.internalTransactionAdvisor'
2017-10-26 07:47:05.283 DEBUG 12192 --- [    Test worker] o.s.b.f.s.DefaultListableBeanFactory     : Returning cached instance of singleton bean 'org.springframework.boot.autoconfigure.web.servlet.WebMvcAutoConfiguration$WebMvcAutoConfigurationAdapter'
2017-10-26 07:47:05.284 DEBUG 12192 --- [    Test worker] o.s.b.f.s.DefaultListableBeanFactory     : Autowiring by type from bean name 'viewResolver' via factory method to bean named 'org.springframework.beans.factory.support.DefaultListableBeanFactory@62ed0406'
2017-10-26 07:47:05.286 DEBUG 12192 --- [    Test worker] o.s.b.f.s.DefaultListableBeanFactory     : Returning cached instance of singleton bean 'mvcContentNegotiationManager'
2017-10-26 07:47:05.287 DEBUG 12192 --- [    Test worker] o.s.b.f.s.DefaultListableBeanFactory     : Eagerly caching bean 'viewResolver' to allow for resolving potential circular references
2017-10-26 07:47:05.295 DEBUG 12192 --- [    Test worker] o.s.b.f.s.DefaultListableBeanFactory     : Returning cached instance of singleton bean 'beanNameViewResolver'
2017-10-26 07:47:05.295 DEBUG 12192 --- [    Test worker] o.s.b.f.s.DefaultListableBeanFactory     : Returning cached instance of singleton bean 'mvcViewResolver'
2017-10-26 07:47:05.295 DEBUG 12192 --- [    Test worker] o.s.b.f.s.DefaultListableBeanFactory     : Returning cached instance of singleton bean 'defaultViewResolver'
2017-10-26 07:47:05.296 DEBUG 12192 --- [    Test worker] o.s.b.f.s.DefaultListableBeanFactory     : Returning cached instance of singleton bean 'org.springframework.transaction.config.internalTransactionAdvisor'
2017-10-26 07:47:05.296 DEBUG 12192 --- [    Test worker] o.s.b.f.s.DefaultListableBeanFactory     : Returning cached instance of singleton bean 'org.springframework.transaction.config.internalTransactionAdvisor'
2017-10-26 07:47:05.298 DEBUG 12192 --- [    Test worker] o.s.b.f.s.DefaultListableBeanFactory     : Returning eagerly cached instance of singleton bean 'viewResolver' that is not fully initialized yet - a consequence of a circular reference
2017-10-26 07:47:05.298 DEBUG 12192 --- [    Test worker] o.s.b.f.s.DefaultListableBeanFactory     : Invoking afterPropertiesSet() on bean with name 'viewResolver'
2017-10-26 07:47:05.298 DEBUG 12192 --- [    Test worker] o.s.b.f.s.DefaultListableBeanFactory     : Finished creating instance of bean 'viewResolver'
2017-10-26 07:47:05.298 DEBUG 12192 --- [    Test worker] o.s.b.f.s.DefaultListableBeanFactory     : Creating shared instance of singleton bean 'welcomePageHandlerMapping'
2017-10-26 07:47:05.298 DEBUG 12192 --- [    Test worker] o.s.b.f.s.DefaultListableBeanFactory     : Creating instance of bean 'welcomePageHandlerMapping'
2017-10-26 07:47:05.298 DEBUG 12192 --- [    Test worker] o.s.b.f.s.DefaultListableBeanFactory     : Returning cached instance of singleton bean 'org.springframework.transaction.config.internalTransactionAdvisor'
2017-10-26 07:47:05.298 DEBUG 12192 --- [    Test worker] o.s.b.f.s.DefaultListableBeanFactory     : Returning cached instance of singleton bean 'org.springframework.boot.autoconfigure.web.servlet.WebMvcAutoConfiguration$WebMvcAutoConfigurationAdapter'
2017-10-26 07:47:05.304 DEBUG 12192 --- [    Test worker] o.s.b.f.s.DefaultListableBeanFactory     : Eagerly caching bean 'welcomePageHandlerMapping' to allow for resolving potential circular references
2017-10-26 07:47:05.312 DEBUG 12192 --- [    Test worker] o.s.b.f.s.DefaultListableBeanFactory     : Returning cached instance of singleton bean 'org.springframework.transaction.config.internalTransactionAdvisor'
2017-10-26 07:47:05.312 DEBUG 12192 --- [    Test worker] o.s.b.f.s.DefaultListableBeanFactory     : Returning cached instance of singleton bean 'org.springframework.transaction.config.internalTransactionAdvisor'
2017-10-26 07:47:05.315 DEBUG 12192 --- [    Test worker] o.s.b.f.s.DefaultListableBeanFactory     : Finished creating instance of bean 'welcomePageHandlerMapping'
2017-10-26 07:47:05.316 DEBUG 12192 --- [    Test worker] o.s.b.f.s.DefaultListableBeanFactory     : Creating shared instance of singleton bean 'requestContextFilter'
2017-10-26 07:47:05.316 DEBUG 12192 --- [    Test worker] o.s.b.f.s.DefaultListableBeanFactory     : Creating instance of bean 'requestContextFilter'
2017-10-26 07:47:05.316 DEBUG 12192 --- [    Test worker] o.s.b.f.s.DefaultListableBeanFactory     : Returning cached instance of singleton bean 'org.springframework.transaction.config.internalTransactionAdvisor'
2017-10-26 07:47:05.318 DEBUG 12192 --- [    Test worker] o.s.b.f.s.DefaultListableBeanFactory     : Eagerly caching bean 'requestContextFilter' to allow for resolving potential circular references
2017-10-26 07:47:05.325 DEBUG 12192 --- [    Test worker] o.s.b.f.s.DefaultListableBeanFactory     : Invoking afterPropertiesSet() on bean with name 'requestContextFilter'
2017-10-26 07:47:05.326 DEBUG 12192 --- [    Test worker] o.s.b.f.s.DefaultListableBeanFactory     : Returning cached instance of singleton bean 'org.springframework.transaction.config.internalTransactionAdvisor'
2017-10-26 07:47:05.326 DEBUG 12192 --- [    Test worker] o.s.b.f.s.DefaultListableBeanFactory     : Returning cached instance of singleton bean 'org.springframework.transaction.config.internalTransactionAdvisor'
2017-10-26 07:47:05.327 DEBUG 12192 --- [    Test worker] o.s.b.f.s.DefaultListableBeanFactory     : Finished creating instance of bean 'requestContextFilter'
2017-10-26 07:47:05.327 DEBUG 12192 --- [    Test worker] o.s.b.f.s.DefaultListableBeanFactory     : Creating shared instance of singleton bean 'org.springframework.boot.autoconfigure.web.servlet.WebMvcAutoConfiguration'
2017-10-26 07:47:05.327 DEBUG 12192 --- [    Test worker] o.s.b.f.s.DefaultListableBeanFactory     : Creating instance of bean 'org.springframework.boot.autoconfigure.web.servlet.WebMvcAutoConfiguration'
2017-10-26 07:47:05.327 DEBUG 12192 --- [    Test worker] o.s.b.f.s.DefaultListableBeanFactory     : Returning cached instance of singleton bean 'org.springframework.transaction.config.internalTransactionAdvisor'
2017-10-26 07:47:05.327 DEBUG 12192 --- [    Test worker] o.s.b.f.s.DefaultListableBeanFactory     : Eagerly caching bean 'org.springframework.boot.autoconfigure.web.servlet.WebMvcAutoConfiguration' to allow for resolving potential circular references
2017-10-26 07:47:05.330 DEBUG 12192 --- [    Test worker] o.s.b.f.s.DefaultListableBeanFactory     : Returning cached instance of singleton bean 'org.springframework.transaction.config.internalTransactionAdvisor'
2017-10-26 07:47:05.330 DEBUG 12192 --- [    Test worker] o.s.b.f.s.DefaultListableBeanFactory     : Returning cached instance of singleton bean 'org.springframework.transaction.config.internalTransactionAdvisor'
2017-10-26 07:47:05.332 DEBUG 12192 --- [    Test worker] o.s.b.f.s.DefaultListableBeanFactory     : Finished creating instance of bean 'org.springframework.boot.autoconfigure.web.servlet.WebMvcAutoConfiguration'
2017-10-26 07:47:05.332 DEBUG 12192 --- [    Test worker] o.s.b.f.s.DefaultListableBeanFactory     : Creating shared instance of singleton bean 'hiddenHttpMethodFilter'
2017-10-26 07:47:05.332 DEBUG 12192 --- [    Test worker] o.s.b.f.s.DefaultListableBeanFactory     : Creating instance of bean 'hiddenHttpMethodFilter'
2017-10-26 07:47:05.332 DEBUG 12192 --- [    Test worker] o.s.b.f.s.DefaultListableBeanFactory     : Returning cached instance of singleton bean 'org.springframework.transaction.config.internalTransactionAdvisor'
2017-10-26 07:47:05.332 DEBUG 12192 --- [    Test worker] o.s.b.f.s.DefaultListableBeanFactory     : Returning cached instance of singleton bean 'org.springframework.boot.autoconfigure.web.servlet.WebMvcAutoConfiguration'
2017-10-26 07:47:05.336 DEBUG 12192 --- [    Test worker] o.s.b.f.s.DefaultListableBeanFactory     : Eagerly caching bean 'hiddenHttpMethodFilter' to allow for resolving potential circular references
2017-10-26 07:47:05.343 DEBUG 12192 --- [    Test worker] o.s.b.f.s.DefaultListableBeanFactory     : Invoking afterPropertiesSet() on bean with name 'hiddenHttpMethodFilter'
2017-10-26 07:47:05.343 DEBUG 12192 --- [    Test worker] o.s.b.f.s.DefaultListableBeanFactory     : Returning cached instance of singleton bean 'org.springframework.transaction.config.internalTransactionAdvisor'
2017-10-26 07:47:05.343 DEBUG 12192 --- [    Test worker] o.s.b.f.s.DefaultListableBeanFactory     : Returning cached instance of singleton bean 'org.springframework.transaction.config.internalTransactionAdvisor'
2017-10-26 07:47:05.344 DEBUG 12192 --- [    Test worker] o.s.b.f.s.DefaultListableBeanFactory     : Finished creating instance of bean 'hiddenHttpMethodFilter'
2017-10-26 07:47:05.344 DEBUG 12192 --- [    Test worker] o.s.b.f.s.DefaultListableBeanFactory     : Creating shared instance of singleton bean 'httpPutFormContentFilter'
2017-10-26 07:47:05.344 DEBUG 12192 --- [    Test worker] o.s.b.f.s.DefaultListableBeanFactory     : Creating instance of bean 'httpPutFormContentFilter'
2017-10-26 07:47:05.344 DEBUG 12192 --- [    Test worker] o.s.b.f.s.DefaultListableBeanFactory     : Returning cached instance of singleton bean 'org.springframework.transaction.config.internalTransactionAdvisor'
2017-10-26 07:47:05.344 DEBUG 12192 --- [    Test worker] o.s.b.f.s.DefaultListableBeanFactory     : Returning cached instance of singleton bean 'org.springframework.boot.autoconfigure.web.servlet.WebMvcAutoConfiguration'
2017-10-26 07:47:05.347 DEBUG 12192 --- [    Test worker] o.s.b.f.s.DefaultListableBeanFactory     : Eagerly caching bean 'httpPutFormContentFilter' to allow for resolving potential circular references
2017-10-26 07:47:05.354 DEBUG 12192 --- [    Test worker] o.s.b.f.s.DefaultListableBeanFactory     : Invoking afterPropertiesSet() on bean with name 'httpPutFormContentFilter'
2017-10-26 07:47:05.354 DEBUG 12192 --- [    Test worker] o.s.b.f.s.DefaultListableBeanFactory     : Returning cached instance of singleton bean 'org.springframework.transaction.config.internalTransactionAdvisor'
2017-10-26 07:47:05.354 DEBUG 12192 --- [    Test worker] o.s.b.f.s.DefaultListableBeanFactory     : Returning cached instance of singleton bean 'org.springframework.transaction.config.internalTransactionAdvisor'
2017-10-26 07:47:05.356 DEBUG 12192 --- [    Test worker] o.s.b.f.s.DefaultListableBeanFactory     : Finished creating instance of bean 'httpPutFormContentFilter'
2017-10-26 07:47:05.356 DEBUG 12192 --- [    Test worker] o.s.b.f.s.DefaultListableBeanFactory     : Creating shared instance of singleton bean 'org.springframework.boot.autoconfigure.aop.AopAutoConfiguration$CglibAutoProxyConfiguration'
2017-10-26 07:47:05.356 DEBUG 12192 --- [    Test worker] o.s.b.f.s.DefaultListableBeanFactory     : Creating instance of bean 'org.springframework.boot.autoconfigure.aop.AopAutoConfiguration$CglibAutoProxyConfiguration'
2017-10-26 07:47:05.356 DEBUG 12192 --- [    Test worker] o.s.b.f.s.DefaultListableBeanFactory     : Returning cached instance of singleton bean 'org.springframework.transaction.config.internalTransactionAdvisor'
2017-10-26 07:47:05.357 DEBUG 12192 --- [    Test worker] o.s.b.f.s.DefaultListableBeanFactory     : Eagerly caching bean 'org.springframework.boot.autoconfigure.aop.AopAutoConfiguration$CglibAutoProxyConfiguration' to allow for resolving potential circular references
2017-10-26 07:47:05.360 DEBUG 12192 --- [    Test worker] o.s.b.f.s.DefaultListableBeanFactory     : Returning cached instance of singleton bean 'org.springframework.transaction.config.internalTransactionAdvisor'
2017-10-26 07:47:05.360 DEBUG 12192 --- [    Test worker] o.s.b.f.s.DefaultListableBeanFactory     : Returning cached instance of singleton bean 'org.springframework.transaction.config.internalTransactionAdvisor'
2017-10-26 07:47:05.361 DEBUG 12192 --- [    Test worker] o.s.b.f.s.DefaultListableBeanFactory     : Finished creating instance of bean 'org.springframework.boot.autoconfigure.aop.AopAutoConfiguration$CglibAutoProxyConfiguration'
2017-10-26 07:47:05.361 DEBUG 12192 --- [    Test worker] o.s.b.f.s.DefaultListableBeanFactory     : Returning cached instance of singleton bean 'org.springframework.aop.config.internalAutoProxyCreator'
2017-10-26 07:47:05.361 DEBUG 12192 --- [    Test worker] o.s.b.f.s.DefaultListableBeanFactory     : Creating shared instance of singleton bean 'org.springframework.boot.autoconfigure.aop.AopAutoConfiguration'
2017-10-26 07:47:05.361 DEBUG 12192 --- [    Test worker] o.s.b.f.s.DefaultListableBeanFactory     : Creating instance of bean 'org.springframework.boot.autoconfigure.aop.AopAutoConfiguration'
2017-10-26 07:47:05.361 DEBUG 12192 --- [    Test worker] o.s.b.f.s.DefaultListableBeanFactory     : Returning cached instance of singleton bean 'org.springframework.transaction.config.internalTransactionAdvisor'
2017-10-26 07:47:05.362 DEBUG 12192 --- [    Test worker] o.s.b.f.s.DefaultListableBeanFactory     : Eagerly caching bean 'org.springframework.boot.autoconfigure.aop.AopAutoConfiguration' to allow for resolving potential circular references
2017-10-26 07:47:05.365 DEBUG 12192 --- [    Test worker] o.s.b.f.s.DefaultListableBeanFactory     : Returning cached instance of singleton bean 'org.springframework.transaction.config.internalTransactionAdvisor'
2017-10-26 07:47:05.365 DEBUG 12192 --- [    Test worker] o.s.b.f.s.DefaultListableBeanFactory     : Returning cached instance of singleton bean 'org.springframework.transaction.config.internalTransactionAdvisor'
2017-10-26 07:47:05.366 DEBUG 12192 --- [    Test worker] o.s.b.f.s.DefaultListableBeanFactory     : Finished creating instance of bean 'org.springframework.boot.autoconfigure.aop.AopAutoConfiguration'
2017-10-26 07:47:05.366 DEBUG 12192 --- [    Test worker] o.s.b.f.s.DefaultListableBeanFactory     : Creating shared instance of singleton bean 'org.springframework.boot.autoconfigure.transaction.jta.JtaAutoConfiguration'
2017-10-26 07:47:05.366 DEBUG 12192 --- [    Test worker] o.s.b.f.s.DefaultListableBeanFactory     : Creating instance of bean 'org.springframework.boot.autoconfigure.transaction.jta.JtaAutoConfiguration'
2017-10-26 07:47:05.366 DEBUG 12192 --- [    Test worker] o.s.b.f.s.DefaultListableBeanFactory     : Returning cached instance of singleton bean 'org.springframework.transaction.config.internalTransactionAdvisor'
2017-10-26 07:47:05.367 DEBUG 12192 --- [    Test worker] o.s.b.f.s.DefaultListableBeanFactory     : Eagerly caching bean 'org.springframework.boot.autoconfigure.transaction.jta.JtaAutoConfiguration' to allow for resolving potential circular references
2017-10-26 07:47:05.368 DEBUG 12192 --- [    Test worker] o.s.b.f.s.DefaultListableBeanFactory     : Returning cached instance of singleton bean 'org.springframework.transaction.config.internalTransactionAdvisor'
2017-10-26 07:47:05.368 DEBUG 12192 --- [    Test worker] o.s.b.f.s.DefaultListableBeanFactory     : Returning cached instance of singleton bean 'org.springframework.transaction.config.internalTransactionAdvisor'
2017-10-26 07:47:05.369 DEBUG 12192 --- [    Test worker] o.s.b.f.s.DefaultListableBeanFactory     : Finished creating instance of bean 'org.springframework.boot.autoconfigure.transaction.jta.JtaAutoConfiguration'
2017-10-26 07:47:05.369 DEBUG 12192 --- [    Test worker] o.s.b.f.s.DefaultListableBeanFactory     : Creating shared instance of singleton bean 'spring.jta-org.springframework.boot.autoconfigure.transaction.jta.JtaProperties'
2017-10-26 07:47:05.369 DEBUG 12192 --- [    Test worker] o.s.b.f.s.DefaultListableBeanFactory     : Creating instance of bean 'spring.jta-org.springframework.boot.autoconfigure.transaction.jta.JtaProperties'
2017-10-26 07:47:05.369 DEBUG 12192 --- [    Test worker] o.s.b.f.s.DefaultListableBeanFactory     : Returning cached instance of singleton bean 'org.springframework.transaction.config.internalTransactionAdvisor'
2017-10-26 07:47:05.369 DEBUG 12192 --- [    Test worker] o.s.b.f.s.DefaultListableBeanFactory     : Eagerly caching bean 'spring.jta-org.springframework.boot.autoconfigure.transaction.jta.JtaProperties' to allow for resolving potential circular references
2017-10-26 07:47:05.372 DEBUG 12192 --- [    Test worker] o.s.b.f.s.DefaultListableBeanFactory     : Returning cached instance of singleton bean 'org.springframework.transaction.config.internalTransactionAdvisor'
2017-10-26 07:47:05.372 DEBUG 12192 --- [    Test worker] o.s.b.f.s.DefaultListableBeanFactory     : Returning cached instance of singleton bean 'org.springframework.transaction.config.internalTransactionAdvisor'
2017-10-26 07:47:05.373 DEBUG 12192 --- [    Test worker] o.s.b.f.s.DefaultListableBeanFactory     : Finished creating instance of bean 'spring.jta-org.springframework.boot.autoconfigure.transaction.jta.JtaProperties'
2017-10-26 07:47:05.373 DEBUG 12192 --- [    Test worker] o.s.b.f.s.DefaultListableBeanFactory     : Returning cached instance of singleton bean 'org.springframework.boot.autoconfigure.jdbc.DataSourceConfiguration$Hikari'
2017-10-26 07:47:05.373 DEBUG 12192 --- [    Test worker] o.s.b.f.s.DefaultListableBeanFactory     : Returning cached instance of singleton bean 'dataSource'
2017-10-26 07:47:05.373 DEBUG 12192 --- [    Test worker] o.s.b.f.s.DefaultListableBeanFactory     : Creating shared instance of singleton bean 'org.springframework.boot.autoconfigure.jdbc.DataSourceAutoConfiguration$PooledDataSourceConfiguration'
2017-10-26 07:47:05.373 DEBUG 12192 --- [    Test worker] o.s.b.f.s.DefaultListableBeanFactory     : Creating instance of bean 'org.springframework.boot.autoconfigure.jdbc.DataSourceAutoConfiguration$PooledDataSourceConfiguration'
2017-10-26 07:47:05.373 DEBUG 12192 --- [    Test worker] o.s.b.f.s.DefaultListableBeanFactory     : Returning cached instance of singleton bean 'org.springframework.transaction.config.internalTransactionAdvisor'
2017-10-26 07:47:05.373 DEBUG 12192 --- [    Test worker] o.s.b.f.s.DefaultListableBeanFactory     : Eagerly caching bean 'org.springframework.boot.autoconfigure.jdbc.DataSourceAutoConfiguration$PooledDataSourceConfiguration' to allow for resolving potential circular references
2017-10-26 07:47:05.377 DEBUG 12192 --- [    Test worker] o.s.b.f.s.DefaultListableBeanFactory     : Returning cached instance of singleton bean 'org.springframework.transaction.config.internalTransactionAdvisor'
2017-10-26 07:47:05.377 DEBUG 12192 --- [    Test worker] o.s.b.f.s.DefaultListableBeanFactory     : Returning cached instance of singleton bean 'org.springframework.transaction.config.internalTransactionAdvisor'
2017-10-26 07:47:05.378 DEBUG 12192 --- [    Test worker] o.s.b.f.s.DefaultListableBeanFactory     : Finished creating instance of bean 'org.springframework.boot.autoconfigure.jdbc.DataSourceAutoConfiguration$PooledDataSourceConfiguration'
2017-10-26 07:47:05.378 DEBUG 12192 --- [    Test worker] o.s.b.f.s.DefaultListableBeanFactory     : Creating shared instance of singleton bean 'org.springframework.boot.autoconfigure.jdbc.metadata.DataSourcePoolMetadataProvidersConfiguration$HikariPoolDataSourceMetadataProviderConfiguration'
2017-10-26 07:47:05.378 DEBUG 12192 --- [    Test worker] o.s.b.f.s.DefaultListableBeanFactory     : Creating instance of bean 'org.springframework.boot.autoconfigure.jdbc.metadata.DataSourcePoolMetadataProvidersConfiguration$HikariPoolDataSourceMetadataProviderConfiguration'
2017-10-26 07:47:05.378 DEBUG 12192 --- [    Test worker] o.s.b.f.s.DefaultListableBeanFactory     : Returning cached instance of singleton bean 'org.springframework.transaction.config.internalTransactionAdvisor'
2017-10-26 07:47:05.378 DEBUG 12192 --- [    Test worker] o.s.b.f.s.DefaultListableBeanFactory     : Eagerly caching bean 'org.springframework.boot.autoconfigure.jdbc.metadata.DataSourcePoolMetadataProvidersConfiguration$HikariPoolDataSourceMetadataProviderConfiguration' to allow for resolving potential circular references
2017-10-26 07:47:05.382 DEBUG 12192 --- [    Test worker] o.s.b.f.s.DefaultListableBeanFactory     : Returning cached instance of singleton bean 'org.springframework.transaction.config.internalTransactionAdvisor'
2017-10-26 07:47:05.383 DEBUG 12192 --- [    Test worker] o.s.b.f.s.DefaultListableBeanFactory     : Returning cached instance of singleton bean 'org.springframework.transaction.config.internalTransactionAdvisor'
2017-10-26 07:47:05.384 DEBUG 12192 --- [    Test worker] o.s.b.f.s.DefaultListableBeanFactory     : Finished creating instance of bean 'org.springframework.boot.autoconfigure.jdbc.metadata.DataSourcePoolMetadataProvidersConfiguration$HikariPoolDataSourceMetadataProviderConfiguration'
2017-10-26 07:47:05.384 DEBUG 12192 --- [    Test worker] o.s.b.f.s.DefaultListableBeanFactory     : Creating shared instance of singleton bean 'hikariPoolDataSourceMetadataProvider'
2017-10-26 07:47:05.384 DEBUG 12192 --- [    Test worker] o.s.b.f.s.DefaultListableBeanFactory     : Creating instance of bean 'hikariPoolDataSourceMetadataProvider'
2017-10-26 07:47:05.384 DEBUG 12192 --- [    Test worker] o.s.b.f.s.DefaultListableBeanFactory     : Returning cached instance of singleton bean 'org.springframework.transaction.config.internalTransactionAdvisor'
2017-10-26 07:47:05.384 DEBUG 12192 --- [    Test worker] o.s.b.f.s.DefaultListableBeanFactory     : Returning cached instance of singleton bean 'org.springframework.boot.autoconfigure.jdbc.metadata.DataSourcePoolMetadataProvidersConfiguration$HikariPoolDataSourceMetadataProviderConfiguration'
2017-10-26 07:47:05.389 DEBUG 12192 --- [    Test worker] o.s.b.f.s.DefaultListableBeanFactory     : Eagerly caching bean 'hikariPoolDataSourceMetadataProvider' to allow for resolving potential circular references
2017-10-26 07:47:05.391 DEBUG 12192 --- [    Test worker] o.s.b.f.s.DefaultListableBeanFactory     : Returning cached instance of singleton bean 'org.springframework.transaction.config.internalTransactionAdvisor'
2017-10-26 07:47:05.392 DEBUG 12192 --- [    Test worker] o.s.b.f.s.DefaultListableBeanFactory     : Returning cached instance of singleton bean 'org.springframework.transaction.config.internalTransactionAdvisor'
2017-10-26 07:47:05.392 DEBUG 12192 --- [    Test worker] o.s.b.f.s.DefaultListableBeanFactory     : Finished creating instance of bean 'hikariPoolDataSourceMetadataProvider'
2017-10-26 07:47:05.392 DEBUG 12192 --- [    Test worker] o.s.b.f.s.DefaultListableBeanFactory     : Creating shared instance of singleton bean 'org.springframework.boot.autoconfigure.jdbc.metadata.DataSourcePoolMetadataProvidersConfiguration'
2017-10-26 07:47:05.392 DEBUG 12192 --- [    Test worker] o.s.b.f.s.DefaultListableBeanFactory     : Creating instance of bean 'org.springframework.boot.autoconfigure.jdbc.metadata.DataSourcePoolMetadataProvidersConfiguration'
2017-10-26 07:47:05.392 DEBUG 12192 --- [    Test worker] o.s.b.f.s.DefaultListableBeanFactory     : Returning cached instance of singleton bean 'org.springframework.transaction.config.internalTransactionAdvisor'
2017-10-26 07:47:05.393 DEBUG 12192 --- [    Test worker] o.s.b.f.s.DefaultListableBeanFactory     : Eagerly caching bean 'org.springframework.boot.autoconfigure.jdbc.metadata.DataSourcePoolMetadataProvidersConfiguration' to allow for resolving potential circular references
2017-10-26 07:47:05.397 DEBUG 12192 --- [    Test worker] o.s.b.f.s.DefaultListableBeanFactory     : Returning cached instance of singleton bean 'org.springframework.transaction.config.internalTransactionAdvisor'
2017-10-26 07:47:05.397 DEBUG 12192 --- [    Test worker] o.s.b.f.s.DefaultListableBeanFactory     : Returning cached instance of singleton bean 'org.springframework.transaction.config.internalTransactionAdvisor'
2017-10-26 07:47:05.398 DEBUG 12192 --- [    Test worker] o.s.b.f.s.DefaultListableBeanFactory     : Finished creating instance of bean 'org.springframework.boot.autoconfigure.jdbc.metadata.DataSourcePoolMetadataProvidersConfiguration'
2017-10-26 07:47:05.398 DEBUG 12192 --- [    Test worker] o.s.b.f.s.DefaultListableBeanFactory     : Returning cached instance of singleton bean 'org.springframework.boot.autoconfigure.jdbc.DataSourceInitializerInvoker'
2017-10-26 07:47:05.398 DEBUG 12192 --- [    Test worker] o.s.b.f.s.DefaultListableBeanFactory     : Creating shared instance of singleton bean 'org.springframework.boot.autoconfigure.jdbc.DataSourceInitializationConfiguration'
2017-10-26 07:47:05.398 DEBUG 12192 --- [    Test worker] o.s.b.f.s.DefaultListableBeanFactory     : Creating instance of bean 'org.springframework.boot.autoconfigure.jdbc.DataSourceInitializationConfiguration'
2017-10-26 07:47:05.398 DEBUG 12192 --- [    Test worker] o.s.b.f.s.DefaultListableBeanFactory     : Returning cached instance of singleton bean 'org.springframework.transaction.config.internalTransactionAdvisor'
2017-10-26 07:47:05.398 DEBUG 12192 --- [    Test worker] o.s.b.f.s.DefaultListableBeanFactory     : Eagerly caching bean 'org.springframework.boot.autoconfigure.jdbc.DataSourceInitializationConfiguration' to allow for resolving potential circular references
2017-10-26 07:47:05.402 DEBUG 12192 --- [    Test worker] o.s.b.f.s.DefaultListableBeanFactory     : Returning cached instance of singleton bean 'org.springframework.transaction.config.internalTransactionAdvisor'
2017-10-26 07:47:05.402 DEBUG 12192 --- [    Test worker] o.s.b.f.s.DefaultListableBeanFactory     : Returning cached instance of singleton bean 'org.springframework.transaction.config.internalTransactionAdvisor'
2017-10-26 07:47:05.402 DEBUG 12192 --- [    Test worker] o.s.b.f.s.DefaultListableBeanFactory     : Finished creating instance of bean 'org.springframework.boot.autoconfigure.jdbc.DataSourceInitializationConfiguration'
2017-10-26 07:47:05.402 DEBUG 12192 --- [    Test worker] o.s.b.f.s.DefaultListableBeanFactory     : Returning cached instance of singleton bean 'dataSourceInitializerPostProcessor'
2017-10-26 07:47:05.402 DEBUG 12192 --- [    Test worker] o.s.b.f.s.DefaultListableBeanFactory     : Creating shared instance of singleton bean 'org.springframework.boot.autoconfigure.jdbc.DataSourceAutoConfiguration'
2017-10-26 07:47:05.402 DEBUG 12192 --- [    Test worker] o.s.b.f.s.DefaultListableBeanFactory     : Creating instance of bean 'org.springframework.boot.autoconfigure.jdbc.DataSourceAutoConfiguration'
2017-10-26 07:47:05.403 DEBUG 12192 --- [    Test worker] o.s.b.f.s.DefaultListableBeanFactory     : Returning cached instance of singleton bean 'org.springframework.transaction.config.internalTransactionAdvisor'
2017-10-26 07:47:05.403 DEBUG 12192 --- [    Test worker] o.s.b.f.s.DefaultListableBeanFactory     : Eagerly caching bean 'org.springframework.boot.autoconfigure.jdbc.DataSourceAutoConfiguration' to allow for resolving potential circular references
2017-10-26 07:47:05.406 DEBUG 12192 --- [    Test worker] o.s.b.f.s.DefaultListableBeanFactory     : Returning cached instance of singleton bean 'org.springframework.transaction.config.internalTransactionAdvisor'
2017-10-26 07:47:05.407 DEBUG 12192 --- [    Test worker] o.s.b.f.s.DefaultListableBeanFactory     : Returning cached instance of singleton bean 'org.springframework.transaction.config.internalTransactionAdvisor'
2017-10-26 07:47:05.407 DEBUG 12192 --- [    Test worker] o.s.b.f.s.DefaultListableBeanFactory     : Finished creating instance of bean 'org.springframework.boot.autoconfigure.jdbc.DataSourceAutoConfiguration'
2017-10-26 07:47:05.407 DEBUG 12192 --- [    Test worker] o.s.b.f.s.DefaultListableBeanFactory     : Returning cached instance of singleton bean 'spring.datasource-org.springframework.boot.autoconfigure.jdbc.DataSourceProperties'
2017-10-26 07:47:05.407 DEBUG 12192 --- [    Test worker] o.s.b.f.s.DefaultListableBeanFactory     : Returning cached instance of singleton bean 'org.springframework.boot.autoconfigure.orm.jpa.JpaBaseConfiguration$JpaWebConfiguration$JpaWebMvcConfiguration'
2017-10-26 07:47:05.407 DEBUG 12192 --- [    Test worker] o.s.b.f.s.DefaultListableBeanFactory     : Returning cached instance of singleton bean 'openEntityManagerInViewInterceptor'
2017-10-26 07:47:05.408 DEBUG 12192 --- [    Test worker] o.s.b.f.s.DefaultListableBeanFactory     : Creating shared instance of singleton bean 'org.springframework.boot.autoconfigure.orm.jpa.JpaBaseConfiguration$JpaWebConfiguration'
2017-10-26 07:47:05.408 DEBUG 12192 --- [    Test worker] o.s.b.f.s.DefaultListableBeanFactory     : Creating instance of bean 'org.springframework.boot.autoconfigure.orm.jpa.JpaBaseConfiguration$JpaWebConfiguration'
2017-10-26 07:47:05.408 DEBUG 12192 --- [    Test worker] o.s.b.f.s.DefaultListableBeanFactory     : Returning cached instance of singleton bean 'org.springframework.transaction.config.internalTransactionAdvisor'
2017-10-26 07:47:05.408 DEBUG 12192 --- [    Test worker] o.s.b.f.s.DefaultListableBeanFactory     : Eagerly caching bean 'org.springframework.boot.autoconfigure.orm.jpa.JpaBaseConfiguration$JpaWebConfiguration' to allow for resolving potential circular references
2017-10-26 07:47:05.412 DEBUG 12192 --- [    Test worker] o.s.b.f.s.DefaultListableBeanFactory     : Returning cached instance of singleton bean 'org.springframework.transaction.config.internalTransactionAdvisor'
2017-10-26 07:47:05.412 DEBUG 12192 --- [    Test worker] o.s.b.f.s.DefaultListableBeanFactory     : Returning cached instance of singleton bean 'org.springframework.transaction.config.internalTransactionAdvisor'
2017-10-26 07:47:05.413 DEBUG 12192 --- [    Test worker] o.s.b.f.s.DefaultListableBeanFactory     : Finished creating instance of bean 'org.springframework.boot.autoconfigure.orm.jpa.JpaBaseConfiguration$JpaWebConfiguration'
2017-10-26 07:47:05.413 DEBUG 12192 --- [    Test worker] o.s.b.f.s.DefaultListableBeanFactory     : Returning cached instance of singleton bean 'org.springframework.boot.autoconfigure.orm.jpa.HibernateJpaConfiguration'
2017-10-26 07:47:05.413 DEBUG 12192 --- [    Test worker] o.s.b.f.s.DefaultListableBeanFactory     : Creating shared instance of singleton bean 'transactionManager'
2017-10-26 07:47:05.413 DEBUG 12192 --- [    Test worker] o.s.b.f.s.DefaultListableBeanFactory     : Creating instance of bean 'transactionManager'
2017-10-26 07:47:05.413 DEBUG 12192 --- [    Test worker] o.s.b.f.s.DefaultListableBeanFactory     : Returning cached instance of singleton bean 'org.springframework.transaction.config.internalTransactionAdvisor'
2017-10-26 07:47:05.414 DEBUG 12192 --- [    Test worker] o.s.b.f.s.DefaultListableBeanFactory     : Returning cached instance of singleton bean 'org.springframework.boot.autoconfigure.orm.jpa.HibernateJpaConfiguration'
2017-10-26 07:47:05.425 DEBUG 12192 --- [    Test worker] o.s.b.f.s.DefaultListableBeanFactory     : Eagerly caching bean 'transactionManager' to allow for resolving potential circular references
2017-10-26 07:47:05.430 DEBUG 12192 --- [    Test worker] o.s.b.f.s.DefaultListableBeanFactory     : Returning cached instance of singleton bean 'entityManagerFactory'
2017-10-26 07:47:05.430 DEBUG 12192 --- [    Test worker] o.s.b.f.s.DefaultListableBeanFactory     : Invoking afterPropertiesSet() on bean with name 'transactionManager'
2017-10-26 07:47:05.431 DEBUG 12192 --- [    Test worker] o.s.b.f.s.DefaultListableBeanFactory     : Returning cached instance of singleton bean 'org.springframework.transaction.config.internalTransactionAdvisor'
2017-10-26 07:47:05.432 DEBUG 12192 --- [    Test worker] o.s.b.f.s.DefaultListableBeanFactory     : Returning cached instance of singleton bean 'org.springframework.transaction.config.internalTransactionAdvisor'
2017-10-26 07:47:05.433 DEBUG 12192 --- [    Test worker] o.s.b.f.s.DefaultListableBeanFactory     : Finished creating instance of bean 'transactionManager'
2017-10-26 07:47:05.433 DEBUG 12192 --- [    Test worker] o.s.b.f.s.DefaultListableBeanFactory     : Returning cached instance of singleton bean 'jpaVendorAdapter'
2017-10-26 07:47:05.433 DEBUG 12192 --- [    Test worker] o.s.b.f.s.DefaultListableBeanFactory     : Returning cached instance of singleton bean 'entityManagerFactoryBuilder'
2017-10-26 07:47:05.433 DEBUG 12192 --- [    Test worker] o.s.b.f.s.DefaultListableBeanFactory     : Returning cached instance of singleton bean 'entityManagerFactory'
2017-10-26 07:47:05.433 DEBUG 12192 --- [    Test worker] o.s.b.f.s.DefaultListableBeanFactory     : Returning cached instance of singleton bean 'spring.jpa-org.springframework.boot.autoconfigure.orm.jpa.JpaProperties'
2017-10-26 07:47:05.433 DEBUG 12192 --- [    Test worker] o.s.b.f.s.DefaultListableBeanFactory     : Returning cached instance of singleton bean 'dataSourceInitializedPublisher'
2017-10-26 07:47:05.433 DEBUG 12192 --- [    Test worker] o.s.b.f.s.DefaultListableBeanFactory     : Creating shared instance of singleton bean 'org.springframework.boot.autoconfigure.orm.jpa.HibernateJpaAutoConfiguration'
2017-10-26 07:47:05.433 DEBUG 12192 --- [    Test worker] o.s.b.f.s.DefaultListableBeanFactory     : Creating instance of bean 'org.springframework.boot.autoconfigure.orm.jpa.HibernateJpaAutoConfiguration'
2017-10-26 07:47:05.433 DEBUG 12192 --- [    Test worker] o.s.b.f.s.DefaultListableBeanFactory     : Returning cached instance of singleton bean 'org.springframework.transaction.config.internalTransactionAdvisor'
2017-10-26 07:47:05.434 DEBUG 12192 --- [    Test worker] o.s.b.f.s.DefaultListableBeanFactory     : Eagerly caching bean 'org.springframework.boot.autoconfigure.orm.jpa.HibernateJpaAutoConfiguration' to allow for resolving potential circular references
2017-10-26 07:47:05.436 DEBUG 12192 --- [    Test worker] o.s.b.f.s.DefaultListableBeanFactory     : Returning cached instance of singleton bean 'org.springframework.transaction.config.internalTransactionAdvisor'
2017-10-26 07:47:05.436 DEBUG 12192 --- [    Test worker] o.s.b.f.s.DefaultListableBeanFactory     : Returning cached instance of singleton bean 'org.springframework.transaction.config.internalTransactionAdvisor'
2017-10-26 07:47:05.437 DEBUG 12192 --- [    Test worker] o.s.b.f.s.DefaultListableBeanFactory     : Finished creating instance of bean 'org.springframework.boot.autoconfigure.orm.jpa.HibernateJpaAutoConfiguration'
2017-10-26 07:47:05.437 DEBUG 12192 --- [    Test worker] o.s.b.f.s.DefaultListableBeanFactory     : Creating shared instance of singleton bean 'org.springframework.boot.autoconfigure.context.ConfigurationPropertiesAutoConfiguration'
2017-10-26 07:47:05.437 DEBUG 12192 --- [    Test worker] o.s.b.f.s.DefaultListableBeanFactory     : Creating instance of bean 'org.springframework.boot.autoconfigure.context.ConfigurationPropertiesAutoConfiguration'
2017-10-26 07:47:05.437 DEBUG 12192 --- [    Test worker] o.s.b.f.s.DefaultListableBeanFactory     : Returning cached instance of singleton bean 'org.springframework.transaction.config.internalTransactionAdvisor'
2017-10-26 07:47:05.438 DEBUG 12192 --- [    Test worker] o.s.b.f.s.DefaultListableBeanFactory     : Eagerly caching bean 'org.springframework.boot.autoconfigure.context.ConfigurationPropertiesAutoConfiguration' to allow for resolving potential circular references
2017-10-26 07:47:05.440 DEBUG 12192 --- [    Test worker] o.s.b.f.s.DefaultListableBeanFactory     : Returning cached instance of singleton bean 'org.springframework.transaction.config.internalTransactionAdvisor'
2017-10-26 07:47:05.440 DEBUG 12192 --- [    Test worker] o.s.b.f.s.DefaultListableBeanFactory     : Returning cached instance of singleton bean 'org.springframework.transaction.config.internalTransactionAdvisor'
2017-10-26 07:47:05.441 DEBUG 12192 --- [    Test worker] o.s.b.f.s.DefaultListableBeanFactory     : Finished creating instance of bean 'org.springframework.boot.autoconfigure.context.ConfigurationPropertiesAutoConfiguration'
2017-10-26 07:47:05.441 DEBUG 12192 --- [    Test worker] o.s.b.f.s.DefaultListableBeanFactory     : Creating shared instance of singleton bean 'org.springframework.boot.autoconfigure.dao.PersistenceExceptionTranslationAutoConfiguration'
2017-10-26 07:47:05.441 DEBUG 12192 --- [    Test worker] o.s.b.f.s.DefaultListableBeanFactory     : Creating instance of bean 'org.springframework.boot.autoconfigure.dao.PersistenceExceptionTranslationAutoConfiguration'
2017-10-26 07:47:05.441 DEBUG 12192 --- [    Test worker] o.s.b.f.s.DefaultListableBeanFactory     : Returning cached instance of singleton bean 'org.springframework.transaction.config.internalTransactionAdvisor'
2017-10-26 07:47:05.441 DEBUG 12192 --- [    Test worker] o.s.b.f.s.DefaultListableBeanFactory     : Eagerly caching bean 'org.springframework.boot.autoconfigure.dao.PersistenceExceptionTranslationAutoConfiguration' to allow for resolving potential circular references
2017-10-26 07:47:05.443 DEBUG 12192 --- [    Test worker] o.s.b.f.s.DefaultListableBeanFactory     : Returning cached instance of singleton bean 'org.springframework.transaction.config.internalTransactionAdvisor'
2017-10-26 07:47:05.443 DEBUG 12192 --- [    Test worker] o.s.b.f.s.DefaultListableBeanFactory     : Returning cached instance of singleton bean 'org.springframework.transaction.config.internalTransactionAdvisor'
2017-10-26 07:47:05.443 DEBUG 12192 --- [    Test worker] o.s.b.f.s.DefaultListableBeanFactory     : Finished creating instance of bean 'org.springframework.boot.autoconfigure.dao.PersistenceExceptionTranslationAutoConfiguration'
2017-10-26 07:47:05.443 DEBUG 12192 --- [    Test worker] o.s.b.f.s.DefaultListableBeanFactory     : Returning cached instance of singleton bean 'persistenceExceptionTranslationPostProcessor'
2017-10-26 07:47:05.443 DEBUG 12192 --- [    Test worker] o.s.b.f.s.DefaultListableBeanFactory     : Creating shared instance of singleton bean 'org.springframework.boot.autoconfigure.data.jpa.JpaRepositoriesAutoConfiguration'
2017-10-26 07:47:05.443 DEBUG 12192 --- [    Test worker] o.s.b.f.s.DefaultListableBeanFactory     : Creating instance of bean 'org.springframework.boot.autoconfigure.data.jpa.JpaRepositoriesAutoConfiguration'
2017-10-26 07:47:05.443 DEBUG 12192 --- [    Test worker] o.s.b.f.s.DefaultListableBeanFactory     : Returning cached instance of singleton bean 'org.springframework.transaction.config.internalTransactionAdvisor'
2017-10-26 07:47:05.444 DEBUG 12192 --- [    Test worker] o.s.b.f.s.DefaultListableBeanFactory     : Eagerly caching bean 'org.springframework.boot.autoconfigure.data.jpa.JpaRepositoriesAutoConfiguration' to allow for resolving potential circular references
2017-10-26 07:47:05.446 DEBUG 12192 --- [    Test worker] o.s.b.f.s.DefaultListableBeanFactory     : Returning cached instance of singleton bean 'org.springframework.transaction.config.internalTransactionAdvisor'
2017-10-26 07:47:05.446 DEBUG 12192 --- [    Test worker] o.s.b.f.s.DefaultListableBeanFactory     : Returning cached instance of singleton bean 'org.springframework.transaction.config.internalTransactionAdvisor'
2017-10-26 07:47:05.447 DEBUG 12192 --- [    Test worker] o.s.b.f.s.DefaultListableBeanFactory     : Finished creating instance of bean 'org.springframework.boot.autoconfigure.data.jpa.JpaRepositoriesAutoConfiguration'
2017-10-26 07:47:05.447 DEBUG 12192 --- [    Test worker] o.s.b.f.s.DefaultListableBeanFactory     : Returning cached instance of singleton bean 'emBeanDefinitionRegistrarPostProcessor'
2017-10-26 07:47:05.447 DEBUG 12192 --- [    Test worker] o.s.b.f.s.DefaultListableBeanFactory     : Creating shared instance of singleton bean 'jpaMappingContext'
2017-10-26 07:47:05.447 DEBUG 12192 --- [    Test worker] o.s.b.f.s.DefaultListableBeanFactory     : Creating instance of bean 'jpaMappingContext'
2017-10-26 07:47:05.447 DEBUG 12192 --- [    Test worker] o.s.b.f.s.DefaultListableBeanFactory     : Returning cached instance of singleton bean 'org.springframework.transaction.config.internalTransactionAdvisor'
2017-10-26 07:47:05.448 DEBUG 12192 --- [    Test worker] o.s.b.f.s.DefaultListableBeanFactory     : Eagerly caching bean 'jpaMappingContext' to allow for resolving potential circular references
2017-10-26 07:47:05.454 DEBUG 12192 --- [    Test worker] o.s.b.f.s.DefaultListableBeanFactory     : Invoking afterPropertiesSet() on bean with name 'jpaMappingContext'
2017-10-26 07:47:05.454 DEBUG 12192 --- [    Test worker] o.s.b.f.s.DefaultListableBeanFactory     : Returning cached instance of singleton bean 'entityManagerFactory'
2017-10-26 07:47:05.543 DEBUG 12192 --- [    Test worker] o.s.b.f.s.DefaultListableBeanFactory     : Returning cached instance of singleton bean 'org.springframework.transaction.config.internalTransactionAdvisor'
2017-10-26 07:47:05.543 DEBUG 12192 --- [    Test worker] o.s.b.f.s.DefaultListableBeanFactory     : Returning cached instance of singleton bean 'org.springframework.transaction.config.internalTransactionAdvisor'
2017-10-26 07:47:05.545 DEBUG 12192 --- [    Test worker] o.s.b.f.s.DefaultListableBeanFactory     : Finished creating instance of bean 'jpaMappingContext'
2017-10-26 07:47:05.545 DEBUG 12192 --- [    Test worker] o.s.b.f.s.DefaultListableBeanFactory     : Creating shared instance of singleton bean 'jpaContext'
2017-10-26 07:47:05.545 DEBUG 12192 --- [    Test worker] o.s.b.f.s.DefaultListableBeanFactory     : Creating instance of bean 'jpaContext'
2017-10-26 07:47:05.545 DEBUG 12192 --- [    Test worker] o.s.b.f.s.DefaultListableBeanFactory     : Returning cached instance of singleton bean 'org.springframework.transaction.config.internalTransactionAdvisor'
2017-10-26 07:47:05.547 DEBUG 12192 --- [    Test worker] o.s.b.f.s.DefaultListableBeanFactory     : Creating shared instance of singleton bean 'org.springframework.orm.jpa.SharedEntityManagerCreator#0'
2017-10-26 07:47:05.547 DEBUG 12192 --- [    Test worker] o.s.b.f.s.DefaultListableBeanFactory     : Creating instance of bean 'org.springframework.orm.jpa.SharedEntityManagerCreator#0'
2017-10-26 07:47:05.547 DEBUG 12192 --- [    Test worker] o.s.b.f.s.DefaultListableBeanFactory     : Returning cached instance of singleton bean 'org.springframework.transaction.config.internalTransactionAdvisor'
2017-10-26 07:47:05.548 DEBUG 12192 --- [    Test worker] o.s.b.f.s.DefaultListableBeanFactory     : Returning cached instance of singleton bean 'entityManagerFactory'
2017-10-26 07:47:05.551 DEBUG 12192 --- [    Test worker] o.s.b.f.s.DefaultListableBeanFactory     : Eagerly caching bean 'org.springframework.orm.jpa.SharedEntityManagerCreator#0' to allow for resolving potential circular references
2017-10-26 07:47:05.556 DEBUG 12192 --- [    Test worker] o.s.b.f.s.DefaultListableBeanFactory     : Returning cached instance of singleton bean 'org.springframework.transaction.config.internalTransactionAdvisor'
2017-10-26 07:47:05.557 DEBUG 12192 --- [    Test worker] o.s.b.f.s.DefaultListableBeanFactory     : Returning cached instance of singleton bean 'org.springframework.transaction.config.internalTransactionAdvisor'
2017-10-26 07:47:05.566 DEBUG 12192 --- [    Test worker] o.s.b.f.s.DefaultListableBeanFactory     : Finished creating instance of bean 'org.springframework.orm.jpa.SharedEntityManagerCreator#0'
2017-10-26 07:47:05.566 DEBUG 12192 --- [    Test worker] o.s.b.f.s.DefaultListableBeanFactory     : Autowiring by type from bean name 'jpaContext' via constructor to bean named 'org.springframework.orm.jpa.SharedEntityManagerCreator#0'
2017-10-26 07:47:05.566 DEBUG 12192 --- [    Test worker] o.s.b.f.s.DefaultListableBeanFactory     : Eagerly caching bean 'jpaContext' to allow for resolving potential circular references
2017-10-26 07:47:05.569 DEBUG 12192 --- [    Test worker] o.s.b.f.s.DefaultListableBeanFactory     : Returning cached instance of singleton bean 'org.springframework.transaction.config.internalTransactionAdvisor'
2017-10-26 07:47:05.569 DEBUG 12192 --- [    Test worker] o.s.b.f.s.DefaultListableBeanFactory     : Returning cached instance of singleton bean 'org.springframework.transaction.config.internalTransactionAdvisor'
2017-10-26 07:47:05.569 DEBUG 12192 --- [    Test worker] o.s.b.f.s.DefaultListableBeanFactory     : Finished creating instance of bean 'jpaContext'
2017-10-26 07:47:05.569 DEBUG 12192 --- [    Test worker] o.s.b.f.s.DefaultListableBeanFactory     : Returning cached instance of singleton bean 'org.springframework.boot.autoconfigure.http.HttpMessageConvertersAutoConfiguration$StringHttpMessageConverterConfiguration'
2017-10-26 07:47:05.569 DEBUG 12192 --- [    Test worker] o.s.b.f.s.DefaultListableBeanFactory     : Returning cached instance of singleton bean 'stringHttpMessageConverter'
2017-10-26 07:47:05.570 DEBUG 12192 --- [    Test worker] o.s.b.f.s.DefaultListableBeanFactory     : Returning cached instance of singleton bean 'spring.http.encoding-org.springframework.boot.autoconfigure.http.HttpEncodingProperties'
2017-10-26 07:47:05.570 DEBUG 12192 --- [    Test worker] o.s.b.f.s.DefaultListableBeanFactory     : Returning cached instance of singleton bean 'org.springframework.boot.autoconfigure.http.JacksonHttpMessageConvertersConfiguration$MappingJackson2HttpMessageConverterConfiguration'
2017-10-26 07:47:05.570 DEBUG 12192 --- [    Test worker] o.s.b.f.s.DefaultListableBeanFactory     : Returning cached instance of singleton bean 'mappingJackson2HttpMessageConverter'
2017-10-26 07:47:05.570 DEBUG 12192 --- [    Test worker] o.s.b.f.s.DefaultListableBeanFactory     : Creating shared instance of singleton bean 'org.springframework.boot.autoconfigure.http.JacksonHttpMessageConvertersConfiguration'
2017-10-26 07:47:05.570 DEBUG 12192 --- [    Test worker] o.s.b.f.s.DefaultListableBeanFactory     : Creating instance of bean 'org.springframework.boot.autoconfigure.http.JacksonHttpMessageConvertersConfiguration'
2017-10-26 07:47:05.570 DEBUG 12192 --- [    Test worker] o.s.b.f.s.DefaultListableBeanFactory     : Returning cached instance of singleton bean 'org.springframework.transaction.config.internalTransactionAdvisor'
2017-10-26 07:47:05.570 DEBUG 12192 --- [    Test worker] o.s.b.f.s.DefaultListableBeanFactory     : Eagerly caching bean 'org.springframework.boot.autoconfigure.http.JacksonHttpMessageConvertersConfiguration' to allow for resolving potential circular references
2017-10-26 07:47:05.573 DEBUG 12192 --- [    Test worker] o.s.b.f.s.DefaultListableBeanFactory     : Returning cached instance of singleton bean 'org.springframework.transaction.config.internalTransactionAdvisor'
2017-10-26 07:47:05.573 DEBUG 12192 --- [    Test worker] o.s.b.f.s.DefaultListableBeanFactory     : Returning cached instance of singleton bean 'org.springframework.transaction.config.internalTransactionAdvisor'
2017-10-26 07:47:05.573 DEBUG 12192 --- [    Test worker] o.s.b.f.s.DefaultListableBeanFactory     : Finished creating instance of bean 'org.springframework.boot.autoconfigure.http.JacksonHttpMessageConvertersConfiguration'
2017-10-26 07:47:05.573 DEBUG 12192 --- [    Test worker] o.s.b.f.s.DefaultListableBeanFactory     : Returning cached instance of singleton bean 'org.springframework.boot.autoconfigure.http.HttpMessageConvertersAutoConfiguration'
2017-10-26 07:47:05.573 DEBUG 12192 --- [    Test worker] o.s.b.f.s.DefaultListableBeanFactory     : Returning cached instance of singleton bean 'messageConverters'
2017-10-26 07:47:05.573 DEBUG 12192 --- [    Test worker] o.s.b.f.s.DefaultListableBeanFactory     : Returning cached instance of singleton bean 'org.springframework.data.web.config.SpringDataWebConfiguration'
2017-10-26 07:47:05.573 DEBUG 12192 --- [    Test worker] o.s.b.f.s.DefaultListableBeanFactory     : Returning cached instance of singleton bean 'pageableResolver'
2017-10-26 07:47:05.573 DEBUG 12192 --- [    Test worker] o.s.b.f.s.DefaultListableBeanFactory     : Returning cached instance of singleton bean 'sortResolver'
2017-10-26 07:47:05.573 DEBUG 12192 --- [    Test worker] o.s.b.f.s.DefaultListableBeanFactory     : Returning cached instance of singleton bean 'org.springframework.data.web.config.SpringDataJacksonConfiguration'
2017-10-26 07:47:05.573 DEBUG 12192 --- [    Test worker] o.s.b.f.s.DefaultListableBeanFactory     : Returning cached instance of singleton bean 'jacksonGeoModule'
2017-10-26 07:47:05.574 DEBUG 12192 --- [    Test worker] o.s.b.f.s.DefaultListableBeanFactory     : Returning cached instance of singleton bean 'org.springframework.boot.autoconfigure.data.web.SpringDataWebAutoConfiguration'
2017-10-26 07:47:05.574 DEBUG 12192 --- [    Test worker] o.s.b.f.s.DefaultListableBeanFactory     : Returning cached instance of singleton bean 'pageableCustomizer'
2017-10-26 07:47:05.574 DEBUG 12192 --- [    Test worker] o.s.b.f.s.DefaultListableBeanFactory     : Returning cached instance of singleton bean 'sortCustomizer'
2017-10-26 07:47:05.574 DEBUG 12192 --- [    Test worker] o.s.b.f.s.DefaultListableBeanFactory     : Returning cached instance of singleton bean 'spring.data.web-org.springframework.boot.autoconfigure.data.web.SpringDataWebProperties'
2017-10-26 07:47:05.574 DEBUG 12192 --- [    Test worker] o.s.b.f.s.DefaultListableBeanFactory     : Creating shared instance of singleton bean 'org.springframework.boot.autoconfigure.h2.H2ConsoleAutoConfiguration'
2017-10-26 07:47:05.574 DEBUG 12192 --- [    Test worker] o.s.b.f.s.DefaultListableBeanFactory     : Creating instance of bean 'org.springframework.boot.autoconfigure.h2.H2ConsoleAutoConfiguration'
2017-10-26 07:47:05.574 DEBUG 12192 --- [    Test worker] o.s.b.f.s.DefaultListableBeanFactory     : Returning cached instance of singleton bean 'org.springframework.transaction.config.internalTransactionAdvisor'
2017-10-26 07:47:05.575 DEBUG 12192 --- [    Test worker] ocalVariableTableParameterNameDiscoverer : Cannot find '.class' file for class [class org.springframework.boot.autoconfigure.h2.H2ConsoleAutoConfiguration$$EnhancerBySpringCGLIB$$17c398eb] - unable to determine constructor/method parameter names
2017-10-26 07:47:05.576 DEBUG 12192 --- [    Test worker] o.s.b.f.s.DefaultListableBeanFactory     : Creating shared instance of singleton bean 'spring.h2.console-org.springframework.boot.autoconfigure.h2.H2ConsoleProperties'
2017-10-26 07:47:05.576 DEBUG 12192 --- [    Test worker] o.s.b.f.s.DefaultListableBeanFactory     : Creating instance of bean 'spring.h2.console-org.springframework.boot.autoconfigure.h2.H2ConsoleProperties'
2017-10-26 07:47:05.576 DEBUG 12192 --- [    Test worker] o.s.b.f.s.DefaultListableBeanFactory     : Returning cached instance of singleton bean 'org.springframework.transaction.config.internalTransactionAdvisor'
2017-10-26 07:47:05.576 DEBUG 12192 --- [    Test worker] o.s.b.f.s.DefaultListableBeanFactory     : Eagerly caching bean 'spring.h2.console-org.springframework.boot.autoconfigure.h2.H2ConsoleProperties' to allow for resolving potential circular references
2017-10-26 07:47:05.580 DEBUG 12192 --- [    Test worker] o.s.b.f.s.DefaultListableBeanFactory     : Returning cached instance of singleton bean 'org.springframework.transaction.config.internalTransactionAdvisor'
2017-10-26 07:47:05.580 DEBUG 12192 --- [    Test worker] o.s.b.f.s.DefaultListableBeanFactory     : Returning cached instance of singleton bean 'org.springframework.transaction.config.internalTransactionAdvisor'
2017-10-26 07:47:05.581 DEBUG 12192 --- [    Test worker] o.s.b.f.s.DefaultListableBeanFactory     : Finished creating instance of bean 'spring.h2.console-org.springframework.boot.autoconfigure.h2.H2ConsoleProperties'
2017-10-26 07:47:05.581 DEBUG 12192 --- [    Test worker] o.s.b.f.s.DefaultListableBeanFactory     : Autowiring by type from bean name 'org.springframework.boot.autoconfigure.h2.H2ConsoleAutoConfiguration' via constructor to bean named 'spring.h2.console-org.springframework.boot.autoconfigure.h2.H2ConsoleProperties'
2017-10-26 07:47:05.581 DEBUG 12192 --- [    Test worker] o.s.b.f.s.DefaultListableBeanFactory     : Eagerly caching bean 'org.springframework.boot.autoconfigure.h2.H2ConsoleAutoConfiguration' to allow for resolving potential circular references
2017-10-26 07:47:05.584 DEBUG 12192 --- [    Test worker] o.s.b.f.s.DefaultListableBeanFactory     : Returning cached instance of singleton bean 'org.springframework.transaction.config.internalTransactionAdvisor'
2017-10-26 07:47:05.584 DEBUG 12192 --- [    Test worker] o.s.b.f.s.DefaultListableBeanFactory     : Returning cached instance of singleton bean 'org.springframework.transaction.config.internalTransactionAdvisor'
2017-10-26 07:47:05.585 DEBUG 12192 --- [    Test worker] o.s.b.f.s.DefaultListableBeanFactory     : Finished creating instance of bean 'org.springframework.boot.autoconfigure.h2.H2ConsoleAutoConfiguration'
2017-10-26 07:47:05.585 DEBUG 12192 --- [    Test worker] o.s.b.f.s.DefaultListableBeanFactory     : Creating shared instance of singleton bean 'h2Console'
2017-10-26 07:47:05.585 DEBUG 12192 --- [    Test worker] o.s.b.f.s.DefaultListableBeanFactory     : Creating instance of bean 'h2Console'
2017-10-26 07:47:05.585 DEBUG 12192 --- [    Test worker] o.s.b.f.s.DefaultListableBeanFactory     : Returning cached instance of singleton bean 'org.springframework.transaction.config.internalTransactionAdvisor'
2017-10-26 07:47:05.585 DEBUG 12192 --- [    Test worker] o.s.b.f.s.DefaultListableBeanFactory     : Returning cached instance of singleton bean 'org.springframework.boot.autoconfigure.h2.H2ConsoleAutoConfiguration'
2017-10-26 07:47:05.590 DEBUG 12192 --- [    Test worker] o.s.b.f.s.DefaultListableBeanFactory     : Eagerly caching bean 'h2Console' to allow for resolving potential circular references
2017-10-26 07:47:05.590 DEBUG 12192 --- [    Test worker] o.s.b.f.s.DefaultListableBeanFactory     : Returning cached instance of singleton bean 'org.springframework.transaction.config.internalTransactionAdvisor'
2017-10-26 07:47:05.590 DEBUG 12192 --- [    Test worker] o.s.b.f.s.DefaultListableBeanFactory     : Returning cached instance of singleton bean 'org.springframework.transaction.config.internalTransactionAdvisor'
2017-10-26 07:47:05.590 DEBUG 12192 --- [    Test worker] o.s.b.f.s.DefaultListableBeanFactory     : Finished creating instance of bean 'h2Console'
2017-10-26 07:47:05.590 DEBUG 12192 --- [    Test worker] o.s.b.f.s.DefaultListableBeanFactory     : Returning cached instance of singleton bean 'spring.h2.console-org.springframework.boot.autoconfigure.h2.H2ConsoleProperties'
2017-10-26 07:47:05.591 DEBUG 12192 --- [    Test worker] o.s.b.f.s.DefaultListableBeanFactory     : Creating shared instance of singleton bean 'org.springframework.boot.autoconfigure.info.ProjectInfoAutoConfiguration'
2017-10-26 07:47:05.591 DEBUG 12192 --- [    Test worker] o.s.b.f.s.DefaultListableBeanFactory     : Creating instance of bean 'org.springframework.boot.autoconfigure.info.ProjectInfoAutoConfiguration'
2017-10-26 07:47:05.591 DEBUG 12192 --- [    Test worker] o.s.b.f.s.DefaultListableBeanFactory     : Returning cached instance of singleton bean 'org.springframework.transaction.config.internalTransactionAdvisor'
2017-10-26 07:47:05.591 DEBUG 12192 --- [    Test worker] ocalVariableTableParameterNameDiscoverer : Cannot find '.class' file for class [class org.springframework.boot.autoconfigure.info.ProjectInfoAutoConfiguration$$EnhancerBySpringCGLIB$$84251fcd] - unable to determine constructor/method parameter names
2017-10-26 07:47:05.592 DEBUG 12192 --- [    Test worker] o.s.b.f.s.DefaultListableBeanFactory     : Creating shared instance of singleton bean 'spring.info-org.springframework.boot.autoconfigure.info.ProjectInfoProperties'
2017-10-26 07:47:05.592 DEBUG 12192 --- [    Test worker] o.s.b.f.s.DefaultListableBeanFactory     : Creating instance of bean 'spring.info-org.springframework.boot.autoconfigure.info.ProjectInfoProperties'
2017-10-26 07:47:05.592 DEBUG 12192 --- [    Test worker] o.s.b.f.s.DefaultListableBeanFactory     : Returning cached instance of singleton bean 'org.springframework.transaction.config.internalTransactionAdvisor'
2017-10-26 07:47:05.595 DEBUG 12192 --- [    Test worker] o.s.b.f.annotation.InjectionMetadata     : Registered injected element on class [org.springframework.boot.autoconfigure.info.ProjectInfoProperties]: AutowiredMethodElement for void org.springframework.boot.autoconfigure.info.ProjectInfoProperties.setDefaultGitLocation(org.springframework.core.io.Resource)
2017-10-26 07:47:05.595 DEBUG 12192 --- [    Test worker] o.s.b.f.s.DefaultListableBeanFactory     : Eagerly caching bean 'spring.info-org.springframework.boot.autoconfigure.info.ProjectInfoProperties' to allow for resolving potential circular references
2017-10-26 07:47:05.595 DEBUG 12192 --- [    Test worker] o.s.b.f.annotation.InjectionMetadata     : Processing injected element of bean 'spring.info-org.springframework.boot.autoconfigure.info.ProjectInfoProperties': AutowiredMethodElement for void org.springframework.boot.autoconfigure.info.ProjectInfoProperties.setDefaultGitLocation(org.springframework.core.io.Resource)
2017-10-26 07:47:05.596 DEBUG 12192 --- [    Test worker] o.s.core.annotation.AnnotationUtils      : Failed to meta-introspect annotation [interface org.springframework.beans.factory.annotation.Value]: java.lang.IllegalArgumentException: Annotation must not be null
2017-10-26 07:47:05.597 DEBUG 12192 --- [    Test worker] o.s.c.e.PropertySourcesPropertyResolver  : Could not find key 'spring.git.properties:classpath:git.properties' in any property source
2017-10-26 07:47:05.597 DEBUG 12192 --- [    Test worker] o.s.c.e.PropertySourcesPropertyResolver  : Could not find key 'spring.git.properties:classpath:git.properties' in any property source
2017-10-26 07:47:05.597 DEBUG 12192 --- [    Test worker] o.s.c.e.PropertySourcesPropertyResolver  : Could not find key 'spring.git.properties' in any property source
2017-10-26 07:47:05.597 DEBUG 12192 --- [    Test worker] o.s.c.e.PropertySourcesPropertyResolver  : Could not find key 'spring.git.properties' in any property source
2017-10-26 07:47:05.598 DEBUG 12192 --- [    Test worker] o.s.b.f.s.DefaultListableBeanFactory     : Returning cached instance of singleton bean 'org.springframework.transaction.config.internalTransactionAdvisor'
2017-10-26 07:47:05.598 DEBUG 12192 --- [    Test worker] o.s.b.f.s.DefaultListableBeanFactory     : Returning cached instance of singleton bean 'org.springframework.transaction.config.internalTransactionAdvisor'
2017-10-26 07:47:05.599 DEBUG 12192 --- [    Test worker] o.s.b.f.s.DefaultListableBeanFactory     : Finished creating instance of bean 'spring.info-org.springframework.boot.autoconfigure.info.ProjectInfoProperties'
2017-10-26 07:47:05.599 DEBUG 12192 --- [    Test worker] o.s.b.f.s.DefaultListableBeanFactory     : Autowiring by type from bean name 'org.springframework.boot.autoconfigure.info.ProjectInfoAutoConfiguration' via constructor to bean named 'spring.info-org.springframework.boot.autoconfigure.info.ProjectInfoProperties'
2017-10-26 07:47:05.599 DEBUG 12192 --- [    Test worker] o.s.b.f.s.DefaultListableBeanFactory     : Eagerly caching bean 'org.springframework.boot.autoconfigure.info.ProjectInfoAutoConfiguration' to allow for resolving potential circular references
2017-10-26 07:47:05.602 DEBUG 12192 --- [    Test worker] o.s.b.f.s.DefaultListableBeanFactory     : Returning cached instance of singleton bean 'org.springframework.transaction.config.internalTransactionAdvisor'
2017-10-26 07:47:05.602 DEBUG 12192 --- [    Test worker] o.s.b.f.s.DefaultListableBeanFactory     : Returning cached instance of singleton bean 'org.springframework.transaction.config.internalTransactionAdvisor'
2017-10-26 07:47:05.604 DEBUG 12192 --- [    Test worker] o.s.b.f.s.DefaultListableBeanFactory     : Finished creating instance of bean 'org.springframework.boot.autoconfigure.info.ProjectInfoAutoConfiguration'
2017-10-26 07:47:05.604 DEBUG 12192 --- [    Test worker] o.s.b.f.s.DefaultListableBeanFactory     : Returning cached instance of singleton bean 'spring.info-org.springframework.boot.autoconfigure.info.ProjectInfoProperties'
2017-10-26 07:47:05.604 DEBUG 12192 --- [    Test worker] o.s.b.f.s.DefaultListableBeanFactory     : Creating shared instance of singleton bean 'org.springframework.boot.autoconfigure.jdbc.JdbcTemplateAutoConfiguration$JdbcTemplateConfiguration'
2017-10-26 07:47:05.604 DEBUG 12192 --- [    Test worker] o.s.b.f.s.DefaultListableBeanFactory     : Creating instance of bean 'org.springframework.boot.autoconfigure.jdbc.JdbcTemplateAutoConfiguration$JdbcTemplateConfiguration'
2017-10-26 07:47:05.604 DEBUG 12192 --- [    Test worker] o.s.b.f.s.DefaultListableBeanFactory     : Returning cached instance of singleton bean 'org.springframework.transaction.config.internalTransactionAdvisor'
2017-10-26 07:47:05.605 DEBUG 12192 --- [    Test worker] ocalVariableTableParameterNameDiscoverer : Cannot find '.class' file for class [class org.springframework.boot.autoconfigure.jdbc.JdbcTemplateAutoConfiguration$JdbcTemplateConfiguration$$EnhancerBySpringCGLIB$$60b64121] - unable to determine constructor/method parameter names
2017-10-26 07:47:05.606 DEBUG 12192 --- [    Test worker] o.s.b.f.s.DefaultListableBeanFactory     : Returning cached instance of singleton bean 'dataSource'
2017-10-26 07:47:05.607 DEBUG 12192 --- [    Test worker] o.s.b.f.s.DefaultListableBeanFactory     : Creating shared instance of singleton bean 'spring.jdbc-org.springframework.boot.autoconfigure.jdbc.JdbcProperties'
2017-10-26 07:47:05.607 DEBUG 12192 --- [    Test worker] o.s.b.f.s.DefaultListableBeanFactory     : Creating instance of bean 'spring.jdbc-org.springframework.boot.autoconfigure.jdbc.JdbcProperties'
2017-10-26 07:47:05.607 DEBUG 12192 --- [    Test worker] o.s.b.f.s.DefaultListableBeanFactory     : Returning cached instance of singleton bean 'org.springframework.transaction.config.internalTransactionAdvisor'
2017-10-26 07:47:05.607 DEBUG 12192 --- [    Test worker] o.s.b.f.s.DefaultListableBeanFactory     : Eagerly caching bean 'spring.jdbc-org.springframework.boot.autoconfigure.jdbc.JdbcProperties' to allow for resolving potential circular references
2017-10-26 07:47:05.610 DEBUG 12192 --- [    Test worker] o.s.b.f.s.DefaultListableBeanFactory     : Returning cached instance of singleton bean 'org.springframework.transaction.config.internalTransactionAdvisor'
2017-10-26 07:47:05.611 DEBUG 12192 --- [    Test worker] o.s.b.f.s.DefaultListableBeanFactory     : Returning cached instance of singleton bean 'org.springframework.transaction.config.internalTransactionAdvisor'
2017-10-26 07:47:05.611 DEBUG 12192 --- [    Test worker] o.s.b.f.s.DefaultListableBeanFactory     : Finished creating instance of bean 'spring.jdbc-org.springframework.boot.autoconfigure.jdbc.JdbcProperties'
2017-10-26 07:47:05.611 DEBUG 12192 --- [    Test worker] o.s.b.f.s.DefaultListableBeanFactory     : Autowiring by type from bean name 'org.springframework.boot.autoconfigure.jdbc.JdbcTemplateAutoConfiguration$JdbcTemplateConfiguration' via constructor to bean named 'dataSource'
2017-10-26 07:47:05.611 DEBUG 12192 --- [    Test worker] o.s.b.f.s.DefaultListableBeanFactory     : Autowiring by type from bean name 'org.springframework.boot.autoconfigure.jdbc.JdbcTemplateAutoConfiguration$JdbcTemplateConfiguration' via constructor to bean named 'spring.jdbc-org.springframework.boot.autoconfigure.jdbc.JdbcProperties'
2017-10-26 07:47:05.612 DEBUG 12192 --- [    Test worker] o.s.b.f.s.DefaultListableBeanFactory     : Eagerly caching bean 'org.springframework.boot.autoconfigure.jdbc.JdbcTemplateAutoConfiguration$JdbcTemplateConfiguration' to allow for resolving potential circular references
2017-10-26 07:47:05.615 DEBUG 12192 --- [    Test worker] o.s.b.f.s.DefaultListableBeanFactory     : Returning cached instance of singleton bean 'org.springframework.transaction.config.internalTransactionAdvisor'
2017-10-26 07:47:05.615 DEBUG 12192 --- [    Test worker] o.s.b.f.s.DefaultListableBeanFactory     : Returning cached instance of singleton bean 'org.springframework.transaction.config.internalTransactionAdvisor'
2017-10-26 07:47:05.616 DEBUG 12192 --- [    Test worker] o.s.b.f.s.DefaultListableBeanFactory     : Finished creating instance of bean 'org.springframework.boot.autoconfigure.jdbc.JdbcTemplateAutoConfiguration$JdbcTemplateConfiguration'
2017-10-26 07:47:05.616 DEBUG 12192 --- [    Test worker] o.s.b.f.s.DefaultListableBeanFactory     : Creating shared instance of singleton bean 'jdbcTemplate'
2017-10-26 07:47:05.617 DEBUG 12192 --- [    Test worker] o.s.b.f.s.DefaultListableBeanFactory     : Creating instance of bean 'jdbcTemplate'
2017-10-26 07:47:05.617 DEBUG 12192 --- [    Test worker] o.s.b.f.s.DefaultListableBeanFactory     : Returning cached instance of singleton bean 'org.springframework.transaction.config.internalTransactionAdvisor'
2017-10-26 07:47:05.617 DEBUG 12192 --- [    Test worker] o.s.b.f.s.DefaultListableBeanFactory     : Returning cached instance of singleton bean 'org.springframework.boot.autoconfigure.jdbc.JdbcTemplateAutoConfiguration$JdbcTemplateConfiguration'
2017-10-26 07:47:05.626 DEBUG 12192 --- [    Test worker] o.s.b.f.s.DefaultListableBeanFactory     : Eagerly caching bean 'jdbcTemplate' to allow for resolving potential circular references
2017-10-26 07:47:05.636 DEBUG 12192 --- [    Test worker] o.s.b.f.s.DefaultListableBeanFactory     : Invoking afterPropertiesSet() on bean with name 'jdbcTemplate'
2017-10-26 07:47:05.636 DEBUG 12192 --- [    Test worker] o.s.b.f.s.DefaultListableBeanFactory     : Returning cached instance of singleton bean 'org.springframework.transaction.config.internalTransactionAdvisor'
2017-10-26 07:47:05.636 DEBUG 12192 --- [    Test worker] o.s.b.f.s.DefaultListableBeanFactory     : Returning cached instance of singleton bean 'org.springframework.transaction.config.internalTransactionAdvisor'
2017-10-26 07:47:05.645 DEBUG 12192 --- [    Test worker] o.s.b.f.s.DefaultListableBeanFactory     : Finished creating instance of bean 'jdbcTemplate'
2017-10-26 07:47:05.645 DEBUG 12192 --- [    Test worker] o.s.b.f.s.DefaultListableBeanFactory     : Creating shared instance of singleton bean 'org.springframework.boot.autoconfigure.jdbc.JdbcTemplateAutoConfiguration$NamedParameterJdbcTemplateConfiguration'
2017-10-26 07:47:05.645 DEBUG 12192 --- [    Test worker] o.s.b.f.s.DefaultListableBeanFactory     : Creating instance of bean 'org.springframework.boot.autoconfigure.jdbc.JdbcTemplateAutoConfiguration$NamedParameterJdbcTemplateConfiguration'
2017-10-26 07:47:05.645 DEBUG 12192 --- [    Test worker] o.s.b.f.s.DefaultListableBeanFactory     : Returning cached instance of singleton bean 'org.springframework.transaction.config.internalTransactionAdvisor'
2017-10-26 07:47:05.645 DEBUG 12192 --- [    Test worker] o.s.b.f.s.DefaultListableBeanFactory     : Eagerly caching bean 'org.springframework.boot.autoconfigure.jdbc.JdbcTemplateAutoConfiguration$NamedParameterJdbcTemplateConfiguration' to allow for resolving potential circular references
2017-10-26 07:47:05.649 DEBUG 12192 --- [    Test worker] o.s.b.f.s.DefaultListableBeanFactory     : Returning cached instance of singleton bean 'org.springframework.transaction.config.internalTransactionAdvisor'
2017-10-26 07:47:05.649 DEBUG 12192 --- [    Test worker] o.s.b.f.s.DefaultListableBeanFactory     : Returning cached instance of singleton bean 'org.springframework.transaction.config.internalTransactionAdvisor'
2017-10-26 07:47:05.650 DEBUG 12192 --- [    Test worker] o.s.b.f.s.DefaultListableBeanFactory     : Finished creating instance of bean 'org.springframework.boot.autoconfigure.jdbc.JdbcTemplateAutoConfiguration$NamedParameterJdbcTemplateConfiguration'
2017-10-26 07:47:05.650 DEBUG 12192 --- [    Test worker] o.s.b.f.s.DefaultListableBeanFactory     : Creating shared instance of singleton bean 'namedParameterJdbcTemplate'
2017-10-26 07:47:05.650 DEBUG 12192 --- [    Test worker] o.s.b.f.s.DefaultListableBeanFactory     : Creating instance of bean 'namedParameterJdbcTemplate'
2017-10-26 07:47:05.650 DEBUG 12192 --- [    Test worker] o.s.b.f.s.DefaultListableBeanFactory     : Returning cached instance of singleton bean 'org.springframework.transaction.config.internalTransactionAdvisor'
2017-10-26 07:47:05.650 DEBUG 12192 --- [    Test worker] o.s.b.f.s.DefaultListableBeanFactory     : Returning cached instance of singleton bean 'org.springframework.boot.autoconfigure.jdbc.JdbcTemplateAutoConfiguration$NamedParameterJdbcTemplateConfiguration'
2017-10-26 07:47:05.651 DEBUG 12192 --- [    Test worker] o.s.b.f.s.DefaultListableBeanFactory     : Returning cached instance of singleton bean 'jdbcTemplate'
2017-10-26 07:47:05.651 DEBUG 12192 --- [    Test worker] o.s.b.f.s.DefaultListableBeanFactory     : Autowiring by type from bean name 'namedParameterJdbcTemplate' via factory method to bean named 'jdbcTemplate'
2017-10-26 07:47:05.659 DEBUG 12192 --- [    Test worker] o.s.b.f.s.DefaultListableBeanFactory     : Eagerly caching bean 'namedParameterJdbcTemplate' to allow for resolving potential circular references
2017-10-26 07:47:05.663 DEBUG 12192 --- [    Test worker] o.s.b.f.s.DefaultListableBeanFactory     : Returning cached instance of singleton bean 'org.springframework.transaction.config.internalTransactionAdvisor'
2017-10-26 07:47:05.664 DEBUG 12192 --- [    Test worker] o.s.b.f.s.DefaultListableBeanFactory     : Returning cached instance of singleton bean 'org.springframework.transaction.config.internalTransactionAdvisor'
2017-10-26 07:47:05.666 DEBUG 12192 --- [    Test worker] o.s.b.f.s.DefaultListableBeanFactory     : Finished creating instance of bean 'namedParameterJdbcTemplate'
2017-10-26 07:47:05.666 DEBUG 12192 --- [    Test worker] o.s.b.f.s.DefaultListableBeanFactory     : Creating shared instance of singleton bean 'org.springframework.boot.autoconfigure.jdbc.JdbcTemplateAutoConfiguration'
2017-10-26 07:47:05.666 DEBUG 12192 --- [    Test worker] o.s.b.f.s.DefaultListableBeanFactory     : Creating instance of bean 'org.springframework.boot.autoconfigure.jdbc.JdbcTemplateAutoConfiguration'
2017-10-26 07:47:05.666 DEBUG 12192 --- [    Test worker] o.s.b.f.s.DefaultListableBeanFactory     : Returning cached instance of singleton bean 'org.springframework.transaction.config.internalTransactionAdvisor'
2017-10-26 07:47:05.667 DEBUG 12192 --- [    Test worker] o.s.b.f.s.DefaultListableBeanFactory     : Eagerly caching bean 'org.springframework.boot.autoconfigure.jdbc.JdbcTemplateAutoConfiguration' to allow for resolving potential circular references
2017-10-26 07:47:05.670 DEBUG 12192 --- [    Test worker] o.s.b.f.s.DefaultListableBeanFactory     : Returning cached instance of singleton bean 'org.springframework.transaction.config.internalTransactionAdvisor'
2017-10-26 07:47:05.670 DEBUG 12192 --- [    Test worker] o.s.b.f.s.DefaultListableBeanFactory     : Returning cached instance of singleton bean 'org.springframework.transaction.config.internalTransactionAdvisor'
2017-10-26 07:47:05.671 DEBUG 12192 --- [    Test worker] o.s.b.f.s.DefaultListableBeanFactory     : Finished creating instance of bean 'org.springframework.boot.autoconfigure.jdbc.JdbcTemplateAutoConfiguration'
2017-10-26 07:47:05.671 DEBUG 12192 --- [    Test worker] o.s.b.f.s.DefaultListableBeanFactory     : Returning cached instance of singleton bean 'spring.jdbc-org.springframework.boot.autoconfigure.jdbc.JdbcProperties'
2017-10-26 07:47:05.671 DEBUG 12192 --- [    Test worker] o.s.b.f.s.DefaultListableBeanFactory     : Creating shared instance of singleton bean 'org.springframework.boot.autoconfigure.jdbc.DataSourceTransactionManagerAutoConfiguration$DataSourceTransactionManagerConfiguration'
2017-10-26 07:47:05.671 DEBUG 12192 --- [    Test worker] o.s.b.f.s.DefaultListableBeanFactory     : Creating instance of bean 'org.springframework.boot.autoconfigure.jdbc.DataSourceTransactionManagerAutoConfiguration$DataSourceTransactionManagerConfiguration'
2017-10-26 07:47:05.671 DEBUG 12192 --- [    Test worker] o.s.b.f.s.DefaultListableBeanFactory     : Returning cached instance of singleton bean 'org.springframework.transaction.config.internalTransactionAdvisor'
2017-10-26 07:47:05.672 DEBUG 12192 --- [    Test worker] ocalVariableTableParameterNameDiscoverer : Cannot find '.class' file for class [class org.springframework.boot.autoconfigure.jdbc.DataSourceTransactionManagerAutoConfiguration$DataSourceTransactionManagerConfiguration$$EnhancerBySpringCGLIB$$f52bab23] - unable to determine constructor/method parameter names
2017-10-26 07:47:05.672 DEBUG 12192 --- [    Test worker] o.s.b.f.s.DefaultListableBeanFactory     : Returning cached instance of singleton bean 'dataSource'
2017-10-26 07:47:05.672 DEBUG 12192 --- [    Test worker] o.s.b.f.s.DefaultListableBeanFactory     : Autowiring by type from bean name 'org.springframework.boot.autoconfigure.jdbc.DataSourceTransactionManagerAutoConfiguration$DataSourceTransactionManagerConfiguration' via constructor to bean named 'dataSource'
2017-10-26 07:47:05.673 DEBUG 12192 --- [    Test worker] o.s.b.f.s.DefaultListableBeanFactory     : Returning cached instance of singleton bean 'platformTransactionManagerCustomizers'
2017-10-26 07:47:05.673 DEBUG 12192 --- [    Test worker] o.s.b.f.s.DefaultListableBeanFactory     : Eagerly caching bean 'org.springframework.boot.autoconfigure.jdbc.DataSourceTransactionManagerAutoConfiguration$DataSourceTransactionManagerConfiguration' to allow for resolving potential circular references
2017-10-26 07:47:05.677 DEBUG 12192 --- [    Test worker] o.s.b.f.s.DefaultListableBeanFactory     : Returning cached instance of singleton bean 'org.springframework.transaction.config.internalTransactionAdvisor'
2017-10-26 07:47:05.677 DEBUG 12192 --- [    Test worker] o.s.b.f.s.DefaultListableBeanFactory     : Returning cached instance of singleton bean 'org.springframework.transaction.config.internalTransactionAdvisor'
2017-10-26 07:47:05.678 DEBUG 12192 --- [    Test worker] o.s.b.f.s.DefaultListableBeanFactory     : Finished creating instance of bean 'org.springframework.boot.autoconfigure.jdbc.DataSourceTransactionManagerAutoConfiguration$DataSourceTransactionManagerConfiguration'
2017-10-26 07:47:05.678 DEBUG 12192 --- [    Test worker] o.s.b.f.s.DefaultListableBeanFactory     : Creating shared instance of singleton bean 'org.springframework.boot.autoconfigure.jdbc.DataSourceTransactionManagerAutoConfiguration'
2017-10-26 07:47:05.678 DEBUG 12192 --- [    Test worker] o.s.b.f.s.DefaultListableBeanFactory     : Creating instance of bean 'org.springframework.boot.autoconfigure.jdbc.DataSourceTransactionManagerAutoConfiguration'
2017-10-26 07:47:05.678 DEBUG 12192 --- [    Test worker] o.s.b.f.s.DefaultListableBeanFactory     : Returning cached instance of singleton bean 'org.springframework.transaction.config.internalTransactionAdvisor'
2017-10-26 07:47:05.679 DEBUG 12192 --- [    Test worker] o.s.b.f.s.DefaultListableBeanFactory     : Eagerly caching bean 'org.springframework.boot.autoconfigure.jdbc.DataSourceTransactionManagerAutoConfiguration' to allow for resolving potential circular references
2017-10-26 07:47:05.682 DEBUG 12192 --- [    Test worker] o.s.b.f.s.DefaultListableBeanFactory     : Returning cached instance of singleton bean 'org.springframework.transaction.config.internalTransactionAdvisor'
2017-10-26 07:47:05.682 DEBUG 12192 --- [    Test worker] o.s.b.f.s.DefaultListableBeanFactory     : Returning cached instance of singleton bean 'org.springframework.transaction.config.internalTransactionAdvisor'
2017-10-26 07:47:05.683 DEBUG 12192 --- [    Test worker] o.s.b.f.s.DefaultListableBeanFactory     : Finished creating instance of bean 'org.springframework.boot.autoconfigure.jdbc.DataSourceTransactionManagerAutoConfiguration'
2017-10-26 07:47:05.683 DEBUG 12192 --- [    Test worker] o.s.b.f.s.DefaultListableBeanFactory     : Returning cached instance of singleton bean 'org.springframework.transaction.annotation.ProxyTransactionManagementConfiguration'
2017-10-26 07:47:05.683 DEBUG 12192 --- [    Test worker] o.s.b.f.s.DefaultListableBeanFactory     : Returning cached instance of singleton bean 'org.springframework.transaction.config.internalTransactionAdvisor'
2017-10-26 07:47:05.683 DEBUG 12192 --- [    Test worker] o.s.b.f.s.DefaultListableBeanFactory     : Returning cached instance of singleton bean 'transactionAttributeSource'
2017-10-26 07:47:05.683 DEBUG 12192 --- [    Test worker] o.s.b.f.s.DefaultListableBeanFactory     : Returning cached instance of singleton bean 'transactionInterceptor'
2017-10-26 07:47:05.683 DEBUG 12192 --- [    Test worker] o.s.b.f.s.DefaultListableBeanFactory     : Creating shared instance of singleton bean 'org.springframework.transaction.config.internalTransactionalEventListenerFactory'
2017-10-26 07:47:05.683 DEBUG 12192 --- [    Test worker] o.s.b.f.s.DefaultListableBeanFactory     : Creating instance of bean 'org.springframework.transaction.config.internalTransactionalEventListenerFactory'
2017-10-26 07:47:05.683 DEBUG 12192 --- [    Test worker] o.s.b.f.s.DefaultListableBeanFactory     : Returning cached instance of singleton bean 'org.springframework.transaction.config.internalTransactionAdvisor'
2017-10-26 07:47:05.683 DEBUG 12192 --- [    Test worker] o.s.b.f.s.DefaultListableBeanFactory     : Returning cached instance of singleton bean 'org.springframework.transaction.annotation.ProxyTransactionManagementConfiguration'
2017-10-26 07:47:05.686 DEBUG 12192 --- [    Test worker] o.s.b.f.s.DefaultListableBeanFactory     : Eagerly caching bean 'org.springframework.transaction.config.internalTransactionalEventListenerFactory' to allow for resolving potential circular references
2017-10-26 07:47:05.689 DEBUG 12192 --- [    Test worker] o.s.b.f.s.DefaultListableBeanFactory     : Returning cached instance of singleton bean 'org.springframework.transaction.config.internalTransactionAdvisor'
2017-10-26 07:47:05.689 DEBUG 12192 --- [    Test worker] o.s.b.f.s.DefaultListableBeanFactory     : Returning cached instance of singleton bean 'org.springframework.transaction.config.internalTransactionAdvisor'
2017-10-26 07:47:05.690 DEBUG 12192 --- [    Test worker] o.s.b.f.s.DefaultListableBeanFactory     : Finished creating instance of bean 'org.springframework.transaction.config.internalTransactionalEventListenerFactory'
2017-10-26 07:47:05.690 DEBUG 12192 --- [    Test worker] o.s.b.f.s.DefaultListableBeanFactory     : Creating shared instance of singleton bean 'org.springframework.boot.autoconfigure.transaction.TransactionAutoConfiguration$EnableTransactionManagementConfiguration$CglibAutoProxyConfiguration'
2017-10-26 07:47:05.690 DEBUG 12192 --- [    Test worker] o.s.b.f.s.DefaultListableBeanFactory     : Creating instance of bean 'org.springframework.boot.autoconfigure.transaction.TransactionAutoConfiguration$EnableTransactionManagementConfiguration$CglibAutoProxyConfiguration'
2017-10-26 07:47:05.690 DEBUG 12192 --- [    Test worker] o.s.b.f.s.DefaultListableBeanFactory     : Returning cached instance of singleton bean 'org.springframework.transaction.config.internalTransactionAdvisor'
2017-10-26 07:47:05.690 DEBUG 12192 --- [    Test worker] o.s.b.f.s.DefaultListableBeanFactory     : Eagerly caching bean 'org.springframework.boot.autoconfigure.transaction.TransactionAutoConfiguration$EnableTransactionManagementConfiguration$CglibAutoProxyConfiguration' to allow for resolving potential circular references
2017-10-26 07:47:05.694 DEBUG 12192 --- [    Test worker] o.s.b.f.s.DefaultListableBeanFactory     : Returning cached instance of singleton bean 'org.springframework.transaction.config.internalTransactionAdvisor'
2017-10-26 07:47:05.694 DEBUG 12192 --- [    Test worker] o.s.b.f.s.DefaultListableBeanFactory     : Returning cached instance of singleton bean 'org.springframework.transaction.config.internalTransactionAdvisor'
2017-10-26 07:47:05.694 DEBUG 12192 --- [    Test worker] o.s.b.f.s.DefaultListableBeanFactory     : Finished creating instance of bean 'org.springframework.boot.autoconfigure.transaction.TransactionAutoConfiguration$EnableTransactionManagementConfiguration$CglibAutoProxyConfiguration'
2017-10-26 07:47:05.694 DEBUG 12192 --- [    Test worker] o.s.b.f.s.DefaultListableBeanFactory     : Creating shared instance of singleton bean 'org.springframework.boot.autoconfigure.transaction.TransactionAutoConfiguration$EnableTransactionManagementConfiguration'
2017-10-26 07:47:05.694 DEBUG 12192 --- [    Test worker] o.s.b.f.s.DefaultListableBeanFactory     : Creating instance of bean 'org.springframework.boot.autoconfigure.transaction.TransactionAutoConfiguration$EnableTransactionManagementConfiguration'
2017-10-26 07:47:05.695 DEBUG 12192 --- [    Test worker] o.s.b.f.s.DefaultListableBeanFactory     : Returning cached instance of singleton bean 'org.springframework.transaction.config.internalTransactionAdvisor'
2017-10-26 07:47:05.695 DEBUG 12192 --- [    Test worker] o.s.b.f.s.DefaultListableBeanFactory     : Eagerly caching bean 'org.springframework.boot.autoconfigure.transaction.TransactionAutoConfiguration$EnableTransactionManagementConfiguration' to allow for resolving potential circular references
2017-10-26 07:47:05.698 DEBUG 12192 --- [    Test worker] o.s.b.f.s.DefaultListableBeanFactory     : Returning cached instance of singleton bean 'org.springframework.transaction.config.internalTransactionAdvisor'
2017-10-26 07:47:05.698 DEBUG 12192 --- [    Test worker] o.s.b.f.s.DefaultListableBeanFactory     : Returning cached instance of singleton bean 'org.springframework.transaction.config.internalTransactionAdvisor'
2017-10-26 07:47:05.699 DEBUG 12192 --- [    Test worker] o.s.b.f.s.DefaultListableBeanFactory     : Finished creating instance of bean 'org.springframework.boot.autoconfigure.transaction.TransactionAutoConfiguration$EnableTransactionManagementConfiguration'
2017-10-26 07:47:05.699 DEBUG 12192 --- [    Test worker] o.s.b.f.s.DefaultListableBeanFactory     : Creating shared instance of singleton bean 'org.springframework.boot.autoconfigure.transaction.TransactionAutoConfiguration$TransactionTemplateConfiguration'
2017-10-26 07:47:05.699 DEBUG 12192 --- [    Test worker] o.s.b.f.s.DefaultListableBeanFactory     : Creating instance of bean 'org.springframework.boot.autoconfigure.transaction.TransactionAutoConfiguration$TransactionTemplateConfiguration'
2017-10-26 07:47:05.699 DEBUG 12192 --- [    Test worker] o.s.b.f.s.DefaultListableBeanFactory     : Returning cached instance of singleton bean 'org.springframework.transaction.config.internalTransactionAdvisor'
2017-10-26 07:47:05.700 DEBUG 12192 --- [    Test worker] ocalVariableTableParameterNameDiscoverer : Cannot find '.class' file for class [class org.springframework.boot.autoconfigure.transaction.TransactionAutoConfiguration$TransactionTemplateConfiguration$$EnhancerBySpringCGLIB$$46b56ff6] - unable to determine constructor/method parameter names
2017-10-26 07:47:05.701 DEBUG 12192 --- [    Test worker] o.s.b.f.s.DefaultListableBeanFactory     : Returning cached instance of singleton bean 'transactionManager'
2017-10-26 07:47:05.701 DEBUG 12192 --- [    Test worker] o.s.b.f.s.DefaultListableBeanFactory     : Autowiring by type from bean name 'org.springframework.boot.autoconfigure.transaction.TransactionAutoConfiguration$TransactionTemplateConfiguration' via constructor to bean named 'transactionManager'
2017-10-26 07:47:05.701 DEBUG 12192 --- [    Test worker] o.s.b.f.s.DefaultListableBeanFactory     : Eagerly caching bean 'org.springframework.boot.autoconfigure.transaction.TransactionAutoConfiguration$TransactionTemplateConfiguration' to allow for resolving potential circular references
2017-10-26 07:47:05.704 DEBUG 12192 --- [    Test worker] o.s.b.f.s.DefaultListableBeanFactory     : Returning cached instance of singleton bean 'org.springframework.transaction.config.internalTransactionAdvisor'
2017-10-26 07:47:05.705 DEBUG 12192 --- [    Test worker] o.s.b.f.s.DefaultListableBeanFactory     : Returning cached instance of singleton bean 'org.springframework.transaction.config.internalTransactionAdvisor'
2017-10-26 07:47:05.705 DEBUG 12192 --- [    Test worker] o.s.b.f.s.DefaultListableBeanFactory     : Finished creating instance of bean 'org.springframework.boot.autoconfigure.transaction.TransactionAutoConfiguration$TransactionTemplateConfiguration'
2017-10-26 07:47:05.705 DEBUG 12192 --- [    Test worker] o.s.b.f.s.DefaultListableBeanFactory     : Creating shared instance of singleton bean 'transactionTemplate'
2017-10-26 07:47:05.705 DEBUG 12192 --- [    Test worker] o.s.b.f.s.DefaultListableBeanFactory     : Creating instance of bean 'transactionTemplate'
2017-10-26 07:47:05.706 DEBUG 12192 --- [    Test worker] o.s.b.f.s.DefaultListableBeanFactory     : Returning cached instance of singleton bean 'org.springframework.transaction.config.internalTransactionAdvisor'
2017-10-26 07:47:05.706 DEBUG 12192 --- [    Test worker] o.s.b.f.s.DefaultListableBeanFactory     : Returning cached instance of singleton bean 'org.springframework.boot.autoconfigure.transaction.TransactionAutoConfiguration$TransactionTemplateConfiguration'
2017-10-26 07:47:05.712 DEBUG 12192 --- [    Test worker] o.s.b.f.s.DefaultListableBeanFactory     : Eagerly caching bean 'transactionTemplate' to allow for resolving potential circular references
2017-10-26 07:47:05.718 DEBUG 12192 --- [    Test worker] o.s.b.f.s.DefaultListableBeanFactory     : Invoking afterPropertiesSet() on bean with name 'transactionTemplate'
2017-10-26 07:47:05.718 DEBUG 12192 --- [    Test worker] o.s.b.f.s.DefaultListableBeanFactory     : Returning cached instance of singleton bean 'org.springframework.transaction.config.internalTransactionAdvisor'
2017-10-26 07:47:05.718 DEBUG 12192 --- [    Test worker] o.s.b.f.s.DefaultListableBeanFactory     : Returning cached instance of singleton bean 'org.springframework.transaction.config.internalTransactionAdvisor'
2017-10-26 07:47:05.719 DEBUG 12192 --- [    Test worker] o.s.b.f.s.DefaultListableBeanFactory     : Finished creating instance of bean 'transactionTemplate'
2017-10-26 07:47:05.719 DEBUG 12192 --- [    Test worker] o.s.b.f.s.DefaultListableBeanFactory     : Returning cached instance of singleton bean 'org.springframework.boot.autoconfigure.transaction.TransactionAutoConfiguration'
2017-10-26 07:47:05.719 DEBUG 12192 --- [    Test worker] o.s.b.f.s.DefaultListableBeanFactory     : Returning cached instance of singleton bean 'platformTransactionManagerCustomizers'
2017-10-26 07:47:05.719 DEBUG 12192 --- [    Test worker] o.s.b.f.s.DefaultListableBeanFactory     : Returning cached instance of singleton bean 'spring.transaction-org.springframework.boot.autoconfigure.transaction.TransactionProperties'
2017-10-26 07:47:05.719 DEBUG 12192 --- [    Test worker] o.s.b.f.s.DefaultListableBeanFactory     : Creating shared instance of singleton bean 'org.springframework.boot.autoconfigure.web.client.RestTemplateAutoConfiguration'
2017-10-26 07:47:05.720 DEBUG 12192 --- [    Test worker] o.s.b.f.s.DefaultListableBeanFactory     : Creating instance of bean 'org.springframework.boot.autoconfigure.web.client.RestTemplateAutoConfiguration'
2017-10-26 07:47:05.720 DEBUG 12192 --- [    Test worker] o.s.b.f.s.DefaultListableBeanFactory     : Returning cached instance of singleton bean 'org.springframework.transaction.config.internalTransactionAdvisor'
2017-10-26 07:47:05.720 DEBUG 12192 --- [    Test worker] ocalVariableTableParameterNameDiscoverer : Cannot find '.class' file for class [class org.springframework.boot.autoconfigure.web.client.RestTemplateAutoConfiguration$$EnhancerBySpringCGLIB$$e3410c35] - unable to determine constructor/method parameter names
2017-10-26 07:47:05.721 DEBUG 12192 --- [    Test worker] o.s.b.f.s.DefaultListableBeanFactory     : Eagerly caching bean 'org.springframework.boot.autoconfigure.web.client.RestTemplateAutoConfiguration' to allow for resolving potential circular references
2017-10-26 07:47:05.724 DEBUG 12192 --- [    Test worker] o.s.b.f.s.DefaultListableBeanFactory     : Returning cached instance of singleton bean 'org.springframework.transaction.config.internalTransactionAdvisor'
2017-10-26 07:47:05.724 DEBUG 12192 --- [    Test worker] o.s.b.f.s.DefaultListableBeanFactory     : Returning cached instance of singleton bean 'org.springframework.transaction.config.internalTransactionAdvisor'
2017-10-26 07:47:05.725 DEBUG 12192 --- [    Test worker] o.s.b.f.s.DefaultListableBeanFactory     : Finished creating instance of bean 'org.springframework.boot.autoconfigure.web.client.RestTemplateAutoConfiguration'
2017-10-26 07:47:05.725 DEBUG 12192 --- [    Test worker] o.s.b.f.s.DefaultListableBeanFactory     : Creating shared instance of singleton bean 'restTemplateBuilder'
2017-10-26 07:47:05.725 DEBUG 12192 --- [    Test worker] o.s.b.f.s.DefaultListableBeanFactory     : Creating instance of bean 'restTemplateBuilder'
2017-10-26 07:47:05.725 DEBUG 12192 --- [    Test worker] o.s.b.f.s.DefaultListableBeanFactory     : Returning cached instance of singleton bean 'org.springframework.transaction.config.internalTransactionAdvisor'
2017-10-26 07:47:05.725 DEBUG 12192 --- [    Test worker] o.s.b.f.s.DefaultListableBeanFactory     : Returning cached instance of singleton bean 'org.springframework.boot.autoconfigure.web.client.RestTemplateAutoConfiguration'
2017-10-26 07:47:05.731 DEBUG 12192 --- [    Test worker] o.s.b.f.s.DefaultListableBeanFactory     : Returning cached instance of singleton bean 'messageConverters'
2017-10-26 07:47:05.735 DEBUG 12192 --- [    Test worker] o.s.b.f.s.DefaultListableBeanFactory     : Eagerly caching bean 'restTemplateBuilder' to allow for resolving potential circular references
2017-10-26 07:47:05.738 DEBUG 12192 --- [    Test worker] o.s.b.f.s.DefaultListableBeanFactory     : Returning cached instance of singleton bean 'org.springframework.transaction.config.internalTransactionAdvisor'
2017-10-26 07:47:05.738 DEBUG 12192 --- [    Test worker] o.s.b.f.s.DefaultListableBeanFactory     : Returning cached instance of singleton bean 'org.springframework.transaction.config.internalTransactionAdvisor'
2017-10-26 07:47:05.738 DEBUG 12192 --- [    Test worker] o.s.b.f.s.DefaultListableBeanFactory     : Finished creating instance of bean 'restTemplateBuilder'
2017-10-26 07:47:05.738 DEBUG 12192 --- [    Test worker] o.s.b.f.s.DefaultListableBeanFactory     : Returning cached instance of singleton bean 'org.springframework.boot.autoconfigure.web.servlet.HttpEncodingAutoConfiguration'
2017-10-26 07:47:05.738 DEBUG 12192 --- [    Test worker] o.s.b.f.s.DefaultListableBeanFactory     : Creating shared instance of singleton bean 'characterEncodingFilter'
2017-10-26 07:47:05.738 DEBUG 12192 --- [    Test worker] o.s.b.f.s.DefaultListableBeanFactory     : Creating instance of bean 'characterEncodingFilter'
2017-10-26 07:47:05.738 DEBUG 12192 --- [    Test worker] o.s.b.f.s.DefaultListableBeanFactory     : Returning cached instance of singleton bean 'org.springframework.transaction.config.internalTransactionAdvisor'
2017-10-26 07:47:05.738 DEBUG 12192 --- [    Test worker] o.s.b.f.s.DefaultListableBeanFactory     : Returning cached instance of singleton bean 'org.springframework.boot.autoconfigure.web.servlet.HttpEncodingAutoConfiguration'
2017-10-26 07:47:05.740 DEBUG 12192 --- [    Test worker] o.s.b.f.s.DefaultListableBeanFactory     : Eagerly caching bean 'characterEncodingFilter' to allow for resolving potential circular references
2017-10-26 07:47:05.749 DEBUG 12192 --- [    Test worker] o.s.b.f.s.DefaultListableBeanFactory     : Invoking afterPropertiesSet() on bean with name 'characterEncodingFilter'
2017-10-26 07:47:05.749 DEBUG 12192 --- [    Test worker] o.s.b.f.s.DefaultListableBeanFactory     : Returning cached instance of singleton bean 'org.springframework.transaction.config.internalTransactionAdvisor'
2017-10-26 07:47:05.750 DEBUG 12192 --- [    Test worker] o.s.b.f.s.DefaultListableBeanFactory     : Returning cached instance of singleton bean 'org.springframework.transaction.config.internalTransactionAdvisor'
2017-10-26 07:47:05.751 DEBUG 12192 --- [    Test worker] o.s.b.f.s.DefaultListableBeanFactory     : Finished creating instance of bean 'characterEncodingFilter'
2017-10-26 07:47:05.751 DEBUG 12192 --- [    Test worker] o.s.b.f.s.DefaultListableBeanFactory     : Returning cached instance of singleton bean 'localeCharsetMappingsCustomizer'
2017-10-26 07:47:05.751 DEBUG 12192 --- [    Test worker] o.s.b.f.s.DefaultListableBeanFactory     : Returning cached instance of singleton bean 'org.springframework.boot.autoconfigure.web.servlet.MultipartAutoConfiguration'
2017-10-26 07:47:05.751 DEBUG 12192 --- [    Test worker] o.s.b.f.s.DefaultListableBeanFactory     : Returning cached instance of singleton bean 'multipartConfigElement'
2017-10-26 07:47:05.751 DEBUG 12192 --- [    Test worker] o.s.b.f.s.DefaultListableBeanFactory     : Creating shared instance of singleton bean 'multipartResolver'
2017-10-26 07:47:05.751 DEBUG 12192 --- [    Test worker] o.s.b.f.s.DefaultListableBeanFactory     : Creating instance of bean 'multipartResolver'
2017-10-26 07:47:05.751 DEBUG 12192 --- [    Test worker] o.s.b.f.s.DefaultListableBeanFactory     : Returning cached instance of singleton bean 'org.springframework.transaction.config.internalTransactionAdvisor'
2017-10-26 07:47:05.751 DEBUG 12192 --- [    Test worker] o.s.b.f.s.DefaultListableBeanFactory     : Returning cached instance of singleton bean 'org.springframework.boot.autoconfigure.web.servlet.MultipartAutoConfiguration'
2017-10-26 07:47:05.753 DEBUG 12192 --- [    Test worker] o.s.b.f.s.DefaultListableBeanFactory     : Eagerly caching bean 'multipartResolver' to allow for resolving potential circular references
2017-10-26 07:47:05.755 DEBUG 12192 --- [    Test worker] o.s.b.f.s.DefaultListableBeanFactory     : Returning cached instance of singleton bean 'org.springframework.transaction.config.internalTransactionAdvisor'
2017-10-26 07:47:05.755 DEBUG 12192 --- [    Test worker] o.s.b.f.s.DefaultListableBeanFactory     : Returning cached instance of singleton bean 'org.springframework.transaction.config.internalTransactionAdvisor'
2017-10-26 07:47:05.756 DEBUG 12192 --- [    Test worker] o.s.b.f.s.DefaultListableBeanFactory     : Finished creating instance of bean 'multipartResolver'
2017-10-26 07:47:05.756 DEBUG 12192 --- [    Test worker] o.s.b.f.s.DefaultListableBeanFactory     : Returning cached instance of singleton bean 'spring.servlet.multipart-org.springframework.boot.autoconfigure.web.servlet.MultipartProperties'
2017-10-26 07:47:05.756 DEBUG 12192 --- [    Test worker] o.s.b.f.s.DefaultListableBeanFactory     : Returning cached instance of singleton bean 'org.springframework.orm.jpa.SharedEntityManagerCreator#0'
2017-10-26 07:47:05.756 DEBUG 12192 --- [    Test worker] o.s.b.f.s.DefaultListableBeanFactory     : Returning cached instance of singleton bean 'org.springframework.context.event.internalEventListenerFactory'
2017-10-26 07:47:05.756 DEBUG 12192 --- [    Test worker] o.s.b.f.s.DefaultListableBeanFactory     : Returning cached instance of singleton bean 'org.springframework.transaction.config.internalTransactionalEventListenerFactory'
2017-10-26 07:47:05.855 DEBUG 12192 --- [    Test worker] o.s.w.c.s.GenericWebApplicationContext   : Unable to locate LifecycleProcessor with name 'lifecycleProcessor': using default [org.springframework.context.support.DefaultLifecycleProcessor@5d3d41f9]
2017-10-26 07:47:05.856 DEBUG 12192 --- [    Test worker] o.s.b.f.s.DefaultListableBeanFactory     : Returning cached instance of singleton bean 'lifecycleProcessor'
2017-10-26 07:47:05.857 DEBUG 12192 --- [    Test worker] o.s.b.f.s.DefaultListableBeanFactory     : Returning cached instance of singleton bean 'org.springframework.boot.autoconfigure.internalCachingMetadataReaderFactory'
2017-10-26 07:47:05.858 DEBUG 12192 --- [    Test worker] o.s.b.f.s.DefaultListableBeanFactory     : Returning cached instance of singleton bean 'org.springframework.boot.context.properties.ConfigurationPropertiesBindingPostProcessor'
2017-10-26 07:47:05.858 DEBUG 12192 --- [    Test worker] o.s.b.f.s.DefaultListableBeanFactory     : Returning cached instance of singleton bean 'mvcResourceUrlProvider'
2017-10-26 07:47:05.871 DEBUG 12192 --- [    Test worker] utoConfigurationReportLoggingInitializer : 


=========================
AUTO-CONFIGURATION REPORT
=========================


Positive matches:
-----------------

   AopAutoConfiguration matched:
      - @ConditionalOnClass found required classes 'org.springframework.context.annotation.EnableAspectJAutoProxy', 'org.aspectj.lang.annotation.Aspect', 'org.aspectj.lang.reflect.Advice', 'org.aspectj.weaver.AnnotatedElement'; @ConditionalOnMissingClass did not find unwanted class (OnClassCondition)
      - @ConditionalOnProperty (spring.aop.auto=true) matched (OnPropertyCondition)

   AopAutoConfiguration.CglibAutoProxyConfiguration matched:
      - @ConditionalOnProperty (spring.aop.proxy-target-class=true) matched (OnPropertyCondition)

   CodecsAutoConfiguration matched:
      - @ConditionalOnClass found required class 'org.springframework.http.codec.CodecConfigurer'; @ConditionalOnMissingClass did not find unwanted class (OnClassCondition)

   CodecsAutoConfiguration.JacksonCodecConfiguration matched:
      - @ConditionalOnClass found required class 'com.fasterxml.jackson.databind.ObjectMapper'; @ConditionalOnMissingClass did not find unwanted class (OnClassCondition)

   CodecsAutoConfiguration.JacksonCodecConfiguration#jacksonCodecCustomizer matched:
      - @ConditionalOnBean (types: com.fasterxml.jackson.databind.ObjectMapper; SearchStrategy: all) found bean 'jacksonObjectMapper' (OnBeanCondition)

   DataSourceAutoConfiguration matched:
      - @ConditionalOnClass found required classes 'javax.sql.DataSource', 'org.springframework.jdbc.datasource.embedded.EmbeddedDatabaseType'; @ConditionalOnMissingClass did not find unwanted class (OnClassCondition)

   DataSourceAutoConfiguration.PooledDataSourceConfiguration matched:
      - AnyNestedCondition 1 matched 1 did not; NestedCondition on DataSourceAutoConfiguration.PooledDataSourceCondition.PooledDataSourceAvailable PooledDataSource found supported DataSource; NestedCondition on DataSourceAutoConfiguration.PooledDataSourceCondition.ExplicitType @ConditionalOnProperty (spring.datasource.type) did not find property 'type' (DataSourceAutoConfiguration.PooledDataSourceCondition)
      - @ConditionalOnMissingBean (types: javax.sql.DataSource,javax.sql.XADataSource; SearchStrategy: all) did not find any beans (OnBeanCondition)

   DataSourceConfiguration.Hikari matched:
      - @ConditionalOnClass found required class 'com.zaxxer.hikari.HikariDataSource'; @ConditionalOnMissingClass did not find unwanted class (OnClassCondition)
      - @ConditionalOnProperty (spring.datasource.type=com.zaxxer.hikari.HikariDataSource) matched (OnPropertyCondition)

   DataSourcePoolMetadataProvidersConfiguration.HikariPoolDataSourceMetadataProviderConfiguration matched:
      - @ConditionalOnClass found required class 'com.zaxxer.hikari.HikariDataSource'; @ConditionalOnMissingClass did not find unwanted class (OnClassCondition)

   DataSourceTransactionManagerAutoConfiguration matched:
      - @ConditionalOnClass found required classes 'org.springframework.jdbc.core.JdbcTemplate', 'org.springframework.transaction.PlatformTransactionManager'; @ConditionalOnMissingClass did not find unwanted class (OnClassCondition)

   DataSourceTransactionManagerAutoConfiguration.DataSourceTransactionManagerConfiguration matched:
      - @ConditionalOnSingleCandidate (types: javax.sql.DataSource; SearchStrategy: all) found a primary bean from beans 'dataSource' (OnBeanCondition)

   DispatcherServletAutoConfiguration matched:
      - @ConditionalOnClass found required class 'org.springframework.web.servlet.DispatcherServlet'; @ConditionalOnMissingClass did not find unwanted class (OnClassCondition)
      - found 'session' scope (OnWebApplicationCondition)

   DispatcherServletAutoConfiguration.DispatcherServletConfiguration matched:
      - @ConditionalOnClass found required class 'javax.servlet.ServletRegistration'; @ConditionalOnMissingClass did not find unwanted class (OnClassCondition)
      - Default DispatcherServlet did not find dispatcher servlet beans (DispatcherServletAutoConfiguration.DefaultDispatcherServletCondition)

   DispatcherServletAutoConfiguration.DispatcherServletRegistrationConfiguration matched:
      - @ConditionalOnClass found required class 'javax.servlet.ServletRegistration'; @ConditionalOnMissingClass did not find unwanted class (OnClassCondition)
      - DispatcherServlet Registration did not find servlet registration bean (DispatcherServletAutoConfiguration.DispatcherServletRegistrationCondition)

   DispatcherServletAutoConfiguration.DispatcherServletRegistrationConfiguration#dispatcherServletRegistration matched:
      - @ConditionalOnBean (names: dispatcherServlet; types: org.springframework.web.servlet.DispatcherServlet; SearchStrategy: all) found bean 'dispatcherServlet' (OnBeanCondition)

   ErrorMvcAutoConfiguration matched:
      - @ConditionalOnClass found required classes 'javax.servlet.Servlet', 'org.springframework.web.servlet.DispatcherServlet'; @ConditionalOnMissingClass did not find unwanted class (OnClassCondition)
      - found 'session' scope (OnWebApplicationCondition)

   ErrorMvcAutoConfiguration#basicErrorController matched:
      - @ConditionalOnMissingBean (types: org.springframework.boot.web.servlet.error.ErrorController; SearchStrategy: current) did not find any beans (OnBeanCondition)

   ErrorMvcAutoConfiguration#errorAttributes matched:
      - @ConditionalOnMissingBean (types: org.springframework.boot.web.servlet.error.ErrorAttributes; SearchStrategy: current) did not find any beans (OnBeanCondition)

   ErrorMvcAutoConfiguration.DefaultErrorViewResolverConfiguration#conventionErrorViewResolver matched:
      - @ConditionalOnBean (types: org.springframework.web.servlet.DispatcherServlet; SearchStrategy: all) found bean 'dispatcherServlet'; @ConditionalOnMissingBean (types: org.springframework.boot.autoconfigure.web.servlet.error.DefaultErrorViewResolver; SearchStrategy: all) did not find any beans (OnBeanCondition)

   ErrorMvcAutoConfiguration.WhitelabelErrorViewConfiguration matched:
      - @ConditionalOnProperty (server.error.whitelabel.enabled) matched (OnPropertyCondition)
      - ErrorTemplate Missing did not find error template view (ErrorMvcAutoConfiguration.ErrorTemplateMissingCondition)

   ErrorMvcAutoConfiguration.WhitelabelErrorViewConfiguration#beanNameViewResolver matched:
      - @ConditionalOnMissingBean (types: org.springframework.web.servlet.view.BeanNameViewResolver; SearchStrategy: all) did not find any beans (OnBeanCondition)

   ErrorMvcAutoConfiguration.WhitelabelErrorViewConfiguration#defaultErrorView matched:
      - @ConditionalOnMissingBean (names: error; SearchStrategy: all) did not find any beans (OnBeanCondition)

   GenericCacheConfiguration matched:
      - Cache org.springframework.boot.autoconfigure.cache.GenericCacheConfiguration automatic cache type (CacheCondition)

   H2ConsoleAutoConfiguration matched:
      - @ConditionalOnClass found required class 'org.h2.server.web.WebServlet'; @ConditionalOnMissingClass did not find unwanted class (OnClassCondition)
      - found 'session' scope (OnWebApplicationCondition)
      - @ConditionalOnProperty (spring.h2.console.enabled=true) matched (OnPropertyCondition)

   HibernateJpaAutoConfiguration matched:
      - @ConditionalOnClass found required classes 'org.springframework.orm.jpa.LocalContainerEntityManagerFactoryBean', 'javax.persistence.EntityManager'; @ConditionalOnMissingClass did not find unwanted class (OnClassCondition)
      - HibernateEntityManager found class 'org.hibernate.ejb.HibernateEntityManager' (HibernateJpaAutoConfiguration.HibernateEntityManagerCondition)

   HibernateJpaConfiguration matched:
      - @ConditionalOnSingleCandidate (types: javax.sql.DataSource; SearchStrategy: all) found a primary bean from beans 'dataSource' (OnBeanCondition)

   HttpEncodingAutoConfiguration matched:
      - @ConditionalOnClass found required class 'org.springframework.web.filter.CharacterEncodingFilter'; @ConditionalOnMissingClass did not find unwanted class (OnClassCondition)
      - found 'session' scope (OnWebApplicationCondition)
      - @ConditionalOnProperty (spring.http.encoding.enabled) matched (OnPropertyCondition)

   HttpEncodingAutoConfiguration#characterEncodingFilter matched:
      - @ConditionalOnMissingBean (types: org.springframework.web.filter.CharacterEncodingFilter; SearchStrategy: all) did not find any beans (OnBeanCondition)

   HttpMessageConvertersAutoConfiguration matched:
      - @ConditionalOnClass found required class 'org.springframework.http.converter.HttpMessageConverter'; @ConditionalOnMissingClass did not find unwanted class (OnClassCondition)

   HttpMessageConvertersAutoConfiguration#messageConverters matched:
      - @ConditionalOnMissingBean (types: org.springframework.boot.autoconfigure.http.HttpMessageConverters; SearchStrategy: all) did not find any beans (OnBeanCondition)

   HttpMessageConvertersAutoConfiguration.StringHttpMessageConverterConfiguration matched:
      - @ConditionalOnClass found required class 'org.springframework.http.converter.StringHttpMessageConverter'; @ConditionalOnMissingClass did not find unwanted class (OnClassCondition)

   HttpMessageConvertersAutoConfiguration.StringHttpMessageConverterConfiguration#stringHttpMessageConverter matched:
      - @ConditionalOnMissingBean (types: org.springframework.http.converter.StringHttpMessageConverter; SearchStrategy: all) did not find any beans (OnBeanCondition)

   JacksonAutoConfiguration matched:
      - @ConditionalOnClass found required class 'com.fasterxml.jackson.databind.ObjectMapper'; @ConditionalOnMissingClass did not find unwanted class (OnClassCondition)

   JacksonAutoConfiguration.Jackson2ObjectMapperBuilderCustomizerConfiguration matched:
      - @ConditionalOnClass found required classes 'com.fasterxml.jackson.databind.ObjectMapper', 'org.springframework.http.converter.json.Jackson2ObjectMapperBuilder'; @ConditionalOnMissingClass did not find unwanted class (OnClassCondition)

   JacksonAutoConfiguration.JacksonObjectMapperBuilderConfiguration matched:
      - @ConditionalOnClass found required classes 'com.fasterxml.jackson.databind.ObjectMapper', 'org.springframework.http.converter.json.Jackson2ObjectMapperBuilder'; @ConditionalOnMissingClass did not find unwanted class (OnClassCondition)

   JacksonAutoConfiguration.JacksonObjectMapperBuilderConfiguration#jacksonObjectMapperBuilder matched:
      - @ConditionalOnMissingBean (types: org.springframework.http.converter.json.Jackson2ObjectMapperBuilder; SearchStrategy: all) did not find any beans (OnBeanCondition)

   JacksonAutoConfiguration.JacksonObjectMapperConfiguration matched:
      - @ConditionalOnClass found required classes 'com.fasterxml.jackson.databind.ObjectMapper', 'org.springframework.http.converter.json.Jackson2ObjectMapperBuilder'; @ConditionalOnMissingClass did not find unwanted class (OnClassCondition)

   JacksonAutoConfiguration.JacksonObjectMapperConfiguration#jacksonObjectMapper matched:
      - @ConditionalOnMissingBean (types: com.fasterxml.jackson.databind.ObjectMapper; SearchStrategy: all) did not find any beans (OnBeanCondition)

   JacksonAutoConfiguration.ParameterNamesModuleConfiguration matched:
      - @ConditionalOnClass found required class 'com.fasterxml.jackson.module.paramnames.ParameterNamesModule'; @ConditionalOnMissingClass did not find unwanted class (OnClassCondition)

   JacksonAutoConfiguration.ParameterNamesModuleConfiguration#parameterNamesModule matched:
      - @ConditionalOnMissingBean (types: com.fasterxml.jackson.module.paramnames.ParameterNamesModule; SearchStrategy: all) did not find any beans (OnBeanCondition)

   JacksonHttpMessageConvertersConfiguration.MappingJackson2HttpMessageConverterConfiguration matched:
      - @ConditionalOnClass found required class 'com.fasterxml.jackson.databind.ObjectMapper'; @ConditionalOnMissingClass did not find unwanted class (OnClassCondition)
      - @ConditionalOnProperty (spring.http.converters.preferred-json-mapper=jackson) matched (OnPropertyCondition)
      - @ConditionalOnBean (types: com.fasterxml.jackson.databind.ObjectMapper; SearchStrategy: all) found bean 'jacksonObjectMapper' (OnBeanCondition)

   JacksonHttpMessageConvertersConfiguration.MappingJackson2HttpMessageConverterConfiguration#mappingJackson2HttpMessageConverter matched:
      - @ConditionalOnMissingBean (types: org.springframework.http.converter.json.MappingJackson2HttpMessageConverter; SearchStrategy: all) did not find any beans (OnBeanCondition)

   JdbcTemplateAutoConfiguration matched:
      - @ConditionalOnClass found required classes 'javax.sql.DataSource', 'org.springframework.jdbc.core.JdbcTemplate'; @ConditionalOnMissingClass did not find unwanted class (OnClassCondition)
      - @ConditionalOnSingleCandidate (types: javax.sql.DataSource; SearchStrategy: all) found a primary bean from beans 'dataSource' (OnBeanCondition)

   JdbcTemplateAutoConfiguration.JdbcTemplateConfiguration#jdbcTemplate matched:
      - @ConditionalOnMissingBean (types: org.springframework.jdbc.core.JdbcOperations; SearchStrategy: all) did not find any beans (OnBeanCondition)

   JdbcTemplateAutoConfiguration.NamedParameterJdbcTemplateConfiguration#namedParameterJdbcTemplate matched:
      - @ConditionalOnSingleCandidate (types: org.springframework.jdbc.core.JdbcTemplate; SearchStrategy: all) found a primary bean from beans 'jdbcTemplate'; @ConditionalOnMissingBean (types: org.springframework.jdbc.core.namedparam.NamedParameterJdbcOperations; SearchStrategy: all) did not find any beans (OnBeanCondition)

   JpaBaseConfiguration#entityManagerFactory matched:
      - @ConditionalOnMissingBean (types: org.springframework.orm.jpa.LocalContainerEntityManagerFactoryBean,javax.persistence.EntityManagerFactory; SearchStrategy: all) did not find any beans (OnBeanCondition)

   JpaBaseConfiguration#entityManagerFactoryBuilder matched:
      - @ConditionalOnMissingBean (types: org.springframework.boot.orm.jpa.EntityManagerFactoryBuilder; SearchStrategy: all) did not find any beans (OnBeanCondition)

   JpaBaseConfiguration#jpaVendorAdapter matched:
      - @ConditionalOnMissingBean (types: org.springframework.orm.jpa.JpaVendorAdapter; SearchStrategy: all) did not find any beans (OnBeanCondition)

   JpaBaseConfiguration#transactionManager matched:
      - @ConditionalOnMissingBean (types: org.springframework.transaction.PlatformTransactionManager; SearchStrategy: all) did not find any beans (OnBeanCondition)

   JpaBaseConfiguration.JpaWebConfiguration matched:
      - @ConditionalOnClass found required class 'org.springframework.web.servlet.config.annotation.WebMvcConfigurer'; @ConditionalOnMissingClass did not find unwanted class (OnClassCondition)
      - found 'session' scope (OnWebApplicationCondition)
      - @ConditionalOnProperty (spring.jpa.open-in-view=true) matched (OnPropertyCondition)
      - @ConditionalOnMissingBean (types: org.springframework.orm.jpa.support.OpenEntityManagerInViewInterceptor,org.springframework.orm.jpa.support.OpenEntityManagerInViewFilter; SearchStrategy: all) did not find any beans (OnBeanCondition)

   JpaRepositoriesAutoConfiguration matched:
      - @ConditionalOnClass found required class 'org.springframework.data.jpa.repository.JpaRepository'; @ConditionalOnMissingClass did not find unwanted class (OnClassCondition)
      - @ConditionalOnProperty (spring.data.jpa.repositories.enabled=true) matched (OnPropertyCondition)
      - @ConditionalOnBean (types: javax.sql.DataSource; SearchStrategy: all) found bean 'dataSource'; @ConditionalOnMissingBean (types: org.springframework.data.jpa.repository.support.JpaRepositoryFactoryBean,org.springframework.data.jpa.repository.config.JpaRepositoryConfigExtension; SearchStrategy: all) did not find any beans (OnBeanCondition)

   JtaAutoConfiguration matched:
      - @ConditionalOnClass found required class 'javax.transaction.Transaction'; @ConditionalOnMissingClass did not find unwanted class (OnClassCondition)
      - @ConditionalOnProperty (spring.jta.enabled) matched (OnPropertyCondition)

   MultipartAutoConfiguration matched:
      - @ConditionalOnClass found required classes 'javax.servlet.Servlet', 'org.springframework.web.multipart.support.StandardServletMultipartResolver', 'javax.servlet.MultipartConfigElement'; @ConditionalOnMissingClass did not find unwanted class (OnClassCondition)
      - found 'session' scope (OnWebApplicationCondition)
      - @ConditionalOnProperty (spring.servlet.multipart.enabled) matched (OnPropertyCondition)

   MultipartAutoConfiguration#multipartConfigElement matched:
      - @ConditionalOnMissingBean (types: javax.servlet.MultipartConfigElement; SearchStrategy: all) did not find any beans (OnBeanCondition)

   MultipartAutoConfiguration#multipartResolver matched:
      - @ConditionalOnMissingBean (types: org.springframework.web.multipart.MultipartResolver; SearchStrategy: all) did not find any beans (OnBeanCondition)

   NoOpCacheConfiguration matched:
      - Cache org.springframework.boot.autoconfigure.cache.NoOpCacheConfiguration automatic cache type (CacheCondition)

   PersistenceExceptionTranslationAutoConfiguration matched:
      - @ConditionalOnClass found required class 'org.springframework.dao.annotation.PersistenceExceptionTranslationPostProcessor'; @ConditionalOnMissingClass did not find unwanted class (OnClassCondition)

   PersistenceExceptionTranslationAutoConfiguration#persistenceExceptionTranslationPostProcessor matched:
      - @ConditionalOnProperty (spring.dao.exceptiontranslation.enabled) matched (OnPropertyCondition)
      - @ConditionalOnMissingBean (types: org.springframework.dao.annotation.PersistenceExceptionTranslationPostProcessor; SearchStrategy: all) did not find any beans (OnBeanCondition)

   PropertyPlaceholderAutoConfiguration#propertySourcesPlaceholderConfigurer matched:
      - @ConditionalOnMissingBean (types: org.springframework.context.support.PropertySourcesPlaceholderConfigurer; SearchStrategy: current) did not find any beans (OnBeanCondition)

   RedisCacheConfiguration matched:
      - Cache org.springframework.boot.autoconfigure.cache.RedisCacheConfiguration automatic cache type (CacheCondition)

   RestTemplateAutoConfiguration matched:
      - @ConditionalOnClass found required class 'org.springframework.web.client.RestTemplate'; @ConditionalOnMissingClass did not find unwanted class (OnClassCondition)

   RestTemplateAutoConfiguration#restTemplateBuilder matched:
      - @ConditionalOnMissingBean (types: org.springframework.boot.web.client.RestTemplateBuilder; SearchStrategy: all) did not find any beans (OnBeanCondition)

   ServletWebServerFactoryAutoConfiguration matched:
      - @ConditionalOnClass found required class 'javax.servlet.ServletRequest'; @ConditionalOnMissingClass did not find unwanted class (OnClassCondition)
      - found 'session' scope (OnWebApplicationCondition)

   ServletWebServerFactoryAutoConfiguration#serverPropertiesWebServerFactoryCustomizer matched:
      - @ConditionalOnMissingBean (types: org.springframework.boot.autoconfigure.web.servlet.DefaultServletWebServerFactoryCustomizer; SearchStrategy: all) did not find any beans (OnBeanCondition)

   ServletWebServerFactoryAutoConfiguration.EmbeddedTomcat matched:
      - @ConditionalOnClass found required classes 'javax.servlet.Servlet', 'org.apache.catalina.startup.Tomcat'; @ConditionalOnMissingClass did not find unwanted class (OnClassCondition)
      - @ConditionalOnMissingBean (types: org.springframework.boot.web.servlet.server.ServletWebServerFactory; SearchStrategy: current) did not find any beans (OnBeanCondition)

   SimpleCacheConfiguration matched:
      - Cache org.springframework.boot.autoconfigure.cache.SimpleCacheConfiguration automatic cache type (CacheCondition)

   SpringDataWebAutoConfiguration matched:
      - @ConditionalOnClass found required classes 'org.springframework.data.web.PageableHandlerMethodArgumentResolver', 'org.springframework.web.servlet.config.annotation.WebMvcConfigurer'; @ConditionalOnMissingClass did not find unwanted class (OnClassCondition)
      - found 'session' scope (OnWebApplicationCondition)
      - @ConditionalOnMissingBean (types: org.springframework.data.web.PageableHandlerMethodArgumentResolver; SearchStrategy: all) did not find any beans (OnBeanCondition)

   SpringDataWebAutoConfiguration#pageableCustomizer matched:
      - @ConditionalOnMissingBean (types: org.springframework.data.web.config.PageableHandlerMethodArgumentResolverCustomizer; SearchStrategy: all) did not find any beans (OnBeanCondition)

   SpringDataWebAutoConfiguration#sortCustomizer matched:
      - @ConditionalOnMissingBean (types: org.springframework.data.web.config.SortHandlerMethodArgumentResolverCustomizer; SearchStrategy: all) did not find any beans (OnBeanCondition)

   TransactionAutoConfiguration matched:
      - @ConditionalOnClass found required class 'org.springframework.transaction.PlatformTransactionManager'; @ConditionalOnMissingClass did not find unwanted class (OnClassCondition)

   TransactionAutoConfiguration#platformTransactionManagerCustomizers matched:
      - @ConditionalOnMissingBean (types: org.springframework.boot.autoconfigure.transaction.TransactionManagerCustomizers; SearchStrategy: all) did not find any beans (OnBeanCondition)

   TransactionAutoConfiguration.EnableTransactionManagementConfiguration matched:
      - @ConditionalOnBean (types: org.springframework.transaction.PlatformTransactionManager; SearchStrategy: all) found bean 'transactionManager'; @ConditionalOnMissingBean (types: org.springframework.transaction.annotation.AbstractTransactionManagementConfiguration; SearchStrategy: all) did not find any beans (OnBeanCondition)

   TransactionAutoConfiguration.EnableTransactionManagementConfiguration.CglibAutoProxyConfiguration matched:
      - @ConditionalOnProperty (spring.aop.proxy-target-class=true) matched (OnPropertyCondition)

   TransactionAutoConfiguration.TransactionTemplateConfiguration matched:
      - @ConditionalOnSingleCandidate (types: org.springframework.transaction.PlatformTransactionManager; SearchStrategy: all) found a primary bean from beans 'transactionManager' (OnBeanCondition)

   TransactionAutoConfiguration.TransactionTemplateConfiguration#transactionTemplate matched:
      - @ConditionalOnMissingBean (types: org.springframework.transaction.support.TransactionTemplate; SearchStrategy: all) did not find any beans (OnBeanCondition)

   ValidationAutoConfiguration matched:
      - @ConditionalOnClass found required class 'javax.validation.executable.ExecutableValidator'; @ConditionalOnMissingClass did not find unwanted class (OnClassCondition)
      - @ConditionalOnResource found location classpath:META-INF/services/javax.validation.spi.ValidationProvider (OnResourceCondition)

   ValidationAutoConfiguration#defaultValidator matched:
      - @ConditionalOnMissingBean (types: javax.validation.Validator; SearchStrategy: all) did not find any beans (OnBeanCondition)

   ValidationAutoConfiguration#methodValidationPostProcessor matched:
      - @ConditionalOnMissingBean (types: org.springframework.validation.beanvalidation.MethodValidationPostProcessor; SearchStrategy: all) did not find any beans (OnBeanCondition)

   WebMvcAutoConfiguration matched:
      - @ConditionalOnClass found required classes 'javax.servlet.Servlet', 'org.springframework.web.servlet.DispatcherServlet', 'org.springframework.web.servlet.config.annotation.WebMvcConfigurer'; @ConditionalOnMissingClass did not find unwanted class (OnClassCondition)
      - found 'session' scope (OnWebApplicationCondition)
      - @ConditionalOnMissingBean (types: org.springframework.web.servlet.config.annotation.WebMvcConfigurationSupport; SearchStrategy: all) did not find any beans (OnBeanCondition)

   WebMvcAutoConfiguration#hiddenHttpMethodFilter matched:
      - @ConditionalOnMissingBean (types: org.springframework.web.filter.HiddenHttpMethodFilter; SearchStrategy: all) did not find any beans (OnBeanCondition)

   WebMvcAutoConfiguration#httpPutFormContentFilter matched:
      - @ConditionalOnProperty (spring.mvc.formcontent.putfilter.enabled) matched (OnPropertyCondition)
      - @ConditionalOnMissingBean (types: org.springframework.web.filter.HttpPutFormContentFilter; SearchStrategy: all) did not find any beans (OnBeanCondition)

   WebMvcAutoConfiguration.WebMvcAutoConfigurationAdapter#defaultViewResolver matched:
      - @ConditionalOnMissingBean (types: org.springframework.web.servlet.view.InternalResourceViewResolver; SearchStrategy: all) did not find any beans (OnBeanCondition)

   WebMvcAutoConfiguration.WebMvcAutoConfigurationAdapter#requestContextFilter matched:
      - @ConditionalOnMissingBean (types: org.springframework.web.context.request.RequestContextListener,org.springframework.web.filter.RequestContextFilter; SearchStrategy: all) did not find any beans (OnBeanCondition)

   WebMvcAutoConfiguration.WebMvcAutoConfigurationAdapter#viewResolver matched:
      - @ConditionalOnBean (types: org.springframework.web.servlet.ViewResolver; SearchStrategy: all) found beans 'defaultViewResolver', 'beanNameViewResolver', 'mvcViewResolver'; @ConditionalOnMissingBean (names: viewResolver; types: org.springframework.web.servlet.view.ContentNegotiatingViewResolver; SearchStrategy: all) did not find any beans (OnBeanCondition)

   WebMvcAutoConfiguration.WebMvcAutoConfigurationAdapter.FaviconConfiguration matched:
      - @ConditionalOnProperty (spring.mvc.favicon.enabled) matched (OnPropertyCondition)

   WebSocketServletAutoConfiguration matched:
      - @ConditionalOnClass found required classes 'javax.servlet.Servlet', 'javax.websocket.server.ServerContainer'; @ConditionalOnMissingClass did not find unwanted class (OnClassCondition)
      - found 'session' scope (OnWebApplicationCondition)

   WebSocketServletAutoConfiguration.TomcatWebSocketConfiguration matched:
      - @ConditionalOnClass found required classes 'org.apache.catalina.startup.Tomcat', 'org.apache.tomcat.websocket.server.WsSci'; @ConditionalOnMissingClass did not find unwanted class (OnClassCondition)

   WebSocketServletAutoConfiguration.TomcatWebSocketConfiguration#websocketContainerCustomizer matched:
      - @ConditionalOnMissingBean (names: websocketServletWebServerCustomizer; SearchStrategy: all) did not find any beans (OnBeanCondition)


Negative matches:
-----------------

   ActiveMQAutoConfiguration:
      Did not match:
         - @ConditionalOnClass did not find required classes 'javax.jms.ConnectionFactory', 'org.apache.activemq.ActiveMQConnectionFactory' (OnClassCondition)

   AopAutoConfiguration.JdkDynamicAutoProxyConfiguration:
      Did not match:
         - @ConditionalOnProperty (spring.aop.proxy-target-class=false) did not find property 'proxy-target-class' (OnPropertyCondition)

   ArtemisAutoConfiguration:
      Did not match:
         - @ConditionalOnClass did not find required classes 'javax.jms.ConnectionFactory', 'org.apache.activemq.artemis.jms.client.ActiveMQConnectionFactory' (OnClassCondition)

   AtomikosJtaConfiguration:
      Did not match:
         - @ConditionalOnClass did not find required class 'com.atomikos.icatch.jta.UserTransactionManager' (OnClassCondition)

   BatchAutoConfiguration:
      Did not match:
         - @ConditionalOnClass did not find required class 'org.springframework.batch.core.launch.JobLauncher' (OnClassCondition)

   BitronixJtaConfiguration:
      Did not match:
         - @ConditionalOnClass did not find required class 'bitronix.tm.jndi.BitronixContext' (OnClassCondition)

   CacheAutoConfiguration:
      Did not match:
         - @ConditionalOnBean (types: org.springframework.cache.interceptor.CacheAspectSupport; SearchStrategy: all) did not find any beans of type org.springframework.cache.interceptor.CacheAspectSupport (OnBeanCondition)
      Matched:
         - @ConditionalOnClass found required class 'org.springframework.cache.CacheManager'; @ConditionalOnMissingClass did not find unwanted class (OnClassCondition)

   CacheAutoConfiguration.CacheManagerJpaDependencyConfiguration:
      Did not match:
         - Ancestor org.springframework.boot.autoconfigure.cache.CacheAutoConfiguration did not match (ConditionEvaluationReport.AncestorsMatchedCondition)
      Matched:
         - @ConditionalOnClass found required class 'org.springframework.orm.jpa.LocalContainerEntityManagerFactoryBean'; @ConditionalOnMissingClass did not find unwanted class (OnClassCondition)

   CaffeineCacheConfiguration:
      Did not match:
         - @ConditionalOnClass did not find required classes 'com.github.benmanes.caffeine.cache.Caffeine', 'org.springframework.cache.caffeine.CaffeineCacheManager' (OnClassCondition)

   CassandraAutoConfiguration:
      Did not match:
         - @ConditionalOnClass did not find required class 'com.datastax.driver.core.Cluster' (OnClassCondition)

   CassandraDataAutoConfiguration:
      Did not match:
         - @ConditionalOnClass did not find required classes 'com.datastax.driver.core.Cluster', 'org.springframework.data.cassandra.core.CassandraAdminOperations' (OnClassCondition)

   CassandraReactiveDataAutoConfiguration:
      Did not match:
         - @ConditionalOnClass did not find required classes 'com.datastax.driver.core.Cluster', 'org.springframework.data.cassandra.core.ReactiveCassandraTemplate', 'reactor.core.publisher.Flux' (OnClassCondition)

   CassandraReactiveRepositoriesAutoConfiguration:
      Did not match:
         - @ConditionalOnClass did not find required classes 'org.springframework.data.cassandra.ReactiveSession', 'org.springframework.data.cassandra.repository.ReactiveCassandraRepository' (OnClassCondition)

   CassandraRepositoriesAutoConfiguration:
      Did not match:
         - @ConditionalOnClass did not find required classes 'com.datastax.driver.core.Session', 'org.springframework.data.cassandra.repository.CassandraRepository' (OnClassCondition)

   CloudAutoConfiguration:
      Did not match:
         - @ConditionalOnClass did not find required class 'org.springframework.cloud.config.java.CloudScanConfiguration' (OnClassCondition)

   CouchbaseAutoConfiguration:
      Did not match:
         - @ConditionalOnClass did not find required classes 'com.couchbase.client.java.CouchbaseBucket', 'com.couchbase.client.java.Cluster' (OnClassCondition)

   CouchbaseCacheConfiguration:
      Did not match:
         - @ConditionalOnClass did not find required classes 'com.couchbase.client.java.Bucket', 'com.couchbase.client.spring.cache.CouchbaseCacheManager' (OnClassCondition)

   CouchbaseDataAutoConfiguration:
      Did not match:
         - @ConditionalOnClass did not find required classes 'com.couchbase.client.java.Bucket', 'org.springframework.data.couchbase.repository.CouchbaseRepository' (OnClassCondition)

   CouchbaseRepositoriesAutoConfiguration:
      Did not match:
         - @ConditionalOnClass did not find required classes 'com.couchbase.client.java.Bucket', 'org.springframework.data.couchbase.repository.CouchbaseRepository' (OnClassCondition)

   DataSourceAutoConfiguration.EmbeddedDatabaseConfiguration:
      Did not match:
         - EmbeddedDataSource found supported pooled data source (DataSourceAutoConfiguration.EmbeddedDatabaseCondition)

   DataSourceConfiguration.Dbcp2:
      Did not match:
         - @ConditionalOnClass did not find required class 'org.apache.commons.dbcp2.BasicDataSource' (OnClassCondition)

   DataSourceConfiguration.Generic:
      Did not match:
         - @ConditionalOnProperty (spring.datasource.type) did not find property 'spring.datasource.type' (OnPropertyCondition)

   DataSourceConfiguration.Tomcat:
      Did not match:
         - @ConditionalOnClass did not find required class 'org.apache.tomcat.jdbc.pool.DataSource' (OnClassCondition)

   DataSourceJmxConfiguration:
      Did not match:
         - @ConditionalOnProperty (spring.jmx.enabled=true) found different value in property 'enabled' (OnPropertyCondition)

   DataSourcePoolMetadataProvidersConfiguration.CommonsDbcp2PoolDataSourceMetadataProviderConfiguration:
      Did not match:
         - @ConditionalOnClass did not find required class 'org.apache.commons.dbcp2.BasicDataSource' (OnClassCondition)

   DataSourcePoolMetadataProvidersConfiguration.TomcatDataSourcePoolMetadataProviderConfiguration:
      Did not match:
         - @ConditionalOnClass did not find required class 'org.apache.tomcat.jdbc.pool.DataSource' (OnClassCondition)

   DataSourceTransactionManagerAutoConfiguration.DataSourceTransactionManagerConfiguration#transactionManager:
      Did not match:
         - @ConditionalOnMissingBean (types: org.springframework.transaction.PlatformTransactionManager; SearchStrategy: all) found beans of type'org.springframework.transaction.PlatformTransactionManager'transactionManager (OnBeanCondition)

   DeviceDelegatingViewResolverAutoConfiguration:
      Did not match:
         - @ConditionalOnClass did not find required class 'org.springframework.mobile.device.view.LiteDeviceDelegatingViewResolver' (OnClassCondition)

   DeviceResolverAutoConfiguration:
      Did not match:
         - @ConditionalOnClass did not find required classes 'org.springframework.mobile.device.DeviceResolverHandlerInterceptor', 'org.springframework.mobile.device.DeviceHandlerMethodArgumentResolver' (OnClassCondition)

   DispatcherServletAutoConfiguration.DispatcherServletConfiguration#multipartResolver:
      Did not match:
         - @ConditionalOnBean (types: org.springframework.web.multipart.MultipartResolver; SearchStrategy: all) did not find any beans of type org.springframework.web.multipart.MultipartResolver (OnBeanCondition)

   EhCacheCacheConfiguration:
      Did not match:
         - @ConditionalOnClass did not find required classes 'net.sf.ehcache.Cache', 'org.springframework.cache.ehcache.EhCacheCacheManager' (OnClassCondition)

   ElasticsearchAutoConfiguration:
      Did not match:
         - @ConditionalOnClass did not find required classes 'org.elasticsearch.client.Client', 'org.springframework.data.elasticsearch.client.TransportClientFactoryBean' (OnClassCondition)

   ElasticsearchDataAutoConfiguration:
      Did not match:
         - @ConditionalOnClass did not find required classes 'org.elasticsearch.client.Client', 'org.springframework.data.elasticsearch.core.ElasticsearchTemplate' (OnClassCondition)

   ElasticsearchRepositoriesAutoConfiguration:
      Did not match:
         - @ConditionalOnClass did not find required classes 'org.elasticsearch.client.Client', 'org.springframework.data.elasticsearch.repository.ElasticsearchRepository' (OnClassCondition)

   EmbeddedLdapAutoConfiguration:
      Did not match:
         - @ConditionalOnClass did not find required class 'com.unboundid.ldap.listener.InMemoryDirectoryServer' (OnClassCondition)

   EmbeddedMongoAutoConfiguration:
      Did not match:
         - @ConditionalOnClass did not find required classes 'com.mongodb.Mongo', 'de.flapdoodle.embed.mongo.MongodStarter' (OnClassCondition)

   FacebookAutoConfiguration:
      Did not match:
         - @ConditionalOnClass did not find required classes 'org.springframework.social.config.annotation.SocialConfigurerAdapter', 'org.springframework.social.facebook.connect.FacebookConnectionFactory' (OnClassCondition)

   FlywayAutoConfiguration:
      Did not match:
         - @ConditionalOnClass did not find required class 'org.flywaydb.core.Flyway' (OnClassCondition)

   FreeMarkerAutoConfiguration:
      Did not match:
         - @ConditionalOnClass did not find required classes 'freemarker.template.Configuration', 'org.springframework.ui.freemarker.FreeMarkerConfigurationFactory' (OnClassCondition)

   GroovyTemplateAutoConfiguration:
      Did not match:
         - @ConditionalOnClass did not find required class 'groovy.text.markup.MarkupTemplateEngine' (OnClassCondition)

   GsonAutoConfiguration:
      Did not match:
         - @ConditionalOnClass did not find required class 'com.google.gson.Gson' (OnClassCondition)

   GsonHttpMessageConvertersConfiguration:
      Did not match:
         - @ConditionalOnClass did not find required class 'com.google.gson.Gson' (OnClassCondition)

   HazelcastAutoConfiguration:
      Did not match:
         - @ConditionalOnClass did not find required class 'com.hazelcast.core.HazelcastInstance' (OnClassCondition)

   HazelcastCacheConfiguration:
      Did not match:
         - @ConditionalOnClass did not find required classes 'com.hazelcast.core.HazelcastInstance', 'com.hazelcast.spring.cache.HazelcastCacheManager' (OnClassCondition)

   HazelcastJpaDependencyAutoConfiguration:
      Did not match:
         - @ConditionalOnClass did not find required class 'com.hazelcast.core.HazelcastInstance' (OnClassCondition)

   HttpHandlerAutoConfiguration:
      Did not match:
         - @ConditionalOnClass did not find required class 'org.springframework.web.reactive.DispatcherHandler' (OnClassCondition)

   HypermediaAutoConfiguration:
      Did not match:
         - @ConditionalOnClass did not find required classes 'org.springframework.hateoas.Resource', 'org.springframework.plugin.core.Plugin' (OnClassCondition)

   InfinispanCacheConfiguration:
      Did not match:
         - @ConditionalOnClass did not find required class 'org.infinispan.spring.provider.SpringEmbeddedCacheManager' (OnClassCondition)

   InfluxDbAutoConfiguration:
      Did not match:
         - @ConditionalOnClass did not find required class 'org.influxdb.InfluxDB' (OnClassCondition)

   IntegrationAutoConfiguration:
      Did not match:
         - @ConditionalOnClass did not find required class 'org.springframework.integration.config.EnableIntegration' (OnClassCondition)

   JCacheCacheConfiguration:
      Did not match:
         - @ConditionalOnClass did not find required classes 'javax.cache.Caching', 'org.springframework.cache.jcache.JCacheCacheManager' (OnClassCondition)

   JacksonAutoConfiguration.JodaDateTimeJacksonConfiguration:
      Did not match:
         - @ConditionalOnClass did not find required classes 'org.joda.time.DateTime', 'com.fasterxml.jackson.datatype.joda.ser.DateTimeSerializer', 'com.fasterxml.jackson.datatype.joda.cfg.JacksonJodaDateFormat' (OnClassCondition)

   JacksonHttpMessageConvertersConfiguration.MappingJackson2XmlHttpMessageConverterConfiguration:
      Did not match:
         - @ConditionalOnClass did not find required class 'com.fasterxml.jackson.dataformat.xml.XmlMapper' (OnClassCondition)

   JerseyAutoConfiguration:
      Did not match:
         - @ConditionalOnClass did not find required class 'org.glassfish.jersey.server.spring.SpringComponentProvider' (OnClassCondition)

   JestAutoConfiguration:
      Did not match:
         - @ConditionalOnClass did not find required class 'io.searchbox.client.JestClient' (OnClassCondition)

   JmsAutoConfiguration:
      Did not match:
         - @ConditionalOnClass did not find required classes 'javax.jms.Message', 'org.springframework.jms.core.JmsTemplate' (OnClassCondition)

   JmxAutoConfiguration:
      Did not match:
         - @ConditionalOnProperty (spring.jmx.enabled=true) found different value in property 'enabled' (OnPropertyCondition)
      Matched:
         - @ConditionalOnClass found required class 'org.springframework.jmx.export.MBeanExporter'; @ConditionalOnMissingClass did not find unwanted class (OnClassCondition)

   JndiConnectionFactoryAutoConfiguration:
      Did not match:
         - @ConditionalOnClass did not find required class 'org.springframework.jms.core.JmsTemplate' (OnClassCondition)

   JndiDataSourceAutoConfiguration:
      Did not match:
         - @ConditionalOnProperty (spring.datasource.jndi-name) did not find property 'jndi-name' (OnPropertyCondition)
      Matched:
         - @ConditionalOnClass found required classes 'javax.sql.DataSource', 'org.springframework.jdbc.datasource.embedded.EmbeddedDatabaseType'; @ConditionalOnMissingClass did not find unwanted class (OnClassCondition)

   JndiJtaConfiguration:
      Did not match:
         - @ConditionalOnJndi JNDI environment is not available (OnJndiCondition)
      Matched:
         - @ConditionalOnClass found required class 'org.springframework.transaction.jta.JtaTransactionManager'; @ConditionalOnMissingClass did not find unwanted class (OnClassCondition)

   JooqAutoConfiguration:
      Did not match:
         - @ConditionalOnClass did not find required class 'org.jooq.DSLContext' (OnClassCondition)

   JsonbAutoConfiguration:
      Did not match:
         - @ConditionalOnClass did not find required class 'javax.json.bind.Jsonb' (OnClassCondition)

   JsonbHttpMessageConvertersConfiguration:
      Did not match:
         - @ConditionalOnClass did not find required class 'javax.json.bind.Jsonb' (OnClassCondition)

   KafkaAutoConfiguration:
      Did not match:
         - @ConditionalOnClass did not find required class 'org.springframework.kafka.core.KafkaTemplate' (OnClassCondition)

   LdapAutoConfiguration:
      Did not match:
         - @ConditionalOnClass did not find required class 'org.springframework.ldap.core.ContextSource' (OnClassCondition)

   LdapDataAutoConfiguration:
      Did not match:
         - @ConditionalOnClass did not find required class 'org.springframework.data.ldap.repository.LdapRepository' (OnClassCondition)

   LdapRepositoriesAutoConfiguration:
      Did not match:
         - @ConditionalOnClass did not find required class 'org.springframework.data.ldap.repository.LdapRepository' (OnClassCondition)

   LinkedInAutoConfiguration:
      Did not match:
         - @ConditionalOnClass did not find required classes 'org.springframework.social.config.annotation.SocialConfigurerAdapter', 'org.springframework.social.linkedin.connect.LinkedInConnectionFactory' (OnClassCondition)

   LiquibaseAutoConfiguration:
      Did not match:
         - @ConditionalOnClass did not find required class 'liquibase.integration.spring.SpringLiquibase' (OnClassCondition)

   MailSenderAutoConfiguration:
      Did not match:
         - @ConditionalOnClass did not find required class 'javax.mail.internet.MimeMessage' (OnClassCondition)

   MailSenderValidatorAutoConfiguration:
      Did not match:
         - @ConditionalOnProperty (spring.mail.test-connection) did not find property 'test-connection' (OnPropertyCondition)

   MessageSourceAutoConfiguration:
      Did not match:
         - ResourceBundle did not find bundle with basename messages (MessageSourceAutoConfiguration.ResourceBundleCondition)

   MongoAutoConfiguration:
      Did not match:
         - @ConditionalOnClass did not find required class 'com.mongodb.MongoClient' (OnClassCondition)

   MongoDataAutoConfiguration:
      Did not match:
         - @ConditionalOnClass did not find required classes 'com.mongodb.Mongo', 'org.springframework.data.mongodb.core.MongoTemplate' (OnClassCondition)

   MongoReactiveAutoConfiguration:
      Did not match:
         - @ConditionalOnClass did not find required class 'com.mongodb.reactivestreams.client.MongoClient' (OnClassCondition)

   MongoReactiveDataAutoConfiguration:
      Did not match:
         - @ConditionalOnClass did not find required classes 'com.mongodb.reactivestreams.client.MongoClient', 'org.springframework.data.mongodb.core.ReactiveMongoTemplate' (OnClassCondition)

   MongoReactiveRepositoriesAutoConfiguration:
      Did not match:
         - @ConditionalOnClass did not find required classes 'com.mongodb.reactivestreams.client.MongoClient', 'org.springframework.data.mongodb.repository.ReactiveMongoRepository' (OnClassCondition)

   MongoRepositoriesAutoConfiguration:
      Did not match:
         - @ConditionalOnClass did not find required classes 'com.mongodb.Mongo', 'org.springframework.data.mongodb.repository.MongoRepository' (OnClassCondition)

   MustacheAutoConfiguration:
      Did not match:
         - @ConditionalOnClass did not find required class 'com.samskivert.mustache.Mustache' (OnClassCondition)

   NarayanaJtaConfiguration:
      Did not match:
         - @ConditionalOnClass did not find required classes 'com.arjuna.ats.jta.UserTransaction', 'org.jboss.tm.XAResourceRecoveryRegistry' (OnClassCondition)

   Neo4jDataAutoConfiguration:
      Did not match:
         - @ConditionalOnClass did not find required classes 'org.neo4j.ogm.session.SessionFactory', 'org.springframework.data.neo4j.transaction.Neo4jTransactionManager' (OnClassCondition)

   Neo4jRepositoriesAutoConfiguration:
      Did not match:
         - @ConditionalOnClass did not find required classes 'org.neo4j.ogm.session.Neo4jSession', 'org.springframework.data.neo4j.repository.Neo4jRepository' (OnClassCondition)

   OAuth2ClientAutoConfiguration:
      Did not match:
         - @ConditionalOnClass did not find required classes 'org.springframework.security.config.annotation.web.configuration.EnableWebSecurity', 'org.springframework.security.oauth2.client.registration.ClientRegistration' (OnClassCondition)

   ProjectInfoAutoConfiguration#buildProperties:
      Did not match:
         - @ConditionalOnResource did not find resource '${spring.info.build.location:classpath:META-INF/build-info.properties}' (OnResourceCondition)

   ProjectInfoAutoConfiguration#gitProperties:
      Did not match:
         - GitResource did not find git info at classpath:git.properties (ProjectInfoAutoConfiguration.GitResourceAvailableCondition)

   QuartzAutoConfiguration:
      Did not match:
         - @ConditionalOnClass did not find required classes 'org.quartz.Scheduler', 'org.springframework.scheduling.quartz.SchedulerFactoryBean' (OnClassCondition)

   RabbitAutoConfiguration:
      Did not match:
         - @ConditionalOnClass did not find required classes 'org.springframework.amqp.rabbit.core.RabbitTemplate', 'com.rabbitmq.client.Channel' (OnClassCondition)

   ReactiveSecurityAutoConfiguration:
      Did not match:
         - @ConditionalOnClass did not find required classes 'org.springframework.security.config.annotation.web.reactive.EnableWebFluxSecurity', 'org.springframework.security.web.reactive.result.method.annotation.AuthenticationPrincipalArgumentResolver' (OnClassCondition)

   ReactiveWebServerAutoConfiguration:
      Did not match:
         - not a reactive web application (OnWebApplicationCondition)
      Matched:
         - @ConditionalOnClass found required class 'org.springframework.http.ReactiveHttpInputMessage'; @ConditionalOnMissingClass did not find unwanted class (OnClassCondition)

   ReactorCoreAutoConfiguration:
      Did not match:
         - @ConditionalOnClass did not find required classes 'reactor.core.publisher.Mono', 'reactor.core.publisher.Flux' (OnClassCondition)

   RedisAutoConfiguration:
      Did not match:
         - @ConditionalOnClass did not find required class 'org.springframework.data.redis.core.RedisOperations' (OnClassCondition)

   RedisReactiveAutoConfiguration:
      Did not match:
         - @ConditionalOnClass did not find required classes 'org.springframework.data.redis.connection.ReactiveRedisConnectionFactory', 'org.springframework.data.redis.core.ReactiveRedisTemplate', 'reactor.core.publisher.Flux' (OnClassCondition)

   RedisRepositoriesAutoConfiguration:
      Did not match:
         - @ConditionalOnClass did not find required class 'org.springframework.data.redis.repository.configuration.EnableRedisRepositories' (OnClassCondition)

   RepositoryRestMvcAutoConfiguration:
      Did not match:
         - @ConditionalOnClass did not find required class 'org.springframework.data.rest.webmvc.config.RepositoryRestMvcConfiguration' (OnClassCondition)

   SecurityAutoConfiguration:
      Did not match:
         - @ConditionalOnClass did not find required classes 'org.springframework.security.authentication.AuthenticationManager', 'org.springframework.security.config.annotation.authentication.configurers.GlobalAuthenticationConfigurerAdapter' (OnClassCondition)

   SecurityFilterAutoConfiguration:
      Did not match:
         - @ConditionalOnClass did not find required classes 'org.springframework.security.web.context.AbstractSecurityWebApplicationInitializer', 'org.springframework.security.config.http.SessionCreationPolicy' (OnClassCondition)

   SendGridAutoConfiguration:
      Did not match:
         - @ConditionalOnClass did not find required class 'com.sendgrid.SendGrid' (OnClassCondition)

   ServletWebServerFactoryAutoConfiguration.EmbeddedJetty:
      Did not match:
         - @ConditionalOnClass did not find required classes 'org.eclipse.jetty.server.Server', 'org.eclipse.jetty.util.Loader', 'org.eclipse.jetty.webapp.WebAppContext' (OnClassCondition)

   ServletWebServerFactoryAutoConfiguration.EmbeddedUndertow:
      Did not match:
         - @ConditionalOnClass did not find required classes 'io.undertow.Undertow', 'org.xnio.SslClientAuthMode' (OnClassCondition)

   SessionAutoConfiguration:
      Did not match:
         - @ConditionalOnClass did not find required class 'org.springframework.session.Session' (OnClassCondition)

   SitePreferenceAutoConfiguration:
      Did not match:
         - @ConditionalOnClass did not find required classes 'org.springframework.mobile.device.site.SitePreferenceHandlerInterceptor', 'org.springframework.mobile.device.site.SitePreferenceHandlerMethodArgumentResolver' (OnClassCondition)

   SocialWebAutoConfiguration:
      Did not match:
         - @ConditionalOnClass did not find required classes 'org.springframework.social.connect.web.ConnectController', 'org.springframework.social.config.annotation.SocialConfigurerAdapter' (OnClassCondition)

   SolrAutoConfiguration:
      Did not match:
         - @ConditionalOnClass did not find required classes 'org.apache.solr.client.solrj.impl.HttpSolrClient', 'org.apache.solr.client.solrj.impl.CloudSolrClient' (OnClassCondition)

   SolrRepositoriesAutoConfiguration:
      Did not match:
         - @ConditionalOnClass did not find required classes 'org.apache.solr.client.solrj.SolrClient', 'org.springframework.data.solr.repository.SolrRepository' (OnClassCondition)

   SpringApplicationAdminJmxAutoConfiguration:
      Did not match:
         - @ConditionalOnProperty (spring.application.admin.enabled=true) did not find property 'enabled' (OnPropertyCondition)

   ThymeleafAutoConfiguration:
      Did not match:
         - @ConditionalOnClass did not find required class 'org.thymeleaf.templatemode.TemplateMode' (OnClassCondition)

   TransactionAutoConfiguration.EnableTransactionManagementConfiguration.JdkDynamicAutoProxyConfiguration:
      Did not match:
         - @ConditionalOnProperty (spring.aop.proxy-target-class=false) did not find property 'proxy-target-class' (OnPropertyCondition)

   TwitterAutoConfiguration:
      Did not match:
         - @ConditionalOnClass did not find required classes 'org.springframework.social.config.annotation.SocialConfigurerAdapter', 'org.springframework.social.twitter.connect.TwitterConnectionFactory' (OnClassCondition)

   WebClientAutoConfiguration:
      Did not match:
         - @ConditionalOnClass did not find required class 'org.springframework.web.reactive.function.client.WebClient' (OnClassCondition)

   WebFluxAutoConfiguration:
      Did not match:
         - @ConditionalOnClass did not find required class 'org.springframework.web.reactive.config.WebFluxConfigurer' (OnClassCondition)

   WebMvcAutoConfiguration.ResourceChainCustomizerConfiguration:
      Did not match:
         - @ConditionalOnEnabledResourceChain did not find class org.webjars.WebJarAssetLocator (OnEnabledResourceChainCondition)

   WebMvcAutoConfiguration.WebMvcAutoConfigurationAdapter#beanNameViewResolver:
      Did not match:
         - @ConditionalOnMissingBean (types: org.springframework.web.servlet.view.BeanNameViewResolver; SearchStrategy: all) found beans of type'org.springframework.web.servlet.view.BeanNameViewResolver'beanNameViewResolver (OnBeanCondition)

   WebMvcAutoConfiguration.WebMvcAutoConfigurationAdapter#dateFormatter:
      Did not match:
         - @ConditionalOnProperty (spring.mvc.date-format) did not find property 'date-format' (OnPropertyCondition)

   WebMvcAutoConfiguration.WebMvcAutoConfigurationAdapter#localeResolver:
      Did not match:
         - @ConditionalOnProperty (spring.mvc.locale) did not find property 'locale' (OnPropertyCondition)

   WebServicesAutoConfiguration:
      Did not match:
         - @ConditionalOnClass did not find required class 'org.springframework.ws.transport.http.MessageDispatcherServlet' (OnClassCondition)

   WebSocketMessagingAutoConfiguration:
      Did not match:
         - @ConditionalOnClass did not find required class 'org.springframework.web.socket.config.annotation.WebSocketMessageBrokerConfigurer' (OnClassCondition)

   WebSocketReactiveAutoConfiguration:
      Did not match:
         - not a reactive web application (OnWebApplicationCondition)
      Matched:
         - @ConditionalOnClass found required classes 'javax.servlet.Servlet', 'javax.websocket.server.ServerContainer'; @ConditionalOnMissingClass did not find unwanted class (OnClassCondition)

   WebSocketServletAutoConfiguration.JettyWebSocketConfiguration:
      Did not match:
         - @ConditionalOnClass did not find required class 'org.eclipse.jetty.websocket.jsr356.server.deploy.WebSocketServerContainerInitializer' (OnClassCondition)

   WebSocketServletAutoConfiguration.UndertowWebSocketConfiguration:
      Did not match:
         - @ConditionalOnClass did not find required class 'io.undertow.websockets.jsr.Bootstrap' (OnClassCondition)

   XADataSourceAutoConfiguration:
      Did not match:
         - @ConditionalOnBean (types: org.springframework.boot.jta.XADataSourceWrapper; SearchStrategy: all) did not find any beans of type org.springframework.boot.jta.XADataSourceWrapper (OnBeanCondition)
      Matched:
         - @ConditionalOnClass found required classes 'javax.sql.DataSource', 'javax.transaction.TransactionManager', 'org.springframework.jdbc.datasource.embedded.EmbeddedDatabaseType'; @ConditionalOnMissingClass did not find unwanted class (OnClassCondition)


Exclusions:
-----------

    None


Unconditional classes:
----------------------

    org.springframework.boot.autoconfigure.context.PropertyPlaceholderAutoConfiguration

    org.springframework.boot.autoconfigure.context.ConfigurationPropertiesAutoConfiguration

    org.springframework.boot.autoconfigure.info.ProjectInfoAutoConfiguration



2017-10-26 07:47:05.876 DEBUG 12192 --- [    Test worker] o.s.w.s.resource.ResourceUrlProvider     : Looking for resource handler mappings
2017-10-26 07:47:05.877 DEBUG 12192 --- [    Test worker] o.s.b.f.s.DefaultListableBeanFactory     : Returning cached instance of singleton bean 'resourceHandlerMapping'
2017-10-26 07:47:05.877 DEBUG 12192 --- [    Test worker] o.s.b.f.s.DefaultListableBeanFactory     : Returning cached instance of singleton bean 'faviconHandlerMapping'
2017-10-26 07:47:05.878 DEBUG 12192 --- [    Test worker] o.s.w.s.resource.ResourceUrlProvider     : Found resource handler mapping: URL pattern="/**/favicon.ico", locations=[class path resource [META-INF/resources/], class path resource [resources/], class path resource [static/], class path resource [public/], ServletContext resource [/], class path resource []], resolvers=[org.springframework.web.servlet.resource.PathResourceResolver@4b3931c0]
2017-10-26 07:47:05.878 DEBUG 12192 --- [    Test worker] o.s.w.s.resource.ResourceUrlProvider     : Found resource handler mapping: URL pattern="/webjars/**", locations=[class path resource [META-INF/resources/webjars/]], resolvers=[org.springframework.web.servlet.resource.PathResourceResolver@6ec452b2]
2017-10-26 07:47:05.878 DEBUG 12192 --- [    Test worker] o.s.w.s.resource.ResourceUrlProvider     : Found resource handler mapping: URL pattern="/**", locations=[class path resource [META-INF/resources/], class path resource [resources/], class path resource [static/], class path resource [public/], ServletContext resource [/]], resolvers=[org.springframework.web.servlet.resource.PathResourceResolver@49c4ce72]
2017-10-26 07:47:05.881 DEBUG 12192 --- [    Test worker] o.s.c.e.PropertySourcesPropertyResolver  : Could not find key 'spring.liveBeansView.mbeanDomain' in any property source
2017-10-26 07:47:05.888  INFO 12192 --- [    Test worker] .c.P.ProyectoparqueaderoApplicationTests : Started ProyectoparqueaderoApplicationTests in 6.675 seconds (JVM running for 8.269)
2017-10-26 07:47:05.888 DEBUG 12192 --- [    Test worker] c.DefaultCacheAwareContextLoaderDelegate : Storing ApplicationContext in cache under key [[WebMergedContextConfiguration@318db984 testClass = ProyectoparqueaderoApplicationTests, locations = '{}', classes = '{class com.ceiba.Proyectoparqueadero.ProyectoparqueaderoApplication}', contextInitializerClasses = '[]', activeProfiles = '{}', propertySourceLocations = '{}', propertySourceProperties = '{org.springframework.boot.test.context.SpringBootTestContextBootstrapper=true}', contextCustomizers = set[org.springframework.boot.test.autoconfigure.properties.PropertyMappingContextCustomizer@0, org.springframework.boot.test.autoconfigure.web.servlet.WebDriverContextCustomizerFactory$Customizer@d63e53b, org.springframework.boot.test.context.SpringBootTestContextCustomizer@5365fff6, org.springframework.boot.test.context.filter.ExcludeFilterContextCustomizer@391d7831, org.springframework.boot.test.json.DuplicateJsonObjectContextCustomizerFactory$DuplicateJsonObjectContextCustomizer@356f22f1, org.springframework.boot.test.mock.mockito.MockitoContextCustomizer@0], resourceBasePath = 'src/main/webapp', contextLoader = 'org.springframework.boot.test.context.SpringBootContextLoader', parent = [null]]]
2017-10-26 07:47:05.888 DEBUG 12192 --- [    Test worker] org.springframework.test.context.cache   : Spring test ApplicationContext cache statistics: [DefaultContextCache@2a41e87e size = 1, maxSize = 32, parentContextCount = 0, hitCount = 0, missCount = 1]
2017-10-26 07:47:05.889 DEBUG 12192 --- [    Test worker] o.s.t.c.w.ServletTestExecutionListener   : Setting up MockHttpServletRequest, MockHttpServletResponse, ServletWebRequest, and RequestContextHolder for test context [DefaultTestContext@7d983855 testClass = ProyectoparqueaderoApplicationTests, testInstance = com.ceiba.Proyectoparqueadero.ProyectoparqueaderoApplicationTests@7e91acc0, testMethod = [null], testException = [null], mergedContextConfiguration = [WebMergedContextConfiguration@318db984 testClass = ProyectoparqueaderoApplicationTests, locations = '{}', classes = '{class com.ceiba.Proyectoparqueadero.ProyectoparqueaderoApplication}', contextInitializerClasses = '[]', activeProfiles = '{}', propertySourceLocations = '{}', propertySourceProperties = '{org.springframework.boot.test.context.SpringBootTestContextBootstrapper=true}', contextCustomizers = set[org.springframework.boot.test.autoconfigure.properties.PropertyMappingContextCustomizer@0, org.springframework.boot.test.autoconfigure.web.servlet.WebDriverContextCustomizerFactory$Customizer@d63e53b, org.springframework.boot.test.context.SpringBootTestContextCustomizer@5365fff6, org.springframework.boot.test.context.filter.ExcludeFilterContextCustomizer@391d7831, org.springframework.boot.test.json.DuplicateJsonObjectContextCustomizerFactory$DuplicateJsonObjectContextCustomizer@356f22f1, org.springframework.boot.test.mock.mockito.MockitoContextCustomizer@0], resourceBasePath = 'src/main/webapp', contextLoader = 'org.springframework.boot.test.context.SpringBootContextLoader', parent = [null]], attributes = map['org.springframework.test.context.web.ServletTestExecutionListener.activateListener' -> true]].
2017-10-26 07:47:05.912 DEBUG 12192 --- [    Test worker] DependencyInjectionTestExecutionListener : Performing dependency injection for test context [[DefaultTestContext@7d983855 testClass = ProyectoparqueaderoApplicationTests, testInstance = com.ceiba.Proyectoparqueadero.ProyectoparqueaderoApplicationTests@7e91acc0, testMethod = [null], testException = [null], mergedContextConfiguration = [WebMergedContextConfiguration@318db984 testClass = ProyectoparqueaderoApplicationTests, locations = '{}', classes = '{class com.ceiba.Proyectoparqueadero.ProyectoparqueaderoApplication}', contextInitializerClasses = '[]', activeProfiles = '{}', propertySourceLocations = '{}', propertySourceProperties = '{org.springframework.boot.test.context.SpringBootTestContextBootstrapper=true}', contextCustomizers = set[org.springframework.boot.test.autoconfigure.properties.PropertyMappingContextCustomizer@0, org.springframework.boot.test.autoconfigure.web.servlet.WebDriverContextCustomizerFactory$Customizer@d63e53b, org.springframework.boot.test.context.SpringBootTestContextCustomizer@5365fff6, org.springframework.boot.test.context.filter.ExcludeFilterContextCustomizer@391d7831, org.springframework.boot.test.json.DuplicateJsonObjectContextCustomizerFactory$DuplicateJsonObjectContextCustomizer@356f22f1, org.springframework.boot.test.mock.mockito.MockitoContextCustomizer@0], resourceBasePath = 'src/main/webapp', contextLoader = 'org.springframework.boot.test.context.SpringBootContextLoader', parent = [null]], attributes = map['org.springframework.test.context.web.ServletTestExecutionListener.activateListener' -> true, 'org.springframework.test.context.web.ServletTestExecutionListener.populatedRequestContextHolder' -> true, 'org.springframework.test.context.web.ServletTestExecutionListener.resetRequestContextHolder' -> true]]].
2017-10-26 07:47:05.912 DEBUG 12192 --- [    Test worker] c.DefaultCacheAwareContextLoaderDelegate : Retrieved ApplicationContext from cache with key [[WebMergedContextConfiguration@318db984 testClass = ProyectoparqueaderoApplicationTests, locations = '{}', classes = '{class com.ceiba.Proyectoparqueadero.ProyectoparqueaderoApplication}', contextInitializerClasses = '[]', activeProfiles = '{}', propertySourceLocations = '{}', propertySourceProperties = '{org.springframework.boot.test.context.SpringBootTestContextBootstrapper=true}', contextCustomizers = set[org.springframework.boot.test.autoconfigure.properties.PropertyMappingContextCustomizer@0, org.springframework.boot.test.autoconfigure.web.servlet.WebDriverContextCustomizerFactory$Customizer@d63e53b, org.springframework.boot.test.context.SpringBootTestContextCustomizer@5365fff6, org.springframework.boot.test.context.filter.ExcludeFilterContextCustomizer@391d7831, org.springframework.boot.test.json.DuplicateJsonObjectContextCustomizerFactory$DuplicateJsonObjectContextCustomizer@356f22f1, org.springframework.boot.test.mock.mockito.MockitoContextCustomizer@0], resourceBasePath = 'src/main/webapp', contextLoader = 'org.springframework.boot.test.context.SpringBootContextLoader', parent = [null]]]
2017-10-26 07:47:05.912 DEBUG 12192 --- [    Test worker] org.springframework.test.context.cache   : Spring test ApplicationContext cache statistics: [DefaultContextCache@2a41e87e size = 1, maxSize = 32, parentContextCount = 0, hitCount = 1, missCount = 1]
2017-10-26 07:47:05.914 DEBUG 12192 --- [    Test worker] o.s.b.f.s.DefaultListableBeanFactory     : Returning cached instance of singleton bean 'org.springframework.transaction.config.internalTransactionAdvisor'
2017-10-26 07:47:05.914 DEBUG 12192 --- [    Test worker] o.s.b.f.s.DefaultListableBeanFactory     : Returning cached instance of singleton bean 'org.springframework.transaction.config.internalTransactionAdvisor'
2017-10-26 07:47:05.921 DEBUG 12192 --- [    Test worker] tractDirtiesContextTestExecutionListener : Before test method: context [DefaultTestContext@7d983855 testClass = ProyectoparqueaderoApplicationTests, testInstance = com.ceiba.Proyectoparqueadero.ProyectoparqueaderoApplicationTests@7e91acc0, testMethod = contextLoads@ProyectoparqueaderoApplicationTests, testException = [null], mergedContextConfiguration = [WebMergedContextConfiguration@318db984 testClass = ProyectoparqueaderoApplicationTests, locations = '{}', classes = '{class com.ceiba.Proyectoparqueadero.ProyectoparqueaderoApplication}', contextInitializerClasses = '[]', activeProfiles = '{}', propertySourceLocations = '{}', propertySourceProperties = '{org.springframework.boot.test.context.SpringBootTestContextBootstrapper=true}', contextCustomizers = set[org.springframework.boot.test.autoconfigure.properties.PropertyMappingContextCustomizer@0, org.springframework.boot.test.autoconfigure.web.servlet.WebDriverContextCustomizerFactory$Customizer@d63e53b, org.springframework.boot.test.context.SpringBootTestContextCustomizer@5365fff6, org.springframework.boot.test.context.filter.ExcludeFilterContextCustomizer@391d7831, org.springframework.boot.test.json.DuplicateJsonObjectContextCustomizerFactory$DuplicateJsonObjectContextCustomizer@356f22f1, org.springframework.boot.test.mock.mockito.MockitoContextCustomizer@0], resourceBasePath = 'src/main/webapp', contextLoader = 'org.springframework.boot.test.context.SpringBootContextLoader', parent = [null]], attributes = map['org.springframework.test.context.web.ServletTestExecutionListener.activateListener' -> true, 'org.springframework.test.context.web.ServletTestExecutionListener.populatedRequestContextHolder' -> true, 'org.springframework.test.context.web.ServletTestExecutionListener.resetRequestContextHolder' -> true]], class annotated with @DirtiesContext [false] with mode [null], method annotated with @DirtiesContext [false] with mode [null].
2017-10-26 07:47:05.924 DEBUG 12192 --- [    Test worker] c.DefaultCacheAwareContextLoaderDelegate : Retrieved ApplicationContext from cache with key [[WebMergedContextConfiguration@318db984 testClass = ProyectoparqueaderoApplicationTests, locations = '{}', classes = '{class com.ceiba.Proyectoparqueadero.ProyectoparqueaderoApplication}', contextInitializerClasses = '[]', activeProfiles = '{}', propertySourceLocations = '{}', propertySourceProperties = '{org.springframework.boot.test.context.SpringBootTestContextBootstrapper=true}', contextCustomizers = set[org.springframework.boot.test.autoconfigure.properties.PropertyMappingContextCustomizer@0, org.springframework.boot.test.autoconfigure.web.servlet.WebDriverContextCustomizerFactory$Customizer@d63e53b, org.springframework.boot.test.context.SpringBootTestContextCustomizer@5365fff6, org.springframework.boot.test.context.filter.ExcludeFilterContextCustomizer@391d7831, org.springframework.boot.test.json.DuplicateJsonObjectContextCustomizerFactory$DuplicateJsonObjectContextCustomizer@356f22f1, org.springframework.boot.test.mock.mockito.MockitoContextCustomizer@0], resourceBasePath = 'src/main/webapp', contextLoader = 'org.springframework.boot.test.context.SpringBootContextLoader', parent = [null]]]
2017-10-26 07:47:05.924 DEBUG 12192 --- [    Test worker] org.springframework.test.context.cache   : Spring test ApplicationContext cache statistics: [DefaultContextCache@2a41e87e size = 1, maxSize = 32, parentContextCount = 0, hitCount = 2, missCount = 1]
2017-10-26 07:47:06.131 DEBUG 12192 --- [    Test worker] o.s.b.f.s.DefaultListableBeanFactory     : Returning cached instance of singleton bean 'org.springframework.boot.test.mock.mockito.MockitoBeans'
2017-10-26 07:47:06.134 DEBUG 12192 --- [    Test worker] c.DefaultCacheAwareContextLoaderDelegate : Retrieved ApplicationContext from cache with key [[WebMergedContextConfiguration@318db984 testClass = ProyectoparqueaderoApplicationTests, locations = '{}', classes = '{class com.ceiba.Proyectoparqueadero.ProyectoparqueaderoApplication}', contextInitializerClasses = '[]', activeProfiles = '{}', propertySourceLocations = '{}', propertySourceProperties = '{org.springframework.boot.test.context.SpringBootTestContextBootstrapper=true}', contextCustomizers = set[org.springframework.boot.test.autoconfigure.properties.PropertyMappingContextCustomizer@0, org.springframework.boot.test.autoconfigure.web.servlet.WebDriverContextCustomizerFactory$Customizer@d63e53b, org.springframework.boot.test.context.SpringBootTestContextCustomizer@5365fff6, org.springframework.boot.test.context.filter.ExcludeFilterContextCustomizer@391d7831, org.springframework.boot.test.json.DuplicateJsonObjectContextCustomizerFactory$DuplicateJsonObjectContextCustomizer@356f22f1, org.springframework.boot.test.mock.mockito.MockitoContextCustomizer@0], resourceBasePath = 'src/main/webapp', contextLoader = 'org.springframework.boot.test.context.SpringBootContextLoader', parent = [null]]]
2017-10-26 07:47:06.135 DEBUG 12192 --- [    Test worker] org.springframework.test.context.cache   : Spring test ApplicationContext cache statistics: [DefaultContextCache@2a41e87e size = 1, maxSize = 32, parentContextCount = 0, hitCount = 3, missCount = 1]
2017-10-26 07:47:06.136 DEBUG 12192 --- [    Test worker] c.DefaultCacheAwareContextLoaderDelegate : Retrieved ApplicationContext from cache with key [[WebMergedContextConfiguration@318db984 testClass = ProyectoparqueaderoApplicationTests, locations = '{}', classes = '{class com.ceiba.Proyectoparqueadero.ProyectoparqueaderoApplication}', contextInitializerClasses = '[]', activeProfiles = '{}', propertySourceLocations = '{}', propertySourceProperties = '{org.springframework.boot.test.context.SpringBootTestContextBootstrapper=true}', contextCustomizers = set[org.springframework.boot.test.autoconfigure.properties.PropertyMappingContextCustomizer@0, org.springframework.boot.test.autoconfigure.web.servlet.WebDriverContextCustomizerFactory$Customizer@d63e53b, org.springframework.boot.test.context.SpringBootTestContextCustomizer@5365fff6, org.springframework.boot.test.context.filter.ExcludeFilterContextCustomizer@391d7831, org.springframework.boot.test.json.DuplicateJsonObjectContextCustomizerFactory$DuplicateJsonObjectContextCustomizer@356f22f1, org.springframework.boot.test.mock.mockito.MockitoContextCustomizer@0], resourceBasePath = 'src/main/webapp', contextLoader = 'org.springframework.boot.test.context.SpringBootContextLoader', parent = [null]]]
2017-10-26 07:47:06.136 DEBUG 12192 --- [    Test worker] org.springframework.test.context.cache   : Spring test ApplicationContext cache statistics: [DefaultContextCache@2a41e87e size = 1, maxSize = 32, parentContextCount = 0, hitCount = 4, missCount = 1]
2017-10-26 07:47:06.137 DEBUG 12192 --- [    Test worker] c.DefaultCacheAwareContextLoaderDelegate : Retrieved ApplicationContext from cache with key [[WebMergedContextConfiguration@318db984 testClass = ProyectoparqueaderoApplicationTests, locations = '{}', classes = '{class com.ceiba.Proyectoparqueadero.ProyectoparqueaderoApplication}', contextInitializerClasses = '[]', activeProfiles = '{}', propertySourceLocations = '{}', propertySourceProperties = '{org.springframework.boot.test.context.SpringBootTestContextBootstrapper=true}', contextCustomizers = set[org.springframework.boot.test.autoconfigure.properties.PropertyMappingContextCustomizer@0, org.springframework.boot.test.autoconfigure.web.servlet.WebDriverContextCustomizerFactory$Customizer@d63e53b, org.springframework.boot.test.context.SpringBootTestContextCustomizer@5365fff6, org.springframework.boot.test.context.filter.ExcludeFilterContextCustomizer@391d7831, org.springframework.boot.test.json.DuplicateJsonObjectContextCustomizerFactory$DuplicateJsonObjectContextCustomizer@356f22f1, org.springframework.boot.test.mock.mockito.MockitoContextCustomizer@0], resourceBasePath = 'src/main/webapp', contextLoader = 'org.springframework.boot.test.context.SpringBootContextLoader', parent = [null]]]
2017-10-26 07:47:06.138 DEBUG 12192 --- [    Test worker] org.springframework.test.context.cache   : Spring test ApplicationContext cache statistics: [DefaultContextCache@2a41e87e size = 1, maxSize = 32, parentContextCount = 0, hitCount = 5, missCount = 1]
2017-10-26 07:47:06.138 DEBUG 12192 --- [    Test worker] o.s.b.f.s.DefaultListableBeanFactory     : Returning cached instance of singleton bean 'org.springframework.boot.test.mock.mockito.MockitoBeans'
2017-10-26 07:47:06.139 DEBUG 12192 --- [    Test worker] tractDirtiesContextTestExecutionListener : After test method: context [DefaultTestContext@7d983855 testClass = ProyectoparqueaderoApplicationTests, testInstance = com.ceiba.Proyectoparqueadero.ProyectoparqueaderoApplicationTests@7e91acc0, testMethod = contextLoads@ProyectoparqueaderoApplicationTests, testException = [null], mergedContextConfiguration = [WebMergedContextConfiguration@318db984 testClass = ProyectoparqueaderoApplicationTests, locations = '{}', classes = '{class com.ceiba.Proyectoparqueadero.ProyectoparqueaderoApplication}', contextInitializerClasses = '[]', activeProfiles = '{}', propertySourceLocations = '{}', propertySourceProperties = '{org.springframework.boot.test.context.SpringBootTestContextBootstrapper=true}', contextCustomizers = set[org.springframework.boot.test.autoconfigure.properties.PropertyMappingContextCustomizer@0, org.springframework.boot.test.autoconfigure.web.servlet.WebDriverContextCustomizerFactory$Customizer@d63e53b, org.springframework.boot.test.context.SpringBootTestContextCustomizer@5365fff6, org.springframework.boot.test.context.filter.ExcludeFilterContextCustomizer@391d7831, org.springframework.boot.test.json.DuplicateJsonObjectContextCustomizerFactory$DuplicateJsonObjectContextCustomizer@356f22f1, org.springframework.boot.test.mock.mockito.MockitoContextCustomizer@0], resourceBasePath = 'src/main/webapp', contextLoader = 'org.springframework.boot.test.context.SpringBootContextLoader', parent = [null]], attributes = map['org.springframework.test.context.web.ServletTestExecutionListener.activateListener' -> true, 'org.springframework.test.context.web.ServletTestExecutionListener.populatedRequestContextHolder' -> true, 'org.springframework.test.context.web.ServletTestExecutionListener.resetRequestContextHolder' -> true]], class annotated with @DirtiesContext [false] with mode [null], method annotated with @DirtiesContext [false] with mode [null].
2017-10-26 07:47:06.139 DEBUG 12192 --- [    Test worker] o.s.t.c.w.ServletTestExecutionListener   : Resetting RequestContextHolder for test context [DefaultTestContext@7d983855 testClass = ProyectoparqueaderoApplicationTests, testInstance = com.ceiba.Proyectoparqueadero.ProyectoparqueaderoApplicationTests@7e91acc0, testMethod = contextLoads@ProyectoparqueaderoApplicationTests, testException = [null], mergedContextConfiguration = [WebMergedContextConfiguration@318db984 testClass = ProyectoparqueaderoApplicationTests, locations = '{}', classes = '{class com.ceiba.Proyectoparqueadero.ProyectoparqueaderoApplication}', contextInitializerClasses = '[]', activeProfiles = '{}', propertySourceLocations = '{}', propertySourceProperties = '{org.springframework.boot.test.context.SpringBootTestContextBootstrapper=true}', contextCustomizers = set[org.springframework.boot.test.autoconfigure.properties.PropertyMappingContextCustomizer@0, org.springframework.boot.test.autoconfigure.web.servlet.WebDriverContextCustomizerFactory$Customizer@d63e53b, org.springframework.boot.test.context.SpringBootTestContextCustomizer@5365fff6, org.springframework.boot.test.context.filter.ExcludeFilterContextCustomizer@391d7831, org.springframework.boot.test.json.DuplicateJsonObjectContextCustomizerFactory$DuplicateJsonObjectContextCustomizer@356f22f1, org.springframework.boot.test.mock.mockito.MockitoContextCustomizer@0], resourceBasePath = 'src/main/webapp', contextLoader = 'org.springframework.boot.test.context.SpringBootContextLoader', parent = [null]], attributes = map['org.springframework.test.context.web.ServletTestExecutionListener.activateListener' -> true, 'org.springframework.test.context.web.ServletTestExecutionListener.populatedRequestContextHolder' -> true, 'org.springframework.test.context.web.ServletTestExecutionListener.resetRequestContextHolder' -> true]].
2017-10-26 07:47:06.140 DEBUG 12192 --- [    Test worker] tractDirtiesContextTestExecutionListener : After test class: context [DefaultTestContext@7d983855 testClass = ProyectoparqueaderoApplicationTests, testInstance = [null], testMethod = [null], testException = [null], mergedContextConfiguration = [WebMergedContextConfiguration@318db984 testClass = ProyectoparqueaderoApplicationTests, locations = '{}', classes = '{class com.ceiba.Proyectoparqueadero.ProyectoparqueaderoApplication}', contextInitializerClasses = '[]', activeProfiles = '{}', propertySourceLocations = '{}', propertySourceProperties = '{org.springframework.boot.test.context.SpringBootTestContextBootstrapper=true}', contextCustomizers = set[org.springframework.boot.test.autoconfigure.properties.PropertyMappingContextCustomizer@0, org.springframework.boot.test.autoconfigure.web.servlet.WebDriverContextCustomizerFactory$Customizer@d63e53b, org.springframework.boot.test.context.SpringBootTestContextCustomizer@5365fff6, org.springframework.boot.test.context.filter.ExcludeFilterContextCustomizer@391d7831, org.springframework.boot.test.json.DuplicateJsonObjectContextCustomizerFactory$DuplicateJsonObjectContextCustomizer@356f22f1, org.springframework.boot.test.mock.mockito.MockitoContextCustomizer@0], resourceBasePath = 'src/main/webapp', contextLoader = 'org.springframework.boot.test.context.SpringBootContextLoader', parent = [null]], attributes = map['org.springframework.test.context.web.ServletTestExecutionListener.activateListener' -> true, 'org.springframework.test.context.support.DependencyInjectionTestExecutionListener.reinjectDependencies' -> true]], class annotated with @DirtiesContext [false] with mode [null].
]]></system-out>
  <system-err><![CDATA[]]></system-err>
</testsuite>
